RECORD=-42|LINENO=   0|OWNERPARTID= -42|OWNERINDEX= -42|HEADER=Protel for Windows - Schematic Capture Binary File Version 5.0|MINORVERSION=2|UNIQUEID=APUDXVEJ|WEIGHT=420|
RECORD=31|LINENO=   1|OWNERPARTID= -42|OWNERINDEX= -42|AREACOLOR=16317695|BOLD4=T|BOLD5=T|BORDERON=T|CUSTOMX=1000|CUSTOMY=800|DISPLAY_UNIT=0|FONTIDCOUNT=6|FONTNAME1=Times New Roman|FONTNAME2=Frutiger LT Com 55 Roman|FONTNAME3=Frutiger LT Com 55 Roman|FONTNAME4=Times New Roman|FONTNAME5=Times New Roman|FONTNAME6=Frutiger LT Com 55 Roman|HOTSPOTGRIDON=T|HOTSPOTGRIDSIZE=4|ISBOC=T|SHEETNUMBERSPACESIZE=12|SHEETSTYLE=1|SHOWTEMPLATEGRAPHICS=T|SIZE1=10|SIZE2=10|SIZE3=8|SIZE4=10|SIZE5=16|SIZE6=12|SNAPGRIDON=T|SNAPGRIDSIZE=10|SYSTEMFONT=1|TEMPLATEFILENAME=D:\altium\templates\IISB_A3_OE750.SchDot|USEMBCS=T|VISIBLEGRIDON=T|VISIBLEGRIDSIZE=10|
RECORD=39|LINENO=   2|OWNERPARTID=   0|OWNERINDEX= -42|FILENAME=D:\altium\templates\IISB_A3_OE750.SchDot|
RECORD= 4|LINENO=   3|OWNERPARTID=   0|OWNERINDEX=   2|FONTID=6|LOCATION.X=960|LOCATION.Y=65|TEXT=Fraunhofer IISB|
RECORD= 4|LINENO=   4|OWNERPARTID=   0|OWNERINDEX=   2|%UTF8%TEXT=SchottkystraÃŸe 10|FONTID=2|LOCATION.X=960|LOCATION.Y=50|TEXT=Schottkystraße 10|
RECORD= 4|LINENO=   5|OWNERPARTID=   0|OWNERINDEX=   2|FONTID=2|LOCATION.X=960|LOCATION.Y=40|TEXT=91058 Erlangen, Germany|
RECORD= 4|LINENO=   6|OWNERPARTID=   0|OWNERINDEX=   2|FONTID=2|LOCATION.X=960|LOCATION.Y=25|TEXT=www.iisb.fraunhofer.de|
RECORD= 4|LINENO=   7|OWNERPARTID=   0|OWNERINDEX=   2|FONTID=3|LOCATION.X=1075|LOCATION.Y=40|TEXT=Author|
RECORD= 4|LINENO=   8|OWNERPARTID=   0|OWNERINDEX=   2|FONTID=3|LOCATION.X=1205|LOCATION.Y=40|TEXT=License|
RECORD= 4|LINENO=   9|OWNERPARTID=   0|OWNERINDEX=   2|FONTID=3|LOCATION.X=1440|LOCATION.Y=40|TEXT=Release Date|
RECORD= 6|LINENO=  10|OWNERPARTID=   0|OWNERINDEX=   2|LOCATIONCOUNT=2|X1=800|X2=1530|Y1=80|Y2=80|
RECORD= 6|LINENO=  11|OWNERPARTID=   0|OWNERINDEX=   2|LOCATIONCOUNT=2|X1=1070|X2=1070|Y1=80|Y2=20|
RECORD= 6|LINENO=  12|OWNERPARTID=   0|OWNERINDEX=   2|LOCATIONCOUNT=2|X1=1070|X2=1530|Y1=50|Y2=50|
RECORD= 4|LINENO=  13|OWNERPARTID=   0|OWNERINDEX=   2|FONTID=3|LOCATION.X=1495|LOCATION.Y=40|TEXT=Sheet|
RECORD= 6|LINENO=  14|OWNERPARTID=   0|OWNERINDEX=   2|LOCATIONCOUNT=2|X1=1200|X2=1200|Y1=50|Y2=20|
RECORD= 6|LINENO=  15|OWNERPARTID=   0|OWNERINDEX=   2|LOCATIONCOUNT=2|X1=1435|X2=1435|Y1=50|Y2=20|
RECORD= 6|LINENO=  16|OWNERPARTID=   0|OWNERINDEX=   2|LOCATIONCOUNT=2|X1=1490|X2=1490|Y1=50|Y2=20|
RECORD= 4|LINENO=  17|OWNERPARTID=   0|OWNERINDEX=   2|FONTID=2|LOCATION.X=1205|LOCATION.Y=25|TEXT==GlobalLicense|
RECORD= 4|LINENO=  18|OWNERPARTID=   0|OWNERINDEX=   2|FONTID=2|LOCATION.X=1075|LOCATION.Y=25|TEXT==GlobalAuthor|
RECORD= 4|LINENO=  19|OWNERPARTID=   0|OWNERINDEX=   2|FONTID=2|LOCATION.X=1440|LOCATION.Y=25|TEXT==GlobalDate|
RECORD= 4|LINENO=  20|OWNERPARTID=   0|OWNERINDEX=   2|FONTID=2|JUSTIFICATION=2|LOCATION.X=1505|LOCATION.Y=25|TEXT==SheetNumber|
RECORD= 4|LINENO=  21|OWNERPARTID=   0|OWNERINDEX=   2|FONTID=2|LOCATION.X=1205|LOCATION.Y=55|TEXT==DocumentName|
RECORD= 4|LINENO=  22|OWNERPARTID=   0|OWNERINDEX=   2|FONTID=2|LOCATION.X=1075|LOCATION.Y=55|TEXT==GlobalProject|
RECORD= 4|LINENO=  23|OWNERPARTID=   0|OWNERINDEX=   2|FONTID=3|LOCATION.X=1075|LOCATION.Y=70|TEXT=Project|
RECORD= 4|LINENO=  24|OWNERPARTID=   0|OWNERINDEX=   2|FONTID=3|LOCATION.X=1205|LOCATION.Y=70|TEXT=File|
RECORD= 6|LINENO=  25|OWNERPARTID=   0|OWNERINDEX=   2|LOCATIONCOUNT=2|X1=1200|X2=1200|Y1=80|Y2=50|
RECORD= 6|LINENO=  26|OWNERPARTID=   0|OWNERINDEX=   2|LOCATIONCOUNT=2|X1=800|X2=800|Y1=80|Y2=20|
RECORD= 4|LINENO=  27|OWNERPARTID=   0|OWNERINDEX=   2|FONTID=2|LOCATION.X=1510|LOCATION.Y=25|TEXT=/|
RECORD= 4|LINENO=  28|OWNERPARTID=   0|OWNERINDEX=   2|FONTID=2|LOCATION.X=1515|LOCATION.Y=25|TEXT==SheetTotal|
RECORD= 6|LINENO=  29|OWNERPARTID=   0|OWNERINDEX=   2|LOCATIONCOUNT=2|X1=1490|X2=1490|Y1=80|Y2=50|
RECORD= 4|LINENO=  30|OWNERPARTID=   0|OWNERINDEX=   2|FONTID=3|LOCATION.X=1495|LOCATION.X_FRAC=51332|LOCATION.Y=70|TEXT=Status|
RECORD= 4|LINENO=  31|OWNERPARTID=   0|OWNERINDEX=   2|FONTID=2|LOCATION.X=1495|LOCATION.X_FRAC=51332|LOCATION.Y=55|TEXT==GlobalStatus|
RECORD= 6|LINENO=  32|OWNERPARTID=   0|OWNERINDEX=   2|LOCATIONCOUNT=2|X1=1330|X2=1330|Y1=80|Y2=50|
RECORD= 4|LINENO=  33|OWNERPARTID=   0|OWNERINDEX=   2|FONTID=3|LOCATION.X=1335|LOCATION.Y=70|TEXT=Description|
RECORD= 4|LINENO=  34|OWNERPARTID=   0|OWNERINDEX=   2|FONTID=2|LOCATION.X=1335|LOCATION.Y=55|TEXT==SheetDescription|
RECORD= 6|LINENO=  35|OWNERPARTID=   0|OWNERINDEX=   2|LOCATIONCOUNT=2|X1=1375|X2=1375|Y1=50|Y2=20|
RECORD= 4|LINENO=  36|OWNERPARTID=   0|OWNERINDEX=   2|FONTID=3|LOCATION.X=1380|LOCATION.Y=40|TEXT=Version|
RECORD= 4|LINENO=  37|OWNERPARTID=   0|OWNERINDEX=   2|FONTID=2|LOCATION.X=1380|LOCATION.Y=25|TEXT==GlobalVersion|
RECORD=30|LINENO=  38|OWNERPARTID=   0|OWNERINDEX=   2|CORNER.X=931|CORNER.X_FRAC=83810|CORNER.Y=70|CORNER.Y_FRAC=33765|EMBEDIMAGE=T|FILENAME=D:\altium\iisb-logo.png|KEEPASPECT=T|LOCATION.X=810|LOCATION.Y=30|
RECORD=41|LINENO=  39|OWNERPARTID=   0|OWNERINDEX= -42|FONTID=1|ISHIDDEN=T|NAME=CurrentTime|TEXT=*|UNIQUEID=BMWWGSDV|
RECORD=41|LINENO=  40|OWNERPARTID=   0|OWNERINDEX= -42|FONTID=1|ISHIDDEN=T|NAME=CurrentDate|TEXT=*|UNIQUEID=RNTIBVFS|
RECORD=41|LINENO=  41|OWNERPARTID=   0|OWNERINDEX= -42|FONTID=1|ISHIDDEN=T|NAME=Time|TEXT=*|UNIQUEID=LTHBLJNC|
RECORD=41|LINENO=  42|OWNERPARTID=   0|OWNERINDEX= -42|FONTID=1|ISHIDDEN=T|NAME=Date|TEXT=*|UNIQUEID=PSBRQFWV|
RECORD=41|LINENO=  43|OWNERPARTID=   0|OWNERINDEX= -42|FONTID=1|ISHIDDEN=T|NAME=DocumentFullPathAndName|TEXT=*|UNIQUEID=FEOBMMXO|
RECORD=41|LINENO=  44|OWNERPARTID=   0|OWNERINDEX= -42|FONTID=1|ISHIDDEN=T|NAME=DocumentName|TEXT=*|UNIQUEID=TMWYIHYK|
RECORD=41|LINENO=  45|OWNERPARTID=   0|OWNERINDEX= -42|FONTID=1|ISHIDDEN=T|NAME=ModifiedDate|TEXT=*|UNIQUEID=WMPSIEXC|
RECORD=41|LINENO=  46|OWNERPARTID=   0|OWNERINDEX= -42|FONTID=1|ISHIDDEN=T|NAME=ApprovedBy|TEXT=*|UNIQUEID=XSSYBAWU|
RECORD=41|LINENO=  47|OWNERPARTID=   0|OWNERINDEX= -42|FONTID=1|ISHIDDEN=T|NAME=CheckedBy|TEXT=*|UNIQUEID=ULPIKJKJ|
RECORD=41|LINENO=  48|OWNERPARTID=   0|OWNERINDEX= -42|FONTID=1|ISHIDDEN=T|NAME=Author|TEXT=*|UNIQUEID=NFIIUVWH|
RECORD=41|LINENO=  49|OWNERPARTID=   0|OWNERINDEX= -42|FONTID=1|ISHIDDEN=T|NAME=CompanyName|TEXT=*|UNIQUEID=QXFHOINA|
RECORD=41|LINENO=  50|OWNERPARTID=   0|OWNERINDEX= -42|FONTID=1|ISHIDDEN=T|NAME=DrawnBy|TEXT=*|UNIQUEID=IJXHBKFC|
RECORD=41|LINENO=  51|OWNERPARTID=   0|OWNERINDEX= -42|FONTID=1|ISHIDDEN=T|NAME=Engineer|TEXT=*|UNIQUEID=KQQGLYDM|
RECORD=41|LINENO=  52|OWNERPARTID=   0|OWNERINDEX= -42|FONTID=1|ISHIDDEN=T|NAME=Organization|TEXT=*|UNIQUEID=COQVPPGB|
RECORD=41|LINENO=  53|OWNERPARTID=   0|OWNERINDEX= -42|FONTID=1|ISHIDDEN=T|NAME=Address1|TEXT=*|UNIQUEID=SLBYKJRV|
RECORD=41|LINENO=  54|OWNERPARTID=   0|OWNERINDEX= -42|FONTID=1|ISHIDDEN=T|NAME=Address2|TEXT=*|UNIQUEID=ENJOGGRT|
RECORD=41|LINENO=  55|OWNERPARTID=   0|OWNERINDEX= -42|FONTID=1|ISHIDDEN=T|NAME=Address3|TEXT=*|UNIQUEID=XTNHDFQX|
RECORD=41|LINENO=  56|OWNERPARTID=   0|OWNERINDEX= -42|FONTID=1|ISHIDDEN=T|NAME=Address4|TEXT=*|UNIQUEID=JSENLMTM|
RECORD=41|LINENO=  57|OWNERPARTID=   0|OWNERINDEX= -42|FONTID=1|ISHIDDEN=T|NAME=Title|TEXT=*|UNIQUEID=LCJBEDPE|
RECORD=41|LINENO=  58|OWNERPARTID=   0|OWNERINDEX= -42|FONTID=1|ISHIDDEN=T|NAME=DocumentNumber|TEXT=14|UNIQUEID=MAKHYFLC|
RECORD=41|LINENO=  59|OWNERPARTID=   0|OWNERINDEX= -42|FONTID=1|ISHIDDEN=T|NAME=Revision|TEXT=*|UNIQUEID=QLGAYILN|
RECORD=41|LINENO=  60|OWNERPARTID=   0|OWNERINDEX= -42|FONTID=1|ISHIDDEN=T|NAME=SheetNumber|TEXT=14|UNIQUEID=DVXUQKPV|
RECORD=41|LINENO=  61|OWNERPARTID=   0|OWNERINDEX= -42|FONTID=1|ISHIDDEN=T|NAME=SheetTotal|TEXT=15|UNIQUEID=MQMVFWNL|
RECORD=41|LINENO=  62|OWNERPARTID=   0|OWNERINDEX= -42|FONTID=1|ISHIDDEN=T|NAME=ImagePath|TEXT=*|UNIQUEID=GAFGERIM|
RECORD=41|LINENO=  63|OWNERPARTID=   0|OWNERINDEX= -42|FONTID=1|ISHIDDEN=T|NAME=Rule|TEXT=*|UNIQUEID=KXXTCLBN|
RECORD=41|LINENO=  64|OWNERPARTID=   0|OWNERINDEX= -42|FONTID=1|ISHIDDEN=T|NAME=ProjectName|TEXT=*|UNIQUEID=HWFKBUEP|
RECORD=41|LINENO=  65|OWNERPARTID=   0|OWNERINDEX= -42|FONTID=1|ISHIDDEN=T|NAME=Application_BuildNumber|TEXT=*|UNIQUEID=EYDYREYT|
RECORD=41|LINENO=  66|OWNERPARTID=   0|OWNERINDEX= -42|FONTID=1|ISHIDDEN=T|LOCATION.X=21474|LOCATION.X_FRAC=83647|LOCATION.Y=21464|LOCATION.Y_FRAC=83647|NAME=SheetDescription|TEXT=Connection to pack|UNIQUEID=NINJPOWU|
RECORD= 4|LINENO=  67|OWNERPARTID=   0|OWNERINDEX= -42|FONTID=5|JUSTIFICATION=1|LOCATION.X=1060|LOCATION.Y=800|TEXT=Temperature Sensor Connector|
RECORD= 4|LINENO=  68|OWNERPARTID=   0|OWNERINDEX= -42|FONTID=5|JUSTIFICATION=1|LOCATION.X=330|LOCATION.Y=800|TEXT=Batterie Cell Voltage Sense Connector|
RECORD= 4|LINENO=  69|OWNERPARTID=   0|OWNERINDEX= -42|FONTID=4|JUSTIFICATION=7|LOCATION.X=330|LOCATION.Y=790|TEXT=24p connector equal for 12/15/18/20 cell version|
RECORD= 4|LINENO=  70|OWNERPARTID=   0|OWNERINDEX= -42|FONTID=4|JUSTIFICATION=7|LOCATION.X=1060|LOCATION.Y=790|TEXT=2x 16p connector equal for 12/15/18/20 cell version|
RECORD= 1|LINENO=  71|OWNERPARTID=   0|OWNERINDEX= -42|ALLPINCOUNT=24|AREACOLOR=11599871|COMPONENTDESCRIPTION=Micro-Fit 3.0 Right Angle Header, 3.00mm Pitch, Dual Row, 24 Circuits, with Snap-in Plastic Peg PCB Lock, Tin, Glow Wire Capable, Black, 43045-2400|CURRENTPARTID=1|DATABASETABLENAME=Connector|DESIGNITEMID=molex_microfit_3_12x2_THT|DISPLAYMODECOUNT=1|LIBRARYPATH=*|LIBREFERENCE=X12x2|LOCATION.X=360|LOCATION.Y=590|ORIENTATION=2|PARTCOUNT=2|PARTIDLOCKED=T|SHEETPARTFILENAME=*|SOURCELIBRARYNAME=OE750.DbLib|TARGETFILENAME=*|UNIQUEID=BVIYHRNW|
RECORD=41|LINENO=  72|OWNERPARTID=   0|OWNERINDEX=  71|FONTID=1|ISHIDDEN=T|LOCATION.X=355|LOCATION.Y=605|NAME=Part Number|TEXT=molex_microfit_3_12x2_THT|UNIQUEID=FWEDWRRQ|
RECORD=41|LINENO=  73|OWNERPARTID=   0|OWNERINDEX=  71|FONTID=1|ISHIDDEN=T|LOCATION.X=355|LOCATION.Y=605|NAME=Part Name|TEXT=MicroFit|UNIQUEID=VHNULVWY|
RECORD=41|LINENO=  74|OWNERPARTID=   0|OWNERINDEX=  71|FONTID=1|ISHIDDEN=T|LOCATION.X=355|LOCATION.Y=605|NAME=Manufacturer|TEXT=Molex|UNIQUEID=MQVJLEBJ|
RECORD=41|LINENO=  75|OWNERPARTID=   0|OWNERINDEX=  71|%UTF8%TEXT=-40Â°C - +105Â°C|FONTID=1|ISHIDDEN=T|LOCATION.X=355|LOCATION.Y=605|NAME=Operating Temperature|TEXT=-40°C - +105°C|UNIQUEID=QKDGTDLE|
RECORD=41|LINENO=  76|OWNERPARTID=   0|OWNERINDEX=  71|FONTID=1|ISHIDDEN=T|LOCATION.X=355|LOCATION.Y=605|NAME=Circuits|TEXT=24|UNIQUEID=PWVVQABS|
RECORD=41|LINENO=  77|OWNERPARTID=   0|OWNERINDEX=  71|FONTID=1|ISHIDDEN=T|LOCATION.X=355|LOCATION.Y=605|NAME=Rated Voltage|TEXT=600V|UNIQUEID=MDMHYHQG|
RECORD=41|LINENO=  78|OWNERPARTID=   0|OWNERINDEX=  71|FONTID=1|ISHIDDEN=T|LOCATION.X=355|LOCATION.Y=605|NAME=Rated Current|TEXT=8.5A|UNIQUEID=BBACNBUV|
RECORD=41|LINENO=  79|OWNERPARTID=   0|OWNERINDEX=  71|FONTID=1|ISHIDDEN=T|LOCATION.X=355|LOCATION.Y=605|NAME=Supplier 1|TEXT=Farnell|UNIQUEID=WWGRJYYC|
RECORD=41|LINENO=  80|OWNERPARTID=   0|OWNERINDEX=  71|FONTID=1|ISHIDDEN=T|LOCATION.X=355|LOCATION.Y=605|NAME=Supplier Part Number 1|TEXT=1012245|UNIQUEID=SVVUIJKJ|
RECORD=41|LINENO=  81|OWNERPARTID=   0|OWNERINDEX=  71|FONTID=1|ISHIDDEN=T|LOCATION.X=355|LOCATION.Y=605|NAME=Automotive Qualified|TEXT=False|UNIQUEID=FFYVJUWC|
RECORD=14|LINENO=  82|OWNERPARTID=   2|OWNERINDEX=  71|AREACOLOR=11599871|CORNER.X=330|CORNER.Y=710|ISSOLID=T|LOCATION.X=300|LOCATION.Y=580|
RECORD= 2|LINENO=  83|OWNERPARTID=   2|OWNERINDEX=  71|%UTF8%SWAPIDPART=Â¦&Â¦|DESIGNATOR=1|ELECTRICAL=4|FORMALTYPE=1|LOCATION.X=330|LOCATION.Y=590|PINCONGLOMERATE=56|PINLENGTH=30|SWAPIDPART=Ž&Ž|
RECORD=41|LINENO=  84|OWNERPARTID=   0|OWNERINDEX=  83|FONTID=1|ISHIDDEN=T|LOCATION.X=330|LOCATION.Y=590|NAME=PinUniqueId|TEXT=IOOOGSLD|UNIQUEID=AUYKOTJI|
RECORD= 2|LINENO=  85|OWNERPARTID=   2|OWNERINDEX=  71|%UTF8%SWAPIDPART=Â¦&Â¦|DESIGNATOR=2|ELECTRICAL=4|FORMALTYPE=1|LOCATION.X=330|LOCATION.Y=600|PINCONGLOMERATE=56|PINLENGTH=30|SWAPIDPART=Ž&Ž|
RECORD=41|LINENO=  86|OWNERPARTID=   0|OWNERINDEX=  85|FONTID=1|ISHIDDEN=T|LOCATION.X=330|LOCATION.Y=600|NAME=PinUniqueId|TEXT=FFVJDNUX|UNIQUEID=QQJRFBGI|
RECORD= 2|LINENO=  87|OWNERPARTID=   2|OWNERINDEX=  71|%UTF8%SWAPIDPART=Â¦&Â¦|DESIGNATOR=3|ELECTRICAL=4|FORMALTYPE=1|LOCATION.X=330|LOCATION.Y=610|PINCONGLOMERATE=56|PINLENGTH=30|SWAPIDPART=Ž&Ž|
RECORD=41|LINENO=  88|OWNERPARTID=   0|OWNERINDEX=  87|FONTID=1|ISHIDDEN=T|LOCATION.X=330|LOCATION.Y=610|NAME=PinUniqueId|TEXT=SYMXGHIU|UNIQUEID=DTCTJGEI|
RECORD= 2|LINENO=  89|OWNERPARTID=   2|OWNERINDEX=  71|%UTF8%SWAPIDPART=Â¦&Â¦|DESIGNATOR=4|ELECTRICAL=4|FORMALTYPE=1|LOCATION.X=330|LOCATION.Y=620|PINCONGLOMERATE=56|PINLENGTH=30|SWAPIDPART=Ž&Ž|
RECORD=41|LINENO=  90|OWNERPARTID=   0|OWNERINDEX=  89|FONTID=1|ISHIDDEN=T|LOCATION.X=330|LOCATION.Y=620|NAME=PinUniqueId|TEXT=KTNXIUCW|UNIQUEID=KQLLNGKB|
RECORD= 2|LINENO=  91|OWNERPARTID=   2|OWNERINDEX=  71|%UTF8%SWAPIDPART=Â¦&Â¦|DESIGNATOR=5|ELECTRICAL=4|FORMALTYPE=1|LOCATION.X=330|LOCATION.Y=630|PINCONGLOMERATE=56|PINLENGTH=30|SWAPIDPART=Ž&Ž|
RECORD=41|LINENO=  92|OWNERPARTID=   0|OWNERINDEX=  91|FONTID=1|ISHIDDEN=T|LOCATION.X=330|LOCATION.Y=630|NAME=PinUniqueId|TEXT=SPQUTBOY|UNIQUEID=VDVSROFA|
RECORD= 2|LINENO=  93|OWNERPARTID=   2|OWNERINDEX=  71|%UTF8%SWAPIDPART=Â¦&Â¦|DESIGNATOR=6|ELECTRICAL=4|FORMALTYPE=1|LOCATION.X=330|LOCATION.Y=640|PINCONGLOMERATE=56|PINLENGTH=30|SWAPIDPART=Ž&Ž|
RECORD=41|LINENO=  94|OWNERPARTID=   0|OWNERINDEX=  93|FONTID=1|ISHIDDEN=T|LOCATION.X=330|LOCATION.Y=640|NAME=PinUniqueId|TEXT=GKCODWBV|UNIQUEID=TUNMFHCW|
RECORD= 2|LINENO=  95|OWNERPARTID=   2|OWNERINDEX=  71|%UTF8%SWAPIDPART=Â¦&Â¦|DESIGNATOR=7|ELECTRICAL=4|FORMALTYPE=1|LOCATION.X=330|LOCATION.Y=650|PINCONGLOMERATE=56|PINLENGTH=30|SWAPIDPART=Ž&Ž|
RECORD=41|LINENO=  96|OWNERPARTID=   0|OWNERINDEX=  95|FONTID=1|ISHIDDEN=T|LOCATION.X=330|LOCATION.Y=650|NAME=PinUniqueId|TEXT=CTMAMKUB|UNIQUEID=WKIAOIUN|
RECORD= 2|LINENO=  97|OWNERPARTID=   2|OWNERINDEX=  71|%UTF8%SWAPIDPART=Â¦&Â¦|DESIGNATOR=8|ELECTRICAL=4|FORMALTYPE=1|LOCATION.X=330|LOCATION.Y=660|PINCONGLOMERATE=56|PINLENGTH=30|SWAPIDPART=Ž&Ž|
RECORD=41|LINENO=  98|OWNERPARTID=   0|OWNERINDEX=  97|FONTID=1|ISHIDDEN=T|LOCATION.X=330|LOCATION.Y=660|NAME=PinUniqueId|TEXT=MVKOPTGF|UNIQUEID=UFTSMSHC|
RECORD= 2|LINENO=  99|OWNERPARTID=   2|OWNERINDEX=  71|%UTF8%SWAPIDPART=Â¦&Â¦|DESIGNATOR=9|ELECTRICAL=4|FORMALTYPE=1|LOCATION.X=330|LOCATION.Y=670|PINCONGLOMERATE=56|PINLENGTH=30|SWAPIDPART=Ž&Ž|
RECORD=41|LINENO= 100|OWNERPARTID=   0|OWNERINDEX=  99|FONTID=1|ISHIDDEN=T|LOCATION.X=330|LOCATION.Y=670|NAME=PinUniqueId|TEXT=BHVPVYNA|UNIQUEID=UMRQOREG|
RECORD= 2|LINENO= 101|OWNERPARTID=   2|OWNERINDEX=  71|%UTF8%SWAPIDPART=Â¦&Â¦|DESIGNATOR=10|ELECTRICAL=4|FORMALTYPE=1|LOCATION.X=330|LOCATION.Y=680|PINCONGLOMERATE=56|PINLENGTH=30|SWAPIDPART=Ž&Ž|
RECORD=41|LINENO= 102|OWNERPARTID=   0|OWNERINDEX= 101|FONTID=1|ISHIDDEN=T|LOCATION.X=330|LOCATION.Y=680|NAME=PinUniqueId|TEXT=XGMMTIKS|UNIQUEID=CDBLCFHQ|
RECORD= 2|LINENO= 103|OWNERPARTID=   2|OWNERINDEX=  71|%UTF8%SWAPIDPART=Â¦&Â¦|DESIGNATOR=11|ELECTRICAL=4|FORMALTYPE=1|LOCATION.X=330|LOCATION.Y=690|PINCONGLOMERATE=56|PINLENGTH=30|SWAPIDPART=Ž&Ž|
RECORD=41|LINENO= 104|OWNERPARTID=   0|OWNERINDEX= 103|FONTID=1|ISHIDDEN=T|LOCATION.X=330|LOCATION.Y=690|NAME=PinUniqueId|TEXT=OLSDASNB|UNIQUEID=FFVBAGXY|
RECORD= 2|LINENO= 105|OWNERPARTID=   2|OWNERINDEX=  71|%UTF8%SWAPIDPART=Â¦&Â¦|DESIGNATOR=12|ELECTRICAL=4|FORMALTYPE=1|LOCATION.X=330|LOCATION.Y=700|PINCONGLOMERATE=56|PINLENGTH=30|SWAPIDPART=Ž&Ž|
RECORD=41|LINENO= 106|OWNERPARTID=   0|OWNERINDEX= 105|FONTID=1|ISHIDDEN=T|LOCATION.X=330|LOCATION.Y=700|NAME=PinUniqueId|TEXT=RFLUKDXX|UNIQUEID=TVUSOJCS|
RECORD= 2|LINENO= 107|OWNERPARTID=   2|OWNERINDEX=  71|%UTF8%SWAPIDPART=Â¦&Â¦|DESIGNATOR=13|ELECTRICAL=4|FORMALTYPE=1|LOCATION.X=300|LOCATION.Y=590|PINCONGLOMERATE=58|PINLENGTH=30|SWAPIDPART=Ž&Ž|
RECORD=41|LINENO= 108|OWNERPARTID=   0|OWNERINDEX= 107|FONTID=1|ISHIDDEN=T|LOCATION.X=300|LOCATION.Y=590|NAME=PinUniqueId|TEXT=LUWEHWTR|UNIQUEID=UQYTYDAK|
RECORD= 2|LINENO= 109|OWNERPARTID=   2|OWNERINDEX=  71|%UTF8%SWAPIDPART=Â¦&Â¦|DESIGNATOR=14|ELECTRICAL=4|FORMALTYPE=1|LOCATION.X=300|LOCATION.Y=600|PINCONGLOMERATE=58|PINLENGTH=30|SWAPIDPART=Ž&Ž|
RECORD=41|LINENO= 110|OWNERPARTID=   0|OWNERINDEX= 109|FONTID=1|ISHIDDEN=T|LOCATION.X=300|LOCATION.Y=600|NAME=PinUniqueId|TEXT=IPXCNLQQ|UNIQUEID=VUUTMTHH|
RECORD= 2|LINENO= 111|OWNERPARTID=   2|OWNERINDEX=  71|%UTF8%SWAPIDPART=Â¦&Â¦|DESIGNATOR=15|ELECTRICAL=4|FORMALTYPE=1|LOCATION.X=300|LOCATION.Y=610|PINCONGLOMERATE=58|PINLENGTH=30|SWAPIDPART=Ž&Ž|
RECORD=41|LINENO= 112|OWNERPARTID=   0|OWNERINDEX= 111|FONTID=1|ISHIDDEN=T|LOCATION.X=300|LOCATION.Y=610|NAME=PinUniqueId|TEXT=PIPTGTXM|UNIQUEID=WTMOSTDT|
RECORD= 2|LINENO= 113|OWNERPARTID=   2|OWNERINDEX=  71|%UTF8%SWAPIDPART=Â¦&Â¦|DESIGNATOR=16|ELECTRICAL=4|FORMALTYPE=1|LOCATION.X=300|LOCATION.Y=620|PINCONGLOMERATE=58|PINLENGTH=30|SWAPIDPART=Ž&Ž|
RECORD=41|LINENO= 114|OWNERPARTID=   0|OWNERINDEX= 113|FONTID=1|ISHIDDEN=T|LOCATION.X=300|LOCATION.Y=620|NAME=PinUniqueId|TEXT=BOARMFPF|UNIQUEID=GJQMNRTI|
RECORD= 2|LINENO= 115|OWNERPARTID=   2|OWNERINDEX=  71|%UTF8%SWAPIDPART=Â¦&Â¦|DESIGNATOR=17|ELECTRICAL=4|FORMALTYPE=1|LOCATION.X=300|LOCATION.Y=630|PINCONGLOMERATE=58|PINLENGTH=30|SWAPIDPART=Ž&Ž|
RECORD=41|LINENO= 116|OWNERPARTID=   0|OWNERINDEX= 115|FONTID=1|ISHIDDEN=T|LOCATION.X=300|LOCATION.Y=630|NAME=PinUniqueId|TEXT=CDJUSVGI|UNIQUEID=EPLGTWPB|
RECORD= 2|LINENO= 117|OWNERPARTID=   2|OWNERINDEX=  71|%UTF8%SWAPIDPART=Â¦&Â¦|DESIGNATOR=18|ELECTRICAL=4|FORMALTYPE=1|LOCATION.X=300|LOCATION.Y=640|PINCONGLOMERATE=58|PINLENGTH=30|SWAPIDPART=Ž&Ž|
RECORD=41|LINENO= 118|OWNERPARTID=   0|OWNERINDEX= 117|FONTID=1|ISHIDDEN=T|LOCATION.X=300|LOCATION.Y=640|NAME=PinUniqueId|TEXT=XMRXBVOC|UNIQUEID=DVQTUJGN|
RECORD= 2|LINENO= 119|OWNERPARTID=   2|OWNERINDEX=  71|%UTF8%SWAPIDPART=Â¦&Â¦|DESIGNATOR=19|ELECTRICAL=4|FORMALTYPE=1|LOCATION.X=300|LOCATION.Y=650|PINCONGLOMERATE=58|PINLENGTH=30|SWAPIDPART=Ž&Ž|
RECORD=41|LINENO= 120|OWNERPARTID=   0|OWNERINDEX= 119|FONTID=1|ISHIDDEN=T|LOCATION.X=300|LOCATION.Y=650|NAME=PinUniqueId|TEXT=MMLOHPBW|UNIQUEID=GYKVBOAO|
RECORD= 2|LINENO= 121|OWNERPARTID=   2|OWNERINDEX=  71|%UTF8%SWAPIDPART=Â¦&Â¦|DESIGNATOR=20|ELECTRICAL=4|FORMALTYPE=1|LOCATION.X=300|LOCATION.Y=660|PINCONGLOMERATE=58|PINLENGTH=30|SWAPIDPART=Ž&Ž|
RECORD=41|LINENO= 122|OWNERPARTID=   0|OWNERINDEX= 121|FONTID=1|ISHIDDEN=T|LOCATION.X=300|LOCATION.Y=660|NAME=PinUniqueId|TEXT=CVSTUIXJ|UNIQUEID=BKHCXPAJ|
RECORD= 2|LINENO= 123|OWNERPARTID=   2|OWNERINDEX=  71|%UTF8%SWAPIDPART=Â¦&Â¦|DESIGNATOR=21|ELECTRICAL=4|FORMALTYPE=1|LOCATION.X=300|LOCATION.Y=670|PINCONGLOMERATE=58|PINLENGTH=30|SWAPIDPART=Ž&Ž|
RECORD=41|LINENO= 124|OWNERPARTID=   0|OWNERINDEX= 123|FONTID=1|ISHIDDEN=T|LOCATION.X=300|LOCATION.Y=670|NAME=PinUniqueId|TEXT=AWSAHLND|UNIQUEID=POEADAWH|
RECORD= 2|LINENO= 125|OWNERPARTID=   2|OWNERINDEX=  71|%UTF8%SWAPIDPART=Â¦&Â¦|DESIGNATOR=22|ELECTRICAL=4|FORMALTYPE=1|LOCATION.X=300|LOCATION.Y=680|PINCONGLOMERATE=58|PINLENGTH=30|SWAPIDPART=Ž&Ž|
RECORD=41|LINENO= 126|OWNERPARTID=   0|OWNERINDEX= 125|FONTID=1|ISHIDDEN=T|LOCATION.X=300|LOCATION.Y=680|NAME=PinUniqueId|TEXT=UHHDECDY|UNIQUEID=BADVFYRX|
RECORD= 2|LINENO= 127|OWNERPARTID=   2|OWNERINDEX=  71|%UTF8%SWAPIDPART=Â¦&Â¦|DESIGNATOR=23|ELECTRICAL=4|FORMALTYPE=1|LOCATION.X=300|LOCATION.Y=690|PINCONGLOMERATE=58|PINLENGTH=30|SWAPIDPART=Ž&Ž|
RECORD=41|LINENO= 128|OWNERPARTID=   0|OWNERINDEX= 127|FONTID=1|ISHIDDEN=T|LOCATION.X=300|LOCATION.Y=690|NAME=PinUniqueId|TEXT=OUGJBTMQ|UNIQUEID=AWFSKMJI|
RECORD= 2|LINENO= 129|OWNERPARTID=   2|OWNERINDEX=  71|%UTF8%SWAPIDPART=Â¦&Â¦|DESIGNATOR=24|ELECTRICAL=4|FORMALTYPE=1|LOCATION.X=300|LOCATION.Y=700|PINCONGLOMERATE=58|PINLENGTH=30|SWAPIDPART=Ž&Ž|
RECORD=41|LINENO= 130|OWNERPARTID=   0|OWNERINDEX= 129|FONTID=1|ISHIDDEN=T|LOCATION.X=300|LOCATION.Y=700|NAME=PinUniqueId|TEXT=UIPJQWOH|UNIQUEID=YILUYOWC|
RECORD=34|LINENO= 131|OWNERPARTID=   0|OWNERINDEX=  71|FONTID=1|LOCATION.X=300|LOCATION.Y=710|NAME=Designator|TEXT=X200|UNIQUEID=OUAEPJRM|
RECORD=41|LINENO= 132|OWNERPARTID=   0|OWNERINDEX=  71|FONTID=1|LOCATION.X=300|LOCATION.Y=570|NAME=Comment|TEXT=="Part Number"|UNIQUEID=MYWDMFRO|
RECORD=44|LINENO= 133|OWNERPARTID= -42|OWNERINDEX=  71|
RECORD=45|LINENO= 134|OWNERPARTID= -42|OWNERINDEX= 133|DATABASEDATALINKSLOCKED=T|DATALINKSLOCKED=T|ISCURRENT=T|MODELNAME=MOLEX_MICROFIT_12x2_THT|MODELTYPE=PCBLIB|UNIQUEID=FQEKYRUG|USECOMPONENTLIBRARY=T|
RECORD=46|LINENO= 135|OWNERPARTID= -42|OWNERINDEX= 134|
RECORD=48|LINENO= 136|OWNERPARTID= -42|OWNERINDEX= 134|
RECORD= 1|LINENO= 137|OWNERPARTID=   0|OWNERINDEX= -42|ALLPINCOUNT=16|AREACOLOR=11599871|COMPONENTDESCRIPTION=Micro-Fit 3.0 Right Angle Header, 3.00mm Pitch, Dual Row, 16 Circuits, with Snap-in Plastic Peg PCB Lock, Tin, Glow Wire Capable, Black, 43045-1600|CURRENTPARTID=1|DATABASETABLENAME=Connector|DESIGNITEMID=molex_microfit_3_08x2_THT|DISPLAYMODECOUNT=1|LIBRARYPATH=*|LIBREFERENCE=X8x2|LOCATION.X=880|LOCATION.Y=700|PARTCOUNT=2|PARTIDLOCKED=T|SHEETPARTFILENAME=*|SOURCELIBRARYNAME=OE750.DbLib|TARGETFILENAME=*|UNIQUEID=UCPMJKHM|
RECORD=41|LINENO= 138|OWNERPARTID=   0|OWNERINDEX= 137|FONTID=1|ISHIDDEN=T|LOCATION.X=875|LOCATION.Y=715|NAME=Part Number|TEXT=molex_microfit_3_08x2_THT|UNIQUEID=EUMIIVJE|
RECORD=41|LINENO= 139|OWNERPARTID=   0|OWNERINDEX= 137|FONTID=1|ISHIDDEN=T|LOCATION.X=875|LOCATION.Y=715|NAME=Part Name|TEXT=MicroFit|UNIQUEID=JTINXPPE|
RECORD=41|LINENO= 140|OWNERPARTID=   0|OWNERINDEX= 137|FONTID=1|ISHIDDEN=T|LOCATION.X=875|LOCATION.Y=715|NAME=Manufacturer|TEXT=Molex|UNIQUEID=KFWDLOWX|
RECORD=41|LINENO= 141|OWNERPARTID=   0|OWNERINDEX= 137|%UTF8%TEXT=-40Â°C - +105Â°C|FONTID=1|ISHIDDEN=T|LOCATION.X=875|LOCATION.Y=715|NAME=Operating Temperature|TEXT=-40°C - +105°C|UNIQUEID=FYFQSLSU|
RECORD=41|LINENO= 142|OWNERPARTID=   0|OWNERINDEX= 137|FONTID=1|ISHIDDEN=T|LOCATION.X=875|LOCATION.Y=715|NAME=Circuits|TEXT=16|UNIQUEID=STLIOLMV|
RECORD=41|LINENO= 143|OWNERPARTID=   0|OWNERINDEX= 137|FONTID=1|ISHIDDEN=T|LOCATION.X=875|LOCATION.Y=715|NAME=Rated Voltage|TEXT=600V|UNIQUEID=BUWFDMGC|
RECORD=41|LINENO= 144|OWNERPARTID=   0|OWNERINDEX= 137|FONTID=1|ISHIDDEN=T|LOCATION.X=875|LOCATION.Y=715|NAME=Rated Current|TEXT=8.5A|UNIQUEID=MYHLIQFB|
RECORD=41|LINENO= 145|OWNERPARTID=   0|OWNERINDEX= 137|FONTID=1|ISHIDDEN=T|LOCATION.X=875|LOCATION.Y=715|NAME=Supplier 1|TEXT=Farnell|UNIQUEID=ADWAMYUP|
RECORD=41|LINENO= 146|OWNERPARTID=   0|OWNERINDEX= 137|FONTID=1|ISHIDDEN=T|LOCATION.X=875|LOCATION.Y=715|NAME=Supplier Part Number 1|TEXT=9961380|UNIQUEID=MWXNXOEX|
RECORD=41|LINENO= 147|OWNERPARTID=   0|OWNERINDEX= 137|FONTID=1|ISHIDDEN=T|LOCATION.X=875|LOCATION.Y=715|NAME=Automotive Qualified|TEXT=False|UNIQUEID=PROTJTVI|
RECORD=14|LINENO= 148|OWNERPARTID=   2|OWNERINDEX= 137|AREACOLOR=11599871|CORNER.X=940|CORNER.Y=710|ISSOLID=T|LOCATION.X=910|LOCATION.Y=620|
RECORD= 2|LINENO= 149|OWNERPARTID=   2|OWNERINDEX= 137|%UTF8%SWAPIDPART=Â¦&Â¦|DESIGNATOR=1|ELECTRICAL=4|FORMALTYPE=1|LOCATION.X=910|LOCATION.Y=700|PINCONGLOMERATE=58|PINLENGTH=30|SWAPIDPART=Ž&Ž|
RECORD=41|LINENO= 150|OWNERPARTID=   0|OWNERINDEX= 149|FONTID=1|ISHIDDEN=T|LOCATION.X=910|LOCATION.Y=700|NAME=PinUniqueId|TEXT=JNQPYVGO|UNIQUEID=KBPNJLVM|
RECORD= 2|LINENO= 151|OWNERPARTID=   2|OWNERINDEX= 137|%UTF8%SWAPIDPART=Â¦&Â¦|DESIGNATOR=2|ELECTRICAL=4|FORMALTYPE=1|LOCATION.X=910|LOCATION.Y=690|PINCONGLOMERATE=58|PINLENGTH=30|SWAPIDPART=Ž&Ž|
RECORD=41|LINENO= 152|OWNERPARTID=   0|OWNERINDEX= 151|FONTID=1|ISHIDDEN=T|LOCATION.X=910|LOCATION.Y=690|NAME=PinUniqueId|TEXT=BUACYHLD|UNIQUEID=PTTPMBWA|
RECORD= 2|LINENO= 153|OWNERPARTID=   2|OWNERINDEX= 137|%UTF8%SWAPIDPART=Â¦&Â¦|DESIGNATOR=3|ELECTRICAL=4|FORMALTYPE=1|LOCATION.X=910|LOCATION.Y=680|PINCONGLOMERATE=58|PINLENGTH=30|SWAPIDPART=Ž&Ž|
RECORD=41|LINENO= 154|OWNERPARTID=   0|OWNERINDEX= 153|FONTID=1|ISHIDDEN=T|LOCATION.X=910|LOCATION.Y=680|NAME=PinUniqueId|TEXT=OKXIIGIF|UNIQUEID=KXPWNGWM|
RECORD= 2|LINENO= 155|OWNERPARTID=   2|OWNERINDEX= 137|%UTF8%SWAPIDPART=Â¦&Â¦|DESIGNATOR=4|ELECTRICAL=4|FORMALTYPE=1|LOCATION.X=910|LOCATION.Y=670|PINCONGLOMERATE=58|PINLENGTH=30|SWAPIDPART=Ž&Ž|
RECORD=41|LINENO= 156|OWNERPARTID=   0|OWNERINDEX= 155|FONTID=1|ISHIDDEN=T|LOCATION.X=910|LOCATION.Y=670|NAME=PinUniqueId|TEXT=ROTSKEUQ|UNIQUEID=UITCNNHQ|
RECORD= 2|LINENO= 157|OWNERPARTID=   2|OWNERINDEX= 137|%UTF8%SWAPIDPART=Â¦&Â¦|DESIGNATOR=5|ELECTRICAL=4|FORMALTYPE=1|LOCATION.X=910|LOCATION.Y=660|PINCONGLOMERATE=58|PINLENGTH=30|SWAPIDPART=Ž&Ž|
RECORD=41|LINENO= 158|OWNERPARTID=   0|OWNERINDEX= 157|FONTID=1|ISHIDDEN=T|LOCATION.X=910|LOCATION.Y=660|NAME=PinUniqueId|TEXT=MEYTQRAM|UNIQUEID=GVMVYHPN|
RECORD= 2|LINENO= 159|OWNERPARTID=   2|OWNERINDEX= 137|%UTF8%SWAPIDPART=Â¦&Â¦|DESIGNATOR=6|ELECTRICAL=4|FORMALTYPE=1|LOCATION.X=910|LOCATION.Y=650|PINCONGLOMERATE=58|PINLENGTH=30|SWAPIDPART=Ž&Ž|
RECORD=41|LINENO= 160|OWNERPARTID=   0|OWNERINDEX= 159|FONTID=1|ISHIDDEN=T|LOCATION.X=910|LOCATION.Y=650|NAME=PinUniqueId|TEXT=EXKTJTQM|UNIQUEID=TLUUEOQC|
RECORD= 2|LINENO= 161|OWNERPARTID=   2|OWNERINDEX= 137|%UTF8%SWAPIDPART=Â¦&Â¦|DESIGNATOR=7|ELECTRICAL=4|FORMALTYPE=1|LOCATION.X=910|LOCATION.Y=640|PINCONGLOMERATE=58|PINLENGTH=30|SWAPIDPART=Ž&Ž|
RECORD=41|LINENO= 162|OWNERPARTID=   0|OWNERINDEX= 161|FONTID=1|ISHIDDEN=T|LOCATION.X=910|LOCATION.Y=640|NAME=PinUniqueId|TEXT=IWHGNUAS|UNIQUEID=CTWLHSOS|
RECORD= 2|LINENO= 163|OWNERPARTID=   2|OWNERINDEX= 137|%UTF8%SWAPIDPART=Â¦&Â¦|DESIGNATOR=8|ELECTRICAL=4|FORMALTYPE=1|LOCATION.X=910|LOCATION.Y=630|PINCONGLOMERATE=58|PINLENGTH=30|SWAPIDPART=Ž&Ž|
RECORD=41|LINENO= 164|OWNERPARTID=   0|OWNERINDEX= 163|FONTID=1|ISHIDDEN=T|LOCATION.X=910|LOCATION.Y=630|NAME=PinUniqueId|TEXT=JRMWXYTG|UNIQUEID=GGRLHBKC|
RECORD= 2|LINENO= 165|OWNERPARTID=   2|OWNERINDEX= 137|%UTF8%SWAPIDPART=Â¦&Â¦|DESIGNATOR=9|ELECTRICAL=4|FORMALTYPE=1|LOCATION.X=940|LOCATION.Y=700|PINCONGLOMERATE=56|PINLENGTH=30|SWAPIDPART=Ž&Ž|
RECORD=41|LINENO= 166|OWNERPARTID=   0|OWNERINDEX= 165|FONTID=1|ISHIDDEN=T|LOCATION.X=940|LOCATION.Y=700|NAME=PinUniqueId|TEXT=OHUTRINV|UNIQUEID=GAWVTPIO|
RECORD= 2|LINENO= 167|OWNERPARTID=   2|OWNERINDEX= 137|%UTF8%SWAPIDPART=Â¦&Â¦|DESIGNATOR=10|ELECTRICAL=4|FORMALTYPE=1|LOCATION.X=940|LOCATION.Y=690|PINCONGLOMERATE=56|PINLENGTH=30|SWAPIDPART=Ž&Ž|
RECORD=41|LINENO= 168|OWNERPARTID=   0|OWNERINDEX= 167|FONTID=1|ISHIDDEN=T|LOCATION.X=940|LOCATION.Y=690|NAME=PinUniqueId|TEXT=BHAQEHNU|UNIQUEID=NCIHMCIK|
RECORD= 2|LINENO= 169|OWNERPARTID=   2|OWNERINDEX= 137|%UTF8%SWAPIDPART=Â¦&Â¦|DESIGNATOR=11|ELECTRICAL=4|FORMALTYPE=1|LOCATION.X=940|LOCATION.Y=680|PINCONGLOMERATE=56|PINLENGTH=30|SWAPIDPART=Ž&Ž|
RECORD=41|LINENO= 170|OWNERPARTID=   0|OWNERINDEX= 169|FONTID=1|ISHIDDEN=T|LOCATION.X=940|LOCATION.Y=680|NAME=PinUniqueId|TEXT=ITSIYYPU|UNIQUEID=EILGSRGG|
RECORD= 2|LINENO= 171|OWNERPARTID=   2|OWNERINDEX= 137|%UTF8%SWAPIDPART=Â¦&Â¦|DESIGNATOR=12|ELECTRICAL=4|FORMALTYPE=1|LOCATION.X=940|LOCATION.Y=670|PINCONGLOMERATE=56|PINLENGTH=30|SWAPIDPART=Ž&Ž|
RECORD=41|LINENO= 172|OWNERPARTID=   0|OWNERINDEX= 171|FONTID=1|ISHIDDEN=T|LOCATION.X=940|LOCATION.Y=670|NAME=PinUniqueId|TEXT=DUAWOQQU|UNIQUEID=XULPNCHJ|
RECORD= 2|LINENO= 173|OWNERPARTID=   2|OWNERINDEX= 137|%UTF8%SWAPIDPART=Â¦&Â¦|DESIGNATOR=13|ELECTRICAL=4|FORMALTYPE=1|LOCATION.X=940|LOCATION.Y=660|PINCONGLOMERATE=56|PINLENGTH=30|SWAPIDPART=Ž&Ž|
RECORD=41|LINENO= 174|OWNERPARTID=   0|OWNERINDEX= 173|FONTID=1|ISHIDDEN=T|LOCATION.X=940|LOCATION.Y=660|NAME=PinUniqueId|TEXT=KIBJSKBC|UNIQUEID=YUGXQLFG|
RECORD= 2|LINENO= 175|OWNERPARTID=   2|OWNERINDEX= 137|%UTF8%SWAPIDPART=Â¦&Â¦|DESIGNATOR=14|ELECTRICAL=4|FORMALTYPE=1|LOCATION.X=940|LOCATION.Y=650|PINCONGLOMERATE=56|PINLENGTH=30|SWAPIDPART=Ž&Ž|
RECORD=41|LINENO= 176|OWNERPARTID=   0|OWNERINDEX= 175|FONTID=1|ISHIDDEN=T|LOCATION.X=940|LOCATION.Y=650|NAME=PinUniqueId|TEXT=UUGCALWC|UNIQUEID=SLGCJOWD|
RECORD= 2|LINENO= 177|OWNERPARTID=   2|OWNERINDEX= 137|%UTF8%SWAPIDPART=Â¦&Â¦|DESIGNATOR=15|ELECTRICAL=4|FORMALTYPE=1|LOCATION.X=940|LOCATION.Y=640|PINCONGLOMERATE=56|PINLENGTH=30|SWAPIDPART=Ž&Ž|
RECORD=41|LINENO= 178|OWNERPARTID=   0|OWNERINDEX= 177|FONTID=1|ISHIDDEN=T|LOCATION.X=940|LOCATION.Y=640|NAME=PinUniqueId|TEXT=LJMISDBW|UNIQUEID=FUEUFYCP|
RECORD= 2|LINENO= 179|OWNERPARTID=   2|OWNERINDEX= 137|%UTF8%SWAPIDPART=Â¦&Â¦|DESIGNATOR=16|ELECTRICAL=4|FORMALTYPE=1|LOCATION.X=940|LOCATION.Y=630|PINCONGLOMERATE=56|PINLENGTH=30|SWAPIDPART=Ž&Ž|
RECORD=41|LINENO= 180|OWNERPARTID=   0|OWNERINDEX= 179|FONTID=1|ISHIDDEN=T|LOCATION.X=940|LOCATION.Y=630|NAME=PinUniqueId|TEXT=TKXWCKVB|UNIQUEID=MKDJIEIH|
RECORD=34|LINENO= 181|OWNERPARTID=   0|OWNERINDEX= 137|FONTID=1|LOCATION.X=910|LOCATION.Y=710|NAME=Designator|TEXT=X201|UNIQUEID=RTUKPVVO|
RECORD=41|LINENO= 182|OWNERPARTID=   0|OWNERINDEX= 137|FONTID=1|LOCATION.X=910|LOCATION.Y=610|NAME=Comment|TEXT=="Part Number"|UNIQUEID=TBOAWDQA|
RECORD=44|LINENO= 183|OWNERPARTID= -42|OWNERINDEX= 137|
RECORD=45|LINENO= 184|OWNERPARTID= -42|OWNERINDEX= 183|DATABASEDATALINKSLOCKED=T|DATALINKSLOCKED=T|ISCURRENT=T|MODELNAME=MOLEX_MICROFIT_08x2_THT|MODELTYPE=PCBLIB|UNIQUEID=FWWYQOVA|USECOMPONENTLIBRARY=T|
RECORD=46|LINENO= 185|OWNERPARTID= -42|OWNERINDEX= 184|
RECORD=48|LINENO= 186|OWNERPARTID= -42|OWNERINDEX= 184|
RECORD= 1|LINENO= 187|OWNERPARTID=   0|OWNERINDEX= -42|ALLPINCOUNT=16|AREACOLOR=11599871|COMPONENTDESCRIPTION=Micro-Fit 3.0 Right Angle Header, 3.00mm Pitch, Dual Row, 16 Circuits, with Snap-in Plastic Peg PCB Lock, Tin, Glow Wire Capable, Black, 43045-1600|CURRENTPARTID=1|DATABASETABLENAME=Connector|DESIGNITEMID=molex_microfit_3_08x2_THT|DISPLAYMODECOUNT=1|LIBRARYPATH=*|LIBREFERENCE=X8x2|LOCATION.X=1220|LOCATION.Y=700|PARTCOUNT=2|PARTIDLOCKED=T|SHEETPARTFILENAME=*|SOURCELIBRARYNAME=OE750.DbLib|TARGETFILENAME=*|UNIQUEID=STWRNAJF|
RECORD=41|LINENO= 188|OWNERPARTID=   0|OWNERINDEX= 187|FONTID=1|ISHIDDEN=T|LOCATION.X=1215|LOCATION.Y=715|NAME=Part Number|TEXT=molex_microfit_3_08x2_THT|UNIQUEID=JVICRXJV|
RECORD=41|LINENO= 189|OWNERPARTID=   0|OWNERINDEX= 187|FONTID=1|ISHIDDEN=T|LOCATION.X=1215|LOCATION.Y=715|NAME=Part Name|TEXT=MicroFit|UNIQUEID=FUWQIBLT|
RECORD=41|LINENO= 190|OWNERPARTID=   0|OWNERINDEX= 187|FONTID=1|ISHIDDEN=T|LOCATION.X=1215|LOCATION.Y=715|NAME=Manufacturer|TEXT=Molex|UNIQUEID=BIUVDWXS|
RECORD=41|LINENO= 191|OWNERPARTID=   0|OWNERINDEX= 187|%UTF8%TEXT=-40Â°C - +105Â°C|FONTID=1|ISHIDDEN=T|LOCATION.X=1215|LOCATION.Y=715|NAME=Operating Temperature|TEXT=-40°C - +105°C|UNIQUEID=JWMVFMKW|
RECORD=41|LINENO= 192|OWNERPARTID=   0|OWNERINDEX= 187|FONTID=1|ISHIDDEN=T|LOCATION.X=1215|LOCATION.Y=715|NAME=Circuits|TEXT=16|UNIQUEID=QCYJTKWP|
RECORD=41|LINENO= 193|OWNERPARTID=   0|OWNERINDEX= 187|FONTID=1|ISHIDDEN=T|LOCATION.X=1215|LOCATION.Y=715|NAME=Rated Voltage|TEXT=600V|UNIQUEID=SPAWSWVA|
RECORD=41|LINENO= 194|OWNERPARTID=   0|OWNERINDEX= 187|FONTID=1|ISHIDDEN=T|LOCATION.X=1215|LOCATION.Y=715|NAME=Rated Current|TEXT=8.5A|UNIQUEID=KMRLPVTO|
RECORD=41|LINENO= 195|OWNERPARTID=   0|OWNERINDEX= 187|FONTID=1|ISHIDDEN=T|LOCATION.X=1215|LOCATION.Y=715|NAME=Supplier 1|TEXT=Farnell|UNIQUEID=TWRLCUSI|
RECORD=41|LINENO= 196|OWNERPARTID=   0|OWNERINDEX= 187|FONTID=1|ISHIDDEN=T|LOCATION.X=1215|LOCATION.Y=715|NAME=Supplier Part Number 1|TEXT=9961380|UNIQUEID=AYAUEHWE|
RECORD=41|LINENO= 197|OWNERPARTID=   0|OWNERINDEX= 187|FONTID=1|ISHIDDEN=T|LOCATION.X=1215|LOCATION.Y=715|NAME=Automotive Qualified|TEXT=False|UNIQUEID=LVDRXWNR|
RECORD=14|LINENO= 198|OWNERPARTID=   2|OWNERINDEX= 187|AREACOLOR=11599871|CORNER.X=1280|CORNER.Y=710|ISSOLID=T|LOCATION.X=1250|LOCATION.Y=620|
RECORD= 2|LINENO= 199|OWNERPARTID=   2|OWNERINDEX= 187|%UTF8%SWAPIDPART=Â¦&Â¦|DESIGNATOR=1|ELECTRICAL=4|FORMALTYPE=1|LOCATION.X=1250|LOCATION.Y=700|PINCONGLOMERATE=58|PINLENGTH=30|SWAPIDPART=Ž&Ž|
RECORD=41|LINENO= 200|OWNERPARTID=   0|OWNERINDEX= 199|FONTID=1|ISHIDDEN=T|LOCATION.X=1250|LOCATION.Y=700|NAME=PinUniqueId|TEXT=MDIOFLIF|UNIQUEID=MVGCSWPO|
RECORD= 2|LINENO= 201|OWNERPARTID=   2|OWNERINDEX= 187|%UTF8%SWAPIDPART=Â¦&Â¦|DESIGNATOR=2|ELECTRICAL=4|FORMALTYPE=1|LOCATION.X=1250|LOCATION.Y=690|PINCONGLOMERATE=58|PINLENGTH=30|SWAPIDPART=Ž&Ž|
RECORD=41|LINENO= 202|OWNERPARTID=   0|OWNERINDEX= 201|FONTID=1|ISHIDDEN=T|LOCATION.X=1250|LOCATION.Y=690|NAME=PinUniqueId|TEXT=UFFTAUMT|UNIQUEID=EEJIKNWG|
RECORD= 2|LINENO= 203|OWNERPARTID=   2|OWNERINDEX= 187|%UTF8%SWAPIDPART=Â¦&Â¦|DESIGNATOR=3|ELECTRICAL=4|FORMALTYPE=1|LOCATION.X=1250|LOCATION.Y=680|PINCONGLOMERATE=58|PINLENGTH=30|SWAPIDPART=Ž&Ž|
RECORD=41|LINENO= 204|OWNERPARTID=   0|OWNERINDEX= 203|FONTID=1|ISHIDDEN=T|LOCATION.X=1250|LOCATION.Y=680|NAME=PinUniqueId|TEXT=DVOHXTKN|UNIQUEID=GQEHEKCS|
RECORD= 2|LINENO= 205|OWNERPARTID=   2|OWNERINDEX= 187|%UTF8%SWAPIDPART=Â¦&Â¦|DESIGNATOR=4|ELECTRICAL=4|FORMALTYPE=1|LOCATION.X=1250|LOCATION.Y=670|PINCONGLOMERATE=58|PINLENGTH=30|SWAPIDPART=Ž&Ž|
RECORD=41|LINENO= 206|OWNERPARTID=   0|OWNERINDEX= 205|FONTID=1|ISHIDDEN=T|LOCATION.X=1250|LOCATION.Y=670|NAME=PinUniqueId|TEXT=SYWONPIV|UNIQUEID=LISSJIQP|
RECORD= 2|LINENO= 207|OWNERPARTID=   2|OWNERINDEX= 187|%UTF8%SWAPIDPART=Â¦&Â¦|DESIGNATOR=5|ELECTRICAL=4|FORMALTYPE=1|LOCATION.X=1250|LOCATION.Y=660|PINCONGLOMERATE=58|PINLENGTH=30|SWAPIDPART=Ž&Ž|
RECORD=41|LINENO= 208|OWNERPARTID=   0|OWNERINDEX= 207|FONTID=1|ISHIDDEN=T|LOCATION.X=1250|LOCATION.Y=660|NAME=PinUniqueId|TEXT=CSHSWUWW|UNIQUEID=GXABKCXV|
RECORD= 2|LINENO= 209|OWNERPARTID=   2|OWNERINDEX= 187|%UTF8%SWAPIDPART=Â¦&Â¦|DESIGNATOR=6|ELECTRICAL=4|FORMALTYPE=1|LOCATION.X=1250|LOCATION.Y=650|PINCONGLOMERATE=58|PINLENGTH=30|SWAPIDPART=Ž&Ž|
RECORD=41|LINENO= 210|OWNERPARTID=   0|OWNERINDEX= 209|FONTID=1|ISHIDDEN=T|LOCATION.X=1250|LOCATION.Y=650|NAME=PinUniqueId|TEXT=ECUSFKAN|UNIQUEID=SOGIYCJR|
RECORD= 2|LINENO= 211|OWNERPARTID=   2|OWNERINDEX= 187|%UTF8%SWAPIDPART=Â¦&Â¦|DESIGNATOR=7|ELECTRICAL=4|FORMALTYPE=1|LOCATION.X=1250|LOCATION.Y=640|PINCONGLOMERATE=58|PINLENGTH=30|SWAPIDPART=Ž&Ž|
RECORD=41|LINENO= 212|OWNERPARTID=   0|OWNERINDEX= 211|FONTID=1|ISHIDDEN=T|LOCATION.X=1250|LOCATION.Y=640|NAME=PinUniqueId|TEXT=XEGLGAAQ|UNIQUEID=RNXJIWNY|
RECORD= 2|LINENO= 213|OWNERPARTID=   2|OWNERINDEX= 187|%UTF8%SWAPIDPART=Â¦&Â¦|DESIGNATOR=8|ELECTRICAL=4|FORMALTYPE=1|LOCATION.X=1250|LOCATION.Y=630|PINCONGLOMERATE=58|PINLENGTH=30|SWAPIDPART=Ž&Ž|
RECORD=41|LINENO= 214|OWNERPARTID=   0|OWNERINDEX= 213|FONTID=1|ISHIDDEN=T|LOCATION.X=1250|LOCATION.Y=630|NAME=PinUniqueId|TEXT=ESVVPEWG|UNIQUEID=KMWSDDWX|
RECORD= 2|LINENO= 215|OWNERPARTID=   2|OWNERINDEX= 187|%UTF8%SWAPIDPART=Â¦&Â¦|DESIGNATOR=9|ELECTRICAL=4|FORMALTYPE=1|LOCATION.X=1280|LOCATION.Y=700|PINCONGLOMERATE=56|PINLENGTH=30|SWAPIDPART=Ž&Ž|
RECORD=41|LINENO= 216|OWNERPARTID=   0|OWNERINDEX= 215|FONTID=1|ISHIDDEN=T|LOCATION.X=1280|LOCATION.Y=700|NAME=PinUniqueId|TEXT=PSBITTFV|UNIQUEID=GFWDEDRX|
RECORD= 2|LINENO= 217|OWNERPARTID=   2|OWNERINDEX= 187|%UTF8%SWAPIDPART=Â¦&Â¦|DESIGNATOR=10|ELECTRICAL=4|FORMALTYPE=1|LOCATION.X=1280|LOCATION.Y=690|PINCONGLOMERATE=56|PINLENGTH=30|SWAPIDPART=Ž&Ž|
RECORD=41|LINENO= 218|OWNERPARTID=   0|OWNERINDEX= 217|FONTID=1|ISHIDDEN=T|LOCATION.X=1280|LOCATION.Y=690|NAME=PinUniqueId|TEXT=RDOAYKWU|UNIQUEID=CSGNCSBH|
RECORD= 2|LINENO= 219|OWNERPARTID=   2|OWNERINDEX= 187|%UTF8%SWAPIDPART=Â¦&Â¦|DESIGNATOR=11|ELECTRICAL=4|FORMALTYPE=1|LOCATION.X=1280|LOCATION.Y=680|PINCONGLOMERATE=56|PINLENGTH=30|SWAPIDPART=Ž&Ž|
RECORD=41|LINENO= 220|OWNERPARTID=   0|OWNERINDEX= 219|FONTID=1|ISHIDDEN=T|LOCATION.X=1280|LOCATION.Y=680|NAME=PinUniqueId|TEXT=VEWAXRTV|UNIQUEID=MNHMPHPY|
RECORD= 2|LINENO= 221|OWNERPARTID=   2|OWNERINDEX= 187|%UTF8%SWAPIDPART=Â¦&Â¦|DESIGNATOR=12|ELECTRICAL=4|FORMALTYPE=1|LOCATION.X=1280|LOCATION.Y=670|PINCONGLOMERATE=56|PINLENGTH=30|SWAPIDPART=Ž&Ž|
RECORD=41|LINENO= 222|OWNERPARTID=   0|OWNERINDEX= 221|FONTID=1|ISHIDDEN=T|LOCATION.X=1280|LOCATION.Y=670|NAME=PinUniqueId|TEXT=BPYFKACE|UNIQUEID=UQGSSRGT|
RECORD= 2|LINENO= 223|OWNERPARTID=   2|OWNERINDEX= 187|%UTF8%SWAPIDPART=Â¦&Â¦|DESIGNATOR=13|ELECTRICAL=4|FORMALTYPE=1|LOCATION.X=1280|LOCATION.Y=660|PINCONGLOMERATE=56|PINLENGTH=30|SWAPIDPART=Ž&Ž|
RECORD=41|LINENO= 224|OWNERPARTID=   0|OWNERINDEX= 223|FONTID=1|ISHIDDEN=T|LOCATION.X=1280|LOCATION.Y=660|NAME=PinUniqueId|TEXT=YFGIHANP|UNIQUEID=WYQIVDJY|
RECORD= 2|LINENO= 225|OWNERPARTID=   2|OWNERINDEX= 187|%UTF8%SWAPIDPART=Â¦&Â¦|DESIGNATOR=14|ELECTRICAL=4|FORMALTYPE=1|LOCATION.X=1280|LOCATION.Y=650|PINCONGLOMERATE=56|PINLENGTH=30|SWAPIDPART=Ž&Ž|
RECORD=41|LINENO= 226|OWNERPARTID=   0|OWNERINDEX= 225|FONTID=1|ISHIDDEN=T|LOCATION.X=1280|LOCATION.Y=650|NAME=PinUniqueId|TEXT=WPDXCHLO|UNIQUEID=ANSLNOFS|
RECORD= 2|LINENO= 227|OWNERPARTID=   2|OWNERINDEX= 187|%UTF8%SWAPIDPART=Â¦&Â¦|DESIGNATOR=15|ELECTRICAL=4|FORMALTYPE=1|LOCATION.X=1280|LOCATION.Y=640|PINCONGLOMERATE=56|PINLENGTH=30|SWAPIDPART=Ž&Ž|
RECORD=41|LINENO= 228|OWNERPARTID=   0|OWNERINDEX= 227|FONTID=1|ISHIDDEN=T|LOCATION.X=1280|LOCATION.Y=640|NAME=PinUniqueId|TEXT=NNMSNAMH|UNIQUEID=BUIRBNRX|
RECORD= 2|LINENO= 229|OWNERPARTID=   2|OWNERINDEX= 187|%UTF8%SWAPIDPART=Â¦&Â¦|DESIGNATOR=16|ELECTRICAL=4|FORMALTYPE=1|LOCATION.X=1280|LOCATION.Y=630|PINCONGLOMERATE=56|PINLENGTH=30|SWAPIDPART=Ž&Ž|
RECORD=41|LINENO= 230|OWNERPARTID=   0|OWNERINDEX= 229|FONTID=1|ISHIDDEN=T|LOCATION.X=1280|LOCATION.Y=630|NAME=PinUniqueId|TEXT=NKUNNVNC|UNIQUEID=BIFBANOM|
RECORD=34|LINENO= 231|OWNERPARTID=   0|OWNERINDEX= 187|FONTID=1|LOCATION.X=1250|LOCATION.Y=710|NAME=Designator|TEXT=X202|UNIQUEID=TTMGHHVN|
RECORD=41|LINENO= 232|OWNERPARTID=   0|OWNERINDEX= 187|FONTID=1|LOCATION.X=1250|LOCATION.Y=610|NAME=Comment|TEXT=="Part Number"|UNIQUEID=VTBVPVIJ|
RECORD=44|LINENO= 233|OWNERPARTID= -42|OWNERINDEX= 187|
RECORD=45|LINENO= 234|OWNERPARTID= -42|OWNERINDEX= 233|DATABASEDATALINKSLOCKED=T|DATALINKSLOCKED=T|ISCURRENT=T|MODELNAME=MOLEX_MICROFIT_08x2_THT|MODELTYPE=PCBLIB|UNIQUEID=BUNSQQQO|USECOMPONENTLIBRARY=T|
RECORD=46|LINENO= 235|OWNERPARTID= -42|OWNERINDEX= 234|
RECORD=48|LINENO= 236|OWNERPARTID= -42|OWNERINDEX= 234|
RECORD=17|LINENO= 237|OWNERPARTID=   0|OWNERINDEX= -42|FONTID=1|LOCATION.X=420|LOCATION.Y=700|ORIENTATION=1|SHOWNETNAME=T|STYLE=2|TEXT=VBAT+|UNIQUEID=HKABOGEL|
RECORD=17|LINENO= 238|OWNERPARTID=   0|OWNERINDEX= -42|FONTID=1|LOCATION.X=420|LOCATION.Y=570|ORIENTATION=3|SHOWNETNAME=T|STYLE=2|TEXT=VBAT-|UNIQUEID=UUVODNNQ|
RECORD=17|LINENO= 239|OWNERPARTID=   0|OWNERINDEX= -42|FONTID=1|LOCATION.X=1040|LOCATION.Y=600|ORIENTATION=3|SHOWNETNAME=T|STYLE=2|TEXT=FUSED_VBAT-|UNIQUEID=QNXJGCIC|
RECORD=17|LINENO= 240|OWNERPARTID=   0|OWNERINDEX= -42|FONTID=1|LOCATION.X=1400|LOCATION.Y=600|ORIENTATION=3|SHOWNETNAME=T|STYLE=2|TEXT=FUSED_VBAT-|UNIQUEID=JVATBVRF|
RECORD=22|LINENO= 241|OWNERPARTID=   0|OWNERINDEX= -42|ISACTIVE=T|LOCATION.X=270|LOCATION.Y=700|ORIENTATION=1|SUPPRESSALL=T|SYMBOL=Thin Cross|UNIQUEID=IQYEMXFJ|
RECORD=22|LINENO= 242|OWNERPARTID=   0|OWNERINDEX= -42|ISACTIVE=T|LOCATION.X=270|LOCATION.Y=690|ORIENTATION=1|SUPPRESSALL=T|SYMBOL=Thin Cross|UNIQUEID=RTXPTHKR|
RECORD=22|LINENO= 243|OWNERPARTID=   0|OWNERINDEX= -42|ISACTIVE=T|LOCATION.X=360|LOCATION.Y=700|ORIENTATION=1|SUPPRESSALL=T|SYMBOL=Thin Cross|UNIQUEID=NSNYECAE|
RECORD=25|LINENO= 244|OWNERPARTID=   0|OWNERINDEX= -42|FONTID=1|LOCATION.X=220|LOCATION.Y=650|TEXT=CELL_11+|UNIQUEID=HMDDXVSG|
RECORD=25|LINENO= 245|OWNERPARTID=   0|OWNERINDEX= -42|FONTID=1|LOCATION.X=220|LOCATION.Y=640|TEXT=CELL_9+|UNIQUEID=RHCTXCTG|
RECORD=25|LINENO= 246|OWNERPARTID=   0|OWNERINDEX= -42|FONTID=1|LOCATION.X=220|LOCATION.Y=630|TEXT=CELL_7+|UNIQUEID=IGXLMNJU|
RECORD=25|LINENO= 247|OWNERPARTID=   0|OWNERINDEX= -42|FONTID=1|LOCATION.X=220|LOCATION.Y=620|TEXT=CELL_5+|UNIQUEID=KJNEQJNV|
RECORD=25|LINENO= 248|OWNERPARTID=   0|OWNERINDEX= -42|FONTID=1|LOCATION.X=220|LOCATION.Y=610|TEXT=CELL_3+|UNIQUEID=SPBTDJWS|
RECORD=25|LINENO= 249|OWNERPARTID=   0|OWNERINDEX= -42|FONTID=1|LOCATION.X=220|LOCATION.Y=600|TEXT=CELL_1+|UNIQUEID=GTFMACBL|
RECORD=25|LINENO= 250|OWNERPARTID=   0|OWNERINDEX= -42|FONTID=1|LOCATION.X=220|LOCATION.Y=590|TEXT=CELL_0-|UNIQUEID=WPBSQCUM|
RECORD=25|LINENO= 251|OWNERPARTID=   0|OWNERINDEX= -42|FONTID=1|JUSTIFICATION=2|LOCATION.X=420|LOCATION.Y=650|TEXT=CELL_10+|UNIQUEID=HLKFEOTW|
RECORD=25|LINENO= 252|OWNERPARTID=   0|OWNERINDEX= -42|FONTID=1|JUSTIFICATION=2|LOCATION.X=420|LOCATION.Y=640|TEXT=CELL_8+|UNIQUEID=RVQLSGOJ|
RECORD=25|LINENO= 253|OWNERPARTID=   0|OWNERINDEX= -42|FONTID=1|JUSTIFICATION=2|LOCATION.X=420|LOCATION.Y=630|TEXT=CELL_6+|UNIQUEID=VSLJDUPG|
RECORD=25|LINENO= 254|OWNERPARTID=   0|OWNERINDEX= -42|FONTID=1|JUSTIFICATION=2|LOCATION.X=420|LOCATION.Y=620|TEXT=CELL_4+|UNIQUEID=ATPLEIMF|
RECORD=25|LINENO= 255|OWNERPARTID=   0|OWNERINDEX= -42|FONTID=1|JUSTIFICATION=2|LOCATION.X=420|LOCATION.Y=610|TEXT=CELL_2+|UNIQUEID=XGTAKDVO|
RECORD=25|LINENO= 256|OWNERPARTID=   0|OWNERINDEX= -42|FONTID=1|JUSTIFICATION=2|LOCATION.X=420|LOCATION.Y=600|TEXT=CELL_0+|UNIQUEID=CVPBMAWA|
RECORD=25|LINENO= 257|OWNERPARTID=   0|OWNERINDEX= -42|FONTID=1|LOCATION.X=200|LOCATION.Y=230|TEXT=CELL_11+|UNIQUEID=LXCWYGIO|
RECORD=25|LINENO= 258|OWNERPARTID=   0|OWNERINDEX= -42|FONTID=1|LOCATION.X=200|LOCATION.Y=250|TEXT=CELL_9+|UNIQUEID=XMPCFFCJ|
RECORD=25|LINENO= 259|OWNERPARTID=   0|OWNERINDEX= -42|FONTID=1|LOCATION.X=200|LOCATION.Y=270|TEXT=CELL_7+|UNIQUEID=FCTXINQB|
RECORD=25|LINENO= 260|OWNERPARTID=   0|OWNERINDEX= -42|FONTID=1|LOCATION.X=200|LOCATION.Y=290|TEXT=CELL_5+|UNIQUEID=DSIYCFLB|
RECORD=25|LINENO= 261|OWNERPARTID=   0|OWNERINDEX= -42|FONTID=1|LOCATION.X=200|LOCATION.Y=310|TEXT=CELL_3+|UNIQUEID=KVGNCUXX|
RECORD=25|LINENO= 262|OWNERPARTID=   0|OWNERINDEX= -42|FONTID=1|LOCATION.X=200|LOCATION.Y=330|TEXT=CELL_1+|UNIQUEID=DMKQYPCM|
RECORD=25|LINENO= 263|OWNERPARTID=   0|OWNERINDEX= -42|FONTID=1|LOCATION.X=200|LOCATION.Y=350|TEXT=CELL_0-|UNIQUEID=FILLESIU|
RECORD=25|LINENO= 264|OWNERPARTID=   0|OWNERINDEX= -42|FONTID=1|LOCATION.X=200|LOCATION.Y=240|TEXT=CELL_10+|UNIQUEID=BMVWMEXC|
RECORD=25|LINENO= 265|OWNERPARTID=   0|OWNERINDEX= -42|FONTID=1|LOCATION.X=200|LOCATION.Y=260|TEXT=CELL_8+|UNIQUEID=HWSRWOYH|
RECORD=25|LINENO= 266|OWNERPARTID=   0|OWNERINDEX= -42|FONTID=1|LOCATION.X=200|LOCATION.Y=280|TEXT=CELL_6+|UNIQUEID=IBDQAPCO|
RECORD=25|LINENO= 267|OWNERPARTID=   0|OWNERINDEX= -42|FONTID=1|LOCATION.X=200|LOCATION.Y=300|TEXT=CELL_4+|UNIQUEID=LAVHHPNR|
RECORD=25|LINENO= 268|OWNERPARTID=   0|OWNERINDEX= -42|FONTID=1|LOCATION.X=200|LOCATION.Y=320|TEXT=CELL_2+|UNIQUEID=GMAQRPXU|
RECORD=25|LINENO= 269|OWNERPARTID=   0|OWNERINDEX= -42|FONTID=1|LOCATION.X=200|LOCATION.Y=340|TEXT=CELL_0+|UNIQUEID=YRWUSJNU|
RECORD=18|LINENO= 270|OWNERPARTID=   0|OWNERINDEX= -42|ALIGNMENT=1|AREACOLOR=8454143|FONTID=1|HARNESSTYPE=CELL_VOLTAGES|HEIGHT=10|LOCATION.X=420|LOCATION.Y=300|NAME=CELL|TEXTCOLOR=128|UNIQUEID=LLPKXVRM|WIDTH=50|
RECORD=25|LINENO= 271|OWNERPARTID=   0|OWNERINDEX= -42|FONTID=1|LOCATION.X=750|LOCATION.Y=700|TEXT=PRIMARY-T-SENSOR_0|UNIQUEID=TYMLBSMX|
RECORD=25|LINENO= 272|OWNERPARTID=   0|OWNERINDEX= -42|FONTID=1|LOCATION.X=750|LOCATION.Y=690|TEXT=PRIMARY-T-SENSOR_1|UNIQUEID=DRWMBYBT|
RECORD=25|LINENO= 273|OWNERPARTID=   0|OWNERINDEX= -42|FONTID=1|LOCATION.X=750|LOCATION.Y=680|TEXT=PRIMARY-T-SENSOR_2|UNIQUEID=LTJOLIYY|
RECORD=25|LINENO= 274|OWNERPARTID=   0|OWNERINDEX= -42|FONTID=1|LOCATION.X=750|LOCATION.Y=670|TEXT=PRIMARY-T-SENSOR_3|UNIQUEID=DRTQMUNC|
RECORD=25|LINENO= 275|OWNERPARTID=   0|OWNERINDEX= -42|FONTID=1|LOCATION.X=750|LOCATION.Y=660|TEXT=PRIMARY-T-SENSOR_4|UNIQUEID=DYICLRPN|
RECORD=25|LINENO= 276|OWNERPARTID=   0|OWNERINDEX= -42|FONTID=1|LOCATION.X=750|LOCATION.Y=650|TEXT=PRIMARY-T-SENSOR_5|UNIQUEID=HHYFARUD|
RECORD=25|LINENO= 277|OWNERPARTID=   0|OWNERINDEX= -42|FONTID=1|LOCATION.X=750|LOCATION.Y=640|TEXT=PRIMARY-T-SENSOR_6|UNIQUEID=PMGFMIKY|
RECORD=25|LINENO= 278|OWNERPARTID=   0|OWNERINDEX= -42|FONTID=1|LOCATION.X=750|LOCATION.Y=630|TEXT=PRIMARY-T-SENSOR_7|UNIQUEID=QLWLJXIN|
RECORD=25|LINENO= 279|OWNERPARTID=   0|OWNERINDEX= -42|FONTID=1|LOCATION.X=750|LOCATION.Y=590|TEXT=PRIMARY-T-SENSOR_[0..7]|UNIQUEID=MQEQXLKS|
RECORD=18|LINENO= 280|OWNERPARTID=   0|OWNERINDEX= -42|ALIGNMENT=1|AREACOLOR=8454143|FONTID=1|HEIGHT=10|IOTYPE=1|LOCATION.X=870|LOCATION.Y=590|NAME=PRIMARY-T-SENSOR_[0..7]|TEXTCOLOR=128|UNIQUEID=CXSHFKVL|WIDTH=130|
RECORD=25|LINENO= 281|OWNERPARTID=   0|OWNERINDEX= -42|FONTID=1|LOCATION.X=1100|LOCATION.Y=700|TEXT=SECONDARY-T-SENSOR_0|UNIQUEID=EMODQYBB|
RECORD=25|LINENO= 282|OWNERPARTID=   0|OWNERINDEX= -42|FONTID=1|LOCATION.X=1100|LOCATION.Y=690|TEXT=SECONDARY-T-SENSOR_1|UNIQUEID=PNWKEWEA|
RECORD=25|LINENO= 283|OWNERPARTID=   0|OWNERINDEX= -42|FONTID=1|LOCATION.X=1100|LOCATION.Y=680|TEXT=SECONDARY-T-SENSOR_2|UNIQUEID=CFAFWOIK|
RECORD=25|LINENO= 284|OWNERPARTID=   0|OWNERINDEX= -42|FONTID=1|LOCATION.X=1100|LOCATION.Y=670|TEXT=SECONDARY-T-SENSOR_3|UNIQUEID=CDBTIPAH|
RECORD=25|LINENO= 285|OWNERPARTID=   0|OWNERINDEX= -42|FONTID=1|LOCATION.X=1100|LOCATION.Y=660|TEXT=SECONDARY-T-SENSOR_4|UNIQUEID=JAQFFLXI|
RECORD=25|LINENO= 286|OWNERPARTID=   0|OWNERINDEX= -42|FONTID=1|LOCATION.X=1100|LOCATION.Y=650|TEXT=SECONDARY-T-SENSOR_5|UNIQUEID=PAJEWQSP|
RECORD=25|LINENO= 287|OWNERPARTID=   0|OWNERINDEX= -42|FONTID=1|LOCATION.X=1100|LOCATION.Y=640|TEXT=SECONDARY-T-SENSOR_6|UNIQUEID=WQILSVDE|
RECORD=25|LINENO= 288|OWNERPARTID=   0|OWNERINDEX= -42|FONTID=1|LOCATION.X=1100|LOCATION.Y=630|TEXT=SECONDARY-T-SENSOR_7|UNIQUEID=WIFVNDUQ|
RECORD=25|LINENO= 289|OWNERPARTID=   0|OWNERINDEX= -42|FONTID=1|LOCATION.X=1090|LOCATION.Y=590|TEXT=SECONDARY-T-SENSOR_[0..7]|UNIQUEID=COWMFSMY|
RECORD=18|LINENO= 290|OWNERPARTID=   0|OWNERINDEX= -42|ALIGNMENT=1|AREACOLOR=8454143|FONTID=1|HEIGHT=10|IOTYPE=1|LOCATION.X=1220|LOCATION.Y=590|NAME=SECONDARY-T-SENSOR_[0..7]|TEXTCOLOR=128|UNIQUEID=PRFTMGVX|WIDTH=140|
RECORD=41|LINENO= 291|OWNERPARTID=   0|OWNERINDEX= -42|FONTID=1|ISHIDDEN=T|NAME=ConfigurationParameters|UNIQUEID=BBUDTVJF|
RECORD=41|LINENO= 292|OWNERPARTID=   0|OWNERINDEX= -42|FONTID=1|ISHIDDEN=T|NAME=ConfiguratorName|UNIQUEID=DVYRDSSN|
RECORD=41|LINENO= 293|OWNERPARTID=   0|OWNERINDEX= -42|FONTID=1|ISHIDDEN=T|NAME=VersionControl_RevNumber|UNIQUEID=FHUUOANN|
RECORD=41|LINENO= 294|OWNERPARTID=   0|OWNERINDEX= -42|FONTID=1|ISHIDDEN=T|NAME=IsUserConfigurable|UNIQUEID=JBWKFWXD|
RECORD=41|LINENO= 295|OWNERPARTID=   0|OWNERINDEX= -42|FONTID=1|ISHIDDEN=T|NAME=VersionControl_ProjFolderRevNumber|UNIQUEID=CSCNKGXG|
RECORD=25|LINENO= 296|OWNERPARTID=   0|OWNERINDEX= -42|FONTID=1|LOCATION.X=220|LOCATION.Y=660|TEXT=CELL_13+|UNIQUEID=MGFODKPW|
RECORD=25|LINENO= 297|OWNERPARTID=   0|OWNERINDEX= -42|FONTID=1|LOCATION.X=220|LOCATION.Y=670|TEXT=CELL_15+|UNIQUEID=EAMKGXAF|
RECORD=25|LINENO= 298|OWNERPARTID=   0|OWNERINDEX= -42|FONTID=1|LOCATION.X=220|LOCATION.Y=680|TEXT=CELL_17+|UNIQUEID=XOAHICUQ|
RECORD=25|LINENO= 299|OWNERPARTID=   0|OWNERINDEX= -42|FONTID=1|JUSTIFICATION=2|LOCATION.X=420|LOCATION.Y=670|TEXT=CELL_14+|UNIQUEID=FFHXGIRR|
RECORD=25|LINENO= 300|OWNERPARTID=   0|OWNERINDEX= -42|FONTID=1|JUSTIFICATION=2|LOCATION.X=420|LOCATION.Y=660|TEXT=CELL_12+|UNIQUEID=COTRBIPQ|
RECORD=25|LINENO= 301|OWNERPARTID=   0|OWNERINDEX= -42|FONTID=1|JUSTIFICATION=2|LOCATION.X=420|LOCATION.Y=680|TEXT=CELL_16+|UNIQUEID=IUUFGUFT|
RECORD=25|LINENO= 302|OWNERPARTID=   0|OWNERINDEX= -42|FONTID=1|LOCATION.X=200|LOCATION.Y=220|TEXT=CELL_12+|UNIQUEID=JBEJUEIG|
RECORD=25|LINENO= 303|OWNERPARTID=   0|OWNERINDEX= -42|FONTID=1|LOCATION.X=200|LOCATION.Y=210|TEXT=CELL_13+|UNIQUEID=OJHFJBYL|
RECORD=25|LINENO= 304|OWNERPARTID=   0|OWNERINDEX= -42|FONTID=1|LOCATION.X=200|LOCATION.Y=200|TEXT=CELL_14+|UNIQUEID=SSUACCRU|
RECORD=25|LINENO= 305|OWNERPARTID=   0|OWNERINDEX= -42|FONTID=1|LOCATION.X=200|LOCATION.Y=190|TEXT=CELL_15+|UNIQUEID=TECRDYHH|
RECORD=25|LINENO= 306|OWNERPARTID=   0|OWNERINDEX= -42|FONTID=1|LOCATION.X=200|LOCATION.Y=180|TEXT=CELL_16+|UNIQUEID=LWXWEEBL|
RECORD=25|LINENO= 307|OWNERPARTID=   0|OWNERINDEX= -42|FONTID=1|LOCATION.X=200|LOCATION.Y=170|TEXT=CELL_17+|UNIQUEID=JHMKAHBE|
RECORD=18|LINENO= 308|OWNERPARTID=   0|OWNERINDEX= -42|AREACOLOR=8454143|FONTID=1|HEIGHT=10|LOCATION.X=450|LOCATION.Y=690|NAME=VBAT+|TEXTCOLOR=128|UNIQUEID=XXHOUVPA|WIDTH=80|
RECORD=18|LINENO= 309|OWNERPARTID=   0|OWNERINDEX= -42|AREACOLOR=8454143|FONTID=1|HEIGHT=10|LOCATION.X=450|LOCATION.Y=520|NAME=VBAT-|TEXTCOLOR=128|UNIQUEID=GEVESLUI|WIDTH=80|
RECORD=18|LINENO= 310|OWNERPARTID=   0|OWNERINDEX= -42|AREACOLOR=8454143|FONTID=1|HEIGHT=10|LOCATION.X=1420|LOCATION.Y=610|NAME=FUSED_VBAT-|TEXTCOLOR=128|UNIQUEID=LTSQNBRM|WIDTH=80|
RECORD=37|LINENO= 311|OWNERPARTID=   0|OWNERINDEX= -42|CORNER.X=730|CORNER.Y=690|LINEWIDTH=1|LOCATION.X=740|LOCATION.Y=700|
RECORD=37|LINENO= 312|OWNERPARTID=   0|OWNERINDEX= -42|CORNER.X=730|CORNER.Y=680|LINEWIDTH=1|LOCATION.X=740|LOCATION.Y=690|
RECORD=37|LINENO= 313|OWNERPARTID=   0|OWNERINDEX= -42|CORNER.X=730|CORNER.Y=670|LINEWIDTH=1|LOCATION.X=740|LOCATION.Y=680|
RECORD=37|LINENO= 314|OWNERPARTID=   0|OWNERINDEX= -42|CORNER.X=730|CORNER.Y=660|LINEWIDTH=1|LOCATION.X=740|LOCATION.Y=670|
RECORD=37|LINENO= 315|OWNERPARTID=   0|OWNERINDEX= -42|CORNER.X=730|CORNER.Y=650|LINEWIDTH=1|LOCATION.X=740|LOCATION.Y=660|
RECORD=37|LINENO= 316|OWNERPARTID=   0|OWNERINDEX= -42|CORNER.X=730|CORNER.Y=640|LINEWIDTH=1|LOCATION.X=740|LOCATION.Y=650|
RECORD=37|LINENO= 317|OWNERPARTID=   0|OWNERINDEX= -42|CORNER.X=730|CORNER.Y=630|LINEWIDTH=1|LOCATION.X=740|LOCATION.Y=640|
RECORD=37|LINENO= 318|OWNERPARTID=   0|OWNERINDEX= -42|CORNER.X=730|CORNER.Y=620|LINEWIDTH=1|LOCATION.X=740|LOCATION.Y=630|
RECORD=37|LINENO= 319|OWNERPARTID=   0|OWNERINDEX= -42|CORNER.X=1080|CORNER.Y=690|LINEWIDTH=1|LOCATION.X=1090|LOCATION.Y=700|
RECORD=37|LINENO= 320|OWNERPARTID=   0|OWNERINDEX= -42|CORNER.X=1080|CORNER.Y=680|LINEWIDTH=1|LOCATION.X=1090|LOCATION.Y=690|
RECORD=37|LINENO= 321|OWNERPARTID=   0|OWNERINDEX= -42|CORNER.X=1080|CORNER.Y=670|LINEWIDTH=1|LOCATION.X=1090|LOCATION.Y=680|
RECORD=37|LINENO= 322|OWNERPARTID=   0|OWNERINDEX= -42|CORNER.X=1080|CORNER.Y=660|LINEWIDTH=1|LOCATION.X=1090|LOCATION.Y=670|
RECORD=37|LINENO= 323|OWNERPARTID=   0|OWNERINDEX= -42|CORNER.X=1080|CORNER.Y=650|LINEWIDTH=1|LOCATION.X=1090|LOCATION.Y=660|
RECORD=37|LINENO= 324|OWNERPARTID=   0|OWNERINDEX= -42|CORNER.X=1080|CORNER.Y=640|LINEWIDTH=1|LOCATION.X=1090|LOCATION.Y=650|
RECORD=37|LINENO= 325|OWNERPARTID=   0|OWNERINDEX= -42|CORNER.X=1080|CORNER.Y=630|LINEWIDTH=1|LOCATION.X=1090|LOCATION.Y=640|
RECORD=37|LINENO= 326|OWNERPARTID=   0|OWNERINDEX= -42|CORNER.X=1080|CORNER.Y=620|LINEWIDTH=1|LOCATION.X=1090|LOCATION.Y=630|
RECORD=27|LINENO= 327|OWNERPARTID=   0|OWNERINDEX= -42|LINEWIDTH=1|LOCATIONCOUNT=2|UNIQUEID=HOEECJWR|X1=220|X2=270|Y1=630|Y2=630|
RECORD=27|LINENO= 328|OWNERPARTID=   0|OWNERINDEX= -42|LINEWIDTH=1|LOCATIONCOUNT=2|UNIQUEID=JCGACDNM|X1=220|X2=270|Y1=600|Y2=600|
RECORD=27|LINENO= 329|OWNERPARTID=   0|OWNERINDEX= -42|LINEWIDTH=1|LOCATIONCOUNT=2|UNIQUEID=YWNVQMJO|X1=360|X2=420|Y1=610|Y2=610|
RECORD=27|LINENO= 330|OWNERPARTID=   0|OWNERINDEX= -42|LINEWIDTH=1|LOCATIONCOUNT=2|UNIQUEID=YLYECDWJ|X1=220|X2=270|Y1=610|Y2=610|
RECORD=27|LINENO= 331|OWNERPARTID=   0|OWNERINDEX= -42|LINEWIDTH=1|LOCATIONCOUNT=2|UNIQUEID=YGYEFGDQ|X1=360|X2=420|Y1=620|Y2=620|
RECORD=27|LINENO= 332|OWNERPARTID=   0|OWNERINDEX= -42|LINEWIDTH=1|LOCATIONCOUNT=2|UNIQUEID=VCLILUTW|X1=220|X2=270|Y1=620|Y2=620|
RECORD=27|LINENO= 333|OWNERPARTID=   0|OWNERINDEX= -42|LINEWIDTH=1|LOCATIONCOUNT=2|UNIQUEID=GIREMPBI|X1=360|X2=420|Y1=630|Y2=630|
RECORD=27|LINENO= 334|OWNERPARTID=   0|OWNERINDEX= -42|LINEWIDTH=1|LOCATIONCOUNT=2|UNIQUEID=UXJAMNNI|X1=360|X2=420|Y1=640|Y2=640|
RECORD=27|LINENO= 335|OWNERPARTID=   0|OWNERINDEX= -42|LINEWIDTH=1|LOCATIONCOUNT=2|UNIQUEID=XRKMWVGJ|X1=220|X2=270|Y1=640|Y2=640|
RECORD=27|LINENO= 336|OWNERPARTID=   0|OWNERINDEX= -42|LINEWIDTH=1|LOCATIONCOUNT=2|UNIQUEID=VMAKKEPK|X1=360|X2=420|Y1=650|Y2=650|
RECORD=27|LINENO= 337|OWNERPARTID=   0|OWNERINDEX= -42|LINEWIDTH=1|LOCATIONCOUNT=2|UNIQUEID=HLMHUUGU|X1=220|X2=270|Y1=650|Y2=650|
RECORD=27|LINENO= 338|OWNERPARTID=   0|OWNERINDEX= -42|LINEWIDTH=1|LOCATIONCOUNT=2|UNIQUEID=VJRPVNBL|X1=220|X2=270|Y1=590|Y2=590|
RECORD=27|LINENO= 339|OWNERPARTID=   0|OWNERINDEX= -42|LINEWIDTH=1|LOCATIONCOUNT=2|UNIQUEID=AKXBTPHX|X1=360|X2=420|Y1=600|Y2=600|
RECORD=27|LINENO= 340|OWNERPARTID=   0|OWNERINDEX= -42|LINEWIDTH=1|LOCATIONCOUNT=3|UNIQUEID=NYRDNNVQ|X1=360|X2=420|X3=420|Y1=590|Y2=590|Y3=570|
RECORD=27|LINENO= 341|OWNERPARTID=   0|OWNERINDEX= -42|LINEWIDTH=1|LOCATIONCOUNT=10|UNIQUEID=AAPIEMXF|X1=970|X10=1040|X2=1040|X3=1040|X4=1040|X5=1040|X6=1040|X7=1040|X8=1040|X9=1040|Y1=700|Y10=600|Y2=700|Y3=690|Y4=680|Y5=670|Y6=660|Y7=650|Y8=640|Y9=630|
RECORD=27|LINENO= 342|OWNERPARTID=   0|OWNERINDEX= -42|LINEWIDTH=1|LOCATIONCOUNT=2|UNIQUEID=LBPYDXKK|X1=970|X2=1040|Y1=630|Y2=630|
RECORD=27|LINENO= 343|OWNERPARTID=   0|OWNERINDEX= -42|LINEWIDTH=1|LOCATIONCOUNT=2|UNIQUEID=SUSMKHYG|X1=1040|X2=970|Y1=640|Y2=640|
RECORD=27|LINENO= 344|OWNERPARTID=   0|OWNERINDEX= -42|LINEWIDTH=1|LOCATIONCOUNT=2|UNIQUEID=UDFBVUUD|X1=970|X2=1040|Y1=650|Y2=650|
RECORD=27|LINENO= 345|OWNERPARTID=   0|OWNERINDEX= -42|LINEWIDTH=1|LOCATIONCOUNT=2|UNIQUEID=TNITKBEB|X1=1040|X2=970|Y1=660|Y2=660|
RECORD=27|LINENO= 346|OWNERPARTID=   0|OWNERINDEX= -42|LINEWIDTH=1|LOCATIONCOUNT=2|UNIQUEID=WWWKDGUI|X1=970|X2=1040|Y1=670|Y2=670|
RECORD=27|LINENO= 347|OWNERPARTID=   0|OWNERINDEX= -42|LINEWIDTH=1|LOCATIONCOUNT=2|UNIQUEID=JTLFIXDS|X1=1040|X2=970|Y1=680|Y2=680|
RECORD=27|LINENO= 348|OWNERPARTID=   0|OWNERINDEX= -42|LINEWIDTH=1|LOCATIONCOUNT=2|UNIQUEID=FARHSQTX|X1=970|X2=1040|Y1=690|Y2=690|
RECORD=27|LINENO= 349|OWNERPARTID=   0|OWNERINDEX= -42|LINEWIDTH=1|LOCATIONCOUNT=2|UNIQUEID=OIXWBEBS|X1=200|X2=260|Y1=350|Y2=350|
RECORD=27|LINENO= 350|OWNERPARTID=   0|OWNERINDEX= -42|LINEWIDTH=1|LOCATIONCOUNT=2|UNIQUEID=IDYUWNOR|X1=200|X2=260|Y1=340|Y2=340|
RECORD=27|LINENO= 351|OWNERPARTID=   0|OWNERINDEX= -42|LINEWIDTH=1|LOCATIONCOUNT=2|UNIQUEID=BOHYTFBK|X1=200|X2=260|Y1=330|Y2=330|
RECORD=27|LINENO= 352|OWNERPARTID=   0|OWNERINDEX= -42|LINEWIDTH=1|LOCATIONCOUNT=2|UNIQUEID=KMFQOAWA|X1=200|X2=260|Y1=320|Y2=320|
RECORD=27|LINENO= 353|OWNERPARTID=   0|OWNERINDEX= -42|LINEWIDTH=1|LOCATIONCOUNT=2|UNIQUEID=CUKFCMCP|X1=200|X2=260|Y1=310|Y2=310|
RECORD=27|LINENO= 354|OWNERPARTID=   0|OWNERINDEX= -42|LINEWIDTH=1|LOCATIONCOUNT=2|UNIQUEID=CBADILSQ|X1=200|X2=260|Y1=300|Y2=300|
RECORD=27|LINENO= 355|OWNERPARTID=   0|OWNERINDEX= -42|LINEWIDTH=1|LOCATIONCOUNT=2|UNIQUEID=WKPRWMCF|X1=200|X2=260|Y1=290|Y2=290|
RECORD=27|LINENO= 356|OWNERPARTID=   0|OWNERINDEX= -42|LINEWIDTH=1|LOCATIONCOUNT=2|UNIQUEID=YVSXGVNY|X1=200|X2=260|Y1=280|Y2=280|
RECORD=27|LINENO= 357|OWNERPARTID=   0|OWNERINDEX= -42|LINEWIDTH=1|LOCATIONCOUNT=2|UNIQUEID=ABPXIVOJ|X1=200|X2=260|Y1=270|Y2=270|
RECORD=27|LINENO= 358|OWNERPARTID=   0|OWNERINDEX= -42|LINEWIDTH=1|LOCATIONCOUNT=2|UNIQUEID=TXBGYJYB|X1=200|X2=260|Y1=260|Y2=260|
RECORD=27|LINENO= 359|OWNERPARTID=   0|OWNERINDEX= -42|LINEWIDTH=1|LOCATIONCOUNT=2|UNIQUEID=CDIWHPTO|X1=200|X2=260|Y1=250|Y2=250|
RECORD=27|LINENO= 360|OWNERPARTID=   0|OWNERINDEX= -42|LINEWIDTH=1|LOCATIONCOUNT=2|UNIQUEID=YMXKUNSO|X1=200|X2=260|Y1=240|Y2=240|
RECORD=27|LINENO= 361|OWNERPARTID=   0|OWNERINDEX= -42|LINEWIDTH=1|LOCATIONCOUNT=2|UNIQUEID=YVWMQFKB|X1=200|X2=260|Y1=230|Y2=230|
RECORD=27|LINENO= 362|OWNERPARTID=   0|OWNERINDEX= -42|LINEWIDTH=1|LOCATIONCOUNT=2|UNIQUEID=UWRDNIFI|X1=740|X2=880|Y1=630|Y2=630|
RECORD=27|LINENO= 363|OWNERPARTID=   0|OWNERINDEX= -42|LINEWIDTH=1|LOCATIONCOUNT=2|UNIQUEID=FHTKODHA|X1=740|X2=880|Y1=640|Y2=640|
RECORD=27|LINENO= 364|OWNERPARTID=   0|OWNERINDEX= -42|LINEWIDTH=1|LOCATIONCOUNT=2|UNIQUEID=UCHBUWYN|X1=740|X2=880|Y1=650|Y2=650|
RECORD=27|LINENO= 365|OWNERPARTID=   0|OWNERINDEX= -42|LINEWIDTH=1|LOCATIONCOUNT=2|UNIQUEID=JYEKSLNO|X1=740|X2=880|Y1=660|Y2=660|
RECORD=27|LINENO= 366|OWNERPARTID=   0|OWNERINDEX= -42|LINEWIDTH=1|LOCATIONCOUNT=2|UNIQUEID=XRIDTRHR|X1=740|X2=880|Y1=670|Y2=670|
RECORD=27|LINENO= 367|OWNERPARTID=   0|OWNERINDEX= -42|LINEWIDTH=1|LOCATIONCOUNT=2|UNIQUEID=UVKJMBHM|X1=740|X2=880|Y1=680|Y2=680|
RECORD=27|LINENO= 368|OWNERPARTID=   0|OWNERINDEX= -42|LINEWIDTH=1|LOCATIONCOUNT=2|UNIQUEID=TDSNMVPN|X1=740|X2=880|Y1=690|Y2=690|
RECORD=27|LINENO= 369|OWNERPARTID=   0|OWNERINDEX= -42|LINEWIDTH=1|LOCATIONCOUNT=2|UNIQUEID=HSUAXKFC|X1=740|X2=880|Y1=700|Y2=700|
RECORD=27|LINENO= 370|OWNERPARTID=   0|OWNERINDEX= -42|LINEWIDTH=1|LOCATIONCOUNT=2|UNIQUEID=LJHRGKKE|X1=1090|X2=1220|Y1=700|Y2=700|
RECORD=27|LINENO= 371|OWNERPARTID=   0|OWNERINDEX= -42|LINEWIDTH=1|LOCATIONCOUNT=2|UNIQUEID=XHJFUSIK|X1=1090|X2=1220|Y1=690|Y2=690|
RECORD=27|LINENO= 372|OWNERPARTID=   0|OWNERINDEX= -42|LINEWIDTH=1|LOCATIONCOUNT=2|UNIQUEID=XGMARXNW|X1=1090|X2=1220|Y1=680|Y2=680|
RECORD=27|LINENO= 373|OWNERPARTID=   0|OWNERINDEX= -42|LINEWIDTH=1|LOCATIONCOUNT=2|UNIQUEID=OVSJSYYE|X1=1090|X2=1220|Y1=670|Y2=670|
RECORD=27|LINENO= 374|OWNERPARTID=   0|OWNERINDEX= -42|LINEWIDTH=1|LOCATIONCOUNT=2|UNIQUEID=UYDTWHYL|X1=1090|X2=1220|Y1=660|Y2=660|
RECORD=27|LINENO= 375|OWNERPARTID=   0|OWNERINDEX= -42|LINEWIDTH=1|LOCATIONCOUNT=2|UNIQUEID=IXAKMGBE|X1=1090|X2=1220|Y1=650|Y2=650|
RECORD=27|LINENO= 376|OWNERPARTID=   0|OWNERINDEX= -42|LINEWIDTH=1|LOCATIONCOUNT=2|UNIQUEID=EOXISIXU|X1=1090|X2=1220|Y1=640|Y2=640|
RECORD=27|LINENO= 377|OWNERPARTID=   0|OWNERINDEX= -42|LINEWIDTH=1|LOCATIONCOUNT=2|UNIQUEID=YCBLWYPB|X1=1090|X2=1220|Y1=630|Y2=630|
RECORD=27|LINENO= 378|OWNERPARTID=   0|OWNERINDEX= -42|LINEWIDTH=1|LOCATIONCOUNT=2|UNIQUEID=VVXYRRWP|X1=1400|X2=1310|Y1=630|Y2=630|
RECORD=27|LINENO= 379|OWNERPARTID=   0|OWNERINDEX= -42|LINEWIDTH=1|LOCATIONCOUNT=2|UNIQUEID=JAHWRPAA|X1=1400|X2=1310|Y1=640|Y2=640|
RECORD=27|LINENO= 380|OWNERPARTID=   0|OWNERINDEX= -42|LINEWIDTH=1|LOCATIONCOUNT=2|UNIQUEID=PDPYFXBH|X1=1400|X2=1310|Y1=650|Y2=650|
RECORD=27|LINENO= 381|OWNERPARTID=   0|OWNERINDEX= -42|LINEWIDTH=1|LOCATIONCOUNT=2|UNIQUEID=FVQIHYGG|X1=1400|X2=1310|Y1=660|Y2=660|
RECORD=27|LINENO= 382|OWNERPARTID=   0|OWNERINDEX= -42|LINEWIDTH=1|LOCATIONCOUNT=2|UNIQUEID=IOPFHOJB|X1=1400|X2=1310|Y1=670|Y2=670|
RECORD=27|LINENO= 383|OWNERPARTID=   0|OWNERINDEX= -42|LINEWIDTH=1|LOCATIONCOUNT=2|UNIQUEID=RCEDDGUF|X1=1400|X2=1310|Y1=680|Y2=680|
RECORD=27|LINENO= 384|OWNERPARTID=   0|OWNERINDEX= -42|LINEWIDTH=1|LOCATIONCOUNT=2|UNIQUEID=DULERLYD|X1=1400|X2=1310|Y1=690|Y2=690|
RECORD=27|LINENO= 385|OWNERPARTID=   0|OWNERINDEX= -42|LINEWIDTH=1|LOCATIONCOUNT=11|UNIQUEID=XOHPDHNV|X1=1400|X10=1400|X11=1310|X2=1400|X3=1400|X4=1400|X5=1400|X6=1400|X7=1400|X8=1400|X9=1400|Y1=600|Y10=700|Y11=700|Y2=610|Y3=630|Y4=640|Y5=650|Y6=660|Y7=670|Y8=680|Y9=690|
RECORD=27|LINENO= 386|OWNERPARTID=   0|OWNERINDEX= -42|LINEWIDTH=1|LOCATIONCOUNT=2|UNIQUEID=WBOUJSET|X1=270|X2=220|Y1=680|Y2=680|
RECORD=27|LINENO= 387|OWNERPARTID=   0|OWNERINDEX= -42|LINEWIDTH=1|LOCATIONCOUNT=2|UNIQUEID=TNWJWUXO|X1=220|X2=270|Y1=670|Y2=670|
RECORD=27|LINENO= 388|OWNERPARTID=   0|OWNERINDEX= -42|LINEWIDTH=1|LOCATIONCOUNT=2|UNIQUEID=BUMVUWPV|X1=270|X2=220|Y1=660|Y2=660|
RECORD=27|LINENO= 389|OWNERPARTID=   0|OWNERINDEX= -42|LINEWIDTH=1|LOCATIONCOUNT=2|UNIQUEID=SQRYPBUC|X1=420|X2=360|Y1=680|Y2=680|
RECORD=27|LINENO= 390|OWNERPARTID=   0|OWNERINDEX= -42|LINEWIDTH=1|LOCATIONCOUNT=2|UNIQUEID=VSGDVEUT|X1=360|X2=420|Y1=670|Y2=670|
RECORD=27|LINENO= 391|OWNERPARTID=   0|OWNERINDEX= -42|LINEWIDTH=1|LOCATIONCOUNT=2|UNIQUEID=JVBLRJAA|X1=420|X2=360|Y1=660|Y2=660|
RECORD=27|LINENO= 392|OWNERPARTID=   0|OWNERINDEX= -42|LINEWIDTH=1|LOCATIONCOUNT=3|UNIQUEID=ETNFECDT|X1=420|X2=420|X3=360|Y1=700|Y2=690|Y3=690|
RECORD=27|LINENO= 393|OWNERPARTID=   0|OWNERINDEX= -42|LINEWIDTH=1|LOCATIONCOUNT=2|UNIQUEID=FYFFVPEI|X1=260|X2=200|Y1=170|Y2=170|
RECORD=27|LINENO= 394|OWNERPARTID=   0|OWNERINDEX= -42|LINEWIDTH=1|LOCATIONCOUNT=2|UNIQUEID=JYECCXPN|X1=200|X2=260|Y1=180|Y2=180|
RECORD=27|LINENO= 395|OWNERPARTID=   0|OWNERINDEX= -42|LINEWIDTH=1|LOCATIONCOUNT=2|UNIQUEID=PEYGGPLS|X1=260|X2=200|Y1=190|Y2=190|
RECORD=27|LINENO= 396|OWNERPARTID=   0|OWNERINDEX= -42|LINEWIDTH=1|LOCATIONCOUNT=2|UNIQUEID=PQHKNGRC|X1=200|X2=260|Y1=200|Y2=200|
RECORD=27|LINENO= 397|OWNERPARTID=   0|OWNERINDEX= -42|LINEWIDTH=1|LOCATIONCOUNT=2|UNIQUEID=RWDKPUPV|X1=260|X2=200|Y1=210|Y2=210|
RECORD=27|LINENO= 398|OWNERPARTID=   0|OWNERINDEX= -42|LINEWIDTH=1|LOCATIONCOUNT=2|UNIQUEID=EXTOYOVH|X1=200|X2=260|Y1=220|Y2=220|
RECORD=27|LINENO= 399|OWNERPARTID=   0|OWNERINDEX= -42|LINEWIDTH=1|LOCATIONCOUNT=2|UNIQUEID=UBIVTWPQ|X1=420|X2=450|Y1=690|Y2=690|
RECORD=27|LINENO= 400|OWNERPARTID=   0|OWNERINDEX= -42|LINEWIDTH=1|LOCATIONCOUNT=4|UNIQUEID=VMCJEPNB|X1=420|X2=440|X3=440|X4=450|Y1=590|Y2=590|Y3=520|Y4=520|
RECORD=27|LINENO= 401|OWNERPARTID=   0|OWNERINDEX= -42|LINEWIDTH=1|LOCATIONCOUNT=2|UNIQUEID=BDEPYONA|X1=1420|X2=1400|Y1=610|Y2=610|
RECORD=26|LINENO= 402|OWNERPARTID=   0|OWNERINDEX= -42|LINEWIDTH=1|LOCATIONCOUNT=3|UNIQUEID=TBGLHUHI|X1=730|X2=730|X3=870|Y1=690|Y2=590|Y3=590|
RECORD=26|LINENO= 403|OWNERPARTID=   0|OWNERINDEX= -42|LINEWIDTH=1|LOCATIONCOUNT=3|UNIQUEID=DEDQCCEX|X1=1080|X2=1080|X3=1220|Y1=690|Y2=590|Y3=590|
RECORD=29|LINENO= 404|OWNERPARTID=   0|OWNERINDEX= -42|LOCATION.X=420|LOCATION.Y=590|
RECORD=29|LINENO= 405|OWNERPARTID=   0|OWNERINDEX= -42|LOCATION.X=420|LOCATION.Y=690|
RECORD=29|LINENO= 406|OWNERPARTID=   0|OWNERINDEX= -42|LOCATION.X=1040|LOCATION.Y=630|
RECORD=29|LINENO= 407|OWNERPARTID=   0|OWNERINDEX= -42|LOCATION.X=1040|LOCATION.Y=640|
RECORD=29|LINENO= 408|OWNERPARTID=   0|OWNERINDEX= -42|LOCATION.X=1040|LOCATION.Y=650|
RECORD=29|LINENO= 409|OWNERPARTID=   0|OWNERINDEX= -42|LOCATION.X=1040|LOCATION.Y=660|
RECORD=29|LINENO= 410|OWNERPARTID=   0|OWNERINDEX= -42|LOCATION.X=1040|LOCATION.Y=670|
RECORD=29|LINENO= 411|OWNERPARTID=   0|OWNERINDEX= -42|LOCATION.X=1040|LOCATION.Y=680|
RECORD=29|LINENO= 412|OWNERPARTID=   0|OWNERINDEX= -42|LOCATION.X=1040|LOCATION.Y=690|
RECORD=29|LINENO= 413|OWNERPARTID=   0|OWNERINDEX= -42|LOCATION.X=1400|LOCATION.Y=610|
RECORD=29|LINENO= 414|OWNERPARTID=   0|OWNERINDEX= -42|LOCATION.X=1400|LOCATION.Y=630|
RECORD=29|LINENO= 415|OWNERPARTID=   0|OWNERINDEX= -42|LOCATION.X=1400|LOCATION.Y=640|
RECORD=29|LINENO= 416|OWNERPARTID=   0|OWNERINDEX= -42|LOCATION.X=1400|LOCATION.Y=650|
RECORD=29|LINENO= 417|OWNERPARTID=   0|OWNERINDEX= -42|LOCATION.X=1400|LOCATION.Y=660|
RECORD=29|LINENO= 418|OWNERPARTID=   0|OWNERINDEX= -42|LOCATION.X=1400|LOCATION.Y=670|
RECORD=29|LINENO= 419|OWNERPARTID=   0|OWNERINDEX= -42|LOCATION.X=1400|LOCATION.Y=680|
RECORD=29|LINENO= 420|OWNERPARTID=   0|OWNERINDEX= -42|LOCATION.X=1400|LOCATION.Y=690|
