RECORD=-42|LINENO=   0|OWNERPARTID= -42|OWNERINDEX= -42|HEADER=Protel for Windows - Schematic Capture Binary File Version 5.0|MINORVERSION=2|UNIQUEID=KKSDDKLT|WEIGHT=181|
RECORD=31|LINENO=   1|OWNERPARTID= -42|OWNERINDEX= -42|AREACOLOR=16317695|BOLD4=T|BOLD5=T|BORDERON=T|CUSTOMX=1000|CUSTOMY=800|DISPLAY_UNIT=0|FONTIDCOUNT=5|FONTNAME1=Times New Roman|FONTNAME2=Frutiger LT Com 55 Roman|FONTNAME3=Frutiger LT Com 55 Roman|FONTNAME4=Times New Roman|FONTNAME5=Times New Roman|HOTSPOTGRIDON=T|HOTSPOTGRIDSIZE=1|ISBOC=T|SHEETNUMBERSPACESIZE=12|SHEETSTYLE=1|SHOWTEMPLATEGRAPHICS=T|SIZE1=10|SIZE2=10|SIZE3=8|SIZE4=10|SIZE5=16|SNAPGRIDON=T|SNAPGRIDSIZE=1|SYSTEMFONT=1|TEMPLATEFILENAME=D:\altium\templates\IISB_A3_foxBMS.SchDot|USEMBCS=T|VISIBLEGRIDON=T|VISIBLEGRIDSIZE=10|
RECORD=39|LINENO=   2|OWNERPARTID=   0|OWNERINDEX= -42|FILENAME=D:\altium\templates\IISB_A3_foxBMS.SchDot|
RECORD= 4|LINENO=   3|OWNERPARTID=   0|OWNERINDEX=   2|FONTID=2|JUSTIFICATION=3|LOCATION.X=862|LOCATION.Y=55|TEXT=Fraunhofer IISB|
RECORD= 4|LINENO=   4|OWNERPARTID=   0|OWNERINDEX=   2|FONTID=2|JUSTIFICATION=3|LOCATION.X=862|LOCATION.Y=46|TEXT=Schottkystr. 10|
RECORD= 4|LINENO=   5|OWNERPARTID=   0|OWNERINDEX=   2|FONTID=2|LOCATION.X=951|LOCATION.Y=21|TEXT=www.iisb.fraunhofer.de|
RECORD= 4|LINENO=   6|OWNERPARTID=   0|OWNERINDEX=   2|FONTID=3|LOCATION.X=1075|LOCATION.Y=40|TEXT=Author|
RECORD= 4|LINENO=   7|OWNERPARTID=   0|OWNERINDEX=   2|FONTID=3|LOCATION.X=1185|LOCATION.Y=40|TEXT=License|
RECORD= 4|LINENO=   8|OWNERPARTID=   0|OWNERINDEX=   2|FONTID=3|LOCATION.X=1440|LOCATION.Y=40|TEXT=Release Date|
RECORD= 6|LINENO=   9|OWNERPARTID=   0|OWNERINDEX=   2|LOCATIONCOUNT=2|X1=735|X2=1530|Y1=80|Y2=80|
RECORD= 6|LINENO=  10|OWNERPARTID=   0|OWNERINDEX=   2|LOCATIONCOUNT=2|X1=1070|X2=1070|Y1=80|Y2=20|
RECORD= 6|LINENO=  11|OWNERPARTID=   0|OWNERINDEX=   2|LOCATIONCOUNT=2|X1=1070|X2=1530|Y1=50|Y2=50|
RECORD= 4|LINENO=  12|OWNERPARTID=   0|OWNERINDEX=   2|FONTID=3|LOCATION.X=1495|LOCATION.Y=40|TEXT=Sheet|
RECORD= 6|LINENO=  13|OWNERPARTID=   0|OWNERINDEX=   2|LOCATIONCOUNT=2|X1=1180|X2=1180|Y1=50|Y2=20|
RECORD= 6|LINENO=  14|OWNERPARTID=   0|OWNERINDEX=   2|LOCATIONCOUNT=2|X1=1435|X2=1435|Y1=50|Y2=20|
RECORD= 6|LINENO=  15|OWNERPARTID=   0|OWNERINDEX=   2|LOCATIONCOUNT=2|X1=1490|X2=1490|Y1=50|Y2=20|
RECORD= 4|LINENO=  16|OWNERPARTID=   0|OWNERINDEX=   2|FONTID=2|LOCATION.X=1185|LOCATION.Y=25|TEXT==GlobalLicense|
RECORD= 4|LINENO=  17|OWNERPARTID=   0|OWNERINDEX=   2|FONTID=2|LOCATION.X=1075|LOCATION.Y=25|TEXT=foxBMS Team|
RECORD= 4|LINENO=  18|OWNERPARTID=   0|OWNERINDEX=   2|FONTID=2|LOCATION.X=1440|LOCATION.Y=25|TEXT==GlobalDate|
RECORD= 4|LINENO=  19|OWNERPARTID=   0|OWNERINDEX=   2|FONTID=2|JUSTIFICATION=2|LOCATION.X=1505|LOCATION.Y=25|TEXT==SheetNumber|
RECORD= 4|LINENO=  20|OWNERPARTID=   0|OWNERINDEX=   2|FONTID=2|LOCATION.X=1375|LOCATION.Y=55|TEXT==DocumentName|
RECORD= 4|LINENO=  21|OWNERPARTID=   0|OWNERINDEX=   2|FONTID=2|LOCATION.X=1075|LOCATION.Y=55|TEXT==GlobalProject|
RECORD= 4|LINENO=  22|OWNERPARTID=   0|OWNERINDEX=   2|FONTID=3|LOCATION.X=1075|LOCATION.Y=70|TEXT=Project|
RECORD= 4|LINENO=  23|OWNERPARTID=   0|OWNERINDEX=   2|FONTID=3|LOCATION.X=1375|LOCATION.Y=70|TEXT=File|
RECORD= 6|LINENO=  24|OWNERPARTID=   0|OWNERINDEX=   2|LOCATIONCOUNT=2|X1=1370|X2=1370|Y1=80|Y2=50|
RECORD= 6|LINENO=  25|OWNERPARTID=   0|OWNERINDEX=   2|LOCATIONCOUNT=2|X1=735|X2=735|Y1=80|Y2=20|
RECORD= 4|LINENO=  26|OWNERPARTID=   0|OWNERINDEX=   2|FONTID=2|LOCATION.X=1510|LOCATION.Y=25|TEXT=/|
RECORD= 4|LINENO=  27|OWNERPARTID=   0|OWNERINDEX=   2|FONTID=2|LOCATION.X=1515|LOCATION.Y=25|TEXT==SheetTotal|
RECORD= 6|LINENO=  28|OWNERPARTID=   0|OWNERINDEX=   2|LOCATIONCOUNT=2|X1=1180|X2=1180|Y1=80|Y2=50|
RECORD= 4|LINENO=  29|OWNERPARTID=   0|OWNERINDEX=   2|FONTID=2|LOCATION.X=862|LOCATION.Y=68|TEXT=developed by:|
RECORD= 4|LINENO=  30|OWNERPARTID=   0|OWNERINDEX=   2|FONTID=3|LOCATION.X=1185|LOCATION.Y=70|TEXT=Description|
RECORD= 4|LINENO=  31|OWNERPARTID=   0|OWNERINDEX=   2|FONTID=2|LOCATION.X=1185|LOCATION.Y=55|TEXT==SheetDescription|
RECORD= 6|LINENO=  32|OWNERPARTID=   0|OWNERINDEX=   2|LOCATIONCOUNT=2|X1=1370|X2=1370|Y1=50|Y2=20|
RECORD= 4|LINENO=  33|OWNERPARTID=   0|OWNERINDEX=   2|FONTID=3|LOCATION.X=1375|LOCATION.Y=40|TEXT=Version|
RECORD= 4|LINENO=  34|OWNERPARTID=   0|OWNERINDEX=   2|FONTID=2|LOCATION.X=1375|LOCATION.Y=25|TEXT==GlobalVersion|
RECORD= 4|LINENO=  35|OWNERPARTID=   0|OWNERINDEX=   2|FONTID=2|LOCATION.X=766|LOCATION.Y=20|
RECORD= 4|LINENO=  36|OWNERPARTID=   0|OWNERINDEX=   2|FONTID=2|JUSTIFICATION=3|LOCATION.X=862|LOCATION.Y=36|TEXT=91058 Erlangen|
RECORD= 4|LINENO=  37|OWNERPARTID=   0|OWNERINDEX=   2|FONTID=2|JUSTIFICATION=3|LOCATION.X=862|LOCATION.Y=27|TEXT=Germany|
RECORD= 4|LINENO=  38|OWNERPARTID=   0|OWNERINDEX=   2|FONTID=2|LOCATION.X=761|LOCATION.Y=22|TEXT=www.foxbms.org|
RECORD=30|LINENO=  39|OWNERPARTID=   0|OWNERINDEX=   2|CORNER.X=855|CORNER.Y=74|CORNER.Y_FRAC=15966|EMBEDIMAGE=T|FILENAME=D:\altium\foxBMS-logo.png|KEEPASPECT=T|LOCATION.X=748|LOCATION.Y=31|
RECORD=30|LINENO=  40|OWNERPARTID=   0|OWNERINDEX=   2|CORNER.X=1058|CORNER.X_FRAC=83810|CORNER.Y=72|CORNER.Y_FRAC=33765|EMBEDIMAGE=T|FILENAME=D:\altium\iisb-logo.png|KEEPASPECT=T|LOCATION.X=937|LOCATION.Y=32|
RECORD=41|LINENO=  41|OWNERPARTID=   0|OWNERINDEX= -42|FONTID=1|ISHIDDEN=T|NAME=CurrentTime|TEXT=*|UNIQUEID=BMWWGSDV|
RECORD=41|LINENO=  42|OWNERPARTID=   0|OWNERINDEX= -42|FONTID=1|ISHIDDEN=T|NAME=CurrentDate|TEXT=*|UNIQUEID=RNTIBVFS|
RECORD=41|LINENO=  43|OWNERPARTID=   0|OWNERINDEX= -42|FONTID=1|ISHIDDEN=T|NAME=Time|TEXT=*|UNIQUEID=LTHBLJNC|
RECORD=41|LINENO=  44|OWNERPARTID=   0|OWNERINDEX= -42|FONTID=1|ISHIDDEN=T|NAME=Date|TEXT=*|UNIQUEID=PSBRQFWV|
RECORD=41|LINENO=  45|OWNERPARTID=   0|OWNERINDEX= -42|FONTID=1|ISHIDDEN=T|NAME=DocumentFullPathAndName|TEXT=*|UNIQUEID=FEOBMMXO|
RECORD=41|LINENO=  46|OWNERPARTID=   0|OWNERINDEX= -42|FONTID=1|ISHIDDEN=T|NAME=DocumentName|TEXT=*|UNIQUEID=TMWYIHYK|
RECORD=41|LINENO=  47|OWNERPARTID=   0|OWNERINDEX= -42|FONTID=1|ISHIDDEN=T|NAME=ModifiedDate|TEXT=*|UNIQUEID=WMPSIEXC|
RECORD=41|LINENO=  48|OWNERPARTID=   0|OWNERINDEX= -42|FONTID=1|ISHIDDEN=T|NAME=ApprovedBy|TEXT=*|UNIQUEID=XSSYBAWU|
RECORD=41|LINENO=  49|OWNERPARTID=   0|OWNERINDEX= -42|FONTID=1|ISHIDDEN=T|NAME=CheckedBy|TEXT=*|UNIQUEID=ULPIKJKJ|
RECORD=41|LINENO=  50|OWNERPARTID=   0|OWNERINDEX= -42|FONTID=1|ISHIDDEN=T|NAME=Author|TEXT=*|UNIQUEID=NFIIUVWH|
RECORD=41|LINENO=  51|OWNERPARTID=   0|OWNERINDEX= -42|FONTID=1|ISHIDDEN=T|NAME=CompanyName|TEXT=*|UNIQUEID=QXFHOINA|
RECORD=41|LINENO=  52|OWNERPARTID=   0|OWNERINDEX= -42|FONTID=1|ISHIDDEN=T|NAME=DrawnBy|TEXT=*|UNIQUEID=IJXHBKFC|
RECORD=41|LINENO=  53|OWNERPARTID=   0|OWNERINDEX= -42|FONTID=1|ISHIDDEN=T|NAME=Engineer|TEXT=*|UNIQUEID=KQQGLYDM|
RECORD=41|LINENO=  54|OWNERPARTID=   0|OWNERINDEX= -42|FONTID=1|ISHIDDEN=T|NAME=Organization|TEXT=*|UNIQUEID=COQVPPGB|
RECORD=41|LINENO=  55|OWNERPARTID=   0|OWNERINDEX= -42|FONTID=1|ISHIDDEN=T|NAME=Address1|TEXT=*|UNIQUEID=SLBYKJRV|
RECORD=41|LINENO=  56|OWNERPARTID=   0|OWNERINDEX= -42|FONTID=1|ISHIDDEN=T|NAME=Address2|TEXT=*|UNIQUEID=ENJOGGRT|
RECORD=41|LINENO=  57|OWNERPARTID=   0|OWNERINDEX= -42|FONTID=1|ISHIDDEN=T|NAME=Address3|TEXT=*|UNIQUEID=XTNHDFQX|
RECORD=41|LINENO=  58|OWNERPARTID=   0|OWNERINDEX= -42|FONTID=1|ISHIDDEN=T|NAME=Address4|TEXT=*|UNIQUEID=JSENLMTM|
RECORD=41|LINENO=  59|OWNERPARTID=   0|OWNERINDEX= -42|FONTID=1|ISHIDDEN=T|NAME=Title|TEXT=*|UNIQUEID=LCJBEDPE|
RECORD=41|LINENO=  60|OWNERPARTID=   0|OWNERINDEX= -42|FONTID=1|ISHIDDEN=T|NAME=DocumentNumber|TEXT=12|UNIQUEID=MAKHYFLC|
RECORD=41|LINENO=  61|OWNERPARTID=   0|OWNERINDEX= -42|FONTID=1|ISHIDDEN=T|NAME=Revision|TEXT=*|UNIQUEID=QLGAYILN|
RECORD=41|LINENO=  62|OWNERPARTID=   0|OWNERINDEX= -42|FONTID=1|ISHIDDEN=T|NAME=SheetNumber|TEXT=12|UNIQUEID=DVXUQKPV|
RECORD=41|LINENO=  63|OWNERPARTID=   0|OWNERINDEX= -42|FONTID=1|ISHIDDEN=T|NAME=SheetTotal|TEXT=15|UNIQUEID=MQMVFWNL|
RECORD=41|LINENO=  64|OWNERPARTID=   0|OWNERINDEX= -42|FONTID=1|ISHIDDEN=T|NAME=ImagePath|TEXT=*|UNIQUEID=GAFGERIM|
RECORD=41|LINENO=  65|OWNERPARTID=   0|OWNERINDEX= -42|FONTID=1|ISHIDDEN=T|NAME=Rule|TEXT=*|UNIQUEID=KXXTCLBN|
RECORD=41|LINENO=  66|OWNERPARTID=   0|OWNERINDEX= -42|FONTID=1|ISHIDDEN=T|NAME=ProjectName|TEXT=*|UNIQUEID=HWFKBUEP|
RECORD=41|LINENO=  67|OWNERPARTID=   0|OWNERINDEX= -42|FONTID=1|ISHIDDEN=T|NAME=Application_BuildNumber|TEXT=*|UNIQUEID=EYDYREYT|
RECORD= 4|LINENO=  68|OWNERPARTID=   0|OWNERINDEX= -42|FONTID=5|JUSTIFICATION=1|LOCATION.X=800|LOCATION.Y=800|TEXT=Daisy Chain Connectors|
RECORD= 4|LINENO=  69|OWNERPARTID=   0|OWNERINDEX= -42|FONTID=4|JUSTIFICATION=3|LOCATION.X=960|LOCATION.Y=670|TEXT=Primary Daisy-Chain|
RECORD= 4|LINENO=  70|OWNERPARTID=   0|OWNERINDEX= -42|FONTID=4|JUSTIFICATION=3|LOCATION.X=960|LOCATION.Y=570|TEXT=Secondary Daisy-Chain|
RECORD= 4|LINENO=  71|OWNERPARTID=   0|OWNERINDEX= -42|FONTID=4|JUSTIFICATION=1|LOCATION.X=800|LOCATION.Y=790|TEXT=4x 2p connector equal for 12/15/18/20 cell version|
RECORD= 1|LINENO=  72|OWNERPARTID=   0|OWNERINDEX= -42|ALLPINCOUNT=2|AREACOLOR=11599871|COMPONENTDESCRIPTION=Micro-Fit 3.0 Right Angle Header, 3.00mm Pitch, Dual Row, 2 Circuits, with Snap-in Plastic Peg PCB Lock, Tin, Glow Wire Capable, Black, 43045-0200|CURRENTPARTID=1|DATABASETABLENAME=Connector|DESIGNITEMID=molex_microfit_3_01x2_THT|DISPLAYMODECOUNT=1|LIBRARYPATH=*|LIBREFERENCE=X2|LOCATION.X=770|LOCATION.Y=700|PARTCOUNT=2|PARTIDLOCKED=T|SHEETPARTFILENAME=*|SOURCELIBRARYNAME=OE750.DbLib|TARGETFILENAME=*|UNIQUEID=HMTOKNCX|
RECORD=41|LINENO=  73|OWNERPARTID=   0|OWNERINDEX=  72|FONTID=1|ISHIDDEN=T|LOCATION.X=765|LOCATION.Y=715|NAME=Part Number|TEXT=molex_microfit_3_01x2_THT|UNIQUEID=OQRAFVEK|
RECORD=41|LINENO=  74|OWNERPARTID=   0|OWNERINDEX=  72|FONTID=1|ISHIDDEN=T|LOCATION.X=765|LOCATION.Y=715|NAME=Part Name|TEXT=MicroFit|UNIQUEID=MOCUJJQH|
RECORD=41|LINENO=  75|OWNERPARTID=   0|OWNERINDEX=  72|FONTID=1|ISHIDDEN=T|LOCATION.X=765|LOCATION.Y=715|NAME=Manufacturer|TEXT=Molex|UNIQUEID=FNOBVTYI|
RECORD=41|LINENO=  76|OWNERPARTID=   0|OWNERINDEX=  72|%UTF8%TEXT=-40째C - +105째C|FONTID=1|ISHIDDEN=T|LOCATION.X=765|LOCATION.Y=715|NAME=Operating Temperature|TEXT=-40캜 - +105캜|UNIQUEID=FCFJODNW|
RECORD=41|LINENO=  77|OWNERPARTID=   0|OWNERINDEX=  72|FONTID=1|ISHIDDEN=T|LOCATION.X=765|LOCATION.Y=715|NAME=Circuits|TEXT=2|UNIQUEID=IOJDQIQQ|
RECORD=41|LINENO=  78|OWNERPARTID=   0|OWNERINDEX=  72|FONTID=1|ISHIDDEN=T|LOCATION.X=765|LOCATION.Y=715|NAME=Rated Voltage|TEXT=600V|UNIQUEID=BSBCWYGG|
RECORD=41|LINENO=  79|OWNERPARTID=   0|OWNERINDEX=  72|FONTID=1|ISHIDDEN=T|LOCATION.X=765|LOCATION.Y=715|NAME=Rated Current|TEXT=8.5A|UNIQUEID=AWEXOASD|
RECORD=41|LINENO=  80|OWNERPARTID=   0|OWNERINDEX=  72|FONTID=1|ISHIDDEN=T|LOCATION.X=765|LOCATION.Y=715|NAME=Supplier 1|TEXT=Farnell|UNIQUEID=IGHPFKXX|
RECORD=41|LINENO=  81|OWNERPARTID=   0|OWNERINDEX=  72|FONTID=1|ISHIDDEN=T|LOCATION.X=765|LOCATION.Y=715|NAME=Supplier Part Number 1|TEXT=1012251|UNIQUEID=IKPMEDIW|
RECORD=41|LINENO=  82|OWNERPARTID=   0|OWNERINDEX=  72|FONTID=1|ISHIDDEN=T|LOCATION.X=765|LOCATION.Y=715|NAME=Automotive Qualified|TEXT=False|UNIQUEID=BCLODLFG|
RECORD=14|LINENO=  83|OWNERPARTID=   2|OWNERINDEX=  72|AREACOLOR=11599871|CORNER.X=810|CORNER.Y=710|ISSOLID=T|LOCATION.X=790|LOCATION.Y=680|
RECORD= 2|LINENO=  84|OWNERPARTID=   2|OWNERINDEX=  72|DESIGNATOR=1|ELECTRICAL=4|FORMALTYPE=1|LOCATION.X=790|LOCATION.Y=700|PINCONGLOMERATE=50|PINLENGTH=20|
RECORD=41|LINENO=  85|OWNERPARTID=   0|OWNERINDEX=  84|FONTID=1|ISHIDDEN=T|LOCATION.X=790|LOCATION.Y=700|NAME=PinUniqueId|TEXT=QWNTGUXH|UNIQUEID=RQUJIKBA|
RECORD= 2|LINENO=  86|OWNERPARTID=   2|OWNERINDEX=  72|DESIGNATOR=2|ELECTRICAL=4|FORMALTYPE=1|LOCATION.X=790|LOCATION.Y=690|PINCONGLOMERATE=50|PINLENGTH=20|
RECORD=41|LINENO=  87|OWNERPARTID=   0|OWNERINDEX=  86|FONTID=1|ISHIDDEN=T|LOCATION.X=790|LOCATION.Y=690|NAME=PinUniqueId|TEXT=BMCDGLHQ|UNIQUEID=VLPNURJQ|
RECORD=34|LINENO=  88|OWNERPARTID=   0|OWNERINDEX=  72|FONTID=1|LOCATION.X=790|LOCATION.Y=710|NAME=Designator|TEXT=X500|UNIQUEID=RLNAPMFV|
RECORD=41|LINENO=  89|OWNERPARTID=   0|OWNERINDEX=  72|FONTID=1|LOCATION.X=790|LOCATION.Y=670|NAME=Comment|TEXT=="Part Number"|UNIQUEID=QQKFXWSX|
RECORD=44|LINENO=  90|OWNERPARTID= -42|OWNERINDEX=  72|
RECORD=45|LINENO=  91|OWNERPARTID= -42|OWNERINDEX=  90|DATABASEDATALINKSLOCKED=T|DATALINKSLOCKED=T|ISCURRENT=T|MODELNAME=MOLEX_MICROFIT_01x2_THT|MODELTYPE=PCBLIB|UNIQUEID=XVROJAKT|USECOMPONENTLIBRARY=T|
RECORD=46|LINENO=  92|OWNERPARTID= -42|OWNERINDEX=  91|
RECORD=48|LINENO=  93|OWNERPARTID= -42|OWNERINDEX=  91|
RECORD= 1|LINENO=  94|OWNERPARTID=   0|OWNERINDEX= -42|ALLPINCOUNT=2|AREACOLOR=11599871|COMPONENTDESCRIPTION=Micro-Fit 3.0 Right Angle Header, 3.00mm Pitch, Dual Row, 2 Circuits, with Snap-in Plastic Peg PCB Lock, Tin, Glow Wire Capable, Black, 43045-0200|CURRENTPARTID=1|DATABASETABLENAME=Connector|DESIGNITEMID=molex_microfit_3_01x2_THT|DISPLAYMODECOUNT=1|LIBRARYPATH=*|LIBREFERENCE=X2|LOCATION.X=770|LOCATION.Y=650|PARTCOUNT=2|PARTIDLOCKED=T|SHEETPARTFILENAME=*|SOURCELIBRARYNAME=OE750.DbLib|TARGETFILENAME=*|UNIQUEID=OBVJKMBA|
RECORD=41|LINENO=  95|OWNERPARTID=   0|OWNERINDEX=  94|FONTID=1|ISHIDDEN=T|LOCATION.X=765|LOCATION.Y=665|NAME=Part Number|TEXT=molex_microfit_3_01x2_THT|UNIQUEID=HMAHIHXY|
RECORD=41|LINENO=  96|OWNERPARTID=   0|OWNERINDEX=  94|FONTID=1|ISHIDDEN=T|LOCATION.X=765|LOCATION.Y=665|NAME=Part Name|TEXT=MicroFit|UNIQUEID=RPORDAON|
RECORD=41|LINENO=  97|OWNERPARTID=   0|OWNERINDEX=  94|FONTID=1|ISHIDDEN=T|LOCATION.X=765|LOCATION.Y=665|NAME=Manufacturer|TEXT=Molex|UNIQUEID=OHVLQBCW|
RECORD=41|LINENO=  98|OWNERPARTID=   0|OWNERINDEX=  94|%UTF8%TEXT=-40째C - +105째C|FONTID=1|ISHIDDEN=T|LOCATION.X=765|LOCATION.Y=665|NAME=Operating Temperature|TEXT=-40캜 - +105캜|UNIQUEID=JLABLNLN|
RECORD=41|LINENO=  99|OWNERPARTID=   0|OWNERINDEX=  94|FONTID=1|ISHIDDEN=T|LOCATION.X=765|LOCATION.Y=665|NAME=Circuits|TEXT=2|UNIQUEID=WWYUALOA|
RECORD=41|LINENO= 100|OWNERPARTID=   0|OWNERINDEX=  94|FONTID=1|ISHIDDEN=T|LOCATION.X=765|LOCATION.Y=665|NAME=Rated Voltage|TEXT=600V|UNIQUEID=IGWFMNBR|
RECORD=41|LINENO= 101|OWNERPARTID=   0|OWNERINDEX=  94|FONTID=1|ISHIDDEN=T|LOCATION.X=765|LOCATION.Y=665|NAME=Rated Current|TEXT=8.5A|UNIQUEID=CVNCSCGV|
RECORD=41|LINENO= 102|OWNERPARTID=   0|OWNERINDEX=  94|FONTID=1|ISHIDDEN=T|LOCATION.X=765|LOCATION.Y=665|NAME=Supplier 1|TEXT=Farnell|UNIQUEID=GSYQTSJW|
RECORD=41|LINENO= 103|OWNERPARTID=   0|OWNERINDEX=  94|FONTID=1|ISHIDDEN=T|LOCATION.X=765|LOCATION.Y=665|NAME=Supplier Part Number 1|TEXT=1012251|UNIQUEID=IQADEOPF|
RECORD=41|LINENO= 104|OWNERPARTID=   0|OWNERINDEX=  94|FONTID=1|ISHIDDEN=T|LOCATION.X=765|LOCATION.Y=665|NAME=Automotive Qualified|TEXT=False|UNIQUEID=JTROBNYD|
RECORD=14|LINENO= 105|OWNERPARTID=   2|OWNERINDEX=  94|AREACOLOR=11599871|CORNER.X=810|CORNER.Y=660|ISSOLID=T|LOCATION.X=790|LOCATION.Y=630|
RECORD= 2|LINENO= 106|OWNERPARTID=   2|OWNERINDEX=  94|DESIGNATOR=1|ELECTRICAL=4|FORMALTYPE=1|LOCATION.X=790|LOCATION.Y=650|PINCONGLOMERATE=50|PINLENGTH=20|
RECORD=41|LINENO= 107|OWNERPARTID=   0|OWNERINDEX= 106|FONTID=1|ISHIDDEN=T|LOCATION.X=790|LOCATION.Y=650|NAME=PinUniqueId|TEXT=VCNWTUJI|UNIQUEID=MIVOYCJL|
RECORD= 2|LINENO= 108|OWNERPARTID=   2|OWNERINDEX=  94|DESIGNATOR=2|ELECTRICAL=4|FORMALTYPE=1|LOCATION.X=790|LOCATION.Y=640|PINCONGLOMERATE=50|PINLENGTH=20|
RECORD=41|LINENO= 109|OWNERPARTID=   0|OWNERINDEX= 108|FONTID=1|ISHIDDEN=T|LOCATION.X=790|LOCATION.Y=640|NAME=PinUniqueId|TEXT=YYJFIKNM|UNIQUEID=CNKQIWHU|
RECORD=34|LINENO= 110|OWNERPARTID=   0|OWNERINDEX=  94|FONTID=1|LOCATION.X=790|LOCATION.Y=660|NAME=Designator|TEXT=X501|UNIQUEID=MRDYEXKY|
RECORD=41|LINENO= 111|OWNERPARTID=   0|OWNERINDEX=  94|FONTID=1|LOCATION.X=790|LOCATION.Y=620|NAME=Comment|TEXT=="Part Number"|UNIQUEID=UEKEWTIU|
RECORD=44|LINENO= 112|OWNERPARTID= -42|OWNERINDEX=  94|
RECORD=45|LINENO= 113|OWNERPARTID= -42|OWNERINDEX= 112|DATABASEDATALINKSLOCKED=T|DATALINKSLOCKED=T|ISCURRENT=T|MODELNAME=MOLEX_MICROFIT_01x2_THT|MODELTYPE=PCBLIB|UNIQUEID=LAWUFLUX|USECOMPONENTLIBRARY=T|
RECORD=46|LINENO= 114|OWNERPARTID= -42|OWNERINDEX= 113|
RECORD=48|LINENO= 115|OWNERPARTID= -42|OWNERINDEX= 113|
RECORD= 1|LINENO= 116|OWNERPARTID=   0|OWNERINDEX= -42|ALLPINCOUNT=2|AREACOLOR=11599871|COMPONENTDESCRIPTION=Micro-Fit 3.0 Right Angle Header, 3.00mm Pitch, Dual Row, 2 Circuits, with Snap-in Plastic Peg PCB Lock, Tin, Glow Wire Capable, Black, 43045-0200|CURRENTPARTID=1|DATABASETABLENAME=Connector|DESIGNITEMID=molex_microfit_3_01x2_THT|DISPLAYMODECOUNT=1|LIBRARYPATH=*|LIBREFERENCE=X2|LOCATION.X=770|LOCATION.Y=600|PARTCOUNT=2|PARTIDLOCKED=T|SHEETPARTFILENAME=*|SOURCELIBRARYNAME=OE750.DbLib|TARGETFILENAME=*|UNIQUEID=UYTENWGQ|
RECORD=41|LINENO= 117|OWNERPARTID=   0|OWNERINDEX= 116|FONTID=1|ISHIDDEN=T|LOCATION.X=765|LOCATION.Y=615|NAME=Part Number|TEXT=molex_microfit_3_01x2_THT|UNIQUEID=MDTTBWHR|
RECORD=41|LINENO= 118|OWNERPARTID=   0|OWNERINDEX= 116|FONTID=1|ISHIDDEN=T|LOCATION.X=765|LOCATION.Y=615|NAME=Part Name|TEXT=MicroFit|UNIQUEID=QWRUXJRE|
RECORD=41|LINENO= 119|OWNERPARTID=   0|OWNERINDEX= 116|FONTID=1|ISHIDDEN=T|LOCATION.X=765|LOCATION.Y=615|NAME=Manufacturer|TEXT=Molex|UNIQUEID=KRPSCQJI|
RECORD=41|LINENO= 120|OWNERPARTID=   0|OWNERINDEX= 116|%UTF8%TEXT=-40째C - +105째C|FONTID=1|ISHIDDEN=T|LOCATION.X=765|LOCATION.Y=615|NAME=Operating Temperature|TEXT=-40캜 - +105캜|UNIQUEID=RHWBBQDQ|
RECORD=41|LINENO= 121|OWNERPARTID=   0|OWNERINDEX= 116|FONTID=1|ISHIDDEN=T|LOCATION.X=765|LOCATION.Y=615|NAME=Circuits|TEXT=2|UNIQUEID=MEGQISWY|
RECORD=41|LINENO= 122|OWNERPARTID=   0|OWNERINDEX= 116|FONTID=1|ISHIDDEN=T|LOCATION.X=765|LOCATION.Y=615|NAME=Rated Voltage|TEXT=600V|UNIQUEID=OSPMIXOO|
RECORD=41|LINENO= 123|OWNERPARTID=   0|OWNERINDEX= 116|FONTID=1|ISHIDDEN=T|LOCATION.X=765|LOCATION.Y=615|NAME=Rated Current|TEXT=8.5A|UNIQUEID=DGHPLPMG|
RECORD=41|LINENO= 124|OWNERPARTID=   0|OWNERINDEX= 116|FONTID=1|ISHIDDEN=T|LOCATION.X=765|LOCATION.Y=615|NAME=Supplier 1|TEXT=Farnell|UNIQUEID=KRCQVSGA|
RECORD=41|LINENO= 125|OWNERPARTID=   0|OWNERINDEX= 116|FONTID=1|ISHIDDEN=T|LOCATION.X=765|LOCATION.Y=615|NAME=Supplier Part Number 1|TEXT=1012251|UNIQUEID=PNQHRUJR|
RECORD=41|LINENO= 126|OWNERPARTID=   0|OWNERINDEX= 116|FONTID=1|ISHIDDEN=T|LOCATION.X=765|LOCATION.Y=615|NAME=Automotive Qualified|TEXT=False|UNIQUEID=ICHECQWU|
RECORD=14|LINENO= 127|OWNERPARTID=   2|OWNERINDEX= 116|AREACOLOR=11599871|CORNER.X=810|CORNER.Y=610|ISSOLID=T|LOCATION.X=790|LOCATION.Y=580|
RECORD= 2|LINENO= 128|OWNERPARTID=   2|OWNERINDEX= 116|DESIGNATOR=1|ELECTRICAL=4|FORMALTYPE=1|LOCATION.X=790|LOCATION.Y=600|PINCONGLOMERATE=50|PINLENGTH=20|
RECORD=41|LINENO= 129|OWNERPARTID=   0|OWNERINDEX= 128|FONTID=1|ISHIDDEN=T|LOCATION.X=790|LOCATION.Y=600|NAME=PinUniqueId|TEXT=RRHSFMWN|UNIQUEID=WARPBDOH|
RECORD= 2|LINENO= 130|OWNERPARTID=   2|OWNERINDEX= 116|DESIGNATOR=2|ELECTRICAL=4|FORMALTYPE=1|LOCATION.X=790|LOCATION.Y=590|PINCONGLOMERATE=50|PINLENGTH=20|
RECORD=41|LINENO= 131|OWNERPARTID=   0|OWNERINDEX= 130|FONTID=1|ISHIDDEN=T|LOCATION.X=790|LOCATION.Y=590|NAME=PinUniqueId|TEXT=GOJWVCKI|UNIQUEID=BGOOMYJQ|
RECORD=34|LINENO= 132|OWNERPARTID=   0|OWNERINDEX= 116|FONTID=1|LOCATION.X=790|LOCATION.Y=610|NAME=Designator|TEXT=X502|UNIQUEID=JCCKWNDY|
RECORD=41|LINENO= 133|OWNERPARTID=   0|OWNERINDEX= 116|FONTID=1|LOCATION.X=790|LOCATION.Y=570|NAME=Comment|TEXT=="Part Number"|UNIQUEID=MEOJCRSK|
RECORD=44|LINENO= 134|OWNERPARTID= -42|OWNERINDEX= 116|
RECORD=45|LINENO= 135|OWNERPARTID= -42|OWNERINDEX= 134|DATABASEDATALINKSLOCKED=T|DATALINKSLOCKED=T|ISCURRENT=T|MODELNAME=MOLEX_MICROFIT_01x2_THT|MODELTYPE=PCBLIB|UNIQUEID=WKLWQUWO|USECOMPONENTLIBRARY=T|
RECORD=46|LINENO= 136|OWNERPARTID= -42|OWNERINDEX= 135|
RECORD=48|LINENO= 137|OWNERPARTID= -42|OWNERINDEX= 135|
RECORD= 1|LINENO= 138|OWNERPARTID=   0|OWNERINDEX= -42|ALLPINCOUNT=2|AREACOLOR=11599871|COMPONENTDESCRIPTION=Micro-Fit 3.0 Right Angle Header, 3.00mm Pitch, Dual Row, 2 Circuits, with Snap-in Plastic Peg PCB Lock, Tin, Glow Wire Capable, Black, 43045-0200|CURRENTPARTID=1|DATABASETABLENAME=Connector|DESIGNITEMID=molex_microfit_3_01x2_THT|DISPLAYMODECOUNT=1|LIBRARYPATH=*|LIBREFERENCE=X2|LOCATION.X=770|LOCATION.Y=550|PARTCOUNT=2|PARTIDLOCKED=T|SHEETPARTFILENAME=*|SOURCELIBRARYNAME=OE750.DbLib|TARGETFILENAME=*|UNIQUEID=AOERNKIA|
RECORD=41|LINENO= 139|OWNERPARTID=   0|OWNERINDEX= 138|FONTID=1|ISHIDDEN=T|LOCATION.X=765|LOCATION.Y=565|NAME=Part Number|TEXT=molex_microfit_3_01x2_THT|UNIQUEID=WQNWAFLR|
RECORD=41|LINENO= 140|OWNERPARTID=   0|OWNERINDEX= 138|FONTID=1|ISHIDDEN=T|LOCATION.X=765|LOCATION.Y=565|NAME=Part Name|TEXT=MicroFit|UNIQUEID=MKLETGIE|
RECORD=41|LINENO= 141|OWNERPARTID=   0|OWNERINDEX= 138|FONTID=1|ISHIDDEN=T|LOCATION.X=765|LOCATION.Y=565|NAME=Manufacturer|TEXT=Molex|UNIQUEID=IDTUQFBI|
RECORD=41|LINENO= 142|OWNERPARTID=   0|OWNERINDEX= 138|%UTF8%TEXT=-40째C - +105째C|FONTID=1|ISHIDDEN=T|LOCATION.X=765|LOCATION.Y=565|NAME=Operating Temperature|TEXT=-40캜 - +105캜|UNIQUEID=JYPIYEWW|
RECORD=41|LINENO= 143|OWNERPARTID=   0|OWNERINDEX= 138|FONTID=1|ISHIDDEN=T|LOCATION.X=765|LOCATION.Y=565|NAME=Circuits|TEXT=2|UNIQUEID=XGJWKHRO|
RECORD=41|LINENO= 144|OWNERPARTID=   0|OWNERINDEX= 138|FONTID=1|ISHIDDEN=T|LOCATION.X=765|LOCATION.Y=565|NAME=Rated Voltage|TEXT=600V|UNIQUEID=ODSKBTXN|
RECORD=41|LINENO= 145|OWNERPARTID=   0|OWNERINDEX= 138|FONTID=1|ISHIDDEN=T|LOCATION.X=765|LOCATION.Y=565|NAME=Rated Current|TEXT=8.5A|UNIQUEID=SKWPJGGH|
RECORD=41|LINENO= 146|OWNERPARTID=   0|OWNERINDEX= 138|FONTID=1|ISHIDDEN=T|LOCATION.X=765|LOCATION.Y=565|NAME=Supplier 1|TEXT=Farnell|UNIQUEID=NTVKMGMV|
RECORD=41|LINENO= 147|OWNERPARTID=   0|OWNERINDEX= 138|FONTID=1|ISHIDDEN=T|LOCATION.X=765|LOCATION.Y=565|NAME=Supplier Part Number 1|TEXT=1012251|UNIQUEID=WHYVJGFA|
RECORD=41|LINENO= 148|OWNERPARTID=   0|OWNERINDEX= 138|FONTID=1|ISHIDDEN=T|LOCATION.X=765|LOCATION.Y=565|NAME=Automotive Qualified|TEXT=False|UNIQUEID=HFTKQLBJ|
RECORD=14|LINENO= 149|OWNERPARTID=   2|OWNERINDEX= 138|AREACOLOR=11599871|CORNER.X=810|CORNER.Y=560|ISSOLID=T|LOCATION.X=790|LOCATION.Y=530|
RECORD= 2|LINENO= 150|OWNERPARTID=   2|OWNERINDEX= 138|DESIGNATOR=1|ELECTRICAL=4|FORMALTYPE=1|LOCATION.X=790|LOCATION.Y=550|PINCONGLOMERATE=50|PINLENGTH=20|
RECORD=41|LINENO= 151|OWNERPARTID=   0|OWNERINDEX= 150|FONTID=1|ISHIDDEN=T|LOCATION.X=790|LOCATION.Y=550|NAME=PinUniqueId|TEXT=DUGAPEHT|UNIQUEID=RAWKCKGW|
RECORD= 2|LINENO= 152|OWNERPARTID=   2|OWNERINDEX= 138|DESIGNATOR=2|ELECTRICAL=4|FORMALTYPE=1|LOCATION.X=790|LOCATION.Y=540|PINCONGLOMERATE=50|PINLENGTH=20|
RECORD=41|LINENO= 153|OWNERPARTID=   0|OWNERINDEX= 152|FONTID=1|ISHIDDEN=T|LOCATION.X=790|LOCATION.Y=540|NAME=PinUniqueId|TEXT=QGNOCBRP|UNIQUEID=OKCLNYMO|
RECORD=34|LINENO= 154|OWNERPARTID=   0|OWNERINDEX= 138|FONTID=1|LOCATION.X=790|LOCATION.Y=560|NAME=Designator|TEXT=X503|UNIQUEID=CGIIBGWM|
RECORD=41|LINENO= 155|OWNERPARTID=   0|OWNERINDEX= 138|FONTID=1|LOCATION.X=790|LOCATION.Y=520|NAME=Comment|TEXT=="Part Number"|UNIQUEID=NUOTGPRU|
RECORD=44|LINENO= 156|OWNERPARTID= -42|OWNERINDEX= 138|
RECORD=45|LINENO= 157|OWNERPARTID= -42|OWNERINDEX= 156|DATABASEDATALINKSLOCKED=T|DATALINKSLOCKED=T|ISCURRENT=T|MODELNAME=MOLEX_MICROFIT_01x2_THT|MODELTYPE=PCBLIB|UNIQUEID=SQLNGRLL|USECOMPONENTLIBRARY=T|
RECORD=46|LINENO= 158|OWNERPARTID= -42|OWNERINDEX= 157|
RECORD=48|LINENO= 159|OWNERPARTID= -42|OWNERINDEX= 157|
RECORD=18|LINENO= 160|OWNERPARTID=   0|OWNERINDEX= -42|AREACOLOR=8454143|FONTID=1|HEIGHT=10|LOCATION.X=650|LOCATION.Y=600|NAME=SECONDARY-IN+|TEXTCOLOR=128|UNIQUEID=DFOYYGDC|WIDTH=80|
RECORD=18|LINENO= 161|OWNERPARTID=   0|OWNERINDEX= -42|AREACOLOR=8454143|FONTID=1|HEIGHT=10|LOCATION.X=650|LOCATION.Y=590|NAME=SECONDARY-IN-|TEXTCOLOR=128|UNIQUEID=CUPSKVHW|WIDTH=80|
RECORD=18|LINENO= 162|OWNERPARTID=   0|OWNERINDEX= -42|AREACOLOR=8454143|FONTID=1|HEIGHT=10|LOCATION.X=640|LOCATION.Y=550|NAME=SECONDARY-OUT+|TEXTCOLOR=128|UNIQUEID=RKUSGHNU|WIDTH=90|
RECORD=18|LINENO= 163|OWNERPARTID=   0|OWNERINDEX= -42|AREACOLOR=8454143|FONTID=1|HEIGHT=10|LOCATION.X=640|LOCATION.Y=540|NAME=SECONDARY-OUT-|TEXTCOLOR=128|UNIQUEID=PXMIROVI|WIDTH=90|
RECORD=18|LINENO= 164|OWNERPARTID=   0|OWNERINDEX= -42|AREACOLOR=8454143|FONTID=1|HEIGHT=10|LOCATION.X=650|LOCATION.Y=700|NAME=PRIMARY-IN+|TEXTCOLOR=128|UNIQUEID=PUUFTLAS|WIDTH=80|
RECORD=18|LINENO= 165|OWNERPARTID=   0|OWNERINDEX= -42|AREACOLOR=8454143|FONTID=1|HEIGHT=10|LOCATION.X=650|LOCATION.Y=690|NAME=PRIMARY-IN-|TEXTCOLOR=128|UNIQUEID=JXQIQJCI|WIDTH=80|
RECORD=18|LINENO= 166|OWNERPARTID=   0|OWNERINDEX= -42|AREACOLOR=8454143|FONTID=1|HEIGHT=10|LOCATION.X=650|LOCATION.Y=640|NAME=PRIMARY-OUT-|TEXTCOLOR=128|UNIQUEID=AJXYWIYA|WIDTH=80|
RECORD=18|LINENO= 167|OWNERPARTID=   0|OWNERINDEX= -42|AREACOLOR=8454143|FONTID=1|HEIGHT=10|LOCATION.X=650|LOCATION.Y=650|NAME=PRIMARY-OUT+|TEXTCOLOR=128|UNIQUEID=WIFAADEF|WIDTH=80|
RECORD=41|LINENO= 168|OWNERPARTID=   0|OWNERINDEX= -42|FONTID=1|ISHIDDEN=T|LOCATION.X=576|LOCATION.Y=520|NAME=SheetDescription|TEXT=Daisy Chain Connectors|UNIQUEID=OARNEMHP|
RECORD=41|LINENO= 169|OWNERPARTID=   0|OWNERINDEX= -42|FONTID=1|ISHIDDEN=T|NAME=ConfigurationParameters|UNIQUEID=FERTLTHK|
RECORD=41|LINENO= 170|OWNERPARTID=   0|OWNERINDEX= -42|FONTID=1|ISHIDDEN=T|NAME=ConfiguratorName|UNIQUEID=KWRHVNUK|
RECORD=41|LINENO= 171|OWNERPARTID=   0|OWNERINDEX= -42|FONTID=1|ISHIDDEN=T|NAME=VersionControl_RevNumber|UNIQUEID=DKHWDQVJ|
RECORD=41|LINENO= 172|OWNERPARTID=   0|OWNERINDEX= -42|FONTID=1|ISHIDDEN=T|NAME=IsUserConfigurable|UNIQUEID=VYQNADCR|
RECORD=41|LINENO= 173|OWNERPARTID=   0|OWNERINDEX= -42|FONTID=1|ISHIDDEN=T|NAME=VersionControl_ProjFolderRevNumber|UNIQUEID=IQVYVOMH|
RECORD=27|LINENO= 174|OWNERPARTID=   0|OWNERINDEX= -42|LINEWIDTH=1|LOCATIONCOUNT=2|UNIQUEID=FFCHKLSV|X1=730|X2=770|Y1=700|Y2=700|
RECORD=27|LINENO= 175|OWNERPARTID=   0|OWNERINDEX= -42|LINEWIDTH=1|LOCATIONCOUNT=2|UNIQUEID=SVPYTEWK|X1=770|X2=730|Y1=690|Y2=690|
RECORD=27|LINENO= 176|OWNERPARTID=   0|OWNERINDEX= -42|LINEWIDTH=1|LOCATIONCOUNT=2|UNIQUEID=HLXECIRY|X1=770|X2=730|Y1=640|Y2=640|
RECORD=27|LINENO= 177|OWNERPARTID=   0|OWNERINDEX= -42|LINEWIDTH=1|LOCATIONCOUNT=2|UNIQUEID=FGAILFPS|X1=770|X2=730|Y1=590|Y2=590|
RECORD=27|LINENO= 178|OWNERPARTID=   0|OWNERINDEX= -42|LINEWIDTH=1|LOCATIONCOUNT=2|UNIQUEID=GBYKQEQW|X1=770|X2=730|Y1=540|Y2=540|
RECORD=27|LINENO= 179|OWNERPARTID=   0|OWNERINDEX= -42|LINEWIDTH=1|LOCATIONCOUNT=2|UNIQUEID=KQDVAROO|X1=730|X2=770|Y1=550|Y2=550|
RECORD=27|LINENO= 180|OWNERPARTID=   0|OWNERINDEX= -42|LINEWIDTH=1|LOCATIONCOUNT=2|UNIQUEID=XCFGGYYB|X1=730|X2=770|Y1=600|Y2=600|
RECORD=27|LINENO= 181|OWNERPARTID=   0|OWNERINDEX= -42|LINEWIDTH=1|LOCATIONCOUNT=2|UNIQUEID=YXMUDWSV|X1=730|X2=770|Y1=650|Y2=650|
