RECORD=-42|LINENO=   0|OWNERPARTID= -42|OWNERINDEX= -42|HEADER=Protel for Windows - Schematic Capture Binary File Version 5.0|MINORVERSION=2|UNIQUEID=AJTROLEP|WEIGHT=662|
RECORD=31|LINENO=   1|OWNERPARTID= -42|OWNERINDEX= -42|AREACOLOR=16317695|BOLD5=T|BORDERON=T|CUSTOMX=1000|CUSTOMY=800|DISPLAY_UNIT=0|FONTIDCOUNT=5|FONTNAME1=Times New Roman|FONTNAME2=Times New Roman|FONTNAME3=Frutiger LT Com 55 Roman|FONTNAME4=Frutiger LT Com 55 Roman|FONTNAME5=Times New Roman|HOTSPOTGRIDON=T|HOTSPOTGRIDSIZE=1|ISBOC=T|SHEETNUMBERSPACESIZE=12|SHEETSTYLE=1|SHOWTEMPLATEGRAPHICS=T|SIZE1=10|SIZE2=10|SIZE3=10|SIZE4=8|SIZE5=10|SNAPGRIDON=T|SNAPGRIDSIZE=1|SYSTEMFONT=1|TEMPLATEFILENAME=D:\altium\templates\IISB_A3_foxBMS.SchDot|UNDERLINE2=T|USEMBCS=T|VISIBLEGRIDON=T|VISIBLEGRIDSIZE=10|
RECORD=39|LINENO=   2|OWNERPARTID=   0|OWNERINDEX= -42|FILENAME=D:\altium\templates\IISB_A3_foxBMS.SchDot|
RECORD= 4|LINENO=   3|OWNERPARTID=   0|OWNERINDEX=   2|FONTID=3|JUSTIFICATION=3|LOCATION.X=862|LOCATION.Y=55|TEXT=Fraunhofer IISB|
RECORD= 4|LINENO=   4|OWNERPARTID=   0|OWNERINDEX=   2|FONTID=3|JUSTIFICATION=3|LOCATION.X=862|LOCATION.Y=46|TEXT=Schottkystr. 10|
RECORD= 4|LINENO=   5|OWNERPARTID=   0|OWNERINDEX=   2|FONTID=3|LOCATION.X=951|LOCATION.Y=21|TEXT=www.iisb.fraunhofer.de|
RECORD= 4|LINENO=   6|OWNERPARTID=   0|OWNERINDEX=   2|FONTID=4|LOCATION.X=1075|LOCATION.Y=40|TEXT=Author|
RECORD= 4|LINENO=   7|OWNERPARTID=   0|OWNERINDEX=   2|FONTID=4|LOCATION.X=1185|LOCATION.Y=40|TEXT=License|
RECORD= 4|LINENO=   8|OWNERPARTID=   0|OWNERINDEX=   2|FONTID=4|LOCATION.X=1440|LOCATION.Y=40|TEXT=Release Date|
RECORD= 6|LINENO=   9|OWNERPARTID=   0|OWNERINDEX=   2|LOCATIONCOUNT=2|X1=735|X2=1530|Y1=80|Y2=80|
RECORD= 6|LINENO=  10|OWNERPARTID=   0|OWNERINDEX=   2|LOCATIONCOUNT=2|X1=1070|X2=1070|Y1=80|Y2=20|
RECORD= 6|LINENO=  11|OWNERPARTID=   0|OWNERINDEX=   2|LOCATIONCOUNT=2|X1=1070|X2=1530|Y1=50|Y2=50|
RECORD= 4|LINENO=  12|OWNERPARTID=   0|OWNERINDEX=   2|FONTID=4|LOCATION.X=1495|LOCATION.Y=40|TEXT=Sheet|
RECORD= 6|LINENO=  13|OWNERPARTID=   0|OWNERINDEX=   2|LOCATIONCOUNT=2|X1=1180|X2=1180|Y1=50|Y2=20|
RECORD= 6|LINENO=  14|OWNERPARTID=   0|OWNERINDEX=   2|LOCATIONCOUNT=2|X1=1435|X2=1435|Y1=50|Y2=20|
RECORD= 6|LINENO=  15|OWNERPARTID=   0|OWNERINDEX=   2|LOCATIONCOUNT=2|X1=1490|X2=1490|Y1=50|Y2=20|
RECORD= 4|LINENO=  16|OWNERPARTID=   0|OWNERINDEX=   2|FONTID=3|LOCATION.X=1185|LOCATION.Y=25|TEXT==GlobalLicense|
RECORD= 4|LINENO=  17|OWNERPARTID=   0|OWNERINDEX=   2|FONTID=3|LOCATION.X=1075|LOCATION.Y=25|TEXT=foxBMS Team|
RECORD= 4|LINENO=  18|OWNERPARTID=   0|OWNERINDEX=   2|FONTID=3|LOCATION.X=1440|LOCATION.Y=25|TEXT==GlobalDate|
RECORD= 4|LINENO=  19|OWNERPARTID=   0|OWNERINDEX=   2|FONTID=3|JUSTIFICATION=2|LOCATION.X=1505|LOCATION.Y=25|TEXT==SheetNumber|
RECORD= 4|LINENO=  20|OWNERPARTID=   0|OWNERINDEX=   2|FONTID=3|LOCATION.X=1375|LOCATION.Y=55|TEXT==DocumentName|
RECORD= 4|LINENO=  21|OWNERPARTID=   0|OWNERINDEX=   2|FONTID=3|LOCATION.X=1075|LOCATION.Y=55|TEXT==GlobalProject|
RECORD= 4|LINENO=  22|OWNERPARTID=   0|OWNERINDEX=   2|FONTID=4|LOCATION.X=1075|LOCATION.Y=70|TEXT=Project|
RECORD= 4|LINENO=  23|OWNERPARTID=   0|OWNERINDEX=   2|FONTID=4|LOCATION.X=1375|LOCATION.Y=70|TEXT=File|
RECORD= 6|LINENO=  24|OWNERPARTID=   0|OWNERINDEX=   2|LOCATIONCOUNT=2|X1=1370|X2=1370|Y1=80|Y2=50|
RECORD= 6|LINENO=  25|OWNERPARTID=   0|OWNERINDEX=   2|LOCATIONCOUNT=2|X1=735|X2=735|Y1=80|Y2=20|
RECORD= 4|LINENO=  26|OWNERPARTID=   0|OWNERINDEX=   2|FONTID=3|LOCATION.X=1510|LOCATION.Y=25|TEXT=/|
RECORD= 4|LINENO=  27|OWNERPARTID=   0|OWNERINDEX=   2|FONTID=3|LOCATION.X=1515|LOCATION.Y=25|TEXT==SheetTotal|
RECORD= 6|LINENO=  28|OWNERPARTID=   0|OWNERINDEX=   2|LOCATIONCOUNT=2|X1=1180|X2=1180|Y1=80|Y2=50|
RECORD= 4|LINENO=  29|OWNERPARTID=   0|OWNERINDEX=   2|FONTID=3|LOCATION.X=862|LOCATION.Y=68|TEXT=developed by:|
RECORD= 4|LINENO=  30|OWNERPARTID=   0|OWNERINDEX=   2|FONTID=4|LOCATION.X=1185|LOCATION.Y=70|TEXT=Description|
RECORD= 4|LINENO=  31|OWNERPARTID=   0|OWNERINDEX=   2|FONTID=3|LOCATION.X=1185|LOCATION.Y=55|TEXT==SheetDescription|
RECORD= 6|LINENO=  32|OWNERPARTID=   0|OWNERINDEX=   2|LOCATIONCOUNT=2|X1=1370|X2=1370|Y1=50|Y2=20|
RECORD= 4|LINENO=  33|OWNERPARTID=   0|OWNERINDEX=   2|FONTID=4|LOCATION.X=1375|LOCATION.Y=40|TEXT=Version|
RECORD= 4|LINENO=  34|OWNERPARTID=   0|OWNERINDEX=   2|FONTID=3|LOCATION.X=1375|LOCATION.Y=25|TEXT==GlobalVersion|
RECORD= 4|LINENO=  35|OWNERPARTID=   0|OWNERINDEX=   2|FONTID=3|LOCATION.X=766|LOCATION.Y=20|
RECORD= 4|LINENO=  36|OWNERPARTID=   0|OWNERINDEX=   2|FONTID=3|JUSTIFICATION=3|LOCATION.X=862|LOCATION.Y=36|TEXT=91058 Erlangen|
RECORD= 4|LINENO=  37|OWNERPARTID=   0|OWNERINDEX=   2|FONTID=3|JUSTIFICATION=3|LOCATION.X=862|LOCATION.Y=27|TEXT=Germany|
RECORD= 4|LINENO=  38|OWNERPARTID=   0|OWNERINDEX=   2|FONTID=3|LOCATION.X=761|LOCATION.Y=22|TEXT=www.foxbms.org|
RECORD=30|LINENO=  39|OWNERPARTID=   0|OWNERINDEX=   2|CORNER.X=855|CORNER.Y=74|CORNER.Y_FRAC=15966|EMBEDIMAGE=T|FILENAME=D:\altium\foxBMS-logo.png|KEEPASPECT=T|LOCATION.X=748|LOCATION.Y=31|
RECORD=30|LINENO=  40|OWNERPARTID=   0|OWNERINDEX=   2|CORNER.X=1058|CORNER.X_FRAC=83810|CORNER.Y=72|CORNER.Y_FRAC=33765|EMBEDIMAGE=T|FILENAME=D:\altium\iisb-logo.png|KEEPASPECT=T|LOCATION.X=937|LOCATION.Y=32|
RECORD=41|LINENO=  41|OWNERPARTID=   0|OWNERINDEX= -42|FONTID=1|ISHIDDEN=T|NAME=CurrentTime|TEXT=*|UNIQUEID=BMWWGSDV|
RECORD=41|LINENO=  42|OWNERPARTID=   0|OWNERINDEX= -42|FONTID=1|ISHIDDEN=T|NAME=CurrentDate|TEXT=*|UNIQUEID=RNTIBVFS|
RECORD=41|LINENO=  43|OWNERPARTID=   0|OWNERINDEX= -42|FONTID=1|ISHIDDEN=T|NAME=Time|TEXT=*|UNIQUEID=LTHBLJNC|
RECORD=41|LINENO=  44|OWNERPARTID=   0|OWNERINDEX= -42|FONTID=1|ISHIDDEN=T|NAME=Date|TEXT=*|UNIQUEID=PSBRQFWV|
RECORD=41|LINENO=  45|OWNERPARTID=   0|OWNERINDEX= -42|FONTID=1|ISHIDDEN=T|NAME=DocumentFullPathAndName|TEXT=*|UNIQUEID=FEOBMMXO|
RECORD=41|LINENO=  46|OWNERPARTID=   0|OWNERINDEX= -42|FONTID=1|ISHIDDEN=T|NAME=DocumentName|TEXT=*|UNIQUEID=TMWYIHYK|
RECORD=41|LINENO=  47|OWNERPARTID=   0|OWNERINDEX= -42|FONTID=1|ISHIDDEN=T|NAME=ModifiedDate|TEXT=*|UNIQUEID=WMPSIEXC|
RECORD=41|LINENO=  48|OWNERPARTID=   0|OWNERINDEX= -42|FONTID=1|ISHIDDEN=T|NAME=ApprovedBy|TEXT=*|UNIQUEID=XSSYBAWU|
RECORD=41|LINENO=  49|OWNERPARTID=   0|OWNERINDEX= -42|FONTID=1|ISHIDDEN=T|NAME=CheckedBy|TEXT=*|UNIQUEID=ULPIKJKJ|
RECORD=41|LINENO=  50|OWNERPARTID=   0|OWNERINDEX= -42|FONTID=1|ISHIDDEN=T|NAME=CompanyName|TEXT=*|UNIQUEID=QXFHOINA|
RECORD=41|LINENO=  51|OWNERPARTID=   0|OWNERINDEX= -42|FONTID=1|ISHIDDEN=T|NAME=DrawnBy|TEXT=*|UNIQUEID=IJXHBKFC|
RECORD=41|LINENO=  52|OWNERPARTID=   0|OWNERINDEX= -42|FONTID=1|ISHIDDEN=T|NAME=Engineer|TEXT=*|UNIQUEID=KQQGLYDM|
RECORD=41|LINENO=  53|OWNERPARTID=   0|OWNERINDEX= -42|FONTID=1|ISHIDDEN=T|NAME=Organization|TEXT=*|UNIQUEID=COQVPPGB|
RECORD=41|LINENO=  54|OWNERPARTID=   0|OWNERINDEX= -42|FONTID=1|ISHIDDEN=T|NAME=Address1|TEXT=*|UNIQUEID=SLBYKJRV|
RECORD=41|LINENO=  55|OWNERPARTID=   0|OWNERINDEX= -42|FONTID=1|ISHIDDEN=T|NAME=Address2|TEXT=*|UNIQUEID=ENJOGGRT|
RECORD=41|LINENO=  56|OWNERPARTID=   0|OWNERINDEX= -42|FONTID=1|ISHIDDEN=T|NAME=Address3|TEXT=*|UNIQUEID=XTNHDFQX|
RECORD=41|LINENO=  57|OWNERPARTID=   0|OWNERINDEX= -42|FONTID=1|ISHIDDEN=T|NAME=Address4|TEXT=*|UNIQUEID=JSENLMTM|
RECORD=41|LINENO=  58|OWNERPARTID=   0|OWNERINDEX= -42|FONTID=1|ISHIDDEN=T|NAME=DocumentNumber|TEXT=8|UNIQUEID=MAKHYFLC|
RECORD=41|LINENO=  59|OWNERPARTID=   0|OWNERINDEX= -42|FONTID=1|ISHIDDEN=T|NAME=Revision|TEXT=*|UNIQUEID=QLGAYILN|
RECORD=41|LINENO=  60|OWNERPARTID=   0|OWNERINDEX= -42|FONTID=1|ISHIDDEN=T|NAME=SheetNumber|TEXT=8|UNIQUEID=DVXUQKPV|
RECORD=41|LINENO=  61|OWNERPARTID=   0|OWNERINDEX= -42|FONTID=1|ISHIDDEN=T|NAME=SheetTotal|TEXT=15|UNIQUEID=MQMVFWNL|
RECORD=41|LINENO=  62|OWNERPARTID=   0|OWNERINDEX= -42|FONTID=1|ISHIDDEN=T|NAME=ImagePath|TEXT=*|UNIQUEID=GAFGERIM|
RECORD=41|LINENO=  63|OWNERPARTID=   0|OWNERINDEX= -42|FONTID=1|ISHIDDEN=T|NAME=Rule|TEXT=*|UNIQUEID=KXXTCLBN|
RECORD=41|LINENO=  64|OWNERPARTID=   0|OWNERINDEX= -42|FONTID=1|ISHIDDEN=T|NAME=ProjectName|TEXT=*|UNIQUEID=HWFKBUEP|
RECORD=41|LINENO=  65|OWNERPARTID=   0|OWNERINDEX= -42|FONTID=1|ISHIDDEN=T|NAME=Application_BuildNumber|TEXT=*|UNIQUEID=EYDYREYT|
RECORD= 4|LINENO=  66|OWNERPARTID=   0|OWNERINDEX= -42|%UTF8%TEXT=8 Additional Digital Inputs/Outputs 7-bit MUX address 0x20 I짼C 0100000|FONTID=5|JUSTIFICATION=6|LOCATION.X=500|LOCATION.Y=730|TEXT=8 Additional Digital Inputs/Outputs 7-bit MUX address 0x20 I콯 
0100000|
RECORD= 4|LINENO=  67|OWNERPARTID=   0|OWNERINDEX= -42|FONTID=5|JUSTIFICATION=3|LOCATION.X=1190|LOCATION.Y=660|TEXT=max. source current: 0.3mA max. sink current: 20mA|
RECORD=41|LINENO=  68|OWNERPARTID=   0|OWNERINDEX= -42|FONTID=1|ISHIDDEN=T|NAME=AUTHOR|TEXT=Fraunhofer IISB foxBMS Team|UNIQUEID=NFIIUVWH|
RECORD=41|LINENO=  69|OWNERPARTID=   0|OWNERINDEX= -42|FONTID=1|ISHIDDEN=T|NAME=TITLE|TEXT=foxBMS BMS-Slave 12-Cell|UNIQUEID=LCJBEDPE|
RECORD= 1|LINENO=  70|OWNERPARTID=   0|OWNERINDEX= -42|ALLPINCOUNT=2|AREACOLOR=11599871|COMPONENTDESCRIPTION=MLCC|CURRENTPARTID=1|DATABASETABLENAME=C (ceramic)|DESIGNITEMID=gen_C_ceramic_100n_50V_X7R_0603|DISPLAYMODECOUNT=1|LIBRARYPATH=*|LIBREFERENCE=C|LOCATION.X=650|LOCATION.Y=470|ORIENTATION=2|PARTCOUNT=2|PARTIDLOCKED=T|SHEETPARTFILENAME=*|SOURCELIBRARYNAME=OE750.DbLib|TARGETFILENAME=*|UNIQUEID=RTEFYQWN|
RECORD=41|LINENO=  71|OWNERPARTID=   0|OWNERINDEX=  70|FONTID=1|ISHIDDEN=T|LOCATION.X=608|LOCATION.Y=479|NAME=Part Number|TEXT=gen_C_ceramic_100n_50V_X7R_0603|UNIQUEID=LBCLDXYK|
RECORD=41|LINENO=  72|OWNERPARTID=   0|OWNERINDEX=  70|FONTID=1|ISHIDDEN=T|LOCATION.X=608|LOCATION.Y=479|NAME=Capacitance|TEXT=100n|UNIQUEID=IRXAVMAK|
RECORD=41|LINENO=  73|OWNERPARTID=   0|OWNERINDEX=  70|FONTID=1|ISHIDDEN=T|LOCATION.X=608|LOCATION.Y=479|NAME=Rated Voltage|TEXT=50V|UNIQUEID=IWYNHHIM|
RECORD=41|LINENO=  74|OWNERPARTID=   0|OWNERINDEX=  70|FONTID=1|ISHIDDEN=T|LOCATION.X=608|LOCATION.Y=479|NAME=Dielectric|TEXT=X7R|UNIQUEID=HLFHSUDL|
RECORD=41|LINENO=  75|OWNERPARTID=   0|OWNERINDEX=  70|FONTID=1|ISHIDDEN=T|LOCATION.X=608|LOCATION.Y=479|NAME=Case EIA|TEXT=0603|UNIQUEID=DCWATSFK|
RECORD=41|LINENO=  76|OWNERPARTID=   0|OWNERINDEX=  70|FONTID=1|ISHIDDEN=T|LOCATION.X=608|LOCATION.Y=479|NAME=Case Metric|TEXT=1608|UNIQUEID=KJUQHQAK|
RECORD=41|LINENO=  77|OWNERPARTID=   0|OWNERINDEX=  70|FONTID=1|ISHIDDEN=T|LOCATION.X=608|LOCATION.Y=479|NAME=Supplier 1|TEXT=Farnell|UNIQUEID=PUJCATNK|
RECORD=41|LINENO=  78|OWNERPARTID=   0|OWNERINDEX=  70|FONTID=1|ISHIDDEN=T|LOCATION.X=608|LOCATION.Y=479|NAME=Supplier Part Number 1|TEXT=2525267|UNIQUEID=NXIDSACX|
RECORD=41|LINENO=  79|OWNERPARTID=   0|OWNERINDEX=  70|FONTID=1|ISHIDDEN=T|LOCATION.X=608|LOCATION.Y=479|NAME=PnP Package|TEXT=C_0603_10|UNIQUEID=HORCQWEG|
RECORD=41|LINENO=  80|OWNERPARTID=   0|OWNERINDEX=  70|FONTID=1|ISHIDDEN=T|LOCATION.X=608|LOCATION.Y=479|NAME=PnP Value|TEXT=100n/50V/X7R|UNIQUEID=BXYAHOJY|
RECORD=41|LINENO=  81|OWNERPARTID=   0|OWNERINDEX=  70|FONTID=1|ISHIDDEN=T|LOCATION.X=608|LOCATION.Y=479|NAME=PnP equipped|TEXT=x|UNIQUEID=VERPKWYO|
RECORD=41|LINENO=  82|OWNERPARTID=   0|OWNERINDEX=  70|FONTID=1|ISHIDDEN=T|LOCATION.X=608|LOCATION.Y=479|NAME=Supplier 2|TEXT=Digikey|UNIQUEID=FPTGJPPI|
RECORD=41|LINENO=  83|OWNERPARTID=   0|OWNERINDEX=  70|FONTID=1|ISHIDDEN=T|LOCATION.X=608|LOCATION.Y=479|NAME=Supplier Part Number 2|TEXT=490-6049-1-ND|UNIQUEID=ESHMDPYM|
RECORD=41|LINENO=  84|OWNERPARTID=   0|OWNERINDEX=  70|FONTID=1|ISHIDDEN=T|LOCATION.X=608|LOCATION.Y=479|NAME=Automotive Qualified|TEXT=True|UNIQUEID=TTXYYEPJ|
RECORD=41|LINENO=  85|OWNERPARTID=   0|OWNERINDEX=  70|FONTID=1|ISHIDDEN=T|LOCATION.X=645|LOCATION.Y=485|NAME=Supplier 3|TEXT=Farnell|UNIQUEID=DEOQSLUE|
RECORD=41|LINENO=  86|OWNERPARTID=   0|OWNERINDEX=  70|FONTID=1|ISHIDDEN=T|LOCATION.X=645|LOCATION.Y=485|NAME=Supplier Part Number 3|TEXT=2070398|UNIQUEID=LWOAKXDA|
RECORD= 2|LINENO=  87|OWNERPARTID=   2|OWNERINDEX=  70|DESIGNATOR=1|ELECTRICAL=4|FORMALTYPE=1|LOCATION.X=640|LOCATION.Y=470|NAME=1|PINCONGLOMERATE=32|PINLENGTH=10|
RECORD=41|LINENO=  88|OWNERPARTID=   0|OWNERINDEX=  87|FONTID=1|ISHIDDEN=T|LOCATION.X=640|LOCATION.Y=470|NAME=PinUniqueId|TEXT=WQVIBPVD|UNIQUEID=VWLAGVXC|
RECORD= 2|LINENO=  89|OWNERPARTID=   2|OWNERINDEX=  70|DESIGNATOR=2|ELECTRICAL=4|FORMALTYPE=1|LOCATION.X=620|LOCATION.Y=470|NAME=2|PINCONGLOMERATE=34|PINLENGTH=10|
RECORD=41|LINENO=  90|OWNERPARTID=   0|OWNERINDEX=  89|FONTID=1|ISHIDDEN=T|LOCATION.X=620|LOCATION.Y=470|NAME=PinUniqueId|TEXT=QHYXQGIA|UNIQUEID=SUBHIPTE|
RECORD= 6|LINENO=  91|OWNERPARTID=   2|OWNERINDEX=  70|LINEWIDTH=1|LOCATIONCOUNT=2|X1=632|X2=632|Y1=462|Y2=478|
RECORD= 6|LINENO=  92|OWNERPARTID=   2|OWNERINDEX=  70|LINEWIDTH=1|LOCATIONCOUNT=2|X1=628|X2=628|Y1=462|Y2=478|
RECORD= 6|LINENO=  93|OWNERPARTID=   2|OWNERINDEX=  70|LINEWIDTH=1|LOCATIONCOUNT=2|X1=640|X2=632|Y1=470|Y2=470|
RECORD= 6|LINENO=  94|OWNERPARTID=   2|OWNERINDEX=  70|LINEWIDTH=1|LOCATIONCOUNT=2|X1=620|X2=628|Y1=470|Y2=470|
RECORD=34|LINENO=  95|OWNERPARTID=   0|OWNERINDEX=  70|FONTID=1|LOCATION.X=619|LOCATION.Y=479|NAME=Designator|TEXT=C700|UNIQUEID=RHLJVGWP|
RECORD=41|LINENO=  96|OWNERPARTID=   0|OWNERINDEX=  70|FONTID=1|LOCATION.X=619|LOCATION.Y=451|NAME=Comment|TEXT==Capacitance +'/'+ "Rated Voltage"|UNIQUEID=UKIMTIHH|
RECORD=44|LINENO=  97|OWNERPARTID= -42|OWNERINDEX=  70|
RECORD=45|LINENO=  98|OWNERPARTID= -42|OWNERINDEX=  97|DATABASEDATALINKSLOCKED=T|DATALINKSLOCKED=T|ISCURRENT=T|MODELNAME=CAPC1608X08N|MODELTYPE=PCBLIB|UNIQUEID=SMLRKLML|USECOMPONENTLIBRARY=T|
RECORD=46|LINENO=  99|OWNERPARTID= -42|OWNERINDEX=  98|
RECORD=48|LINENO= 100|OWNERPARTID= -42|OWNERINDEX=  98|
RECORD=45|LINENO= 101|OWNERPARTID= -42|OWNERINDEX=  97|DATABASEDATALINKSLOCKED=T|DATALINKSLOCKED=T|MODELNAME=CAPC1608X08L|MODELTYPE=PCBLIB|UNIQUEID=KYUUKHTV|USECOMPONENTLIBRARY=T|
RECORD=46|LINENO= 102|OWNERPARTID= -42|OWNERINDEX= 101|
RECORD=48|LINENO= 103|OWNERPARTID= -42|OWNERINDEX= 101|
RECORD=45|LINENO= 104|OWNERPARTID= -42|OWNERINDEX=  97|DATABASEDATALINKSLOCKED=T|DATALINKSLOCKED=T|MODELNAME=CAPC1608X08M|MODELTYPE=PCBLIB|UNIQUEID=AAREVVGD|USECOMPONENTLIBRARY=T|
RECORD=46|LINENO= 105|OWNERPARTID= -42|OWNERINDEX= 104|
RECORD=48|LINENO= 106|OWNERPARTID= -42|OWNERINDEX= 104|
RECORD= 1|LINENO= 107|OWNERPARTID=   0|OWNERINDEX= -42|ALLPINCOUNT=2|AREACOLOR=11599871|COMPONENTDESCRIPTION=SMD Resistor 10k 0603|CURRENTPARTID=1|DATABASETABLENAME=R|DESIGNITEMID=gen_R_10k_0603|DISPLAYMODECOUNT=2|LIBRARYPATH=*|LIBREFERENCE=R|LOCATION.X=690|LOCATION.Y=680|ORIENTATION=1|PARTCOUNT=2|PARTIDLOCKED=T|SHEETPARTFILENAME=*|SOURCELIBRARYNAME=OE750.DbLib|TARGETFILENAME=*|UNIQUEID=NEWYLPDC|
RECORD=41|LINENO= 108|OWNERPARTID=   0|OWNERINDEX= 107|FONTID=1|ISHIDDEN=T|LOCATION.X=675|LOCATION.Y=695|NAME=Part Number|TEXT=gen_R_10k_0603|UNIQUEID=OJXMCFDR|
RECORD=41|LINENO= 109|OWNERPARTID=   0|OWNERINDEX= 107|%UTF8%TEXT=-55째C - +155째C|FONTID=1|ISHIDDEN=T|LOCATION.X=675|LOCATION.Y=695|NAME=Operating Temperature|TEXT=-55캜 - +155캜|UNIQUEID=YYWIFAIX|
RECORD=41|LINENO= 110|OWNERPARTID=   0|OWNERINDEX= 107|FONTID=1|ISHIDDEN=T|LOCATION.X=675|LOCATION.Y=695|NAME=Resistance|TEXT=10k|UNIQUEID=MQQWNFMH|
RECORD=41|LINENO= 111|OWNERPARTID=   0|OWNERINDEX= 107|FONTID=1|ISHIDDEN=T|LOCATION.X=675|LOCATION.Y=695|NAME=Tolerance|TEXT=1%|UNIQUEID=UBRPUCQQ|
RECORD=41|LINENO= 112|OWNERPARTID=   0|OWNERINDEX= 107|FONTID=1|ISHIDDEN=T|LOCATION.X=675|LOCATION.Y=695|NAME=Power|TEXT=0.1W|UNIQUEID=FIELODYK|
RECORD=41|LINENO= 113|OWNERPARTID=   0|OWNERINDEX= 107|FONTID=1|ISHIDDEN=T|LOCATION.X=675|LOCATION.Y=695|NAME=Case EIA|TEXT=0603|UNIQUEID=XOBHMXEM|
RECORD=41|LINENO= 114|OWNERPARTID=   0|OWNERINDEX= 107|FONTID=1|ISHIDDEN=T|LOCATION.X=675|LOCATION.Y=695|NAME=Case Metric|TEXT=1608|UNIQUEID=KRYYYDWW|
RECORD=41|LINENO= 115|OWNERPARTID=   0|OWNERINDEX= 107|FONTID=1|ISHIDDEN=T|LOCATION.X=675|LOCATION.Y=695|NAME=Maximum Working Voltage|TEXT=75V|UNIQUEID=JPYCFDMY|
RECORD=41|LINENO= 116|OWNERPARTID=   0|OWNERINDEX= 107|FONTID=1|ISHIDDEN=T|LOCATION.X=675|LOCATION.Y=695|NAME=Series|TEXT=E24, E96|UNIQUEID=QSTYENKE|
RECORD=41|LINENO= 117|OWNERPARTID=   0|OWNERINDEX= 107|FONTID=1|ISHIDDEN=T|LOCATION.X=675|LOCATION.Y=695|NAME=PnP Package|TEXT=R_0603|UNIQUEID=VAJRPVJF|
RECORD=41|LINENO= 118|OWNERPARTID=   0|OWNERINDEX= 107|FONTID=1|ISHIDDEN=T|LOCATION.X=675|LOCATION.Y=695|NAME=PnP Value|TEXT=10k|UNIQUEID=SKADLVJY|
RECORD=41|LINENO= 119|OWNERPARTID=   0|OWNERINDEX= 107|FONTID=1|ISHIDDEN=T|LOCATION.X=675|LOCATION.Y=695|NAME=Supplier 1|TEXT=Farnell|UNIQUEID=RIBDITQB|
RECORD=41|LINENO= 120|OWNERPARTID=   0|OWNERINDEX= 107|FONTID=1|ISHIDDEN=T|LOCATION.X=675|LOCATION.Y=695|NAME=Supplier Part Number 1|TEXT=2073349|UNIQUEID=SFSRYPAN|
RECORD=41|LINENO= 121|OWNERPARTID=   0|OWNERINDEX= 107|FONTID=1|ISHIDDEN=T|LOCATION.X=675|LOCATION.Y=695|NAME=Automotive Qualified|TEXT=True|UNIQUEID=CCYJIDYW|
RECORD= 2|LINENO= 122|OWNERPARTID=   2|OWNERINDEX= 107|DESIGNATOR=1|ELECTRICAL=4|FORMALTYPE=1|LOCATION.X=690|LOCATION.Y=690|NAME=1|OWNERPARTDISPLAYMODE=1|PINCONGLOMERATE=35|PINLENGTH=10|
RECORD=41|LINENO= 123|OWNERPARTID=   0|OWNERINDEX= 122|FONTID=1|ISHIDDEN=T|LOCATION.X=690|LOCATION.Y=690|NAME=PinUniqueId|TEXT=HXVHKXBI|UNIQUEID=TCTXQDFR|
RECORD= 2|LINENO= 124|OWNERPARTID=   2|OWNERINDEX= 107|DESIGNATOR=2|ELECTRICAL=4|FORMALTYPE=1|LOCATION.X=690|LOCATION.Y=710|NAME=2|OWNERPARTDISPLAYMODE=1|PINCONGLOMERATE=33|PINLENGTH=10|
RECORD=41|LINENO= 125|OWNERPARTID=   0|OWNERINDEX= 124|FONTID=1|ISHIDDEN=T|LOCATION.X=690|LOCATION.Y=710|NAME=PinUniqueId|TEXT=CEBSXUFX|UNIQUEID=FYLDEAHU|
RECORD= 6|LINENO= 126|OWNERPARTID=   2|OWNERINDEX= 107|LINEWIDTH=1|LOCATIONCOUNT=7|OWNERPARTDISPLAYMODE=1|X1=690|X2=686|X3=693|X4=686|X5=693|X6=686|X7=690|Y1=690|Y2=693|Y3=697|Y4=701|Y5=705|Y6=708|Y7=710|
RECORD= 2|LINENO= 127|OWNERPARTID=   2|OWNERINDEX= 107|DESIGNATOR=1|ELECTRICAL=4|FORMALTYPE=1|LOCATION.X=690|LOCATION.Y=690|NAME=1|PINCONGLOMERATE=35|PINLENGTH=10|
RECORD=41|LINENO= 128|OWNERPARTID=   0|OWNERINDEX= 127|FONTID=1|ISHIDDEN=T|LOCATION.X=690|LOCATION.Y=690|NAME=PinUniqueId|TEXT=CCFTELCH|UNIQUEID=ABLWMTIO|
RECORD= 2|LINENO= 129|OWNERPARTID=   2|OWNERINDEX= 107|DESIGNATOR=2|ELECTRICAL=4|FORMALTYPE=1|LOCATION.X=690|LOCATION.Y=710|NAME=2|PINCONGLOMERATE=33|PINLENGTH=10|
RECORD=41|LINENO= 130|OWNERPARTID=   0|OWNERINDEX= 129|FONTID=1|ISHIDDEN=T|LOCATION.X=690|LOCATION.Y=710|NAME=PinUniqueId|TEXT=DYMAWSRV|UNIQUEID=ISTHUVGQ|
RECORD= 6|LINENO= 131|OWNERPARTID=   2|OWNERINDEX= 107|LINEWIDTH=1|LOCATIONCOUNT=5|X1=686|X2=694|X3=694|X4=686|X5=686|Y1=690|Y2=690|Y3=710|Y4=710|Y5=690|
RECORD=34|LINENO= 132|OWNERPARTID=   0|OWNERINDEX= 107|FONTID=1|LOCATION.X=695|LOCATION.Y=701|NAME=Designator|TEXT=R700|UNIQUEID=THYVCLOD|
RECORD=41|LINENO= 133|OWNERPARTID=   0|OWNERINDEX= 107|FONTID=1|LOCATION.X=695|LOCATION.Y=691|NAME=Comment|TEXT==Resistance|UNIQUEID=DMCIHIXJ|
RECORD=44|LINENO= 134|OWNERPARTID= -42|OWNERINDEX= 107|
RECORD=45|LINENO= 135|OWNERPARTID= -42|OWNERINDEX= 134|DATABASEDATALINKSLOCKED=T|DATALINKSLOCKED=T|ISCURRENT=T|MODELNAME=RESC1608X05N|MODELTYPE=PCBLIB|UNIQUEID=POLGVARJ|USECOMPONENTLIBRARY=T|
RECORD=46|LINENO= 136|OWNERPARTID= -42|OWNERINDEX= 135|
RECORD=48|LINENO= 137|OWNERPARTID= -42|OWNERINDEX= 135|
RECORD=45|LINENO= 138|OWNERPARTID= -42|OWNERINDEX= 134|DATABASEDATALINKSLOCKED=T|DATALINKSLOCKED=T|MODELNAME=RESC1608X05L|MODELTYPE=PCBLIB|UNIQUEID=PEXYXFNV|USECOMPONENTLIBRARY=T|
RECORD=46|LINENO= 139|OWNERPARTID= -42|OWNERINDEX= 138|
RECORD=48|LINENO= 140|OWNERPARTID= -42|OWNERINDEX= 138|
RECORD=45|LINENO= 141|OWNERPARTID= -42|OWNERINDEX= 134|DATABASEDATALINKSLOCKED=T|DATALINKSLOCKED=T|MODELNAME=RESC1608X05M|MODELTYPE=PCBLIB|UNIQUEID=LAGNCUHN|USECOMPONENTLIBRARY=T|
RECORD=46|LINENO= 142|OWNERPARTID= -42|OWNERINDEX= 141|
RECORD=48|LINENO= 143|OWNERPARTID= -42|OWNERINDEX= 141|
RECORD= 1|LINENO= 144|OWNERPARTID=   0|OWNERINDEX= -42|ALLPINCOUNT=2|AREACOLOR=11599871|COMPONENTDESCRIPTION=SMD Resistor 10k 0603|CURRENTPARTID=1|DATABASETABLENAME=R|DESIGNITEMID=gen_R_10k_0603|DISPLAYMODECOUNT=2|LIBRARYPATH=*|LIBREFERENCE=R|LOCATION.X=730|LOCATION.Y=700|ORIENTATION=1|PARTCOUNT=2|PARTIDLOCKED=T|SHEETPARTFILENAME=*|SOURCELIBRARYNAME=OE750.DbLib|TARGETFILENAME=*|UNIQUEID=AOLTWDBU|
RECORD=41|LINENO= 145|OWNERPARTID=   0|OWNERINDEX= 144|FONTID=1|ISHIDDEN=T|LOCATION.X=715|LOCATION.Y=715|NAME=Part Number|TEXT=gen_R_10k_0603|UNIQUEID=NEVPJHYN|
RECORD=41|LINENO= 146|OWNERPARTID=   0|OWNERINDEX= 144|%UTF8%TEXT=-55째C - +155째C|FONTID=1|ISHIDDEN=T|LOCATION.X=715|LOCATION.Y=715|NAME=Operating Temperature|TEXT=-55캜 - +155캜|UNIQUEID=WAADAALJ|
RECORD=41|LINENO= 147|OWNERPARTID=   0|OWNERINDEX= 144|FONTID=1|ISHIDDEN=T|LOCATION.X=715|LOCATION.Y=715|NAME=Resistance|TEXT=10k|UNIQUEID=HLBNIDRI|
RECORD=41|LINENO= 148|OWNERPARTID=   0|OWNERINDEX= 144|FONTID=1|ISHIDDEN=T|LOCATION.X=715|LOCATION.Y=715|NAME=Tolerance|TEXT=1%|UNIQUEID=JCVLJFYM|
RECORD=41|LINENO= 149|OWNERPARTID=   0|OWNERINDEX= 144|FONTID=1|ISHIDDEN=T|LOCATION.X=715|LOCATION.Y=715|NAME=Power|TEXT=0.1W|UNIQUEID=XVHXVLDS|
RECORD=41|LINENO= 150|OWNERPARTID=   0|OWNERINDEX= 144|FONTID=1|ISHIDDEN=T|LOCATION.X=715|LOCATION.Y=715|NAME=Case EIA|TEXT=0603|UNIQUEID=INTQBWCK|
RECORD=41|LINENO= 151|OWNERPARTID=   0|OWNERINDEX= 144|FONTID=1|ISHIDDEN=T|LOCATION.X=715|LOCATION.Y=715|NAME=Case Metric|TEXT=1608|UNIQUEID=VLVLCFMO|
RECORD=41|LINENO= 152|OWNERPARTID=   0|OWNERINDEX= 144|FONTID=1|ISHIDDEN=T|LOCATION.X=715|LOCATION.Y=715|NAME=Maximum Working Voltage|TEXT=75V|UNIQUEID=AMHVKEOV|
RECORD=41|LINENO= 153|OWNERPARTID=   0|OWNERINDEX= 144|FONTID=1|ISHIDDEN=T|LOCATION.X=715|LOCATION.Y=715|NAME=Series|TEXT=E24, E96|UNIQUEID=ISOQTHMP|
RECORD=41|LINENO= 154|OWNERPARTID=   0|OWNERINDEX= 144|FONTID=1|ISHIDDEN=T|LOCATION.X=715|LOCATION.Y=715|NAME=PnP Package|TEXT=R_0603|UNIQUEID=GPJLIOWE|
RECORD=41|LINENO= 155|OWNERPARTID=   0|OWNERINDEX= 144|FONTID=1|ISHIDDEN=T|LOCATION.X=715|LOCATION.Y=715|NAME=PnP Value|TEXT=10k|UNIQUEID=SSQMIHVX|
RECORD=41|LINENO= 156|OWNERPARTID=   0|OWNERINDEX= 144|FONTID=1|ISHIDDEN=T|LOCATION.X=715|LOCATION.Y=715|NAME=Supplier 1|TEXT=Farnell|UNIQUEID=PYAHQVYT|
RECORD=41|LINENO= 157|OWNERPARTID=   0|OWNERINDEX= 144|FONTID=1|ISHIDDEN=T|LOCATION.X=715|LOCATION.Y=715|NAME=Supplier Part Number 1|TEXT=2073349|UNIQUEID=TSEPFQBJ|
RECORD=41|LINENO= 158|OWNERPARTID=   0|OWNERINDEX= 144|FONTID=1|ISHIDDEN=T|LOCATION.X=715|LOCATION.Y=715|NAME=Automotive Qualified|TEXT=True|UNIQUEID=HTQGMQXT|
RECORD= 2|LINENO= 159|OWNERPARTID=   2|OWNERINDEX= 144|DESIGNATOR=1|ELECTRICAL=4|FORMALTYPE=1|LOCATION.X=730|LOCATION.Y=710|NAME=1|OWNERPARTDISPLAYMODE=1|PINCONGLOMERATE=35|PINLENGTH=10|
RECORD=41|LINENO= 160|OWNERPARTID=   0|OWNERINDEX= 159|FONTID=1|ISHIDDEN=T|LOCATION.X=730|LOCATION.Y=710|NAME=PinUniqueId|TEXT=PPWAIVJX|UNIQUEID=MLWCSOTU|
RECORD= 2|LINENO= 161|OWNERPARTID=   2|OWNERINDEX= 144|DESIGNATOR=2|ELECTRICAL=4|FORMALTYPE=1|LOCATION.X=730|LOCATION.Y=730|NAME=2|OWNERPARTDISPLAYMODE=1|PINCONGLOMERATE=33|PINLENGTH=10|
RECORD=41|LINENO= 162|OWNERPARTID=   0|OWNERINDEX= 161|FONTID=1|ISHIDDEN=T|LOCATION.X=730|LOCATION.Y=730|NAME=PinUniqueId|TEXT=FYELFFBX|UNIQUEID=GCGFYKKP|
RECORD= 6|LINENO= 163|OWNERPARTID=   2|OWNERINDEX= 144|LINEWIDTH=1|LOCATIONCOUNT=7|OWNERPARTDISPLAYMODE=1|X1=730|X2=726|X3=733|X4=726|X5=733|X6=726|X7=730|Y1=710|Y2=713|Y3=717|Y4=721|Y5=725|Y6=728|Y7=730|
RECORD= 2|LINENO= 164|OWNERPARTID=   2|OWNERINDEX= 144|DESIGNATOR=1|ELECTRICAL=4|FORMALTYPE=1|LOCATION.X=730|LOCATION.Y=710|NAME=1|PINCONGLOMERATE=35|PINLENGTH=10|
RECORD=41|LINENO= 165|OWNERPARTID=   0|OWNERINDEX= 164|FONTID=1|ISHIDDEN=T|LOCATION.X=730|LOCATION.Y=710|NAME=PinUniqueId|TEXT=BCPWJTUA|UNIQUEID=GITNTGKX|
RECORD= 2|LINENO= 166|OWNERPARTID=   2|OWNERINDEX= 144|DESIGNATOR=2|ELECTRICAL=4|FORMALTYPE=1|LOCATION.X=730|LOCATION.Y=730|NAME=2|PINCONGLOMERATE=33|PINLENGTH=10|
RECORD=41|LINENO= 167|OWNERPARTID=   0|OWNERINDEX= 166|FONTID=1|ISHIDDEN=T|LOCATION.X=730|LOCATION.Y=730|NAME=PinUniqueId|TEXT=XNHPRPMI|UNIQUEID=AGDIANGV|
RECORD= 6|LINENO= 168|OWNERPARTID=   2|OWNERINDEX= 144|LINEWIDTH=1|LOCATIONCOUNT=5|X1=726|X2=734|X3=734|X4=726|X5=726|Y1=710|Y2=710|Y3=730|Y4=730|Y5=710|
RECORD=34|LINENO= 169|OWNERPARTID=   0|OWNERINDEX= 144|FONTID=1|LOCATION.X=735|LOCATION.Y=721|NAME=Designator|TEXT=R701|UNIQUEID=JAGTUPPF|
RECORD=41|LINENO= 170|OWNERPARTID=   0|OWNERINDEX= 144|FONTID=1|LOCATION.X=735|LOCATION.Y=711|NAME=Comment|TEXT==Resistance|UNIQUEID=HTFQTOAI|
RECORD=44|LINENO= 171|OWNERPARTID= -42|OWNERINDEX= 144|
RECORD=45|LINENO= 172|OWNERPARTID= -42|OWNERINDEX= 171|DATABASEDATALINKSLOCKED=T|DATALINKSLOCKED=T|ISCURRENT=T|MODELNAME=RESC1608X05N|MODELTYPE=PCBLIB|UNIQUEID=PXRGKODG|USECOMPONENTLIBRARY=T|
RECORD=46|LINENO= 173|OWNERPARTID= -42|OWNERINDEX= 172|
RECORD=48|LINENO= 174|OWNERPARTID= -42|OWNERINDEX= 172|
RECORD=45|LINENO= 175|OWNERPARTID= -42|OWNERINDEX= 171|DATABASEDATALINKSLOCKED=T|DATALINKSLOCKED=T|MODELNAME=RESC1608X05L|MODELTYPE=PCBLIB|UNIQUEID=FOWLCJYK|USECOMPONENTLIBRARY=T|
RECORD=46|LINENO= 176|OWNERPARTID= -42|OWNERINDEX= 175|
RECORD=48|LINENO= 177|OWNERPARTID= -42|OWNERINDEX= 175|
RECORD=45|LINENO= 178|OWNERPARTID= -42|OWNERINDEX= 171|DATABASEDATALINKSLOCKED=T|DATALINKSLOCKED=T|MODELNAME=RESC1608X05M|MODELTYPE=PCBLIB|UNIQUEID=EDTXEJWO|USECOMPONENTLIBRARY=T|
RECORD=46|LINENO= 179|OWNERPARTID= -42|OWNERINDEX= 178|
RECORD=48|LINENO= 180|OWNERPARTID= -42|OWNERINDEX= 178|
RECORD= 1|LINENO= 181|OWNERPARTID=   0|OWNERINDEX= -42|ALLPINCOUNT=2|AREACOLOR=11599871|COMPONENTDESCRIPTION=SMD Resistor 10k 0603|CURRENTPARTID=1|DATABASETABLENAME=R|DESIGNITEMID=gen_R_10k_0603|DISPLAYMODECOUNT=2|LIBRARYPATH=*|LIBREFERENCE=R|LOCATION.X=770|LOCATION.Y=680|ORIENTATION=1|PARTCOUNT=2|PARTIDLOCKED=T|SHEETPARTFILENAME=*|SOURCELIBRARYNAME=OE750.DbLib|TARGETFILENAME=*|UNIQUEID=LVPHNVSP|
RECORD=41|LINENO= 182|OWNERPARTID=   0|OWNERINDEX= 181|FONTID=1|ISHIDDEN=T|LOCATION.X=755|LOCATION.Y=695|NAME=Part Number|TEXT=gen_R_10k_0603|UNIQUEID=HTJSDAYQ|
RECORD=41|LINENO= 183|OWNERPARTID=   0|OWNERINDEX= 181|%UTF8%TEXT=-55째C - +155째C|FONTID=1|ISHIDDEN=T|LOCATION.X=755|LOCATION.Y=695|NAME=Operating Temperature|TEXT=-55캜 - +155캜|UNIQUEID=WSLEMBLE|
RECORD=41|LINENO= 184|OWNERPARTID=   0|OWNERINDEX= 181|FONTID=1|ISHIDDEN=T|LOCATION.X=755|LOCATION.Y=695|NAME=Resistance|TEXT=10k|UNIQUEID=SUMAPPOB|
RECORD=41|LINENO= 185|OWNERPARTID=   0|OWNERINDEX= 181|FONTID=1|ISHIDDEN=T|LOCATION.X=755|LOCATION.Y=695|NAME=Tolerance|TEXT=1%|UNIQUEID=HKMTBJBL|
RECORD=41|LINENO= 186|OWNERPARTID=   0|OWNERINDEX= 181|FONTID=1|ISHIDDEN=T|LOCATION.X=755|LOCATION.Y=695|NAME=Power|TEXT=0.1W|UNIQUEID=TWFUNWDA|
RECORD=41|LINENO= 187|OWNERPARTID=   0|OWNERINDEX= 181|FONTID=1|ISHIDDEN=T|LOCATION.X=755|LOCATION.Y=695|NAME=Case EIA|TEXT=0603|UNIQUEID=USPXOBXB|
RECORD=41|LINENO= 188|OWNERPARTID=   0|OWNERINDEX= 181|FONTID=1|ISHIDDEN=T|LOCATION.X=755|LOCATION.Y=695|NAME=Case Metric|TEXT=1608|UNIQUEID=DDTQDYFJ|
RECORD=41|LINENO= 189|OWNERPARTID=   0|OWNERINDEX= 181|FONTID=1|ISHIDDEN=T|LOCATION.X=755|LOCATION.Y=695|NAME=Maximum Working Voltage|TEXT=75V|UNIQUEID=QHBFGIJU|
RECORD=41|LINENO= 190|OWNERPARTID=   0|OWNERINDEX= 181|FONTID=1|ISHIDDEN=T|LOCATION.X=755|LOCATION.Y=695|NAME=Series|TEXT=E24, E96|UNIQUEID=OYMABQBB|
RECORD=41|LINENO= 191|OWNERPARTID=   0|OWNERINDEX= 181|FONTID=1|ISHIDDEN=T|LOCATION.X=755|LOCATION.Y=695|NAME=PnP Package|TEXT=R_0603|UNIQUEID=LAUOAMQJ|
RECORD=41|LINENO= 192|OWNERPARTID=   0|OWNERINDEX= 181|FONTID=1|ISHIDDEN=T|LOCATION.X=755|LOCATION.Y=695|NAME=PnP Value|TEXT=10k|UNIQUEID=SYIBRELM|
RECORD=41|LINENO= 193|OWNERPARTID=   0|OWNERINDEX= 181|FONTID=1|ISHIDDEN=T|LOCATION.X=755|LOCATION.Y=695|NAME=Supplier 1|TEXT=Farnell|UNIQUEID=MVNPOUYN|
RECORD=41|LINENO= 194|OWNERPARTID=   0|OWNERINDEX= 181|FONTID=1|ISHIDDEN=T|LOCATION.X=755|LOCATION.Y=695|NAME=Supplier Part Number 1|TEXT=2073349|UNIQUEID=OTRVJFLC|
RECORD=41|LINENO= 195|OWNERPARTID=   0|OWNERINDEX= 181|FONTID=1|ISHIDDEN=T|LOCATION.X=755|LOCATION.Y=695|NAME=Automotive Qualified|TEXT=True|UNIQUEID=RXIEKBIF|
RECORD= 2|LINENO= 196|OWNERPARTID=   2|OWNERINDEX= 181|DESIGNATOR=1|ELECTRICAL=4|FORMALTYPE=1|LOCATION.X=770|LOCATION.Y=690|NAME=1|OWNERPARTDISPLAYMODE=1|PINCONGLOMERATE=35|PINLENGTH=10|
RECORD=41|LINENO= 197|OWNERPARTID=   0|OWNERINDEX= 196|FONTID=1|ISHIDDEN=T|LOCATION.X=770|LOCATION.Y=690|NAME=PinUniqueId|TEXT=HLCCMVTM|UNIQUEID=UURMOQIF|
RECORD= 2|LINENO= 198|OWNERPARTID=   2|OWNERINDEX= 181|DESIGNATOR=2|ELECTRICAL=4|FORMALTYPE=1|LOCATION.X=770|LOCATION.Y=710|NAME=2|OWNERPARTDISPLAYMODE=1|PINCONGLOMERATE=33|PINLENGTH=10|
RECORD=41|LINENO= 199|OWNERPARTID=   0|OWNERINDEX= 198|FONTID=1|ISHIDDEN=T|LOCATION.X=770|LOCATION.Y=710|NAME=PinUniqueId|TEXT=AFGMSTSC|UNIQUEID=QOLSYLWW|
RECORD= 6|LINENO= 200|OWNERPARTID=   2|OWNERINDEX= 181|LINEWIDTH=1|LOCATIONCOUNT=7|OWNERPARTDISPLAYMODE=1|X1=770|X2=766|X3=773|X4=766|X5=773|X6=766|X7=770|Y1=690|Y2=693|Y3=697|Y4=701|Y5=705|Y6=708|Y7=710|
RECORD= 2|LINENO= 201|OWNERPARTID=   2|OWNERINDEX= 181|DESIGNATOR=1|ELECTRICAL=4|FORMALTYPE=1|LOCATION.X=770|LOCATION.Y=690|NAME=1|PINCONGLOMERATE=35|PINLENGTH=10|
RECORD=41|LINENO= 202|OWNERPARTID=   0|OWNERINDEX= 201|FONTID=1|ISHIDDEN=T|LOCATION.X=770|LOCATION.Y=690|NAME=PinUniqueId|TEXT=IBSLLHIP|UNIQUEID=JFQBAOLF|
RECORD= 2|LINENO= 203|OWNERPARTID=   2|OWNERINDEX= 181|DESIGNATOR=2|ELECTRICAL=4|FORMALTYPE=1|LOCATION.X=770|LOCATION.Y=710|NAME=2|PINCONGLOMERATE=33|PINLENGTH=10|
RECORD=41|LINENO= 204|OWNERPARTID=   0|OWNERINDEX= 203|FONTID=1|ISHIDDEN=T|LOCATION.X=770|LOCATION.Y=710|NAME=PinUniqueId|TEXT=SEVPYOBO|UNIQUEID=LMMIQYLI|
RECORD= 6|LINENO= 205|OWNERPARTID=   2|OWNERINDEX= 181|LINEWIDTH=1|LOCATIONCOUNT=5|X1=766|X2=774|X3=774|X4=766|X5=766|Y1=690|Y2=690|Y3=710|Y4=710|Y5=690|
RECORD=34|LINENO= 206|OWNERPARTID=   0|OWNERINDEX= 181|FONTID=1|LOCATION.X=775|LOCATION.Y=701|NAME=Designator|TEXT=R702|UNIQUEID=PEEACUJL|
RECORD=41|LINENO= 207|OWNERPARTID=   0|OWNERINDEX= 181|FONTID=1|LOCATION.X=775|LOCATION.Y=691|NAME=Comment|TEXT==Resistance|UNIQUEID=QNWVJWYQ|
RECORD=44|LINENO= 208|OWNERPARTID= -42|OWNERINDEX= 181|
RECORD=45|LINENO= 209|OWNERPARTID= -42|OWNERINDEX= 208|DATABASEDATALINKSLOCKED=T|DATALINKSLOCKED=T|ISCURRENT=T|MODELNAME=RESC1608X05N|MODELTYPE=PCBLIB|UNIQUEID=PSTTGQHG|USECOMPONENTLIBRARY=T|
RECORD=46|LINENO= 210|OWNERPARTID= -42|OWNERINDEX= 209|
RECORD=48|LINENO= 211|OWNERPARTID= -42|OWNERINDEX= 209|
RECORD=45|LINENO= 212|OWNERPARTID= -42|OWNERINDEX= 208|DATABASEDATALINKSLOCKED=T|DATALINKSLOCKED=T|MODELNAME=RESC1608X05L|MODELTYPE=PCBLIB|UNIQUEID=TMOOMAOT|USECOMPONENTLIBRARY=T|
RECORD=46|LINENO= 213|OWNERPARTID= -42|OWNERINDEX= 212|
RECORD=48|LINENO= 214|OWNERPARTID= -42|OWNERINDEX= 212|
RECORD=45|LINENO= 215|OWNERPARTID= -42|OWNERINDEX= 208|DATABASEDATALINKSLOCKED=T|DATALINKSLOCKED=T|MODELNAME=RESC1608X05M|MODELTYPE=PCBLIB|UNIQUEID=QHEGHSBP|USECOMPONENTLIBRARY=T|
RECORD=46|LINENO= 216|OWNERPARTID= -42|OWNERINDEX= 215|
RECORD=48|LINENO= 217|OWNERPARTID= -42|OWNERINDEX= 215|
RECORD= 1|LINENO= 218|OWNERPARTID=   0|OWNERINDEX= -42|ALLPINCOUNT=2|AREACOLOR=11599871|COMPONENTDESCRIPTION=SMD Resistor 10k 0603|CURRENTPARTID=1|DATABASETABLENAME=R|DESIGNITEMID=gen_R_10k_0603|DISPLAYMODECOUNT=2|LIBRARYPATH=*|LIBREFERENCE=R|LOCATION.X=810|LOCATION.Y=700|ORIENTATION=1|PARTCOUNT=2|PARTIDLOCKED=T|SHEETPARTFILENAME=*|SOURCELIBRARYNAME=OE750.DbLib|TARGETFILENAME=*|UNIQUEID=VETDNUVY|
RECORD=41|LINENO= 219|OWNERPARTID=   0|OWNERINDEX= 218|FONTID=1|ISHIDDEN=T|LOCATION.X=795|LOCATION.Y=715|NAME=Part Number|TEXT=gen_R_10k_0603|UNIQUEID=RVYMREQE|
RECORD=41|LINENO= 220|OWNERPARTID=   0|OWNERINDEX= 218|%UTF8%TEXT=-55째C - +155째C|FONTID=1|ISHIDDEN=T|LOCATION.X=795|LOCATION.Y=715|NAME=Operating Temperature|TEXT=-55캜 - +155캜|UNIQUEID=FTHSGRCV|
RECORD=41|LINENO= 221|OWNERPARTID=   0|OWNERINDEX= 218|FONTID=1|ISHIDDEN=T|LOCATION.X=795|LOCATION.Y=715|NAME=Resistance|TEXT=10k|UNIQUEID=HPUFCIJQ|
RECORD=41|LINENO= 222|OWNERPARTID=   0|OWNERINDEX= 218|FONTID=1|ISHIDDEN=T|LOCATION.X=795|LOCATION.Y=715|NAME=Tolerance|TEXT=1%|UNIQUEID=FLCWEWUK|
RECORD=41|LINENO= 223|OWNERPARTID=   0|OWNERINDEX= 218|FONTID=1|ISHIDDEN=T|LOCATION.X=795|LOCATION.Y=715|NAME=Power|TEXT=0.1W|UNIQUEID=ELEYEADG|
RECORD=41|LINENO= 224|OWNERPARTID=   0|OWNERINDEX= 218|FONTID=1|ISHIDDEN=T|LOCATION.X=795|LOCATION.Y=715|NAME=Case EIA|TEXT=0603|UNIQUEID=VKKGFVYK|
RECORD=41|LINENO= 225|OWNERPARTID=   0|OWNERINDEX= 218|FONTID=1|ISHIDDEN=T|LOCATION.X=795|LOCATION.Y=715|NAME=Case Metric|TEXT=1608|UNIQUEID=GEKBVBUS|
RECORD=41|LINENO= 226|OWNERPARTID=   0|OWNERINDEX= 218|FONTID=1|ISHIDDEN=T|LOCATION.X=795|LOCATION.Y=715|NAME=Maximum Working Voltage|TEXT=75V|UNIQUEID=XJISJIGR|
RECORD=41|LINENO= 227|OWNERPARTID=   0|OWNERINDEX= 218|FONTID=1|ISHIDDEN=T|LOCATION.X=795|LOCATION.Y=715|NAME=Series|TEXT=E24, E96|UNIQUEID=HOKWMPMB|
RECORD=41|LINENO= 228|OWNERPARTID=   0|OWNERINDEX= 218|FONTID=1|ISHIDDEN=T|LOCATION.X=795|LOCATION.Y=715|NAME=PnP Package|TEXT=R_0603|UNIQUEID=QTDUFTCB|
RECORD=41|LINENO= 229|OWNERPARTID=   0|OWNERINDEX= 218|FONTID=1|ISHIDDEN=T|LOCATION.X=795|LOCATION.Y=715|NAME=PnP Value|TEXT=10k|UNIQUEID=AEFSDYGB|
RECORD=41|LINENO= 230|OWNERPARTID=   0|OWNERINDEX= 218|FONTID=1|ISHIDDEN=T|LOCATION.X=795|LOCATION.Y=715|NAME=Supplier 1|TEXT=Farnell|UNIQUEID=TYGTYJDU|
RECORD=41|LINENO= 231|OWNERPARTID=   0|OWNERINDEX= 218|FONTID=1|ISHIDDEN=T|LOCATION.X=795|LOCATION.Y=715|NAME=Supplier Part Number 1|TEXT=2073349|UNIQUEID=FHPYNOTN|
RECORD=41|LINENO= 232|OWNERPARTID=   0|OWNERINDEX= 218|FONTID=1|ISHIDDEN=T|LOCATION.X=795|LOCATION.Y=715|NAME=Automotive Qualified|TEXT=True|UNIQUEID=BDCJENLL|
RECORD= 2|LINENO= 233|OWNERPARTID=   2|OWNERINDEX= 218|DESIGNATOR=1|ELECTRICAL=4|FORMALTYPE=1|LOCATION.X=810|LOCATION.Y=710|NAME=1|OWNERPARTDISPLAYMODE=1|PINCONGLOMERATE=35|PINLENGTH=10|
RECORD=41|LINENO= 234|OWNERPARTID=   0|OWNERINDEX= 233|FONTID=1|ISHIDDEN=T|LOCATION.X=810|LOCATION.Y=710|NAME=PinUniqueId|TEXT=IXCPBJFY|UNIQUEID=VVBOVQFC|
RECORD= 2|LINENO= 235|OWNERPARTID=   2|OWNERINDEX= 218|DESIGNATOR=2|ELECTRICAL=4|FORMALTYPE=1|LOCATION.X=810|LOCATION.Y=730|NAME=2|OWNERPARTDISPLAYMODE=1|PINCONGLOMERATE=33|PINLENGTH=10|
RECORD=41|LINENO= 236|OWNERPARTID=   0|OWNERINDEX= 235|FONTID=1|ISHIDDEN=T|LOCATION.X=810|LOCATION.Y=730|NAME=PinUniqueId|TEXT=MSQCXAIF|UNIQUEID=DKTQBFDE|
RECORD= 6|LINENO= 237|OWNERPARTID=   2|OWNERINDEX= 218|LINEWIDTH=1|LOCATIONCOUNT=7|OWNERPARTDISPLAYMODE=1|X1=810|X2=806|X3=813|X4=806|X5=813|X6=806|X7=810|Y1=710|Y2=713|Y3=717|Y4=721|Y5=725|Y6=728|Y7=730|
RECORD= 2|LINENO= 238|OWNERPARTID=   2|OWNERINDEX= 218|DESIGNATOR=1|ELECTRICAL=4|FORMALTYPE=1|LOCATION.X=810|LOCATION.Y=710|NAME=1|PINCONGLOMERATE=35|PINLENGTH=10|
RECORD=41|LINENO= 239|OWNERPARTID=   0|OWNERINDEX= 238|FONTID=1|ISHIDDEN=T|LOCATION.X=810|LOCATION.Y=710|NAME=PinUniqueId|TEXT=UPQMPHPJ|UNIQUEID=FYBWAMIG|
RECORD= 2|LINENO= 240|OWNERPARTID=   2|OWNERINDEX= 218|DESIGNATOR=2|ELECTRICAL=4|FORMALTYPE=1|LOCATION.X=810|LOCATION.Y=730|NAME=2|PINCONGLOMERATE=33|PINLENGTH=10|
RECORD=41|LINENO= 241|OWNERPARTID=   0|OWNERINDEX= 240|FONTID=1|ISHIDDEN=T|LOCATION.X=810|LOCATION.Y=730|NAME=PinUniqueId|TEXT=SMDIYOEB|UNIQUEID=XULWLOOF|
RECORD= 6|LINENO= 242|OWNERPARTID=   2|OWNERINDEX= 218|LINEWIDTH=1|LOCATIONCOUNT=5|X1=806|X2=814|X3=814|X4=806|X5=806|Y1=710|Y2=710|Y3=730|Y4=730|Y5=710|
RECORD=34|LINENO= 243|OWNERPARTID=   0|OWNERINDEX= 218|FONTID=1|LOCATION.X=815|LOCATION.Y=721|NAME=Designator|TEXT=R703|UNIQUEID=APKDWROW|
RECORD=41|LINENO= 244|OWNERPARTID=   0|OWNERINDEX= 218|FONTID=1|LOCATION.X=815|LOCATION.Y=711|NAME=Comment|TEXT==Resistance|UNIQUEID=GLUWMXNS|
RECORD=44|LINENO= 245|OWNERPARTID= -42|OWNERINDEX= 218|
RECORD=45|LINENO= 246|OWNERPARTID= -42|OWNERINDEX= 245|DATABASEDATALINKSLOCKED=T|DATALINKSLOCKED=T|ISCURRENT=T|MODELNAME=RESC1608X05N|MODELTYPE=PCBLIB|UNIQUEID=QUOUNHXO|USECOMPONENTLIBRARY=T|
RECORD=46|LINENO= 247|OWNERPARTID= -42|OWNERINDEX= 246|
RECORD=48|LINENO= 248|OWNERPARTID= -42|OWNERINDEX= 246|
RECORD=45|LINENO= 249|OWNERPARTID= -42|OWNERINDEX= 245|DATABASEDATALINKSLOCKED=T|DATALINKSLOCKED=T|MODELNAME=RESC1608X05L|MODELTYPE=PCBLIB|UNIQUEID=XBNCQBFI|USECOMPONENTLIBRARY=T|
RECORD=46|LINENO= 250|OWNERPARTID= -42|OWNERINDEX= 249|
RECORD=48|LINENO= 251|OWNERPARTID= -42|OWNERINDEX= 249|
RECORD=45|LINENO= 252|OWNERPARTID= -42|OWNERINDEX= 245|DATABASEDATALINKSLOCKED=T|DATALINKSLOCKED=T|MODELNAME=RESC1608X05M|MODELTYPE=PCBLIB|UNIQUEID=XCFLSDKY|USECOMPONENTLIBRARY=T|
RECORD=46|LINENO= 253|OWNERPARTID= -42|OWNERINDEX= 252|
RECORD=48|LINENO= 254|OWNERPARTID= -42|OWNERINDEX= 252|
RECORD= 1|LINENO= 255|OWNERPARTID=   0|OWNERINDEX= -42|ALLPINCOUNT=2|AREACOLOR=11599871|COMPONENTDESCRIPTION=SMD Resistor 10k 0603|CURRENTPARTID=1|DATABASETABLENAME=R|DESIGNITEMID=gen_R_10k_0603|DISPLAYMODECOUNT=2|LIBRARYPATH=*|LIBREFERENCE=R|LOCATION.X=850|LOCATION.Y=680|ORIENTATION=1|PARTCOUNT=2|PARTIDLOCKED=T|SHEETPARTFILENAME=*|SOURCELIBRARYNAME=OE750.DbLib|TARGETFILENAME=*|UNIQUEID=UDSWWJSE|
RECORD=41|LINENO= 256|OWNERPARTID=   0|OWNERINDEX= 255|FONTID=1|ISHIDDEN=T|LOCATION.X=835|LOCATION.Y=695|NAME=Part Number|TEXT=gen_R_10k_0603|UNIQUEID=QMAXNPMX|
RECORD=41|LINENO= 257|OWNERPARTID=   0|OWNERINDEX= 255|%UTF8%TEXT=-55째C - +155째C|FONTID=1|ISHIDDEN=T|LOCATION.X=835|LOCATION.Y=695|NAME=Operating Temperature|TEXT=-55캜 - +155캜|UNIQUEID=LSUBOLTT|
RECORD=41|LINENO= 258|OWNERPARTID=   0|OWNERINDEX= 255|FONTID=1|ISHIDDEN=T|LOCATION.X=835|LOCATION.Y=695|NAME=Resistance|TEXT=10k|UNIQUEID=PVPWRTDM|
RECORD=41|LINENO= 259|OWNERPARTID=   0|OWNERINDEX= 255|FONTID=1|ISHIDDEN=T|LOCATION.X=835|LOCATION.Y=695|NAME=Tolerance|TEXT=1%|UNIQUEID=EJDQQETP|
RECORD=41|LINENO= 260|OWNERPARTID=   0|OWNERINDEX= 255|FONTID=1|ISHIDDEN=T|LOCATION.X=835|LOCATION.Y=695|NAME=Power|TEXT=0.1W|UNIQUEID=CVUOPFMY|
RECORD=41|LINENO= 261|OWNERPARTID=   0|OWNERINDEX= 255|FONTID=1|ISHIDDEN=T|LOCATION.X=835|LOCATION.Y=695|NAME=Case EIA|TEXT=0603|UNIQUEID=KQRSFRLF|
RECORD=41|LINENO= 262|OWNERPARTID=   0|OWNERINDEX= 255|FONTID=1|ISHIDDEN=T|LOCATION.X=835|LOCATION.Y=695|NAME=Case Metric|TEXT=1608|UNIQUEID=UJJXNYBY|
RECORD=41|LINENO= 263|OWNERPARTID=   0|OWNERINDEX= 255|FONTID=1|ISHIDDEN=T|LOCATION.X=835|LOCATION.Y=695|NAME=Maximum Working Voltage|TEXT=75V|UNIQUEID=GQPMQQKK|
RECORD=41|LINENO= 264|OWNERPARTID=   0|OWNERINDEX= 255|FONTID=1|ISHIDDEN=T|LOCATION.X=835|LOCATION.Y=695|NAME=Series|TEXT=E24, E96|UNIQUEID=GWXHGXWP|
RECORD=41|LINENO= 265|OWNERPARTID=   0|OWNERINDEX= 255|FONTID=1|ISHIDDEN=T|LOCATION.X=835|LOCATION.Y=695|NAME=PnP Package|TEXT=R_0603|UNIQUEID=CASUVGFE|
RECORD=41|LINENO= 266|OWNERPARTID=   0|OWNERINDEX= 255|FONTID=1|ISHIDDEN=T|LOCATION.X=835|LOCATION.Y=695|NAME=PnP Value|TEXT=10k|UNIQUEID=UKRYAXNU|
RECORD=41|LINENO= 267|OWNERPARTID=   0|OWNERINDEX= 255|FONTID=1|ISHIDDEN=T|LOCATION.X=835|LOCATION.Y=695|NAME=Supplier 1|TEXT=Farnell|UNIQUEID=WVIRHXEB|
RECORD=41|LINENO= 268|OWNERPARTID=   0|OWNERINDEX= 255|FONTID=1|ISHIDDEN=T|LOCATION.X=835|LOCATION.Y=695|NAME=Supplier Part Number 1|TEXT=2073349|UNIQUEID=YKEQXONV|
RECORD=41|LINENO= 269|OWNERPARTID=   0|OWNERINDEX= 255|FONTID=1|ISHIDDEN=T|LOCATION.X=835|LOCATION.Y=695|NAME=Automotive Qualified|TEXT=True|UNIQUEID=HFDIAPTA|
RECORD= 2|LINENO= 270|OWNERPARTID=   2|OWNERINDEX= 255|DESIGNATOR=1|ELECTRICAL=4|FORMALTYPE=1|LOCATION.X=850|LOCATION.Y=690|NAME=1|OWNERPARTDISPLAYMODE=1|PINCONGLOMERATE=35|PINLENGTH=10|
RECORD=41|LINENO= 271|OWNERPARTID=   0|OWNERINDEX= 270|FONTID=1|ISHIDDEN=T|LOCATION.X=850|LOCATION.Y=690|NAME=PinUniqueId|TEXT=PDQWYQUT|UNIQUEID=NVPBUJJM|
RECORD= 2|LINENO= 272|OWNERPARTID=   2|OWNERINDEX= 255|DESIGNATOR=2|ELECTRICAL=4|FORMALTYPE=1|LOCATION.X=850|LOCATION.Y=710|NAME=2|OWNERPARTDISPLAYMODE=1|PINCONGLOMERATE=33|PINLENGTH=10|
RECORD=41|LINENO= 273|OWNERPARTID=   0|OWNERINDEX= 272|FONTID=1|ISHIDDEN=T|LOCATION.X=850|LOCATION.Y=710|NAME=PinUniqueId|TEXT=FBGDBJEE|UNIQUEID=WVGQLTRM|
RECORD= 6|LINENO= 274|OWNERPARTID=   2|OWNERINDEX= 255|LINEWIDTH=1|LOCATIONCOUNT=7|OWNERPARTDISPLAYMODE=1|X1=850|X2=846|X3=853|X4=846|X5=853|X6=846|X7=850|Y1=690|Y2=693|Y3=697|Y4=701|Y5=705|Y6=708|Y7=710|
RECORD= 2|LINENO= 275|OWNERPARTID=   2|OWNERINDEX= 255|DESIGNATOR=1|ELECTRICAL=4|FORMALTYPE=1|LOCATION.X=850|LOCATION.Y=690|NAME=1|PINCONGLOMERATE=35|PINLENGTH=10|
RECORD=41|LINENO= 276|OWNERPARTID=   0|OWNERINDEX= 275|FONTID=1|ISHIDDEN=T|LOCATION.X=850|LOCATION.Y=690|NAME=PinUniqueId|TEXT=MLMKTXIB|UNIQUEID=KNVNBJOT|
RECORD= 2|LINENO= 277|OWNERPARTID=   2|OWNERINDEX= 255|DESIGNATOR=2|ELECTRICAL=4|FORMALTYPE=1|LOCATION.X=850|LOCATION.Y=710|NAME=2|PINCONGLOMERATE=33|PINLENGTH=10|
RECORD=41|LINENO= 278|OWNERPARTID=   0|OWNERINDEX= 277|FONTID=1|ISHIDDEN=T|LOCATION.X=850|LOCATION.Y=710|NAME=PinUniqueId|TEXT=XIUSEOYL|UNIQUEID=BTYFKRJU|
RECORD= 6|LINENO= 279|OWNERPARTID=   2|OWNERINDEX= 255|LINEWIDTH=1|LOCATIONCOUNT=5|X1=846|X2=854|X3=854|X4=846|X5=846|Y1=690|Y2=690|Y3=710|Y4=710|Y5=690|
RECORD=34|LINENO= 280|OWNERPARTID=   0|OWNERINDEX= 255|FONTID=1|LOCATION.X=855|LOCATION.Y=701|NAME=Designator|TEXT=R704|UNIQUEID=PWXVBCQM|
RECORD=41|LINENO= 281|OWNERPARTID=   0|OWNERINDEX= 255|FONTID=1|LOCATION.X=855|LOCATION.Y=691|NAME=Comment|TEXT==Resistance|UNIQUEID=LWSGDBRE|
RECORD=44|LINENO= 282|OWNERPARTID= -42|OWNERINDEX= 255|
RECORD=45|LINENO= 283|OWNERPARTID= -42|OWNERINDEX= 282|DATABASEDATALINKSLOCKED=T|DATALINKSLOCKED=T|ISCURRENT=T|MODELNAME=RESC1608X05N|MODELTYPE=PCBLIB|UNIQUEID=SWGQYUDE|USECOMPONENTLIBRARY=T|
RECORD=46|LINENO= 284|OWNERPARTID= -42|OWNERINDEX= 283|
RECORD=48|LINENO= 285|OWNERPARTID= -42|OWNERINDEX= 283|
RECORD=45|LINENO= 286|OWNERPARTID= -42|OWNERINDEX= 282|DATABASEDATALINKSLOCKED=T|DATALINKSLOCKED=T|MODELNAME=RESC1608X05L|MODELTYPE=PCBLIB|UNIQUEID=NPVSCDRH|USECOMPONENTLIBRARY=T|
RECORD=46|LINENO= 287|OWNERPARTID= -42|OWNERINDEX= 286|
RECORD=48|LINENO= 288|OWNERPARTID= -42|OWNERINDEX= 286|
RECORD=45|LINENO= 289|OWNERPARTID= -42|OWNERINDEX= 282|DATABASEDATALINKSLOCKED=T|DATALINKSLOCKED=T|MODELNAME=RESC1608X05M|MODELTYPE=PCBLIB|UNIQUEID=CDVLTQDC|USECOMPONENTLIBRARY=T|
RECORD=46|LINENO= 290|OWNERPARTID= -42|OWNERINDEX= 289|
RECORD=48|LINENO= 291|OWNERPARTID= -42|OWNERINDEX= 289|
RECORD= 1|LINENO= 292|OWNERPARTID=   0|OWNERINDEX= -42|ALLPINCOUNT=2|AREACOLOR=11599871|COMPONENTDESCRIPTION=SMD Resistor 10k 0603|CURRENTPARTID=1|DATABASETABLENAME=R|DESIGNITEMID=gen_R_10k_0603|DISPLAYMODECOUNT=2|LIBRARYPATH=*|LIBREFERENCE=R|LOCATION.X=890|LOCATION.Y=700|ORIENTATION=1|PARTCOUNT=2|PARTIDLOCKED=T|SHEETPARTFILENAME=*|SOURCELIBRARYNAME=OE750.DbLib|TARGETFILENAME=*|UNIQUEID=SAJEPDGC|
RECORD=41|LINENO= 293|OWNERPARTID=   0|OWNERINDEX= 292|FONTID=1|ISHIDDEN=T|LOCATION.X=875|LOCATION.Y=715|NAME=Part Number|TEXT=gen_R_10k_0603|UNIQUEID=AUESXWHP|
RECORD=41|LINENO= 294|OWNERPARTID=   0|OWNERINDEX= 292|%UTF8%TEXT=-55째C - +155째C|FONTID=1|ISHIDDEN=T|LOCATION.X=875|LOCATION.Y=715|NAME=Operating Temperature|TEXT=-55캜 - +155캜|UNIQUEID=DQASFOFI|
RECORD=41|LINENO= 295|OWNERPARTID=   0|OWNERINDEX= 292|FONTID=1|ISHIDDEN=T|LOCATION.X=875|LOCATION.Y=715|NAME=Resistance|TEXT=10k|UNIQUEID=QRIUNCVD|
RECORD=41|LINENO= 296|OWNERPARTID=   0|OWNERINDEX= 292|FONTID=1|ISHIDDEN=T|LOCATION.X=875|LOCATION.Y=715|NAME=Tolerance|TEXT=1%|UNIQUEID=LTIRGDFR|
RECORD=41|LINENO= 297|OWNERPARTID=   0|OWNERINDEX= 292|FONTID=1|ISHIDDEN=T|LOCATION.X=875|LOCATION.Y=715|NAME=Power|TEXT=0.1W|UNIQUEID=WJKECNKJ|
RECORD=41|LINENO= 298|OWNERPARTID=   0|OWNERINDEX= 292|FONTID=1|ISHIDDEN=T|LOCATION.X=875|LOCATION.Y=715|NAME=Case EIA|TEXT=0603|UNIQUEID=XTXQQHJE|
RECORD=41|LINENO= 299|OWNERPARTID=   0|OWNERINDEX= 292|FONTID=1|ISHIDDEN=T|LOCATION.X=875|LOCATION.Y=715|NAME=Case Metric|TEXT=1608|UNIQUEID=AGPJBSER|
RECORD=41|LINENO= 300|OWNERPARTID=   0|OWNERINDEX= 292|FONTID=1|ISHIDDEN=T|LOCATION.X=875|LOCATION.Y=715|NAME=Maximum Working Voltage|TEXT=75V|UNIQUEID=PNCCYGHJ|
RECORD=41|LINENO= 301|OWNERPARTID=   0|OWNERINDEX= 292|FONTID=1|ISHIDDEN=T|LOCATION.X=875|LOCATION.Y=715|NAME=Series|TEXT=E24, E96|UNIQUEID=XAPOEVLF|
RECORD=41|LINENO= 302|OWNERPARTID=   0|OWNERINDEX= 292|FONTID=1|ISHIDDEN=T|LOCATION.X=875|LOCATION.Y=715|NAME=PnP Package|TEXT=R_0603|UNIQUEID=WGJHBDWI|
RECORD=41|LINENO= 303|OWNERPARTID=   0|OWNERINDEX= 292|FONTID=1|ISHIDDEN=T|LOCATION.X=875|LOCATION.Y=715|NAME=PnP Value|TEXT=10k|UNIQUEID=LNYASQLY|
RECORD=41|LINENO= 304|OWNERPARTID=   0|OWNERINDEX= 292|FONTID=1|ISHIDDEN=T|LOCATION.X=875|LOCATION.Y=715|NAME=Supplier 1|TEXT=Farnell|UNIQUEID=KGEVJFLX|
RECORD=41|LINENO= 305|OWNERPARTID=   0|OWNERINDEX= 292|FONTID=1|ISHIDDEN=T|LOCATION.X=875|LOCATION.Y=715|NAME=Supplier Part Number 1|TEXT=2073349|UNIQUEID=HUBPTISR|
RECORD=41|LINENO= 306|OWNERPARTID=   0|OWNERINDEX= 292|FONTID=1|ISHIDDEN=T|LOCATION.X=875|LOCATION.Y=715|NAME=Automotive Qualified|TEXT=True|UNIQUEID=RIBSNABN|
RECORD= 2|LINENO= 307|OWNERPARTID=   2|OWNERINDEX= 292|DESIGNATOR=1|ELECTRICAL=4|FORMALTYPE=1|LOCATION.X=890|LOCATION.Y=710|NAME=1|OWNERPARTDISPLAYMODE=1|PINCONGLOMERATE=35|PINLENGTH=10|
RECORD=41|LINENO= 308|OWNERPARTID=   0|OWNERINDEX= 307|FONTID=1|ISHIDDEN=T|LOCATION.X=890|LOCATION.Y=710|NAME=PinUniqueId|TEXT=PKXSAFCQ|UNIQUEID=VYWTKEIJ|
RECORD= 2|LINENO= 309|OWNERPARTID=   2|OWNERINDEX= 292|DESIGNATOR=2|ELECTRICAL=4|FORMALTYPE=1|LOCATION.X=890|LOCATION.Y=730|NAME=2|OWNERPARTDISPLAYMODE=1|PINCONGLOMERATE=33|PINLENGTH=10|
RECORD=41|LINENO= 310|OWNERPARTID=   0|OWNERINDEX= 309|FONTID=1|ISHIDDEN=T|LOCATION.X=890|LOCATION.Y=730|NAME=PinUniqueId|TEXT=BUSAWYMX|UNIQUEID=NKHBMIEE|
RECORD= 6|LINENO= 311|OWNERPARTID=   2|OWNERINDEX= 292|LINEWIDTH=1|LOCATIONCOUNT=7|OWNERPARTDISPLAYMODE=1|X1=890|X2=886|X3=893|X4=886|X5=893|X6=886|X7=890|Y1=710|Y2=713|Y3=717|Y4=721|Y5=725|Y6=728|Y7=730|
RECORD= 2|LINENO= 312|OWNERPARTID=   2|OWNERINDEX= 292|DESIGNATOR=1|ELECTRICAL=4|FORMALTYPE=1|LOCATION.X=890|LOCATION.Y=710|NAME=1|PINCONGLOMERATE=35|PINLENGTH=10|
RECORD=41|LINENO= 313|OWNERPARTID=   0|OWNERINDEX= 312|FONTID=1|ISHIDDEN=T|LOCATION.X=890|LOCATION.Y=710|NAME=PinUniqueId|TEXT=CFXVTRPN|UNIQUEID=RSPPHBEL|
RECORD= 2|LINENO= 314|OWNERPARTID=   2|OWNERINDEX= 292|DESIGNATOR=2|ELECTRICAL=4|FORMALTYPE=1|LOCATION.X=890|LOCATION.Y=730|NAME=2|PINCONGLOMERATE=33|PINLENGTH=10|
RECORD=41|LINENO= 315|OWNERPARTID=   0|OWNERINDEX= 314|FONTID=1|ISHIDDEN=T|LOCATION.X=890|LOCATION.Y=730|NAME=PinUniqueId|TEXT=CJKEMMGP|UNIQUEID=WIKFUTUA|
RECORD= 6|LINENO= 316|OWNERPARTID=   2|OWNERINDEX= 292|LINEWIDTH=1|LOCATIONCOUNT=5|X1=886|X2=894|X3=894|X4=886|X5=886|Y1=710|Y2=710|Y3=730|Y4=730|Y5=710|
RECORD=34|LINENO= 317|OWNERPARTID=   0|OWNERINDEX= 292|FONTID=1|LOCATION.X=895|LOCATION.Y=721|NAME=Designator|TEXT=R705|UNIQUEID=IXARRIQQ|
RECORD=41|LINENO= 318|OWNERPARTID=   0|OWNERINDEX= 292|FONTID=1|LOCATION.X=895|LOCATION.Y=711|NAME=Comment|TEXT==Resistance|UNIQUEID=XXTKGIWH|
RECORD=44|LINENO= 319|OWNERPARTID= -42|OWNERINDEX= 292|
RECORD=45|LINENO= 320|OWNERPARTID= -42|OWNERINDEX= 319|DATABASEDATALINKSLOCKED=T|DATALINKSLOCKED=T|ISCURRENT=T|MODELNAME=RESC1608X05N|MODELTYPE=PCBLIB|UNIQUEID=PFSBYCYG|USECOMPONENTLIBRARY=T|
RECORD=46|LINENO= 321|OWNERPARTID= -42|OWNERINDEX= 320|
RECORD=48|LINENO= 322|OWNERPARTID= -42|OWNERINDEX= 320|
RECORD=45|LINENO= 323|OWNERPARTID= -42|OWNERINDEX= 319|DATABASEDATALINKSLOCKED=T|DATALINKSLOCKED=T|MODELNAME=RESC1608X05L|MODELTYPE=PCBLIB|UNIQUEID=WCGAUADE|USECOMPONENTLIBRARY=T|
RECORD=46|LINENO= 324|OWNERPARTID= -42|OWNERINDEX= 323|
RECORD=48|LINENO= 325|OWNERPARTID= -42|OWNERINDEX= 323|
RECORD=45|LINENO= 326|OWNERPARTID= -42|OWNERINDEX= 319|DATABASEDATALINKSLOCKED=T|DATALINKSLOCKED=T|MODELNAME=RESC1608X05M|MODELTYPE=PCBLIB|UNIQUEID=IJXVYOUF|USECOMPONENTLIBRARY=T|
RECORD=46|LINENO= 327|OWNERPARTID= -42|OWNERINDEX= 326|
RECORD=48|LINENO= 328|OWNERPARTID= -42|OWNERINDEX= 326|
RECORD= 1|LINENO= 329|OWNERPARTID=   0|OWNERINDEX= -42|ALLPINCOUNT=2|AREACOLOR=11599871|COMPONENTDESCRIPTION=SMD Resistor 10k 0603|CURRENTPARTID=1|DATABASETABLENAME=R|DESIGNITEMID=gen_R_10k_0603|DISPLAYMODECOUNT=2|LIBRARYPATH=*|LIBREFERENCE=R|LOCATION.X=930|LOCATION.Y=680|ORIENTATION=1|PARTCOUNT=2|PARTIDLOCKED=T|SHEETPARTFILENAME=*|SOURCELIBRARYNAME=OE750.DbLib|TARGETFILENAME=*|UNIQUEID=WQFLUIRD|
RECORD=41|LINENO= 330|OWNERPARTID=   0|OWNERINDEX= 329|FONTID=1|ISHIDDEN=T|LOCATION.X=915|LOCATION.Y=695|NAME=Part Number|TEXT=gen_R_10k_0603|UNIQUEID=RSVGCVRT|
RECORD=41|LINENO= 331|OWNERPARTID=   0|OWNERINDEX= 329|%UTF8%TEXT=-55째C - +155째C|FONTID=1|ISHIDDEN=T|LOCATION.X=915|LOCATION.Y=695|NAME=Operating Temperature|TEXT=-55캜 - +155캜|UNIQUEID=WWYYKMSC|
RECORD=41|LINENO= 332|OWNERPARTID=   0|OWNERINDEX= 329|FONTID=1|ISHIDDEN=T|LOCATION.X=915|LOCATION.Y=695|NAME=Resistance|TEXT=10k|UNIQUEID=JWXYRSAO|
RECORD=41|LINENO= 333|OWNERPARTID=   0|OWNERINDEX= 329|FONTID=1|ISHIDDEN=T|LOCATION.X=915|LOCATION.Y=695|NAME=Tolerance|TEXT=1%|UNIQUEID=ONHNGWUB|
RECORD=41|LINENO= 334|OWNERPARTID=   0|OWNERINDEX= 329|FONTID=1|ISHIDDEN=T|LOCATION.X=915|LOCATION.Y=695|NAME=Power|TEXT=0.1W|UNIQUEID=EWICDCDN|
RECORD=41|LINENO= 335|OWNERPARTID=   0|OWNERINDEX= 329|FONTID=1|ISHIDDEN=T|LOCATION.X=915|LOCATION.Y=695|NAME=Case EIA|TEXT=0603|UNIQUEID=HHCQMTRY|
RECORD=41|LINENO= 336|OWNERPARTID=   0|OWNERINDEX= 329|FONTID=1|ISHIDDEN=T|LOCATION.X=915|LOCATION.Y=695|NAME=Case Metric|TEXT=1608|UNIQUEID=NAXPQKGS|
RECORD=41|LINENO= 337|OWNERPARTID=   0|OWNERINDEX= 329|FONTID=1|ISHIDDEN=T|LOCATION.X=915|LOCATION.Y=695|NAME=Maximum Working Voltage|TEXT=75V|UNIQUEID=SJCAHEBI|
RECORD=41|LINENO= 338|OWNERPARTID=   0|OWNERINDEX= 329|FONTID=1|ISHIDDEN=T|LOCATION.X=915|LOCATION.Y=695|NAME=Series|TEXT=E24, E96|UNIQUEID=NOPNUPAD|
RECORD=41|LINENO= 339|OWNERPARTID=   0|OWNERINDEX= 329|FONTID=1|ISHIDDEN=T|LOCATION.X=915|LOCATION.Y=695|NAME=PnP Package|TEXT=R_0603|UNIQUEID=VWREGSNF|
RECORD=41|LINENO= 340|OWNERPARTID=   0|OWNERINDEX= 329|FONTID=1|ISHIDDEN=T|LOCATION.X=915|LOCATION.Y=695|NAME=PnP Value|TEXT=10k|UNIQUEID=YTMBMRJA|
RECORD=41|LINENO= 341|OWNERPARTID=   0|OWNERINDEX= 329|FONTID=1|ISHIDDEN=T|LOCATION.X=915|LOCATION.Y=695|NAME=Supplier 1|TEXT=Farnell|UNIQUEID=VWQHMWIO|
RECORD=41|LINENO= 342|OWNERPARTID=   0|OWNERINDEX= 329|FONTID=1|ISHIDDEN=T|LOCATION.X=915|LOCATION.Y=695|NAME=Supplier Part Number 1|TEXT=2073349|UNIQUEID=RPXCHYIG|
RECORD=41|LINENO= 343|OWNERPARTID=   0|OWNERINDEX= 329|FONTID=1|ISHIDDEN=T|LOCATION.X=915|LOCATION.Y=695|NAME=Automotive Qualified|TEXT=True|UNIQUEID=RTQNMTHC|
RECORD= 2|LINENO= 344|OWNERPARTID=   2|OWNERINDEX= 329|DESIGNATOR=1|ELECTRICAL=4|FORMALTYPE=1|LOCATION.X=930|LOCATION.Y=690|NAME=1|OWNERPARTDISPLAYMODE=1|PINCONGLOMERATE=35|PINLENGTH=10|
RECORD=41|LINENO= 345|OWNERPARTID=   0|OWNERINDEX= 344|FONTID=1|ISHIDDEN=T|LOCATION.X=930|LOCATION.Y=690|NAME=PinUniqueId|TEXT=KVDEWMGG|UNIQUEID=RCERJVEO|
RECORD= 2|LINENO= 346|OWNERPARTID=   2|OWNERINDEX= 329|DESIGNATOR=2|ELECTRICAL=4|FORMALTYPE=1|LOCATION.X=930|LOCATION.Y=710|NAME=2|OWNERPARTDISPLAYMODE=1|PINCONGLOMERATE=33|PINLENGTH=10|
RECORD=41|LINENO= 347|OWNERPARTID=   0|OWNERINDEX= 346|FONTID=1|ISHIDDEN=T|LOCATION.X=930|LOCATION.Y=710|NAME=PinUniqueId|TEXT=OIJKLVMV|UNIQUEID=EUQTSBFX|
RECORD= 6|LINENO= 348|OWNERPARTID=   2|OWNERINDEX= 329|LINEWIDTH=1|LOCATIONCOUNT=7|OWNERPARTDISPLAYMODE=1|X1=930|X2=926|X3=933|X4=926|X5=933|X6=926|X7=930|Y1=690|Y2=693|Y3=697|Y4=701|Y5=705|Y6=708|Y7=710|
RECORD= 2|LINENO= 349|OWNERPARTID=   2|OWNERINDEX= 329|DESIGNATOR=1|ELECTRICAL=4|FORMALTYPE=1|LOCATION.X=930|LOCATION.Y=690|NAME=1|PINCONGLOMERATE=35|PINLENGTH=10|
RECORD=41|LINENO= 350|OWNERPARTID=   0|OWNERINDEX= 349|FONTID=1|ISHIDDEN=T|LOCATION.X=930|LOCATION.Y=690|NAME=PinUniqueId|TEXT=DHFJBUOK|UNIQUEID=RYWXNWUV|
RECORD= 2|LINENO= 351|OWNERPARTID=   2|OWNERINDEX= 329|DESIGNATOR=2|ELECTRICAL=4|FORMALTYPE=1|LOCATION.X=930|LOCATION.Y=710|NAME=2|PINCONGLOMERATE=33|PINLENGTH=10|
RECORD=41|LINENO= 352|OWNERPARTID=   0|OWNERINDEX= 351|FONTID=1|ISHIDDEN=T|LOCATION.X=930|LOCATION.Y=710|NAME=PinUniqueId|TEXT=QJBHFYQP|UNIQUEID=BPIHYFUY|
RECORD= 6|LINENO= 353|OWNERPARTID=   2|OWNERINDEX= 329|LINEWIDTH=1|LOCATIONCOUNT=5|X1=926|X2=934|X3=934|X4=926|X5=926|Y1=690|Y2=690|Y3=710|Y4=710|Y5=690|
RECORD=34|LINENO= 354|OWNERPARTID=   0|OWNERINDEX= 329|FONTID=1|LOCATION.X=935|LOCATION.Y=701|NAME=Designator|TEXT=R706|UNIQUEID=PSFKBKXL|
RECORD=41|LINENO= 355|OWNERPARTID=   0|OWNERINDEX= 329|FONTID=1|LOCATION.X=935|LOCATION.Y=691|NAME=Comment|TEXT==Resistance|UNIQUEID=EOROXTYD|
RECORD=44|LINENO= 356|OWNERPARTID= -42|OWNERINDEX= 329|
RECORD=45|LINENO= 357|OWNERPARTID= -42|OWNERINDEX= 356|DATABASEDATALINKSLOCKED=T|DATALINKSLOCKED=T|ISCURRENT=T|MODELNAME=RESC1608X05N|MODELTYPE=PCBLIB|UNIQUEID=HMMSBVVV|USECOMPONENTLIBRARY=T|
RECORD=46|LINENO= 358|OWNERPARTID= -42|OWNERINDEX= 357|
RECORD=48|LINENO= 359|OWNERPARTID= -42|OWNERINDEX= 357|
RECORD=45|LINENO= 360|OWNERPARTID= -42|OWNERINDEX= 356|DATABASEDATALINKSLOCKED=T|DATALINKSLOCKED=T|MODELNAME=RESC1608X05L|MODELTYPE=PCBLIB|UNIQUEID=EGQQQNBX|USECOMPONENTLIBRARY=T|
RECORD=46|LINENO= 361|OWNERPARTID= -42|OWNERINDEX= 360|
RECORD=48|LINENO= 362|OWNERPARTID= -42|OWNERINDEX= 360|
RECORD=45|LINENO= 363|OWNERPARTID= -42|OWNERINDEX= 356|DATABASEDATALINKSLOCKED=T|DATALINKSLOCKED=T|MODELNAME=RESC1608X05M|MODELTYPE=PCBLIB|UNIQUEID=ADMJDIFN|USECOMPONENTLIBRARY=T|
RECORD=46|LINENO= 364|OWNERPARTID= -42|OWNERINDEX= 363|
RECORD=48|LINENO= 365|OWNERPARTID= -42|OWNERINDEX= 363|
RECORD= 1|LINENO= 366|OWNERPARTID=   0|OWNERINDEX= -42|ALLPINCOUNT=2|AREACOLOR=11599871|COMPONENTDESCRIPTION=SMD Resistor 10k 0603|CURRENTPARTID=1|DATABASETABLENAME=R|DESIGNITEMID=gen_R_10k_0603|DISPLAYMODECOUNT=2|LIBRARYPATH=*|LIBREFERENCE=R|LOCATION.X=970|LOCATION.Y=700|ORIENTATION=1|PARTCOUNT=2|PARTIDLOCKED=T|SHEETPARTFILENAME=*|SOURCELIBRARYNAME=OE750.DbLib|TARGETFILENAME=*|UNIQUEID=NGJUCIVL|
RECORD=41|LINENO= 367|OWNERPARTID=   0|OWNERINDEX= 366|FONTID=1|ISHIDDEN=T|LOCATION.X=955|LOCATION.Y=715|NAME=Part Number|TEXT=gen_R_10k_0603|UNIQUEID=KMTWBJPG|
RECORD=41|LINENO= 368|OWNERPARTID=   0|OWNERINDEX= 366|%UTF8%TEXT=-55째C - +155째C|FONTID=1|ISHIDDEN=T|LOCATION.X=955|LOCATION.Y=715|NAME=Operating Temperature|TEXT=-55캜 - +155캜|UNIQUEID=JPHMSUSD|
RECORD=41|LINENO= 369|OWNERPARTID=   0|OWNERINDEX= 366|FONTID=1|ISHIDDEN=T|LOCATION.X=955|LOCATION.Y=715|NAME=Resistance|TEXT=10k|UNIQUEID=XPHTHDCN|
RECORD=41|LINENO= 370|OWNERPARTID=   0|OWNERINDEX= 366|FONTID=1|ISHIDDEN=T|LOCATION.X=955|LOCATION.Y=715|NAME=Tolerance|TEXT=1%|UNIQUEID=HFUURPBV|
RECORD=41|LINENO= 371|OWNERPARTID=   0|OWNERINDEX= 366|FONTID=1|ISHIDDEN=T|LOCATION.X=955|LOCATION.Y=715|NAME=Power|TEXT=0.1W|UNIQUEID=WNOJJBQQ|
RECORD=41|LINENO= 372|OWNERPARTID=   0|OWNERINDEX= 366|FONTID=1|ISHIDDEN=T|LOCATION.X=955|LOCATION.Y=715|NAME=Case EIA|TEXT=0603|UNIQUEID=SLDYJBUS|
RECORD=41|LINENO= 373|OWNERPARTID=   0|OWNERINDEX= 366|FONTID=1|ISHIDDEN=T|LOCATION.X=955|LOCATION.Y=715|NAME=Case Metric|TEXT=1608|UNIQUEID=PAKEYDPK|
RECORD=41|LINENO= 374|OWNERPARTID=   0|OWNERINDEX= 366|FONTID=1|ISHIDDEN=T|LOCATION.X=955|LOCATION.Y=715|NAME=Maximum Working Voltage|TEXT=75V|UNIQUEID=TEOQLHCY|
RECORD=41|LINENO= 375|OWNERPARTID=   0|OWNERINDEX= 366|FONTID=1|ISHIDDEN=T|LOCATION.X=955|LOCATION.Y=715|NAME=Series|TEXT=E24, E96|UNIQUEID=XIYUDHFQ|
RECORD=41|LINENO= 376|OWNERPARTID=   0|OWNERINDEX= 366|FONTID=1|ISHIDDEN=T|LOCATION.X=955|LOCATION.Y=715|NAME=PnP Package|TEXT=R_0603|UNIQUEID=OARVXCGO|
RECORD=41|LINENO= 377|OWNERPARTID=   0|OWNERINDEX= 366|FONTID=1|ISHIDDEN=T|LOCATION.X=955|LOCATION.Y=715|NAME=PnP Value|TEXT=10k|UNIQUEID=LNFKCLLQ|
RECORD=41|LINENO= 378|OWNERPARTID=   0|OWNERINDEX= 366|FONTID=1|ISHIDDEN=T|LOCATION.X=955|LOCATION.Y=715|NAME=Supplier 1|TEXT=Farnell|UNIQUEID=QAOCGMUS|
RECORD=41|LINENO= 379|OWNERPARTID=   0|OWNERINDEX= 366|FONTID=1|ISHIDDEN=T|LOCATION.X=955|LOCATION.Y=715|NAME=Supplier Part Number 1|TEXT=2073349|UNIQUEID=QAQXTIPP|
RECORD=41|LINENO= 380|OWNERPARTID=   0|OWNERINDEX= 366|FONTID=1|ISHIDDEN=T|LOCATION.X=955|LOCATION.Y=715|NAME=Automotive Qualified|TEXT=True|UNIQUEID=YGXYXCRV|
RECORD= 2|LINENO= 381|OWNERPARTID=   2|OWNERINDEX= 366|DESIGNATOR=1|ELECTRICAL=4|FORMALTYPE=1|LOCATION.X=970|LOCATION.Y=710|NAME=1|OWNERPARTDISPLAYMODE=1|PINCONGLOMERATE=35|PINLENGTH=10|
RECORD=41|LINENO= 382|OWNERPARTID=   0|OWNERINDEX= 381|FONTID=1|ISHIDDEN=T|LOCATION.X=970|LOCATION.Y=710|NAME=PinUniqueId|TEXT=HGJVSKCY|UNIQUEID=WVQWDUPT|
RECORD= 2|LINENO= 383|OWNERPARTID=   2|OWNERINDEX= 366|DESIGNATOR=2|ELECTRICAL=4|FORMALTYPE=1|LOCATION.X=970|LOCATION.Y=730|NAME=2|OWNERPARTDISPLAYMODE=1|PINCONGLOMERATE=33|PINLENGTH=10|
RECORD=41|LINENO= 384|OWNERPARTID=   0|OWNERINDEX= 383|FONTID=1|ISHIDDEN=T|LOCATION.X=970|LOCATION.Y=730|NAME=PinUniqueId|TEXT=NKDSJTVU|UNIQUEID=HCHIXCOA|
RECORD= 6|LINENO= 385|OWNERPARTID=   2|OWNERINDEX= 366|LINEWIDTH=1|LOCATIONCOUNT=7|OWNERPARTDISPLAYMODE=1|X1=970|X2=966|X3=973|X4=966|X5=973|X6=966|X7=970|Y1=710|Y2=713|Y3=717|Y4=721|Y5=725|Y6=728|Y7=730|
RECORD= 2|LINENO= 386|OWNERPARTID=   2|OWNERINDEX= 366|DESIGNATOR=1|ELECTRICAL=4|FORMALTYPE=1|LOCATION.X=970|LOCATION.Y=710|NAME=1|PINCONGLOMERATE=35|PINLENGTH=10|
RECORD=41|LINENO= 387|OWNERPARTID=   0|OWNERINDEX= 386|FONTID=1|ISHIDDEN=T|LOCATION.X=970|LOCATION.Y=710|NAME=PinUniqueId|TEXT=WCJTJUQW|UNIQUEID=XQXJFSSJ|
RECORD= 2|LINENO= 388|OWNERPARTID=   2|OWNERINDEX= 366|DESIGNATOR=2|ELECTRICAL=4|FORMALTYPE=1|LOCATION.X=970|LOCATION.Y=730|NAME=2|PINCONGLOMERATE=33|PINLENGTH=10|
RECORD=41|LINENO= 389|OWNERPARTID=   0|OWNERINDEX= 388|FONTID=1|ISHIDDEN=T|LOCATION.X=970|LOCATION.Y=730|NAME=PinUniqueId|TEXT=ISDATMSU|UNIQUEID=OARROKLH|
RECORD= 6|LINENO= 390|OWNERPARTID=   2|OWNERINDEX= 366|LINEWIDTH=1|LOCATIONCOUNT=5|X1=966|X2=974|X3=974|X4=966|X5=966|Y1=710|Y2=710|Y3=730|Y4=730|Y5=710|
RECORD=34|LINENO= 391|OWNERPARTID=   0|OWNERINDEX= 366|FONTID=1|LOCATION.X=975|LOCATION.Y=721|NAME=Designator|TEXT=R707|UNIQUEID=BMONAQLT|
RECORD=41|LINENO= 392|OWNERPARTID=   0|OWNERINDEX= 366|FONTID=1|LOCATION.X=975|LOCATION.Y=711|NAME=Comment|TEXT==Resistance|UNIQUEID=OLYRXYOQ|
RECORD=44|LINENO= 393|OWNERPARTID= -42|OWNERINDEX= 366|
RECORD=45|LINENO= 394|OWNERPARTID= -42|OWNERINDEX= 393|DATABASEDATALINKSLOCKED=T|DATALINKSLOCKED=T|ISCURRENT=T|MODELNAME=RESC1608X05N|MODELTYPE=PCBLIB|UNIQUEID=QUTIMCQI|USECOMPONENTLIBRARY=T|
RECORD=46|LINENO= 395|OWNERPARTID= -42|OWNERINDEX= 394|
RECORD=48|LINENO= 396|OWNERPARTID= -42|OWNERINDEX= 394|
RECORD=45|LINENO= 397|OWNERPARTID= -42|OWNERINDEX= 393|DATABASEDATALINKSLOCKED=T|DATALINKSLOCKED=T|MODELNAME=RESC1608X05L|MODELTYPE=PCBLIB|UNIQUEID=IBBRLLEV|USECOMPONENTLIBRARY=T|
RECORD=46|LINENO= 398|OWNERPARTID= -42|OWNERINDEX= 397|
RECORD=48|LINENO= 399|OWNERPARTID= -42|OWNERINDEX= 397|
RECORD=45|LINENO= 400|OWNERPARTID= -42|OWNERINDEX= 393|DATABASEDATALINKSLOCKED=T|DATALINKSLOCKED=T|MODELNAME=RESC1608X05M|MODELTYPE=PCBLIB|UNIQUEID=HTBWFUVW|USECOMPONENTLIBRARY=T|
RECORD=46|LINENO= 401|OWNERPARTID= -42|OWNERINDEX= 400|
RECORD=48|LINENO= 402|OWNERPARTID= -42|OWNERINDEX= 400|
RECORD=17|LINENO= 403|OWNERPARTID=   0|OWNERINDEX= -42|FONTID=1|LOCATION.X=690|LOCATION.Y=760|ORIENTATION=1|SHOWNETNAME=T|STYLE=2|TEXT=+5.0V_VREG|UNIQUEID=MTUBPHMF|
RECORD=18|LINENO= 404|OWNERPARTID=   0|OWNERINDEX= -42|AREACOLOR=8454143|FONTID=1|HEIGHT=10|IOTYPE=3|LOCATION.X=480|LOCATION.Y=660|NAME=SCL|TEXTCOLOR=128|UNIQUEID=RGODIRSR|WIDTH=80|
RECORD=18|LINENO= 405|OWNERPARTID=   0|OWNERINDEX= -42|AREACOLOR=8454143|FONTID=1|HEIGHT=10|IOTYPE=3|LOCATION.X=480|LOCATION.Y=650|NAME=SDA|TEXTCOLOR=128|UNIQUEID=RBNFKEJS|WIDTH=80|
RECORD=41|LINENO= 406|OWNERPARTID=   0|OWNERINDEX= -42|FONTID=1|ISHIDDEN=T|LOCATION.X=629|LOCATION.X_FRAC=48634|LOCATION.Y=39|NAME=SheetDescription|TEXT=Primary Digital Inputs/Outputs|UNIQUEID=FTMTQEBL|
RECORD=41|LINENO= 407|OWNERPARTID=   0|OWNERINDEX= -42|FONTID=1|ISHIDDEN=T|NAME=ConfigurationParameters|UNIQUEID=CXVINIQX|
RECORD=41|LINENO= 408|OWNERPARTID=   0|OWNERINDEX= -42|FONTID=1|ISHIDDEN=T|NAME=ConfiguratorName|UNIQUEID=YSRTHGNH|
RECORD=41|LINENO= 409|OWNERPARTID=   0|OWNERINDEX= -42|FONTID=1|ISHIDDEN=T|NAME=VersionControl_RevNumber|UNIQUEID=OILFODFT|
RECORD=41|LINENO= 410|OWNERPARTID=   0|OWNERINDEX= -42|FONTID=1|ISHIDDEN=T|NAME=IsUserConfigurable|UNIQUEID=EKYTEGNL|
RECORD=41|LINENO= 411|OWNERPARTID=   0|OWNERINDEX= -42|FONTID=1|ISHIDDEN=T|NAME=VersionControl_ProjFolderRevNumber|UNIQUEID=WBSIMLNR|
RECORD=25|LINENO= 412|OWNERPARTID=   0|OWNERINDEX= -42|FONTID=1|LOCATION.X=1000|LOCATION.Y=660|TEXT=DIGITAL-IO_0|UNIQUEID=GTPSNNNU|
RECORD=25|LINENO= 413|OWNERPARTID=   0|OWNERINDEX= -42|FONTID=1|LOCATION.X=1000|LOCATION.Y=650|TEXT=DIGITAL-IO_1|UNIQUEID=NLBKUNBH|
RECORD=25|LINENO= 414|OWNERPARTID=   0|OWNERINDEX= -42|FONTID=1|LOCATION.X=1000|LOCATION.Y=640|TEXT=DIGITAL-IO_2|UNIQUEID=XKBLTPYQ|
RECORD=25|LINENO= 415|OWNERPARTID=   0|OWNERINDEX= -42|FONTID=1|LOCATION.X=1000|LOCATION.Y=630|TEXT=DIGITAL-IO_3|UNIQUEID=UDUQTJXJ|
RECORD=25|LINENO= 416|OWNERPARTID=   0|OWNERINDEX= -42|FONTID=1|LOCATION.X=1000|LOCATION.Y=620|TEXT=DIGITAL-IO_4|UNIQUEID=KNNFYHFI|
RECORD=25|LINENO= 417|OWNERPARTID=   0|OWNERINDEX= -42|FONTID=1|LOCATION.X=1000|LOCATION.Y=610|TEXT=DIGITAL-IO_5|UNIQUEID=MTVAOFIE|
RECORD=25|LINENO= 418|OWNERPARTID=   0|OWNERINDEX= -42|FONTID=1|LOCATION.X=1000|LOCATION.Y=600|TEXT=DIGITAL-IO_6|UNIQUEID=HNRIKYLD|
RECORD=25|LINENO= 419|OWNERPARTID=   0|OWNERINDEX= -42|FONTID=1|LOCATION.X=1000|LOCATION.Y=590|TEXT=DIGITAL-IO_7|UNIQUEID=RCCCHSXS|
RECORD=18|LINENO= 420|OWNERPARTID=   0|OWNERINDEX= -42|ALIGNMENT=1|AREACOLOR=8454143|FONTID=1|HEIGHT=10|IOTYPE=3|LOCATION.X=1250|LOCATION.Y=570|NAME=DIGITAL-IO_[0..7]|TEXTCOLOR=128|UNIQUEID=LFRNYXFC|WIDTH=100|
RECORD=18|LINENO= 421|OWNERPARTID=   0|OWNERINDEX= -42|AREACOLOR=8454143|FONTID=1|HEIGHT=10|LOCATION.X=720|LOCATION.Y=470|NAME=FUSED_VBAT-|TEXTCOLOR=128|UNIQUEID=QCBKBDKB|WIDTH=90|
RECORD=17|LINENO= 422|OWNERPARTID=   0|OWNERINDEX= -42|FONTID=1|LOCATION.X=700|LOCATION.Y=450|ORIENTATION=3|SHOWNETNAME=T|STYLE=2|TEXT=FUSED_VBAT-|UNIQUEID=BGSNJBBD|
RECORD=17|LINENO= 423|OWNERPARTID=   0|OWNERINDEX= -42|FONTID=1|LOCATION.X=480|LOCATION.Y=490|ORIENTATION=1|SHOWNETNAME=T|STYLE=2|TEXT=+5.0V_VREG|UNIQUEID=RSEJELMJ|
RECORD=18|LINENO= 424|OWNERPARTID=   0|OWNERINDEX= -42|AREACOLOR=8454143|FONTID=1|HEIGHT=10|LOCATION.X=370|LOCATION.Y=470|NAME=+5.0V_VREG|TEXTCOLOR=128|UNIQUEID=HFMIXONE|WIDTH=90|
RECORD=17|LINENO= 425|OWNERPARTID=   0|OWNERINDEX= -42|FONTID=1|LOCATION.X=480|LOCATION.Y=610|ORIENTATION=3|SHOWNETNAME=T|STYLE=2|TEXT=FUSED_VBAT-|UNIQUEID=SIAKTGNW|
RECORD=37|LINENO= 426|OWNERPARTID=   0|OWNERINDEX= -42|CORNER.X=1120|CORNER.Y=650|LINEWIDTH=1|LOCATION.X=1110|LOCATION.Y=660|
RECORD=37|LINENO= 427|OWNERPARTID=   0|OWNERINDEX= -42|CORNER.X=1120|CORNER.Y=640|LINEWIDTH=1|LOCATION.X=1110|LOCATION.Y=650|
RECORD=37|LINENO= 428|OWNERPARTID=   0|OWNERINDEX= -42|CORNER.X=1120|CORNER.Y=630|LINEWIDTH=1|LOCATION.X=1110|LOCATION.Y=640|
RECORD=37|LINENO= 429|OWNERPARTID=   0|OWNERINDEX= -42|CORNER.X=1120|CORNER.Y=620|LINEWIDTH=1|LOCATION.X=1110|LOCATION.Y=630|
RECORD=37|LINENO= 430|OWNERPARTID=   0|OWNERINDEX= -42|CORNER.X=1120|CORNER.Y=610|LINEWIDTH=1|LOCATION.X=1110|LOCATION.Y=620|
RECORD=37|LINENO= 431|OWNERPARTID=   0|OWNERINDEX= -42|CORNER.X=1120|CORNER.Y=600|LINEWIDTH=1|LOCATION.X=1110|LOCATION.Y=610|
RECORD=37|LINENO= 432|OWNERPARTID=   0|OWNERINDEX= -42|CORNER.X=1120|CORNER.Y=590|LINEWIDTH=1|LOCATION.X=1110|LOCATION.Y=600|
RECORD=37|LINENO= 433|OWNERPARTID=   0|OWNERINDEX= -42|CORNER.X=1120|CORNER.Y=580|LINEWIDTH=1|LOCATION.X=1110|LOCATION.Y=590|
RECORD=25|LINENO= 434|OWNERPARTID=   0|OWNERINDEX= -42|FONTID=1|LOCATION.X=1140|LOCATION.Y=570|TEXT=DIGITAL-IO_[0..7]|UNIQUEID=UTBGMAVP|
RECORD= 1|LINENO= 435|OWNERPARTID=   0|OWNERINDEX= -42|ALLPINCOUNT=16|AREACOLOR=11599871|COMPONENTDESCRIPTION=Low-Voltage 8-Bit I2C and SMBus I/O Expander, 1.65 to 5.5 V, -40 to 85 degC, 16-pin TSSOP (PW), Green (RoHS & no Sb/Br)|CURRENTPARTID=1|DESIGNITEMID=CMP-0314-00338-2|DISPLAYMODECOUNT=1|ITEMGUID=5E302566-899B-4DC1-AD96-365C5678654B|LIBRARYPATH=*|LIBREFERENCE=TI-TCA6408A-TSSOP_PW-16|LOCATION.X=600|LOCATION.Y=670|NOTUSEDBTABLENAME=T|PARTCOUNT=2|PARTIDLOCKED=T|REVISIONGUID=CD3B8CA9-B537-40D7-8DD3-9E6B96B66B40|SOURCELIBRARYNAME=Altium Content Vault|SYMBOLITEMGUID=F3A40E05-15B4-4FFA-9F83-D942A11E1347|SYMBOLREVISIONGUID=BDB5EA96-98D6-4B9E-9A15-24DF5E43A0CC|SYMBOLVAULTGUID=B7D15EC3-160A-466F-A46C-7801FE6295A7|TARGETFILENAME=*|UNIQUEID=ONGRHRBD|VAULTGUID=B7D15EC3-160A-466F-A46C-7801FE6295A7|
RECORD=41|LINENO= 436|OWNERPARTID=   0|OWNERINDEX= 435|FONTID=1|ISHIDDEN=T|LOCATION.X=578|LOCATION.Y=685|NAME=Push-Pull I/O Type|TEXT=Yes|UNIQUEID=QECSQTCF|
RECORD=41|LINENO= 437|OWNERPARTID=   0|OWNERINDEX= 435|FONTID=1|ISHIDDEN=T|LOCATION.X=578|LOCATION.Y=685|NAME=Function|UNIQUEID=DSFYUTWN|
RECORD=41|LINENO= 438|OWNERPARTID=   0|OWNERINDEX= 435|FONTID=1|ISHIDDEN=T|LOCATION.X=578|LOCATION.Y=685|NAME=ComponentLink2URL|UNIQUEID=WRDDDWGD|
RECORD=41|LINENO= 439|OWNERPARTID=   0|OWNERINDEX= 435|FONTID=1|ISHIDDEN=T|LOCATION.X=578|LOCATION.Y=685|NAME=Max Frequency(kHz)|TEXT=400|UNIQUEID=RNSNCUKH|
RECORD=41|LINENO= 440|OWNERPARTID=   0|OWNERINDEX= 435|FONTID=1|ISHIDDEN=T|LOCATION.X=578|LOCATION.Y=685|NAME=Vcc range(V)|TEXT=1.65 to 5.5|UNIQUEID=MUDMHJWR|
RECORD=41|LINENO= 441|OWNERPARTID=   0|OWNERINDEX= 435|FONTID=1|ISHIDDEN=T|LOCATION.X=578|LOCATION.Y=685|NAME=Simultaneously Active Channels|UNIQUEID=XCJFFJOQ|
RECORD=41|LINENO= 442|OWNERPARTID=   0|OWNERINDEX= 435|FONTID=1|ISHIDDEN=T|LOCATION.X=578|LOCATION.Y=685|NAME=tpd max(ns)|UNIQUEID=KOSFETYW|
RECORD=41|LINENO= 443|OWNERPARTID=   0|OWNERINDEX= 435|FONTID=1|ISHIDDEN=T|LOCATION.X=578|LOCATION.Y=685|NAME=Slave Side I2C Bus Capacitance Supported(pF)|UNIQUEID=XQDYKYMT|
RECORD=41|LINENO= 444|OWNERPARTID=   0|OWNERINDEX= 435|FONTID=1|ISHIDDEN=T|LOCATION.X=578|LOCATION.Y=685|NAME=PackageDescription|TEXT=16-Pin Plastic Thin Small Outline Package 5 x 4.4 mm Body ,0.65 mm Pitch|UNIQUEID=GIATXPYI|
RECORD=41|LINENO= 445|OWNERPARTID=   0|OWNERINDEX= 435|FONTID=1|ISHIDDEN=T|LOCATION.X=578|LOCATION.Y=685|NAME=PartNumber|TEXT=TCA6408APWR|UNIQUEID=SETEWNTG|
RECORD=41|LINENO= 446|OWNERPARTID=   0|OWNERINDEX= 435|FONTID=1|ISHIDDEN=T|LOCATION.X=578|LOCATION.Y=685|NAME=Configuration Registers|TEXT=Yes|UNIQUEID=TILIKJTT|
RECORD=41|LINENO= 447|OWNERPARTID=   0|OWNERINDEX= 435|FONTID=1|ISHIDDEN=T|LOCATION.X=578|LOCATION.Y=685|NAME=Master Side I2C Bus Capacitance Supported(pF)|UNIQUEID=RHUFEUKW|
RECORD=41|LINENO= 448|OWNERPARTID=   0|OWNERINDEX= 435|FONTID=1|ISHIDDEN=T|LOCATION.X=578|LOCATION.Y=685|NAME=No. of Outputs|TEXT=8|UNIQUEID=HMTMKYSC|
RECORD=41|LINENO= 449|OWNERPARTID=   0|OWNERINDEX= 435|FONTID=1|ISHIDDEN=T|LOCATION.X=578|LOCATION.Y=685|NAME=VCC(Min)(V)|TEXT=1.65|UNIQUEID=XPQIOJRF|
RECORD=41|LINENO= 450|OWNERPARTID=   0|OWNERINDEX= 435|FONTID=1|ISHIDDEN=T|LOCATION.X=578|LOCATION.Y=685|NAME=Eco-Plan|TEXT=Green (RoHS & no Sb/Br)|UNIQUEID=EUWXISKR|
RECORD=41|LINENO= 451|OWNERPARTID=   0|OWNERINDEX= 435|FONTID=1|ISHIDDEN=T|LOCATION.X=578|LOCATION.Y=685|NAME=ComponentLink1Description|TEXT=Datasheet|UNIQUEID=WVHBNUJE|
RECORD=41|LINENO= 452|OWNERPARTID=   0|OWNERINDEX= 435|FONTID=1|ISHIDDEN=T|LOCATION.X=578|LOCATION.Y=685|NAME=On-Chip Power-on-Reset|UNIQUEID=DQWDIPUI|
RECORD=41|LINENO= 453|OWNERPARTID=   0|OWNERINDEX= 435|FONTID=1|ISHIDDEN=T|LOCATION.X=578|LOCATION.Y=685|NAME=Voltage Nodes(V)|UNIQUEID=NDJFFYHA|
RECORD=41|LINENO= 454|OWNERPARTID=   0|OWNERINDEX= 435|FONTID=1|ISHIDDEN=T|LOCATION.X=578|LOCATION.Y=685|NAME=EXP Pin|UNIQUEID=XOAAELAU|
RECORD=41|LINENO= 455|OWNERPARTID=   0|OWNERINDEX= 435|FONTID=1|ISHIDDEN=T|LOCATION.X=578|LOCATION.Y=685|NAME=Low Power|TEXT=Yes|UNIQUEID=BAEHWFNU|
RECORD=41|LINENO= 456|OWNERPARTID=   0|OWNERINDEX= 435|FONTID=1|ISHIDDEN=T|LOCATION.X=578|LOCATION.Y=685|NAME=SubFamily|TEXT=I2C IO Expander|UNIQUEID=LYLRGAHR|
RECORD=41|LINENO= 457|OWNERPARTID=   0|OWNERINDEX= 435|FONTID=2|ISHIDDEN=T|LOCATION.X=578|LOCATION.Y=685|NAME=ComponentLink1URL|TEXT=http://www.ti.com/general/docs/lit/getliterature.tsp?genericPartNumber=TCA6408A&fileType=pdf|UNIQUEID=CSILILGE|
RECORD=41|LINENO= 458|OWNERPARTID=   0|OWNERINDEX= 435|FONTID=1|ISHIDDEN=T|LOCATION.X=578|LOCATION.Y=685|NAME=ComponentLink2Description|UNIQUEID=MVJCGLWT|
RECORD=41|LINENO= 459|OWNERPARTID=   0|OWNERINDEX= 435|FONTID=1|ISHIDDEN=T|LOCATION.X=578|LOCATION.Y=685|NAME=Manufacturer|TEXT=Texas Instruments|UNIQUEID=JOAVFKRW|
RECORD=41|LINENO= 460|OWNERPARTID=   0|OWNERINDEX= 435|FONTID=1|ISHIDDEN=T|LOCATION.X=578|LOCATION.Y=685|NAME=5V Tolerant I/O|TEXT=Yes|UNIQUEID=YHXSNEGD|
RECORD=41|LINENO= 461|OWNERPARTID=   0|OWNERINDEX= 435|FONTID=1|ISHIDDEN=T|LOCATION.X=578|LOCATION.Y=685|NAME=Code_JEDEC|TEXT=MO-153|UNIQUEID=XRUSSUCV|
RECORD=41|LINENO= 462|OWNERPARTID=   0|OWNERINDEX= 435|FONTID=1|ISHIDDEN=T|LOCATION.X=578|LOCATION.Y=685|NAME=Interrupt Output|TEXT=Yes|UNIQUEID=MNBIPFQL|
RECORD=41|LINENO= 463|OWNERPARTID=   0|OWNERINDEX= 435|FONTID=1|ISHIDDEN=T|LOCATION.X=578|LOCATION.Y=685|NAME=PackageVersion|TEXT=revG, Feb-2011|UNIQUEID=RPNRTOMJ|
RECORD=41|LINENO= 464|OWNERPARTID=   0|OWNERINDEX= 435|FONTID=1|ISHIDDEN=T|LOCATION.X=578|LOCATION.Y=685|NAME=Technology Family|UNIQUEID=RELNNLHX|
RECORD=41|LINENO= 465|OWNERPARTID=   0|OWNERINDEX= 435|FONTID=1|ISHIDDEN=T|LOCATION.X=578|LOCATION.Y=685|NAME=Enable Pin|UNIQUEID=XIGTPAYE|
RECORD=41|LINENO= 466|OWNERPARTID=   0|OWNERINDEX= 435|FONTID=1|ISHIDDEN=T|LOCATION.X=578|LOCATION.Y=685|NAME=Rating|UNIQUEID=SHOMHQEA|
RECORD=41|LINENO= 467|OWNERPARTID=   0|OWNERINDEX= 435|FONTID=1|ISHIDDEN=T|LOCATION.X=578|LOCATION.Y=685|NAME=I2C Address|TEXT=0100 00x|UNIQUEID=NKHWEXHX|
RECORD=41|LINENO= 468|OWNERPARTID=   0|OWNERINDEX= 435|FONTID=1|ISHIDDEN=T|LOCATION.X=578|LOCATION.Y=685|NAME=Open Drain I/O Type|UNIQUEID=QUOTKTCU|
RECORD=41|LINENO= 469|OWNERPARTID=   0|OWNERINDEX= 435|FONTID=1|ISHIDDEN=T|LOCATION.X=578|LOCATION.Y=685|NAME=# of I/Os|TEXT=8|UNIQUEID=QHBNPYYB|
RECORD=41|LINENO= 470|OWNERPARTID=   0|OWNERINDEX= 435|FONTID=1|ISHIDDEN=T|LOCATION.X=578|LOCATION.Y=685|NAME=Reset Input|TEXT=Yes|UNIQUEID=AMCVFDNB|
RECORD=41|LINENO= 471|OWNERPARTID=   0|OWNERINDEX= 435|FONTID=1|ISHIDDEN=T|LOCATION.X=578|LOCATION.Y=685|NAME=fSCLK(Max)(MHz)|TEXT=400|UNIQUEID=XJYNNQFF|
RECORD=41|LINENO= 472|OWNERPARTID=   0|OWNERINDEX= 435|FONTID=1|ISHIDDEN=T|LOCATION.X=578|LOCATION.Y=685|NAME=PackageReference|TEXT=PW0016A|UNIQUEID=CEJVHLRR|
RECORD=41|LINENO= 473|OWNERPARTID=   0|OWNERINDEX= 435|FONTID=1|ISHIDDEN=T|LOCATION.X=578|LOCATION.Y=685|NAME=Channel Width|UNIQUEID=GIOURPUE|
RECORD=41|LINENO= 474|OWNERPARTID=   0|OWNERINDEX= 435|FONTID=1|ISHIDDEN=T|LOCATION.X=578|LOCATION.Y=685|NAME=VCC(Max)(V)|TEXT=5.5|UNIQUEID=LDDHCJFL|
RECORD=41|LINENO= 475|OWNERPARTID=   0|OWNERINDEX= 435|FONTID=1|ISHIDDEN=T|LOCATION.X=578|LOCATION.Y=685|NAME=Mounting Technology|TEXT=Surface Mount|UNIQUEID=SFGWGUEN|
RECORD=41|LINENO= 476|OWNERPARTID=   0|OWNERINDEX= 435|FONTID=1|ISHIDDEN=T|LOCATION.X=578|LOCATION.Y=685|NAME=DatasheetVersion|TEXT=SCPS192C|UNIQUEID=IXLREHJU|
RECORD=14|LINENO= 477|OWNERPARTID=   2|OWNERINDEX= 435|AREACOLOR=11599871|CORNER.X=660|CORNER.Y=670|ISSOLID=T|LOCATION.X=600|LOCATION.Y=550|
RECORD= 2|LINENO= 478|OWNERPARTID=   2|OWNERINDEX= 435|DESCRIPTION=Supply voltage of I2C bus. Connect directly to the VCCI of the external I2C master. Provides voltage leveltranslation|DESIGNATOR=1|ELECTRICAL=7|FORMALTYPE=1|LOCATION.X=600|LOCATION.Y=570|NAME=VCCI|PINCONGLOMERATE=58|PINLENGTH=20|
RECORD=41|LINENO= 479|OWNERPARTID=   0|OWNERINDEX= 478|FONTID=1|ISHIDDEN=T|LOCATION.X=600|LOCATION.Y=570|NAME=PinUniqueId|TEXT=NCDRYNXW|UNIQUEID=GRGQSWUR|
RECORD= 2|LINENO= 480|OWNERPARTID=   2|OWNERINDEX= 435|DESCRIPTION=Address input. Connect directly to VCCI or ground|DESIGNATOR=2|FORMALTYPE=1|LOCATION.X=600|LOCATION.Y=630|NAME=ADDR|PINCONGLOMERATE=58|PINLENGTH=20|
RECORD=41|LINENO= 481|OWNERPARTID=   0|OWNERINDEX= 480|FONTID=1|ISHIDDEN=T|LOCATION.X=600|LOCATION.Y=630|NAME=PinUniqueId|TEXT=LWNMCJGV|UNIQUEID=WNPBAQDU|
RECORD= 2|LINENO= 482|OWNERPARTID=   2|OWNERINDEX= 435|DESCRIPTION=Active-low reset input. Connect to VCC  through a pullup resistor, if no active connection is used.|DESIGNATOR=3|FORMALTYPE=1|LOCATION.X=600|LOCATION.Y=590|NAME=R\E\S\E\T\|PINCONGLOMERATE=58|PINLENGTH=20|
RECORD=41|LINENO= 483|OWNERPARTID=   0|OWNERINDEX= 482|FONTID=1|ISHIDDEN=T|LOCATION.X=600|LOCATION.Y=590|NAME=PinUniqueId|TEXT=VGKQVHPF|UNIQUEID=BTXBOXPI|
RECORD= 2|LINENO= 484|OWNERPARTID=   2|OWNERINDEX= 435|DESCRIPTION=P-port input/output. (Push-pull design structure.) At power on, P0 is configured as an input.|DESIGNATOR=4|ELECTRICAL=1|FORMALTYPE=1|LOCATION.X=660|LOCATION.Y=660|NAME=P0|PINCONGLOMERATE=56|PINLENGTH=20|
RECORD=41|LINENO= 485|OWNERPARTID=   0|OWNERINDEX= 484|FONTID=1|ISHIDDEN=T|LOCATION.X=660|LOCATION.Y=660|NAME=PinUniqueId|TEXT=PLMVSIGJ|UNIQUEID=UFUFKWTW|
RECORD= 2|LINENO= 486|OWNERPARTID=   2|OWNERINDEX= 435|DESCRIPTION=P-port input/output. (Push-pull design structure.) At power on, P1 is configured as an input.|DESIGNATOR=5|ELECTRICAL=1|FORMALTYPE=1|LOCATION.X=660|LOCATION.Y=650|NAME=P1|PINCONGLOMERATE=56|PINLENGTH=20|
RECORD=41|LINENO= 487|OWNERPARTID=   0|OWNERINDEX= 486|FONTID=1|ISHIDDEN=T|LOCATION.X=660|LOCATION.Y=650|NAME=PinUniqueId|TEXT=RVYWUEMH|UNIQUEID=PUUIANQT|
RECORD= 2|LINENO= 488|OWNERPARTID=   2|OWNERINDEX= 435|DESCRIPTION=P-port input/output. (Push-pull design structure.) At power on, P2 is configured as an input.|DESIGNATOR=6|ELECTRICAL=1|FORMALTYPE=1|LOCATION.X=660|LOCATION.Y=640|NAME=P2|PINCONGLOMERATE=56|PINLENGTH=20|
RECORD=41|LINENO= 489|OWNERPARTID=   0|OWNERINDEX= 488|FONTID=1|ISHIDDEN=T|LOCATION.X=660|LOCATION.Y=640|NAME=PinUniqueId|TEXT=ELGLHGAL|UNIQUEID=LTIRFXSJ|
RECORD= 2|LINENO= 490|OWNERPARTID=   2|OWNERINDEX= 435|DESCRIPTION=P-port input/output. (Push-pull design structure.) At power on, P3 is configured as an input.|DESIGNATOR=7|ELECTRICAL=1|FORMALTYPE=1|LOCATION.X=660|LOCATION.Y=630|NAME=P3|PINCONGLOMERATE=56|PINLENGTH=20|
RECORD=41|LINENO= 491|OWNERPARTID=   0|OWNERINDEX= 490|FONTID=1|ISHIDDEN=T|LOCATION.X=660|LOCATION.Y=630|NAME=PinUniqueId|TEXT=FLNRLJTJ|UNIQUEID=LDVDNLXW|
RECORD= 2|LINENO= 492|OWNERPARTID=   2|OWNERINDEX= 435|DESCRIPTION=Ground|DESIGNATOR=8|ELECTRICAL=7|FORMALTYPE=1|LOCATION.X=660|LOCATION.Y=560|NAME=GND|PINCONGLOMERATE=56|PINLENGTH=20|
RECORD=41|LINENO= 493|OWNERPARTID=   0|OWNERINDEX= 492|FONTID=1|ISHIDDEN=T|LOCATION.X=660|LOCATION.Y=560|NAME=PinUniqueId|TEXT=UTAFNVUS|UNIQUEID=TFHFLBBF|
RECORD= 2|LINENO= 494|OWNERPARTID=   2|OWNERINDEX= 435|DESCRIPTION=P-port input/output. (Push-pull design structure.) At power on, P4 is configured as an input.|DESIGNATOR=9|ELECTRICAL=1|FORMALTYPE=1|LOCATION.X=660|LOCATION.Y=620|NAME=P4|PINCONGLOMERATE=56|PINLENGTH=20|
RECORD=41|LINENO= 495|OWNERPARTID=   0|OWNERINDEX= 494|FONTID=1|ISHIDDEN=T|LOCATION.X=660|LOCATION.Y=620|NAME=PinUniqueId|TEXT=HUJAIDQX|UNIQUEID=ODXLLONK|
RECORD= 2|LINENO= 496|OWNERPARTID=   2|OWNERINDEX= 435|DESCRIPTION=P-port input/output. (Push-pull design structure.) At power on, P5 is configured as an input.|DESIGNATOR=10|ELECTRICAL=1|FORMALTYPE=1|LOCATION.X=660|LOCATION.Y=610|NAME=P5|PINCONGLOMERATE=56|PINLENGTH=20|
RECORD=41|LINENO= 497|OWNERPARTID=   0|OWNERINDEX= 496|FONTID=1|ISHIDDEN=T|LOCATION.X=660|LOCATION.Y=610|NAME=PinUniqueId|TEXT=OFIEYIBP|UNIQUEID=UOMUVDKY|
RECORD= 2|LINENO= 498|OWNERPARTID=   2|OWNERINDEX= 435|DESCRIPTION=P-port input/output. (Push-pull design structure.) At power on, P6 is configured as an input.|DESIGNATOR=11|ELECTRICAL=1|FORMALTYPE=1|LOCATION.X=660|LOCATION.Y=600|NAME=P6|PINCONGLOMERATE=56|PINLENGTH=20|
RECORD=41|LINENO= 499|OWNERPARTID=   0|OWNERINDEX= 498|FONTID=1|ISHIDDEN=T|LOCATION.X=660|LOCATION.Y=600|NAME=PinUniqueId|TEXT=MQXDWQSD|UNIQUEID=PJLYRRNG|
RECORD= 2|LINENO= 500|OWNERPARTID=   2|OWNERINDEX= 435|DESCRIPTION=P-port input/output. (Push-pull design structure.) At power on, P7 is configured as an input.|DESIGNATOR=12|ELECTRICAL=1|FORMALTYPE=1|LOCATION.X=660|LOCATION.Y=590|NAME=P7|PINCONGLOMERATE=56|PINLENGTH=20|
RECORD=41|LINENO= 501|OWNERPARTID=   0|OWNERINDEX= 500|FONTID=1|ISHIDDEN=T|LOCATION.X=660|LOCATION.Y=590|NAME=PinUniqueId|TEXT=SQUPHFYC|UNIQUEID=TDCTYKNA|
RECORD= 2|LINENO= 502|OWNERPARTID=   2|OWNERINDEX= 435|DESCRIPTION=Interrupt output. Connect to VCCI through a pullup resistor.|DESIGNATOR=13|ELECTRICAL=3|FORMALTYPE=1|LOCATION.X=600|LOCATION.Y=610|NAME=I\N\T\|PINCONGLOMERATE=58|PINLENGTH=20|
RECORD=41|LINENO= 503|OWNERPARTID=   0|OWNERINDEX= 502|FONTID=1|ISHIDDEN=T|LOCATION.X=600|LOCATION.Y=610|NAME=PinUniqueId|TEXT=NRSVUUWG|UNIQUEID=XJCRGMLY|
RECORD= 2|LINENO= 504|OWNERPARTID=   2|OWNERINDEX= 435|DESCRIPTION=Serial clock bus. Connect to VCCI through a pullup resistor.|DESIGNATOR=14|FORMALTYPE=1|LOCATION.X=600|LOCATION.Y=660|NAME=SCL|PINCONGLOMERATE=58|PINLENGTH=20|SYMBOL_INNEREDGE=3|
RECORD=41|LINENO= 505|OWNERPARTID=   0|OWNERINDEX= 504|FONTID=1|ISHIDDEN=T|LOCATION.X=600|LOCATION.Y=660|NAME=PinUniqueId|TEXT=IYVSKLMW|UNIQUEID=ICJONNFG|
RECORD= 2|LINENO= 506|OWNERPARTID=   2|OWNERINDEX= 435|DESCRIPTION=Serial data bus. Connect to VCCI through a pullup resistor.|DESIGNATOR=15|ELECTRICAL=1|FORMALTYPE=1|LOCATION.X=600|LOCATION.Y=650|NAME=SDA|PINCONGLOMERATE=58|PINLENGTH=20|
RECORD=41|LINENO= 507|OWNERPARTID=   0|OWNERINDEX= 506|FONTID=1|ISHIDDEN=T|LOCATION.X=600|LOCATION.Y=650|NAME=PinUniqueId|TEXT=FQUDAKWB|UNIQUEID=WTKCINBI|
RECORD= 2|LINENO= 508|OWNERPARTID=   2|OWNERINDEX= 435|DESCRIPTION=Supply voltage of TCA6408A for P port|DESIGNATOR=16|ELECTRICAL=7|FORMALTYPE=1|LOCATION.X=600|LOCATION.Y=560|NAME=VCCP|PINCONGLOMERATE=58|PINLENGTH=20|
RECORD=41|LINENO= 509|OWNERPARTID=   0|OWNERINDEX= 508|FONTID=1|ISHIDDEN=T|LOCATION.X=600|LOCATION.Y=560|NAME=PinUniqueId|TEXT=CWJCRCSA|UNIQUEID=QNKPKLPK|
RECORD=34|LINENO= 510|OWNERPARTID=   0|OWNERINDEX= 435|FONTID=1|LOCATION.X=600|LOCATION.Y=670|NAME=Designator|TEXT=U700|UNIQUEID=EYVHQSVK|
RECORD=41|LINENO= 511|OWNERPARTID=   0|OWNERINDEX= 435|FONTID=1|LOCATION.X=600|LOCATION.Y=540|NAME=Comment|TEXT=TCA6408APWR|UNIQUEID=YOUNHVTX|
RECORD=44|LINENO= 512|OWNERPARTID= -42|OWNERINDEX= 435|
RECORD=45|LINENO= 513|OWNERPARTID= -42|OWNERINDEX= 512|DATABASEDATALINKSLOCKED=T|DATALINKSLOCKED=T|DESCRIPTION=SOP, 16-Leads, Body 5.1x4.5mm, Pitch 0.65mm, IPC High Density|ISCURRENT=T|MODELITEMGUID=30A9DDD5-67A5-45B4-9607-A51AC27B4D5C|MODELNAME=PW0016A_L|MODELREVISIONGUID=AB815CC5-E301-4B9A-820B-38B9319B29D3|MODELTYPE=PCBLIB|MODELVAULTGUID=B7D15EC3-160A-466F-A46C-7801FE6295A7|UNIQUEID=SAMLBXDL|USECOMPONENTLIBRARY=T|
RECORD=46|LINENO= 514|OWNERPARTID= -42|OWNERINDEX= 513|
RECORD=48|LINENO= 515|OWNERPARTID= -42|OWNERINDEX= 513|
RECORD=41|LINENO= 516|OWNERPARTID=   0|OWNERINDEX= 515|FONTID=1|ISHIDDEN=T|NAME=Available Preview Images|TEXT=2D|UNIQUEID=RXJXDNSE|
RECORD=45|LINENO= 517|OWNERPARTID= -42|OWNERINDEX= 512|DATABASEDATALINKSLOCKED=T|DATALINKSLOCKED=T|DESCRIPTION=SOP, 16-Leads, Body 5.1x4.5mm, Pitch 0.65mm, IPC Medium Density|MODELITEMGUID=06F81193-FC57-4555-87E9-1BD970099E8F|MODELNAME=PW0016A_N|MODELREVISIONGUID=C8B58C6D-7880-4B53-825C-C7CD9836A206|MODELTYPE=PCBLIB|MODELVAULTGUID=B7D15EC3-160A-466F-A46C-7801FE6295A7|UNIQUEID=VDDCFNGP|USECOMPONENTLIBRARY=T|
RECORD=46|LINENO= 518|OWNERPARTID= -42|OWNERINDEX= 517|
RECORD=48|LINENO= 519|OWNERPARTID= -42|OWNERINDEX= 517|
RECORD=41|LINENO= 520|OWNERPARTID=   0|OWNERINDEX= 519|FONTID=1|ISHIDDEN=T|NAME=Available Preview Images|TEXT=2D|UNIQUEID=YKQONDFH|
RECORD=45|LINENO= 521|OWNERPARTID= -42|OWNERINDEX= 512|DATABASEDATALINKSLOCKED=T|DATALINKSLOCKED=T|DESCRIPTION=SOP, 16-Leads, Body 5.1x4.5mm, Pitch 0.65mm, IPC Low Density|MODELITEMGUID=0BCE163F-6DFF-4D0C-A87D-EC62DBAE79C8|MODELNAME=PW0016A_M|MODELREVISIONGUID=C7DE0FE7-782A-421A-83D9-EE477DBCDE0A|MODELTYPE=PCBLIB|MODELVAULTGUID=B7D15EC3-160A-466F-A46C-7801FE6295A7|UNIQUEID=ABSWRXXQ|USECOMPONENTLIBRARY=T|
RECORD=46|LINENO= 522|OWNERPARTID= -42|OWNERINDEX= 521|
RECORD=48|LINENO= 523|OWNERPARTID= -42|OWNERINDEX= 521|
RECORD=41|LINENO= 524|OWNERPARTID=   0|OWNERINDEX= 523|FONTID=1|ISHIDDEN=T|NAME=Available Preview Images|TEXT=2D|UNIQUEID=EJOBULDU|
RECORD=22|LINENO= 525|OWNERPARTID=   0|OWNERINDEX= -42|ISACTIVE=T|LOCATION.X=580|LOCATION.Y=610|ORIENTATION=1|SUPPRESSALL=T|SYMBOL=Thin Cross|UNIQUEID=WKYTVMRW|
RECORD= 1|LINENO= 526|OWNERPARTID=   0|OWNERINDEX= -42|ALLPINCOUNT=2|AREACOLOR=11599871|COMPONENTDESCRIPTION=SMD Resistor 10k 0603|CURRENTPARTID=1|DATABASETABLENAME=R|DESIGNITEMID=gen_R_10k_0603|DISPLAYMODECOUNT=2|LIBRARYPATH=*|LIBREFERENCE=R|LOCATION.X=520|LOCATION.Y=550|ORIENTATION=1|PARTCOUNT=2|PARTIDLOCKED=T|SHEETPARTFILENAME=*|SOURCELIBRARYNAME=OE750.DbLib|TARGETFILENAME=*|UNIQUEID=CBOGECAI|
RECORD=41|LINENO= 527|OWNERPARTID=   0|OWNERINDEX= 526|FONTID=1|ISHIDDEN=T|LOCATION.X=505|LOCATION.Y=565|NAME=Part Number|TEXT=gen_R_10k_0603|UNIQUEID=MLVWMWIL|
RECORD=41|LINENO= 528|OWNERPARTID=   0|OWNERINDEX= 526|%UTF8%TEXT=-55째C - +155째C|FONTID=1|ISHIDDEN=T|LOCATION.X=505|LOCATION.Y=565|NAME=Operating Temperature|TEXT=-55캜 - +155캜|UNIQUEID=OAGXOQPC|
RECORD=41|LINENO= 529|OWNERPARTID=   0|OWNERINDEX= 526|FONTID=1|ISHIDDEN=T|LOCATION.X=505|LOCATION.Y=565|NAME=Resistance|TEXT=10k|UNIQUEID=JPOEETMT|
RECORD=41|LINENO= 530|OWNERPARTID=   0|OWNERINDEX= 526|FONTID=1|ISHIDDEN=T|LOCATION.X=505|LOCATION.Y=565|NAME=Tolerance|TEXT=1%|UNIQUEID=WIYPMMSX|
RECORD=41|LINENO= 531|OWNERPARTID=   0|OWNERINDEX= 526|FONTID=1|ISHIDDEN=T|LOCATION.X=505|LOCATION.Y=565|NAME=Power|TEXT=0.1W|UNIQUEID=WTIQYYXL|
RECORD=41|LINENO= 532|OWNERPARTID=   0|OWNERINDEX= 526|FONTID=1|ISHIDDEN=T|LOCATION.X=505|LOCATION.Y=565|NAME=Case EIA|TEXT=0603|UNIQUEID=IIKKBITH|
RECORD=41|LINENO= 533|OWNERPARTID=   0|OWNERINDEX= 526|FONTID=1|ISHIDDEN=T|LOCATION.X=505|LOCATION.Y=565|NAME=Case Metric|TEXT=1608|UNIQUEID=PJJNSGTU|
RECORD=41|LINENO= 534|OWNERPARTID=   0|OWNERINDEX= 526|FONTID=1|ISHIDDEN=T|LOCATION.X=505|LOCATION.Y=565|NAME=Maximum Working Voltage|TEXT=75V|UNIQUEID=TAWBVOCB|
RECORD=41|LINENO= 535|OWNERPARTID=   0|OWNERINDEX= 526|FONTID=1|ISHIDDEN=T|LOCATION.X=505|LOCATION.Y=565|NAME=Series|TEXT=E24, E96|UNIQUEID=XTWUNQBO|
RECORD=41|LINENO= 536|OWNERPARTID=   0|OWNERINDEX= 526|FONTID=1|ISHIDDEN=T|LOCATION.X=505|LOCATION.Y=565|NAME=PnP Package|TEXT=R_0603|UNIQUEID=XFAGOKFK|
RECORD=41|LINENO= 537|OWNERPARTID=   0|OWNERINDEX= 526|FONTID=1|ISHIDDEN=T|LOCATION.X=505|LOCATION.Y=565|NAME=PnP Value|TEXT=10k|UNIQUEID=LDBCDNXN|
RECORD=41|LINENO= 538|OWNERPARTID=   0|OWNERINDEX= 526|FONTID=1|ISHIDDEN=T|LOCATION.X=505|LOCATION.Y=565|NAME=Supplier 1|TEXT=Farnell|UNIQUEID=BVVUEBPM|
RECORD=41|LINENO= 539|OWNERPARTID=   0|OWNERINDEX= 526|FONTID=1|ISHIDDEN=T|LOCATION.X=505|LOCATION.Y=565|NAME=Supplier Part Number 1|TEXT=2073349|UNIQUEID=JYUEJYLI|
RECORD=41|LINENO= 540|OWNERPARTID=   0|OWNERINDEX= 526|FONTID=1|ISHIDDEN=T|LOCATION.X=505|LOCATION.Y=565|NAME=Automotive Qualified|TEXT=True|UNIQUEID=GFSANTRA|
RECORD= 2|LINENO= 541|OWNERPARTID=   2|OWNERINDEX= 526|DESIGNATOR=1|ELECTRICAL=4|FORMALTYPE=1|LOCATION.X=520|LOCATION.Y=560|NAME=1|OWNERPARTDISPLAYMODE=1|PINCONGLOMERATE=35|PINLENGTH=10|
RECORD=41|LINENO= 542|OWNERPARTID=   0|OWNERINDEX= 541|FONTID=1|ISHIDDEN=T|LOCATION.X=520|LOCATION.Y=560|NAME=PinUniqueId|TEXT=FJQWVGSX|UNIQUEID=EBOVJEYO|
RECORD= 2|LINENO= 543|OWNERPARTID=   2|OWNERINDEX= 526|DESIGNATOR=2|ELECTRICAL=4|FORMALTYPE=1|LOCATION.X=520|LOCATION.Y=580|NAME=2|OWNERPARTDISPLAYMODE=1|PINCONGLOMERATE=33|PINLENGTH=10|
RECORD=41|LINENO= 544|OWNERPARTID=   0|OWNERINDEX= 543|FONTID=1|ISHIDDEN=T|LOCATION.X=520|LOCATION.Y=580|NAME=PinUniqueId|TEXT=WPYREPLP|UNIQUEID=UPRRAJGK|
RECORD= 6|LINENO= 545|OWNERPARTID=   2|OWNERINDEX= 526|LINEWIDTH=1|LOCATIONCOUNT=7|OWNERPARTDISPLAYMODE=1|X1=520|X2=516|X3=523|X4=516|X5=523|X6=516|X7=520|Y1=560|Y2=563|Y3=567|Y4=571|Y5=575|Y6=578|Y7=580|
RECORD= 2|LINENO= 546|OWNERPARTID=   2|OWNERINDEX= 526|DESIGNATOR=1|ELECTRICAL=4|FORMALTYPE=1|LOCATION.X=520|LOCATION.Y=560|NAME=1|PINCONGLOMERATE=35|PINLENGTH=10|
RECORD=41|LINENO= 547|OWNERPARTID=   0|OWNERINDEX= 546|FONTID=1|ISHIDDEN=T|LOCATION.X=520|LOCATION.Y=560|NAME=PinUniqueId|TEXT=JDRVACSC|UNIQUEID=RNCCLLMA|
RECORD= 2|LINENO= 548|OWNERPARTID=   2|OWNERINDEX= 526|DESIGNATOR=2|ELECTRICAL=4|FORMALTYPE=1|LOCATION.X=520|LOCATION.Y=580|NAME=2|PINCONGLOMERATE=33|PINLENGTH=10|
RECORD=41|LINENO= 549|OWNERPARTID=   0|OWNERINDEX= 548|FONTID=1|ISHIDDEN=T|LOCATION.X=520|LOCATION.Y=580|NAME=PinUniqueId|TEXT=VBBILFVF|UNIQUEID=SDWDIRQX|
RECORD= 6|LINENO= 550|OWNERPARTID=   2|OWNERINDEX= 526|LINEWIDTH=1|LOCATIONCOUNT=5|X1=516|X2=524|X3=524|X4=516|X5=516|Y1=560|Y2=560|Y3=580|Y4=580|Y5=560|
RECORD=34|LINENO= 551|OWNERPARTID=   0|OWNERINDEX= 526|FONTID=1|LOCATION.X=525|LOCATION.Y=571|NAME=Designator|TEXT=R708|UNIQUEID=ENTEMPOX|
RECORD=41|LINENO= 552|OWNERPARTID=   0|OWNERINDEX= 526|FONTID=1|LOCATION.X=525|LOCATION.Y=561|NAME=Comment|TEXT==Resistance|UNIQUEID=ELYDWXDC|
RECORD=44|LINENO= 553|OWNERPARTID= -42|OWNERINDEX= 526|
RECORD=45|LINENO= 554|OWNERPARTID= -42|OWNERINDEX= 553|DATABASEDATALINKSLOCKED=T|DATALINKSLOCKED=T|ISCURRENT=T|MODELNAME=RESC1608X05N|MODELTYPE=PCBLIB|UNIQUEID=IQSGNOYX|USECOMPONENTLIBRARY=T|
RECORD=46|LINENO= 555|OWNERPARTID= -42|OWNERINDEX= 554|
RECORD=48|LINENO= 556|OWNERPARTID= -42|OWNERINDEX= 554|
RECORD=45|LINENO= 557|OWNERPARTID= -42|OWNERINDEX= 553|DATABASEDATALINKSLOCKED=T|DATALINKSLOCKED=T|MODELNAME=RESC1608X05L|MODELTYPE=PCBLIB|UNIQUEID=FYMBBFFS|USECOMPONENTLIBRARY=T|
RECORD=46|LINENO= 558|OWNERPARTID= -42|OWNERINDEX= 557|
RECORD=48|LINENO= 559|OWNERPARTID= -42|OWNERINDEX= 557|
RECORD=45|LINENO= 560|OWNERPARTID= -42|OWNERINDEX= 553|DATABASEDATALINKSLOCKED=T|DATALINKSLOCKED=T|MODELNAME=RESC1608X05M|MODELTYPE=PCBLIB|UNIQUEID=SORXAWMA|USECOMPONENTLIBRARY=T|
RECORD=46|LINENO= 561|OWNERPARTID= -42|OWNERINDEX= 560|
RECORD=48|LINENO= 562|OWNERPARTID= -42|OWNERINDEX= 560|
RECORD= 1|LINENO= 563|OWNERPARTID=   0|OWNERINDEX= -42|ALLPINCOUNT=2|AREACOLOR=11599871|COMPONENTDESCRIPTION=MLCC|CURRENTPARTID=1|DATABASETABLENAME=C (ceramic)|DESIGNITEMID=gen_C_ceramic_100n_50V_X7R_0603|DISPLAYMODECOUNT=1|LIBRARYPATH=*|LIBREFERENCE=C|LOCATION.X=650|LOCATION.Y=510|ORIENTATION=2|PARTCOUNT=2|PARTIDLOCKED=T|SHEETPARTFILENAME=*|SOURCELIBRARYNAME=OE750.DbLib|TARGETFILENAME=*|UNIQUEID=WGKPUEIA|
RECORD=41|LINENO= 564|OWNERPARTID=   0|OWNERINDEX= 563|FONTID=1|ISHIDDEN=T|LOCATION.X=608|LOCATION.Y=519|NAME=Part Number|TEXT=gen_C_ceramic_100n_50V_X7R_0603|UNIQUEID=AGOJTPUN|
RECORD=41|LINENO= 565|OWNERPARTID=   0|OWNERINDEX= 563|FONTID=1|ISHIDDEN=T|LOCATION.X=608|LOCATION.Y=519|NAME=Capacitance|TEXT=100n|UNIQUEID=XWADIEPE|
RECORD=41|LINENO= 566|OWNERPARTID=   0|OWNERINDEX= 563|FONTID=1|ISHIDDEN=T|LOCATION.X=608|LOCATION.Y=519|NAME=Rated Voltage|TEXT=50V|UNIQUEID=PQFNQGRR|
RECORD=41|LINENO= 567|OWNERPARTID=   0|OWNERINDEX= 563|FONTID=1|ISHIDDEN=T|LOCATION.X=608|LOCATION.Y=519|NAME=Dielectric|TEXT=X7R|UNIQUEID=OOXHWSLV|
RECORD=41|LINENO= 568|OWNERPARTID=   0|OWNERINDEX= 563|FONTID=1|ISHIDDEN=T|LOCATION.X=608|LOCATION.Y=519|NAME=Case EIA|TEXT=0603|UNIQUEID=CCMQYJOX|
RECORD=41|LINENO= 569|OWNERPARTID=   0|OWNERINDEX= 563|FONTID=1|ISHIDDEN=T|LOCATION.X=608|LOCATION.Y=519|NAME=Case Metric|TEXT=1608|UNIQUEID=WPMYPCAY|
RECORD=41|LINENO= 570|OWNERPARTID=   0|OWNERINDEX= 563|FONTID=1|ISHIDDEN=T|LOCATION.X=608|LOCATION.Y=519|NAME=Supplier 1|TEXT=Farnell|UNIQUEID=NQHQGTNA|
RECORD=41|LINENO= 571|OWNERPARTID=   0|OWNERINDEX= 563|FONTID=1|ISHIDDEN=T|LOCATION.X=608|LOCATION.Y=519|NAME=Supplier Part Number 1|TEXT=2525267|UNIQUEID=YBUMJEAV|
RECORD=41|LINENO= 572|OWNERPARTID=   0|OWNERINDEX= 563|FONTID=1|ISHIDDEN=T|LOCATION.X=608|LOCATION.Y=519|NAME=PnP Package|TEXT=C_0603_10|UNIQUEID=FYAEMJDA|
RECORD=41|LINENO= 573|OWNERPARTID=   0|OWNERINDEX= 563|FONTID=1|ISHIDDEN=T|LOCATION.X=608|LOCATION.Y=519|NAME=PnP Value|TEXT=100n/50V/X7R|UNIQUEID=DOWGMKQX|
RECORD=41|LINENO= 574|OWNERPARTID=   0|OWNERINDEX= 563|FONTID=1|ISHIDDEN=T|LOCATION.X=608|LOCATION.Y=519|NAME=PnP equipped|TEXT=x|UNIQUEID=AQGGUIIV|
RECORD=41|LINENO= 575|OWNERPARTID=   0|OWNERINDEX= 563|FONTID=1|ISHIDDEN=T|LOCATION.X=608|LOCATION.Y=519|NAME=Supplier 2|TEXT=Digikey|UNIQUEID=OXMJAHJL|
RECORD=41|LINENO= 576|OWNERPARTID=   0|OWNERINDEX= 563|FONTID=1|ISHIDDEN=T|LOCATION.X=608|LOCATION.Y=519|NAME=Supplier Part Number 2|TEXT=490-6049-1-ND|UNIQUEID=SHUBVIKG|
RECORD=41|LINENO= 577|OWNERPARTID=   0|OWNERINDEX= 563|FONTID=1|ISHIDDEN=T|LOCATION.X=608|LOCATION.Y=519|NAME=Automotive Qualified|TEXT=True|UNIQUEID=QVAJFEYC|
RECORD=41|LINENO= 578|OWNERPARTID=   0|OWNERINDEX= 563|FONTID=1|ISHIDDEN=T|LOCATION.X=645|LOCATION.Y=525|NAME=Supplier 3|TEXT=Farnell|UNIQUEID=BFYUOKON|
RECORD=41|LINENO= 579|OWNERPARTID=   0|OWNERINDEX= 563|FONTID=1|ISHIDDEN=T|LOCATION.X=645|LOCATION.Y=525|NAME=Supplier Part Number 3|TEXT=2070398|UNIQUEID=ESLTJJGI|
RECORD= 2|LINENO= 580|OWNERPARTID=   2|OWNERINDEX= 563|DESIGNATOR=1|ELECTRICAL=4|FORMALTYPE=1|LOCATION.X=640|LOCATION.Y=510|NAME=1|PINCONGLOMERATE=32|PINLENGTH=10|
RECORD=41|LINENO= 581|OWNERPARTID=   0|OWNERINDEX= 580|FONTID=1|ISHIDDEN=T|LOCATION.X=640|LOCATION.Y=510|NAME=PinUniqueId|TEXT=WCJXLBBE|UNIQUEID=YJMWKDEI|
RECORD= 2|LINENO= 582|OWNERPARTID=   2|OWNERINDEX= 563|DESIGNATOR=2|ELECTRICAL=4|FORMALTYPE=1|LOCATION.X=620|LOCATION.Y=510|NAME=2|PINCONGLOMERATE=34|PINLENGTH=10|
RECORD=41|LINENO= 583|OWNERPARTID=   0|OWNERINDEX= 582|FONTID=1|ISHIDDEN=T|LOCATION.X=620|LOCATION.Y=510|NAME=PinUniqueId|TEXT=LYMCGHQN|UNIQUEID=MUMPGWUV|
RECORD= 6|LINENO= 584|OWNERPARTID=   2|OWNERINDEX= 563|LINEWIDTH=1|LOCATIONCOUNT=2|X1=632|X2=632|Y1=502|Y2=518|
RECORD= 6|LINENO= 585|OWNERPARTID=   2|OWNERINDEX= 563|LINEWIDTH=1|LOCATIONCOUNT=2|X1=628|X2=628|Y1=502|Y2=518|
RECORD= 6|LINENO= 586|OWNERPARTID=   2|OWNERINDEX= 563|LINEWIDTH=1|LOCATIONCOUNT=2|X1=640|X2=632|Y1=510|Y2=510|
RECORD= 6|LINENO= 587|OWNERPARTID=   2|OWNERINDEX= 563|LINEWIDTH=1|LOCATIONCOUNT=2|X1=620|X2=628|Y1=510|Y2=510|
RECORD=34|LINENO= 588|OWNERPARTID=   0|OWNERINDEX= 563|FONTID=1|LOCATION.X=619|LOCATION.Y=519|NAME=Designator|TEXT=C701|UNIQUEID=YPAYYVKJ|
RECORD=41|LINENO= 589|OWNERPARTID=   0|OWNERINDEX= 563|FONTID=1|LOCATION.X=619|LOCATION.Y=491|NAME=Comment|TEXT==Capacitance +'/'+ "Rated Voltage"|UNIQUEID=WTGONKWL|
RECORD=44|LINENO= 590|OWNERPARTID= -42|OWNERINDEX= 563|
RECORD=45|LINENO= 591|OWNERPARTID= -42|OWNERINDEX= 590|DATABASEDATALINKSLOCKED=T|DATALINKSLOCKED=T|ISCURRENT=T|MODELNAME=CAPC1608X08N|MODELTYPE=PCBLIB|UNIQUEID=MOUHHFYD|USECOMPONENTLIBRARY=T|
RECORD=46|LINENO= 592|OWNERPARTID= -42|OWNERINDEX= 591|
RECORD=48|LINENO= 593|OWNERPARTID= -42|OWNERINDEX= 591|
RECORD=45|LINENO= 594|OWNERPARTID= -42|OWNERINDEX= 590|DATABASEDATALINKSLOCKED=T|DATALINKSLOCKED=T|MODELNAME=CAPC1608X08L|MODELTYPE=PCBLIB|UNIQUEID=QIVIKPOB|USECOMPONENTLIBRARY=T|
RECORD=46|LINENO= 595|OWNERPARTID= -42|OWNERINDEX= 594|
RECORD=48|LINENO= 596|OWNERPARTID= -42|OWNERINDEX= 594|
RECORD=45|LINENO= 597|OWNERPARTID= -42|OWNERINDEX= 590|DATABASEDATALINKSLOCKED=T|DATALINKSLOCKED=T|MODELNAME=CAPC1608X08M|MODELTYPE=PCBLIB|UNIQUEID=UVFMIFAM|USECOMPONENTLIBRARY=T|
RECORD=46|LINENO= 598|OWNERPARTID= -42|OWNERINDEX= 597|
RECORD=48|LINENO= 599|OWNERPARTID= -42|OWNERINDEX= 597|
RECORD=27|LINENO= 600|OWNERPARTID=   0|OWNERINDEX= -42|LINEWIDTH=1|LOCATIONCOUNT=2|UNIQUEID=TMRMCJUW|X1=560|X2=580|Y1=660|Y2=660|
RECORD=27|LINENO= 601|OWNERPARTID=   0|OWNERINDEX= -42|LINEWIDTH=1|LOCATIONCOUNT=2|UNIQUEID=DJBIONFP|X1=560|X2=580|Y1=650|Y2=650|
RECORD=27|LINENO= 602|OWNERPARTID=   0|OWNERINDEX= -42|LINEWIDTH=1|LOCATIONCOUNT=2|UNIQUEID=TAVKRQWE|X1=680|X2=730|Y1=650|Y2=650|
RECORD=27|LINENO= 603|OWNERPARTID=   0|OWNERINDEX= -42|LINEWIDTH=1|LOCATIONCOUNT=2|UNIQUEID=AVNEJOUJ|X1=730|X2=730|Y1=650|Y2=700|
RECORD=27|LINENO= 604|OWNERPARTID=   0|OWNERINDEX= -42|LINEWIDTH=1|LOCATIONCOUNT=2|UNIQUEID=VLPLRSHS|X1=970|X2=970|Y1=590|Y2=700|
RECORD=27|LINENO= 605|OWNERPARTID=   0|OWNERINDEX= -42|LINEWIDTH=1|LOCATIONCOUNT=2|UNIQUEID=PIOPNFWF|X1=930|X2=930|Y1=600|Y2=680|
RECORD=27|LINENO= 606|OWNERPARTID=   0|OWNERINDEX= -42|LINEWIDTH=1|LOCATIONCOUNT=2|UNIQUEID=ITGXWYWE|X1=890|X2=890|Y1=610|Y2=700|
RECORD=27|LINENO= 607|OWNERPARTID=   0|OWNERINDEX= -42|LINEWIDTH=1|LOCATIONCOUNT=2|UNIQUEID=YRUNCUWK|X1=850|X2=850|Y1=620|Y2=680|
RECORD=27|LINENO= 608|OWNERPARTID=   0|OWNERINDEX= -42|LINEWIDTH=1|LOCATIONCOUNT=2|UNIQUEID=PQYEIAPA|X1=810|X2=810|Y1=630|Y2=700|
RECORD=27|LINENO= 609|OWNERPARTID=   0|OWNERINDEX= -42|LINEWIDTH=1|LOCATIONCOUNT=2|UNIQUEID=MBYCTFDK|X1=770|X2=770|Y1=640|Y2=680|
RECORD=27|LINENO= 610|OWNERPARTID=   0|OWNERINDEX= -42|LINEWIDTH=1|LOCATIONCOUNT=2|UNIQUEID=QUYXBQFY|X1=690|X2=690|Y1=660|Y2=680|
RECORD=27|LINENO= 611|OWNERPARTID=   0|OWNERINDEX= -42|LINEWIDTH=1|LOCATIONCOUNT=8|UNIQUEID=VAYPFBTD|X1=730|X2=770|X3=810|X4=850|X5=890|X6=930|X7=970|X8=970|Y1=750|Y2=750|Y3=750|Y4=750|Y5=750|Y6=750|Y7=750|Y8=740|
RECORD=27|LINENO= 612|OWNERPARTID=   0|OWNERINDEX= -42|LINEWIDTH=1|LOCATIONCOUNT=3|UNIQUEID=DKOPLGGW|X1=730|X2=690|X3=690|Y1=750|Y2=750|Y3=760|
RECORD=27|LINENO= 613|OWNERPARTID=   0|OWNERINDEX= -42|LINEWIDTH=1|LOCATIONCOUNT=3|UNIQUEID=VKBBUCEH|X1=680|X2=690|X3=1110|Y1=660|Y2=660|Y3=660|
RECORD=27|LINENO= 614|OWNERPARTID=   0|OWNERINDEX= -42|LINEWIDTH=1|LOCATIONCOUNT=2|UNIQUEID=WUNNRXDI|X1=730|X2=1110|Y1=650|Y2=650|
RECORD=27|LINENO= 615|OWNERPARTID=   0|OWNERINDEX= -42|LINEWIDTH=1|LOCATIONCOUNT=3|UNIQUEID=LQHLTJGP|X1=680|X2=770|X3=1110|Y1=640|Y2=640|Y3=640|
RECORD=27|LINENO= 616|OWNERPARTID=   0|OWNERINDEX= -42|LINEWIDTH=1|LOCATIONCOUNT=3|UNIQUEID=LSCOMCFE|X1=680|X2=810|X3=1110|Y1=630|Y2=630|Y3=630|
RECORD=27|LINENO= 617|OWNERPARTID=   0|OWNERINDEX= -42|LINEWIDTH=1|LOCATIONCOUNT=3|UNIQUEID=AMUCCYVC|X1=680|X2=850|X3=1110|Y1=620|Y2=620|Y3=620|
RECORD=27|LINENO= 618|OWNERPARTID=   0|OWNERINDEX= -42|LINEWIDTH=1|LOCATIONCOUNT=3|UNIQUEID=BDNRBADC|X1=680|X2=890|X3=1110|Y1=610|Y2=610|Y3=610|
RECORD=27|LINENO= 619|OWNERPARTID=   0|OWNERINDEX= -42|LINEWIDTH=1|LOCATIONCOUNT=3|UNIQUEID=MGWQKQFU|X1=680|X2=930|X3=1110|Y1=600|Y2=600|Y3=600|
RECORD=27|LINENO= 620|OWNERPARTID=   0|OWNERINDEX= -42|LINEWIDTH=1|LOCATIONCOUNT=3|UNIQUEID=YUJLOINE|X1=680|X2=970|X3=1110|Y1=590|Y2=590|Y3=590|
RECORD=27|LINENO= 621|OWNERPARTID=   0|OWNERINDEX= -42|LINEWIDTH=1|LOCATIONCOUNT=5|UNIQUEID=RACLAHQQ|X1=680|X2=700|X3=700|X4=700|X5=650|Y1=560|Y2=560|Y3=510|Y4=470|Y5=470|
RECORD=27|LINENO= 622|OWNERPARTID=   0|OWNERINDEX= -42|LINEWIDTH=1|LOCATIONCOUNT=2|UNIQUEID=TBFUADFB|X1=700|X2=700|Y1=450|Y2=470|
RECORD=27|LINENO= 623|OWNERPARTID=   0|OWNERINDEX= -42|LINEWIDTH=1|LOCATIONCOUNT=2|UNIQUEID=RJUHLWQD|X1=720|X2=700|Y1=470|Y2=470|
RECORD=27|LINENO= 624|OWNERPARTID=   0|OWNERINDEX= -42|LINEWIDTH=1|LOCATIONCOUNT=2|UNIQUEID=BRYQTLAL|X1=460|X2=480|Y1=470|Y2=470|
RECORD=27|LINENO= 625|OWNERPARTID=   0|OWNERINDEX= -42|LINEWIDTH=1|LOCATIONCOUNT=2|UNIQUEID=ICOYUKAK|X1=690|X2=690|Y1=750|Y2=720|
RECORD=27|LINENO= 626|OWNERPARTID=   0|OWNERINDEX= -42|LINEWIDTH=1|LOCATIONCOUNT=2|UNIQUEID=QVGEXMTV|X1=730|X2=730|Y1=750|Y2=740|
RECORD=27|LINENO= 627|OWNERPARTID=   0|OWNERINDEX= -42|LINEWIDTH=1|LOCATIONCOUNT=2|UNIQUEID=WQRSBFUG|X1=770|X2=770|Y1=750|Y2=720|
RECORD=27|LINENO= 628|OWNERPARTID=   0|OWNERINDEX= -42|LINEWIDTH=1|LOCATIONCOUNT=2|UNIQUEID=UKASOWCE|X1=810|X2=810|Y1=750|Y2=740|
RECORD=27|LINENO= 629|OWNERPARTID=   0|OWNERINDEX= -42|LINEWIDTH=1|LOCATIONCOUNT=2|UNIQUEID=HTICKUXX|X1=850|X2=850|Y1=750|Y2=720|
RECORD=27|LINENO= 630|OWNERPARTID=   0|OWNERINDEX= -42|LINEWIDTH=1|LOCATIONCOUNT=2|UNIQUEID=AEYPAEVH|X1=890|X2=890|Y1=750|Y2=740|
RECORD=27|LINENO= 631|OWNERPARTID=   0|OWNERINDEX= -42|LINEWIDTH=1|LOCATIONCOUNT=2|UNIQUEID=WBPFTURI|X1=930|X2=930|Y1=750|Y2=720|
RECORD=27|LINENO= 632|OWNERPARTID=   0|OWNERINDEX= -42|LINEWIDTH=1|LOCATIONCOUNT=3|UNIQUEID=GSTFFLUD|X1=480|X2=480|X3=580|Y1=610|Y2=630|Y3=630|
RECORD=27|LINENO= 633|OWNERPARTID=   0|OWNERINDEX= -42|LINEWIDTH=1|LOCATIONCOUNT=2|UNIQUEID=QESPJGOQ|X1=580|X2=520|Y1=590|Y2=590|
RECORD=27|LINENO= 634|OWNERPARTID=   0|OWNERINDEX= -42|LINEWIDTH=1|LOCATIONCOUNT=3|UNIQUEID=OUGKSKOJ|X1=580|X2=560|X3=560|Y1=570|Y2=570|Y3=470|
RECORD=27|LINENO= 635|OWNERPARTID=   0|OWNERINDEX= -42|LINEWIDTH=1|LOCATIONCOUNT=6|UNIQUEID=FBPALKJY|X1=480|X2=480|X3=520|X4=560|X5=580|X6=610|Y1=490|Y2=470|Y3=470|Y4=470|Y5=470|Y6=470|
RECORD=27|LINENO= 636|OWNERPARTID=   0|OWNERINDEX= -42|LINEWIDTH=1|LOCATIONCOUNT=2|UNIQUEID=WFPEEOGL|X1=520|X2=520|Y1=550|Y2=470|
RECORD=26|LINENO= 637|OWNERPARTID=   0|OWNERINDEX= -42|LINEWIDTH=1|LOCATIONCOUNT=3|UNIQUEID=QKBIAAIJ|X1=1120|X2=1120|X3=1250|Y1=650|Y2=570|Y3=570|
RECORD=27|LINENO= 638|OWNERPARTID=   0|OWNERINDEX= -42|LINEWIDTH=1|LOCATIONCOUNT=3|UNIQUEID=VYBSPXOX|X1=580|X2=580|X3=610|Y1=560|Y2=510|Y3=510|
RECORD=27|LINENO= 639|OWNERPARTID=   0|OWNERINDEX= -42|LINEWIDTH=1|LOCATIONCOUNT=2|UNIQUEID=RYSNHURI|X1=650|X2=700|Y1=510|Y2=510|
RECORD=27|LINENO= 640|OWNERPARTID=   0|OWNERINDEX= -42|LINEWIDTH=1|LOCATIONCOUNT=2|UNIQUEID=AGLPLNES|X1=580|X2=580|Y1=510|Y2=470|
RECORD=29|LINENO= 641|OWNERPARTID=   0|OWNERINDEX= -42|LOCATION.X=480|LOCATION.Y=470|
RECORD=29|LINENO= 642|OWNERPARTID=   0|OWNERINDEX= -42|LOCATION.X=520|LOCATION.Y=470|
RECORD=29|LINENO= 643|OWNERPARTID=   0|OWNERINDEX= -42|LOCATION.X=560|LOCATION.Y=470|
RECORD=29|LINENO= 644|OWNERPARTID=   0|OWNERINDEX= -42|LOCATION.X=580|LOCATION.Y=470|
RECORD=29|LINENO= 645|OWNERPARTID=   0|OWNERINDEX= -42|LOCATION.X=580|LOCATION.Y=510|
RECORD=29|LINENO= 646|OWNERPARTID=   0|OWNERINDEX= -42|LOCATION.X=690|LOCATION.Y=660|
RECORD=29|LINENO= 647|OWNERPARTID=   0|OWNERINDEX= -42|LOCATION.X=690|LOCATION.Y=750|
RECORD=29|LINENO= 648|OWNERPARTID=   0|OWNERINDEX= -42|LOCATION.X=700|LOCATION.Y=470|
RECORD=29|LINENO= 649|OWNERPARTID=   0|OWNERINDEX= -42|LOCATION.X=700|LOCATION.Y=510|
RECORD=29|LINENO= 650|OWNERPARTID=   0|OWNERINDEX= -42|LOCATION.X=730|LOCATION.Y=650|
RECORD=29|LINENO= 651|OWNERPARTID=   0|OWNERINDEX= -42|LOCATION.X=730|LOCATION.Y=750|
RECORD=29|LINENO= 652|OWNERPARTID=   0|OWNERINDEX= -42|LOCATION.X=770|LOCATION.Y=640|
RECORD=29|LINENO= 653|OWNERPARTID=   0|OWNERINDEX= -42|LOCATION.X=770|LOCATION.Y=750|
RECORD=29|LINENO= 654|OWNERPARTID=   0|OWNERINDEX= -42|LOCATION.X=810|LOCATION.Y=630|
RECORD=29|LINENO= 655|OWNERPARTID=   0|OWNERINDEX= -42|LOCATION.X=810|LOCATION.Y=750|
RECORD=29|LINENO= 656|OWNERPARTID=   0|OWNERINDEX= -42|LOCATION.X=850|LOCATION.Y=620|
RECORD=29|LINENO= 657|OWNERPARTID=   0|OWNERINDEX= -42|LOCATION.X=850|LOCATION.Y=750|
RECORD=29|LINENO= 658|OWNERPARTID=   0|OWNERINDEX= -42|LOCATION.X=890|LOCATION.Y=610|
RECORD=29|LINENO= 659|OWNERPARTID=   0|OWNERINDEX= -42|LOCATION.X=890|LOCATION.Y=750|
RECORD=29|LINENO= 660|OWNERPARTID=   0|OWNERINDEX= -42|LOCATION.X=930|LOCATION.Y=600|
RECORD=29|LINENO= 661|OWNERPARTID=   0|OWNERINDEX= -42|LOCATION.X=930|LOCATION.Y=750|
RECORD=29|LINENO= 662|OWNERPARTID=   0|OWNERINDEX= -42|LOCATION.X=970|LOCATION.Y=590|
