RECORD=-42|LINENO=   0|OWNERPARTID= -42|OWNERINDEX= -42|HEADER=Protel for Windows - Schematic Capture Binary File Version 5.0|MINORVERSION=2|UNIQUEID=CXSEWHUK|WEIGHT=352|
RECORD=31|LINENO=   1|OWNERPARTID= -42|OWNERINDEX= -42|AREACOLOR=16317695|BOLD5=T|BORDERON=T|CUSTOMX=1000|CUSTOMY=800|DISPLAY_UNIT=0|FONTIDCOUNT=5|FONTNAME1=Times New Roman|FONTNAME2=Times New Roman|FONTNAME3=Frutiger LT Com 55 Roman|FONTNAME4=Frutiger LT Com 55 Roman|FONTNAME5=Times New Roman|HOTSPOTGRIDON=T|HOTSPOTGRIDSIZE=1|ISBOC=T|SHEETNUMBERSPACESIZE=12|SHEETSTYLE=1|SHOWTEMPLATEGRAPHICS=T|SIZE1=10|SIZE2=10|SIZE3=10|SIZE4=8|SIZE5=10|SNAPGRIDON=T|SNAPGRIDSIZE=1|SYSTEMFONT=1|TEMPLATEFILENAME=D:\altium\templates\IISB_A3_foxBMS.SchDot|UNDERLINE2=T|USEMBCS=T|VISIBLEGRIDON=T|VISIBLEGRIDSIZE=10|
RECORD=39|LINENO=   2|OWNERPARTID=   0|OWNERINDEX= -42|FILENAME=D:\altium\templates\IISB_A3_foxBMS.SchDot|
RECORD= 4|LINENO=   3|OWNERPARTID=   0|OWNERINDEX=   2|FONTID=3|JUSTIFICATION=3|LOCATION.X=862|LOCATION.Y=55|TEXT=Fraunhofer IISB|
RECORD= 4|LINENO=   4|OWNERPARTID=   0|OWNERINDEX=   2|FONTID=3|JUSTIFICATION=3|LOCATION.X=862|LOCATION.Y=46|TEXT=Schottkystr. 10|
RECORD= 4|LINENO=   5|OWNERPARTID=   0|OWNERINDEX=   2|FONTID=3|LOCATION.X=951|LOCATION.Y=21|TEXT=www.iisb.fraunhofer.de|
RECORD= 4|LINENO=   6|OWNERPARTID=   0|OWNERINDEX=   2|FONTID=4|LOCATION.X=1075|LOCATION.Y=40|TEXT=Author|
RECORD= 4|LINENO=   7|OWNERPARTID=   0|OWNERINDEX=   2|FONTID=4|LOCATION.X=1185|LOCATION.Y=40|TEXT=License|
RECORD= 4|LINENO=   8|OWNERPARTID=   0|OWNERINDEX=   2|FONTID=4|LOCATION.X=1440|LOCATION.Y=40|TEXT=Release Date|
RECORD= 6|LINENO=   9|OWNERPARTID=   0|OWNERINDEX=   2|LOCATIONCOUNT=2|X1=735|X2=1530|Y1=80|Y2=80|
RECORD= 6|LINENO=  10|OWNERPARTID=   0|OWNERINDEX=   2|LOCATIONCOUNT=2|X1=1070|X2=1070|Y1=80|Y2=20|
RECORD= 6|LINENO=  11|OWNERPARTID=   0|OWNERINDEX=   2|LOCATIONCOUNT=2|X1=1070|X2=1530|Y1=50|Y2=50|
RECORD= 4|LINENO=  12|OWNERPARTID=   0|OWNERINDEX=   2|FONTID=4|LOCATION.X=1495|LOCATION.Y=40|TEXT=Sheet|
RECORD= 6|LINENO=  13|OWNERPARTID=   0|OWNERINDEX=   2|LOCATIONCOUNT=2|X1=1180|X2=1180|Y1=50|Y2=20|
RECORD= 6|LINENO=  14|OWNERPARTID=   0|OWNERINDEX=   2|LOCATIONCOUNT=2|X1=1435|X2=1435|Y1=50|Y2=20|
RECORD= 6|LINENO=  15|OWNERPARTID=   0|OWNERINDEX=   2|LOCATIONCOUNT=2|X1=1490|X2=1490|Y1=50|Y2=20|
RECORD= 4|LINENO=  16|OWNERPARTID=   0|OWNERINDEX=   2|FONTID=3|LOCATION.X=1185|LOCATION.Y=25|TEXT==GlobalLicense|
RECORD= 4|LINENO=  17|OWNERPARTID=   0|OWNERINDEX=   2|FONTID=3|LOCATION.X=1075|LOCATION.Y=25|TEXT=foxBMS Team|
RECORD= 4|LINENO=  18|OWNERPARTID=   0|OWNERINDEX=   2|FONTID=3|LOCATION.X=1440|LOCATION.Y=25|TEXT==GlobalDate|
RECORD= 4|LINENO=  19|OWNERPARTID=   0|OWNERINDEX=   2|FONTID=3|JUSTIFICATION=2|LOCATION.X=1505|LOCATION.Y=25|TEXT==SheetNumber|
RECORD= 4|LINENO=  20|OWNERPARTID=   0|OWNERINDEX=   2|FONTID=3|LOCATION.X=1375|LOCATION.Y=55|TEXT==DocumentName|
RECORD= 4|LINENO=  21|OWNERPARTID=   0|OWNERINDEX=   2|FONTID=3|LOCATION.X=1075|LOCATION.Y=55|TEXT==GlobalProject|
RECORD= 4|LINENO=  22|OWNERPARTID=   0|OWNERINDEX=   2|FONTID=4|LOCATION.X=1075|LOCATION.Y=70|TEXT=Project|
RECORD= 4|LINENO=  23|OWNERPARTID=   0|OWNERINDEX=   2|FONTID=4|LOCATION.X=1375|LOCATION.Y=70|TEXT=File|
RECORD= 6|LINENO=  24|OWNERPARTID=   0|OWNERINDEX=   2|LOCATIONCOUNT=2|X1=1370|X2=1370|Y1=80|Y2=50|
RECORD= 6|LINENO=  25|OWNERPARTID=   0|OWNERINDEX=   2|LOCATIONCOUNT=2|X1=735|X2=735|Y1=80|Y2=20|
RECORD= 4|LINENO=  26|OWNERPARTID=   0|OWNERINDEX=   2|FONTID=3|LOCATION.X=1510|LOCATION.Y=25|TEXT=/|
RECORD= 4|LINENO=  27|OWNERPARTID=   0|OWNERINDEX=   2|FONTID=3|LOCATION.X=1515|LOCATION.Y=25|TEXT==SheetTotal|
RECORD= 6|LINENO=  28|OWNERPARTID=   0|OWNERINDEX=   2|LOCATIONCOUNT=2|X1=1180|X2=1180|Y1=80|Y2=50|
RECORD= 4|LINENO=  29|OWNERPARTID=   0|OWNERINDEX=   2|FONTID=3|LOCATION.X=862|LOCATION.Y=68|TEXT=developed by:|
RECORD= 4|LINENO=  30|OWNERPARTID=   0|OWNERINDEX=   2|FONTID=4|LOCATION.X=1185|LOCATION.Y=70|TEXT=Description|
RECORD= 4|LINENO=  31|OWNERPARTID=   0|OWNERINDEX=   2|FONTID=3|LOCATION.X=1185|LOCATION.Y=55|TEXT==SheetDescription|
RECORD= 6|LINENO=  32|OWNERPARTID=   0|OWNERINDEX=   2|LOCATIONCOUNT=2|X1=1370|X2=1370|Y1=50|Y2=20|
RECORD= 4|LINENO=  33|OWNERPARTID=   0|OWNERINDEX=   2|FONTID=4|LOCATION.X=1375|LOCATION.Y=40|TEXT=Version|
RECORD= 4|LINENO=  34|OWNERPARTID=   0|OWNERINDEX=   2|FONTID=3|LOCATION.X=1375|LOCATION.Y=25|TEXT==GlobalVersion|
RECORD= 4|LINENO=  35|OWNERPARTID=   0|OWNERINDEX=   2|FONTID=3|LOCATION.X=766|LOCATION.Y=20|
RECORD= 4|LINENO=  36|OWNERPARTID=   0|OWNERINDEX=   2|FONTID=3|JUSTIFICATION=3|LOCATION.X=862|LOCATION.Y=36|TEXT=91058 Erlangen|
RECORD= 4|LINENO=  37|OWNERPARTID=   0|OWNERINDEX=   2|FONTID=3|JUSTIFICATION=3|LOCATION.X=862|LOCATION.Y=27|TEXT=Germany|
RECORD= 4|LINENO=  38|OWNERPARTID=   0|OWNERINDEX=   2|FONTID=3|LOCATION.X=761|LOCATION.Y=22|TEXT=www.foxbms.org|
RECORD=30|LINENO=  39|OWNERPARTID=   0|OWNERINDEX=   2|CORNER.X=855|CORNER.Y=74|CORNER.Y_FRAC=15966|EMBEDIMAGE=T|FILENAME=D:\altium\foxBMS-logo.png|KEEPASPECT=T|LOCATION.X=748|LOCATION.Y=31|
RECORD=30|LINENO=  40|OWNERPARTID=   0|OWNERINDEX=   2|CORNER.X=1058|CORNER.X_FRAC=83810|CORNER.Y=72|CORNER.Y_FRAC=33765|EMBEDIMAGE=T|FILENAME=D:\altium\iisb-logo.png|KEEPASPECT=T|LOCATION.X=937|LOCATION.Y=32|
RECORD=41|LINENO=  41|OWNERPARTID=   0|OWNERINDEX= -42|FONTID=1|ISHIDDEN=T|NAME=CurrentTime|TEXT=*|UNIQUEID=BMWWGSDV|
RECORD=41|LINENO=  42|OWNERPARTID=   0|OWNERINDEX= -42|FONTID=1|ISHIDDEN=T|NAME=CurrentDate|TEXT=*|UNIQUEID=RNTIBVFS|
RECORD=41|LINENO=  43|OWNERPARTID=   0|OWNERINDEX= -42|FONTID=1|ISHIDDEN=T|NAME=Time|TEXT=*|UNIQUEID=LTHBLJNC|
RECORD=41|LINENO=  44|OWNERPARTID=   0|OWNERINDEX= -42|FONTID=1|ISHIDDEN=T|NAME=Date|TEXT=*|UNIQUEID=PSBRQFWV|
RECORD=41|LINENO=  45|OWNERPARTID=   0|OWNERINDEX= -42|FONTID=1|ISHIDDEN=T|NAME=DocumentFullPathAndName|TEXT=*|UNIQUEID=FEOBMMXO|
RECORD=41|LINENO=  46|OWNERPARTID=   0|OWNERINDEX= -42|FONTID=1|ISHIDDEN=T|NAME=DocumentName|TEXT=*|UNIQUEID=TMWYIHYK|
RECORD=41|LINENO=  47|OWNERPARTID=   0|OWNERINDEX= -42|FONTID=1|ISHIDDEN=T|NAME=ModifiedDate|TEXT=*|UNIQUEID=WMPSIEXC|
RECORD=41|LINENO=  48|OWNERPARTID=   0|OWNERINDEX= -42|FONTID=1|ISHIDDEN=T|NAME=ApprovedBy|TEXT=*|UNIQUEID=XSSYBAWU|
RECORD=41|LINENO=  49|OWNERPARTID=   0|OWNERINDEX= -42|FONTID=1|ISHIDDEN=T|NAME=CheckedBy|TEXT=*|UNIQUEID=ULPIKJKJ|
RECORD=41|LINENO=  50|OWNERPARTID=   0|OWNERINDEX= -42|FONTID=1|ISHIDDEN=T|NAME=CompanyName|TEXT=*|UNIQUEID=QXFHOINA|
RECORD=41|LINENO=  51|OWNERPARTID=   0|OWNERINDEX= -42|FONTID=1|ISHIDDEN=T|NAME=DrawnBy|TEXT=*|UNIQUEID=IJXHBKFC|
RECORD=41|LINENO=  52|OWNERPARTID=   0|OWNERINDEX= -42|FONTID=1|ISHIDDEN=T|NAME=Engineer|TEXT=*|UNIQUEID=KQQGLYDM|
RECORD=41|LINENO=  53|OWNERPARTID=   0|OWNERINDEX= -42|FONTID=1|ISHIDDEN=T|NAME=Organization|TEXT=*|UNIQUEID=COQVPPGB|
RECORD=41|LINENO=  54|OWNERPARTID=   0|OWNERINDEX= -42|FONTID=1|ISHIDDEN=T|NAME=Address1|TEXT=*|UNIQUEID=SLBYKJRV|
RECORD=41|LINENO=  55|OWNERPARTID=   0|OWNERINDEX= -42|FONTID=1|ISHIDDEN=T|NAME=Address2|TEXT=*|UNIQUEID=ENJOGGRT|
RECORD=41|LINENO=  56|OWNERPARTID=   0|OWNERINDEX= -42|FONTID=1|ISHIDDEN=T|NAME=Address3|TEXT=*|UNIQUEID=XTNHDFQX|
RECORD=41|LINENO=  57|OWNERPARTID=   0|OWNERINDEX= -42|FONTID=1|ISHIDDEN=T|NAME=Address4|TEXT=*|UNIQUEID=JSENLMTM|
RECORD=41|LINENO=  58|OWNERPARTID=   0|OWNERINDEX= -42|FONTID=1|ISHIDDEN=T|NAME=DocumentNumber|TEXT=9|UNIQUEID=MAKHYFLC|
RECORD=41|LINENO=  59|OWNERPARTID=   0|OWNERINDEX= -42|FONTID=1|ISHIDDEN=T|NAME=Revision|TEXT=*|UNIQUEID=QLGAYILN|
RECORD=41|LINENO=  60|OWNERPARTID=   0|OWNERINDEX= -42|FONTID=1|ISHIDDEN=T|NAME=SheetNumber|TEXT=9|UNIQUEID=DVXUQKPV|
RECORD=41|LINENO=  61|OWNERPARTID=   0|OWNERINDEX= -42|FONTID=1|ISHIDDEN=T|NAME=SheetTotal|TEXT=15|UNIQUEID=MQMVFWNL|
RECORD=41|LINENO=  62|OWNERPARTID=   0|OWNERINDEX= -42|FONTID=1|ISHIDDEN=T|NAME=ImagePath|TEXT=*|UNIQUEID=GAFGERIM|
RECORD=41|LINENO=  63|OWNERPARTID=   0|OWNERINDEX= -42|FONTID=1|ISHIDDEN=T|NAME=Rule|TEXT=*|UNIQUEID=KXXTCLBN|
RECORD=41|LINENO=  64|OWNERPARTID=   0|OWNERINDEX= -42|FONTID=1|ISHIDDEN=T|NAME=ProjectName|TEXT=*|UNIQUEID=HWFKBUEP|
RECORD=41|LINENO=  65|OWNERPARTID=   0|OWNERINDEX= -42|FONTID=1|ISHIDDEN=T|NAME=Application_BuildNumber|TEXT=*|UNIQUEID=EYDYREYT|
RECORD= 4|LINENO=  66|OWNERPARTID=   0|OWNERINDEX= -42|%UTF8%TEXT=EEPROM 7-bit base address 0x50 primary IÂ²C 10100 (A17) (A16) A17, A16: MSB address bits|FONTID=5|JUSTIFICATION=6|LOCATION.X=630|LOCATION.Y=830|TEXT=EEPROM 7-bit base address 0x50 primary I²C 
10100 (A17) (A16) 
A17, A16: MSB address bits|
RECORD= 4|LINENO=  67|OWNERPARTID=   0|OWNERINDEX= -42|%UTF8%TEXT=Temperature Sensor 7-bit address 0x48 primary IÂ²C 1001000|FONTID=5|JUSTIFICATION=6|LOCATION.X=520|LOCATION.Y=510|TEXT=Temperature Sensor 7-bit address 0x48 primary I²C 
1001000|
RECORD=41|LINENO=  68|OWNERPARTID=   0|OWNERINDEX= -42|FONTID=1|ISHIDDEN=T|NAME=AUTHOR|TEXT=Fraunhofer IISB foxBMS Team|UNIQUEID=NFIIUVWH|
RECORD=41|LINENO=  69|OWNERPARTID=   0|OWNERINDEX= -42|FONTID=1|ISHIDDEN=T|NAME=TITLE|TEXT=foxBMS BMS-Slave 12-Cell|UNIQUEID=LCJBEDPE|
RECORD= 1|LINENO=  70|OWNERPARTID=   0|OWNERINDEX= -42|ALLPINCOUNT=2|AREACOLOR=11599871|COMPONENTDESCRIPTION=MLCC|CURRENTPARTID=1|DATABASETABLENAME=C (ceramic)|DESIGNITEMID=gen_C_ceramic_100n_50V_X7R_0603|DISPLAYMODECOUNT=1|LIBRARYPATH=*|LIBREFERENCE=C|LOCATION.X=530|LOCATION.Y=680|ORIENTATION=1|PARTCOUNT=2|PARTIDLOCKED=T|SHEETPARTFILENAME=*|SOURCELIBRARYNAME=OE750.DbLib|TARGETFILENAME=*|UNIQUEID=ALJIUSAT|
RECORD=41|LINENO=  71|OWNERPARTID=   0|OWNERINDEX=  70|FONTID=1|ISHIDDEN=T|LOCATION.X=525|LOCATION.Y=695|NAME=Part Number|TEXT=gen_C_ceramic_100n_50V_X7R_0603|UNIQUEID=KPBINIWN|
RECORD=41|LINENO=  72|OWNERPARTID=   0|OWNERINDEX=  70|FONTID=1|ISHIDDEN=T|LOCATION.X=525|LOCATION.Y=695|NAME=Capacitance|TEXT=100n|UNIQUEID=SPRMHSRT|
RECORD=41|LINENO=  73|OWNERPARTID=   0|OWNERINDEX=  70|FONTID=1|ISHIDDEN=T|LOCATION.X=525|LOCATION.Y=695|NAME=Rated Voltage|TEXT=50V|UNIQUEID=UXJDTYLA|
RECORD=41|LINENO=  74|OWNERPARTID=   0|OWNERINDEX=  70|FONTID=1|ISHIDDEN=T|LOCATION.X=525|LOCATION.Y=695|NAME=Dielectric|TEXT=X7R|UNIQUEID=CVPLHNVP|
RECORD=41|LINENO=  75|OWNERPARTID=   0|OWNERINDEX=  70|FONTID=1|ISHIDDEN=T|LOCATION.X=525|LOCATION.Y=695|NAME=Case EIA|TEXT=0603|UNIQUEID=JSILYFOK|
RECORD=41|LINENO=  76|OWNERPARTID=   0|OWNERINDEX=  70|FONTID=1|ISHIDDEN=T|LOCATION.X=525|LOCATION.Y=695|NAME=Case Metric|TEXT=1608|UNIQUEID=OIHSJBSC|
RECORD=41|LINENO=  77|OWNERPARTID=   0|OWNERINDEX=  70|FONTID=1|ISHIDDEN=T|LOCATION.X=525|LOCATION.Y=695|NAME=Supplier 1|TEXT=Farnell|UNIQUEID=GAWTENUY|
RECORD=41|LINENO=  78|OWNERPARTID=   0|OWNERINDEX=  70|FONTID=1|ISHIDDEN=T|LOCATION.X=525|LOCATION.Y=695|NAME=Supplier Part Number 1|TEXT=2525267|UNIQUEID=SKMVPTPM|
RECORD=41|LINENO=  79|OWNERPARTID=   0|OWNERINDEX=  70|FONTID=1|ISHIDDEN=T|LOCATION.X=525|LOCATION.Y=695|NAME=PnP Package|TEXT=C_0603_10|UNIQUEID=LUVNVVPC|
RECORD=41|LINENO=  80|OWNERPARTID=   0|OWNERINDEX=  70|FONTID=1|ISHIDDEN=T|LOCATION.X=525|LOCATION.Y=695|NAME=PnP Value|TEXT=100n/50V/X7R|UNIQUEID=OSWRVEVW|
RECORD=41|LINENO=  81|OWNERPARTID=   0|OWNERINDEX=  70|FONTID=1|ISHIDDEN=T|LOCATION.X=525|LOCATION.Y=695|NAME=PnP equipped|TEXT=x|UNIQUEID=ALVWISUR|
RECORD=41|LINENO=  82|OWNERPARTID=   0|OWNERINDEX=  70|FONTID=1|ISHIDDEN=T|LOCATION.X=525|LOCATION.Y=695|NAME=Supplier 2|TEXT=Digikey|UNIQUEID=QDBDRLQD|
RECORD=41|LINENO=  83|OWNERPARTID=   0|OWNERINDEX=  70|FONTID=1|ISHIDDEN=T|LOCATION.X=525|LOCATION.Y=695|NAME=Supplier Part Number 2|TEXT=490-6049-1-ND|UNIQUEID=YJUOIKOW|
RECORD=41|LINENO=  84|OWNERPARTID=   0|OWNERINDEX=  70|FONTID=1|ISHIDDEN=T|LOCATION.X=525|LOCATION.Y=695|NAME=Automotive Qualified|TEXT=True|UNIQUEID=MEJYLLTH|
RECORD=41|LINENO=  85|OWNERPARTID=   0|OWNERINDEX=  70|FONTID=1|ISHIDDEN=T|LOCATION.X=525|LOCATION.Y=695|NAME=Supplier 3|TEXT=Farnell|UNIQUEID=YMDJTCKD|
RECORD=41|LINENO=  86|OWNERPARTID=   0|OWNERINDEX=  70|FONTID=1|ISHIDDEN=T|LOCATION.X=525|LOCATION.Y=695|NAME=Supplier Part Number 3|TEXT=2070398|UNIQUEID=SIGJUTDA|
RECORD= 2|LINENO=  87|OWNERPARTID=   2|OWNERINDEX=  70|DESIGNATOR=1|ELECTRICAL=4|FORMALTYPE=1|LOCATION.X=530|LOCATION.Y=690|NAME=1|PINCONGLOMERATE=35|PINLENGTH=10|
RECORD=41|LINENO=  88|OWNERPARTID=   0|OWNERINDEX=  87|FONTID=1|ISHIDDEN=T|LOCATION.X=530|LOCATION.Y=690|NAME=PinUniqueId|TEXT=XNQUETYP|UNIQUEID=HLVSVLOC|
RECORD= 2|LINENO=  89|OWNERPARTID=   2|OWNERINDEX=  70|DESIGNATOR=2|ELECTRICAL=4|FORMALTYPE=1|LOCATION.X=530|LOCATION.Y=710|NAME=2|PINCONGLOMERATE=33|PINLENGTH=10|
RECORD=41|LINENO=  90|OWNERPARTID=   0|OWNERINDEX=  89|FONTID=1|ISHIDDEN=T|LOCATION.X=530|LOCATION.Y=710|NAME=PinUniqueId|TEXT=BOHODBCK|UNIQUEID=QXLGPPFN|
RECORD= 6|LINENO=  91|OWNERPARTID=   2|OWNERINDEX=  70|LINEWIDTH=1|LOCATIONCOUNT=2|X1=522|X2=538|Y1=698|Y2=698|
RECORD= 6|LINENO=  92|OWNERPARTID=   2|OWNERINDEX=  70|LINEWIDTH=1|LOCATIONCOUNT=2|X1=522|X2=538|Y1=702|Y2=702|
RECORD= 6|LINENO=  93|OWNERPARTID=   2|OWNERINDEX=  70|LINEWIDTH=1|LOCATIONCOUNT=2|X1=530|X2=530|Y1=690|Y2=698|
RECORD= 6|LINENO=  94|OWNERPARTID=   2|OWNERINDEX=  70|LINEWIDTH=1|LOCATIONCOUNT=2|X1=530|X2=530|Y1=710|Y2=702|
RECORD=34|LINENO=  95|OWNERPARTID=   0|OWNERINDEX=  70|FONTID=1|LOCATION.X=539|LOCATION.Y=701|NAME=Designator|TEXT=C800|UNIQUEID=TSBMELHF|
RECORD=41|LINENO=  96|OWNERPARTID=   0|OWNERINDEX=  70|FONTID=1|LOCATION.X=539|LOCATION.Y=691|NAME=Comment|TEXT==Capacitance +'/'+ "Rated Voltage"|UNIQUEID=XSYJWRKN|
RECORD=44|LINENO=  97|OWNERPARTID= -42|OWNERINDEX=  70|
RECORD=45|LINENO=  98|OWNERPARTID= -42|OWNERINDEX=  97|DATABASEDATALINKSLOCKED=T|DATALINKSLOCKED=T|ISCURRENT=T|MODELNAME=CAPC1608X08N|MODELTYPE=PCBLIB|UNIQUEID=TIFVPXQA|USECOMPONENTLIBRARY=T|
RECORD=46|LINENO=  99|OWNERPARTID= -42|OWNERINDEX=  98|
RECORD=48|LINENO= 100|OWNERPARTID= -42|OWNERINDEX=  98|
RECORD=45|LINENO= 101|OWNERPARTID= -42|OWNERINDEX=  97|DATABASEDATALINKSLOCKED=T|DATALINKSLOCKED=T|MODELNAME=CAPC1608X08L|MODELTYPE=PCBLIB|UNIQUEID=XRFBPMGO|USECOMPONENTLIBRARY=T|
RECORD=46|LINENO= 102|OWNERPARTID= -42|OWNERINDEX= 101|
RECORD=48|LINENO= 103|OWNERPARTID= -42|OWNERINDEX= 101|
RECORD=45|LINENO= 104|OWNERPARTID= -42|OWNERINDEX=  97|DATABASEDATALINKSLOCKED=T|DATALINKSLOCKED=T|MODELNAME=CAPC1608X08M|MODELTYPE=PCBLIB|UNIQUEID=TPBRGJWM|USECOMPONENTLIBRARY=T|
RECORD=46|LINENO= 105|OWNERPARTID= -42|OWNERINDEX= 104|
RECORD=48|LINENO= 106|OWNERPARTID= -42|OWNERINDEX= 104|
RECORD= 1|LINENO= 107|OWNERPARTID=   0|OWNERINDEX= -42|ALLPINCOUNT=2|AREACOLOR=11599871|COMPONENTDESCRIPTION=MLCC|CURRENTPARTID=1|DATABASETABLENAME=C (ceramic)|DESIGNITEMID=gen_C_ceramic_100n_50V_X7R_0603|DISPLAYMODECOUNT=1|LIBRARYPATH=*|LIBREFERENCE=C|LOCATION.X=580|LOCATION.Y=330|ORIENTATION=2|PARTCOUNT=2|PARTIDLOCKED=T|SHEETPARTFILENAME=*|SOURCELIBRARYNAME=OE750.DbLib|TARGETFILENAME=*|UNIQUEID=XNKPUIHJ|
RECORD=41|LINENO= 108|OWNERPARTID=   0|OWNERINDEX= 107|FONTID=1|ISHIDDEN=T|LOCATION.X=538|LOCATION.Y=339|NAME=Part Number|TEXT=gen_C_ceramic_100n_50V_X7R_0603|UNIQUEID=JVWHEYDL|
RECORD=41|LINENO= 109|OWNERPARTID=   0|OWNERINDEX= 107|FONTID=1|ISHIDDEN=T|LOCATION.X=538|LOCATION.Y=339|NAME=Capacitance|TEXT=100n|UNIQUEID=RESJBBHK|
RECORD=41|LINENO= 110|OWNERPARTID=   0|OWNERINDEX= 107|FONTID=1|ISHIDDEN=T|LOCATION.X=538|LOCATION.Y=339|NAME=Rated Voltage|TEXT=50V|UNIQUEID=KNCLBSXK|
RECORD=41|LINENO= 111|OWNERPARTID=   0|OWNERINDEX= 107|FONTID=1|ISHIDDEN=T|LOCATION.X=538|LOCATION.Y=339|NAME=Dielectric|TEXT=X7R|UNIQUEID=XHKFAMFT|
RECORD=41|LINENO= 112|OWNERPARTID=   0|OWNERINDEX= 107|FONTID=1|ISHIDDEN=T|LOCATION.X=538|LOCATION.Y=339|NAME=Case EIA|TEXT=0603|UNIQUEID=XWVQUAMH|
RECORD=41|LINENO= 113|OWNERPARTID=   0|OWNERINDEX= 107|FONTID=1|ISHIDDEN=T|LOCATION.X=538|LOCATION.Y=339|NAME=Case Metric|TEXT=1608|UNIQUEID=TCIPGHEH|
RECORD=41|LINENO= 114|OWNERPARTID=   0|OWNERINDEX= 107|FONTID=1|ISHIDDEN=T|LOCATION.X=538|LOCATION.Y=339|NAME=Supplier 1|TEXT=Farnell|UNIQUEID=YFSDHKWJ|
RECORD=41|LINENO= 115|OWNERPARTID=   0|OWNERINDEX= 107|FONTID=1|ISHIDDEN=T|LOCATION.X=538|LOCATION.Y=339|NAME=Supplier Part Number 1|TEXT=2525267|UNIQUEID=GNKYUVYS|
RECORD=41|LINENO= 116|OWNERPARTID=   0|OWNERINDEX= 107|FONTID=1|ISHIDDEN=T|LOCATION.X=538|LOCATION.Y=339|NAME=PnP Package|TEXT=C_0603_10|UNIQUEID=SOEFENAY|
RECORD=41|LINENO= 117|OWNERPARTID=   0|OWNERINDEX= 107|FONTID=1|ISHIDDEN=T|LOCATION.X=538|LOCATION.Y=339|NAME=PnP Value|TEXT=100n/50V/X7R|UNIQUEID=HLHYTDHQ|
RECORD=41|LINENO= 118|OWNERPARTID=   0|OWNERINDEX= 107|FONTID=1|ISHIDDEN=T|LOCATION.X=538|LOCATION.Y=339|NAME=PnP equipped|TEXT=x|UNIQUEID=SQDWDDWB|
RECORD=41|LINENO= 119|OWNERPARTID=   0|OWNERINDEX= 107|FONTID=1|ISHIDDEN=T|LOCATION.X=575|LOCATION.Y=345|NAME=Supplier 2|TEXT=Digikey|UNIQUEID=YTQINPED|
RECORD=41|LINENO= 120|OWNERPARTID=   0|OWNERINDEX= 107|FONTID=1|ISHIDDEN=T|LOCATION.X=575|LOCATION.Y=345|NAME=Supplier Part Number 2|TEXT=490-6049-1-ND|UNIQUEID=FMTKOIUM|
RECORD=41|LINENO= 121|OWNERPARTID=   0|OWNERINDEX= 107|FONTID=1|ISHIDDEN=T|LOCATION.X=575|LOCATION.Y=345|NAME=Automotive Qualified|TEXT=True|UNIQUEID=PGAFRCQF|
RECORD=41|LINENO= 122|OWNERPARTID=   0|OWNERINDEX= 107|FONTID=1|ISHIDDEN=T|LOCATION.X=575|LOCATION.Y=345|NAME=Supplier 3|TEXT=Farnell|UNIQUEID=EFCYMCRD|
RECORD=41|LINENO= 123|OWNERPARTID=   0|OWNERINDEX= 107|FONTID=1|ISHIDDEN=T|LOCATION.X=575|LOCATION.Y=345|NAME=Supplier Part Number 3|TEXT=2070398|UNIQUEID=XDWRHNRV|
RECORD= 2|LINENO= 124|OWNERPARTID=   2|OWNERINDEX= 107|DESIGNATOR=1|ELECTRICAL=4|FORMALTYPE=1|LOCATION.X=570|LOCATION.Y=330|NAME=1|PINCONGLOMERATE=32|PINLENGTH=10|
RECORD=41|LINENO= 125|OWNERPARTID=   0|OWNERINDEX= 124|FONTID=1|ISHIDDEN=T|LOCATION.X=570|LOCATION.Y=330|NAME=PinUniqueId|TEXT=CLASCUKS|UNIQUEID=VITWQGVE|
RECORD= 2|LINENO= 126|OWNERPARTID=   2|OWNERINDEX= 107|DESIGNATOR=2|ELECTRICAL=4|FORMALTYPE=1|LOCATION.X=550|LOCATION.Y=330|NAME=2|PINCONGLOMERATE=34|PINLENGTH=10|
RECORD=41|LINENO= 127|OWNERPARTID=   0|OWNERINDEX= 126|FONTID=1|ISHIDDEN=T|LOCATION.X=550|LOCATION.Y=330|NAME=PinUniqueId|TEXT=DPNUDICB|UNIQUEID=COBJMKEL|
RECORD= 6|LINENO= 128|OWNERPARTID=   2|OWNERINDEX= 107|LINEWIDTH=1|LOCATIONCOUNT=2|X1=562|X2=562|Y1=322|Y2=338|
RECORD= 6|LINENO= 129|OWNERPARTID=   2|OWNERINDEX= 107|LINEWIDTH=1|LOCATIONCOUNT=2|X1=558|X2=558|Y1=322|Y2=338|
RECORD= 6|LINENO= 130|OWNERPARTID=   2|OWNERINDEX= 107|LINEWIDTH=1|LOCATIONCOUNT=2|X1=570|X2=562|Y1=330|Y2=330|
RECORD= 6|LINENO= 131|OWNERPARTID=   2|OWNERINDEX= 107|LINEWIDTH=1|LOCATIONCOUNT=2|X1=550|X2=558|Y1=330|Y2=330|
RECORD=34|LINENO= 132|OWNERPARTID=   0|OWNERINDEX= 107|FONTID=1|LOCATION.X=549|LOCATION.Y=339|NAME=Designator|TEXT=C801|UNIQUEID=VNYNWLCF|
RECORD=41|LINENO= 133|OWNERPARTID=   0|OWNERINDEX= 107|FONTID=1|LOCATION.X=549|LOCATION.Y=311|NAME=Comment|TEXT==Capacitance +'/'+ "Rated Voltage"|UNIQUEID=TSIALSDD|
RECORD=44|LINENO= 134|OWNERPARTID= -42|OWNERINDEX= 107|
RECORD=45|LINENO= 135|OWNERPARTID= -42|OWNERINDEX= 134|DATABASEDATALINKSLOCKED=T|DATALINKSLOCKED=T|ISCURRENT=T|MODELNAME=CAPC1608X08N|MODELTYPE=PCBLIB|UNIQUEID=GDNTSUWH|USECOMPONENTLIBRARY=T|
RECORD=46|LINENO= 136|OWNERPARTID= -42|OWNERINDEX= 135|
RECORD=48|LINENO= 137|OWNERPARTID= -42|OWNERINDEX= 135|
RECORD=45|LINENO= 138|OWNERPARTID= -42|OWNERINDEX= 134|DATABASEDATALINKSLOCKED=T|DATALINKSLOCKED=T|MODELNAME=CAPC1608X08L|MODELTYPE=PCBLIB|UNIQUEID=NMPQFDNX|USECOMPONENTLIBRARY=T|
RECORD=46|LINENO= 139|OWNERPARTID= -42|OWNERINDEX= 138|
RECORD=48|LINENO= 140|OWNERPARTID= -42|OWNERINDEX= 138|
RECORD=45|LINENO= 141|OWNERPARTID= -42|OWNERINDEX= 134|DATABASEDATALINKSLOCKED=T|DATALINKSLOCKED=T|MODELNAME=CAPC1608X08M|MODELTYPE=PCBLIB|UNIQUEID=FDALMQHL|USECOMPONENTLIBRARY=T|
RECORD=46|LINENO= 142|OWNERPARTID= -42|OWNERINDEX= 141|
RECORD=48|LINENO= 143|OWNERPARTID= -42|OWNERINDEX= 141|
RECORD= 1|LINENO= 144|OWNERPARTID=   0|OWNERINDEX= -42|%UTF8%COMPONENTDESCRIPTION=2-Wire High-Accuracy Temperature Sensor, Slave Address 000, 5-Pin SOT-23, -55Â°C to +125Â°C Temperature, Tape and Reel|ALLPINCOUNT=5|AREACOLOR=11599871|COMPONENTDESCRIPTION=2-Wire High-Accuracy Temperature Sensor, Slave Address 000, 5-Pin SOT-23, -55°C to +125°C Temperature, Tape and Reel|CURRENTPARTID=1|DESIGNITEMID=CMP-0192-00211-1|DISPLAYMODECOUNT=1|ITEMGUID=932295FA-60FC-4AC2-B489-ED9FB914E5FE|LIBRARYPATH=*|LIBREFERENCE=SEN-TEMP-MCP980X-5|LOCATION.X=520|LOCATION.Y=410|NOTUSEDBTABLENAME=T|PARTCOUNT=2|PARTIDLOCKED=F|REVISIONGUID=10496D0F-9E21-4C84-A785-055355259C5B|SHEETPARTFILENAME=*|SOURCELIBRARYNAME=Altium Content Vault|SYMBOLITEMGUID=12F16C22-0B47-4626-8822-26B0B8DFC6CD|SYMBOLREVISIONGUID=C0571E6D-E3D5-4BAB-9E82-E1C108B7798D|SYMBOLVAULTGUID=B7D15EC3-160A-466F-A46C-7801FE6295A7|TARGETFILENAME=*|UNIQUEID=DNBSKGCJ|VAULTGUID=B7D15EC3-160A-466F-A46C-7801FE6295A7|
RECORD=41|LINENO= 145|OWNERPARTID=   0|OWNERINDEX= 144|FONTID=1|ISHIDDEN=T|LOCATION.X=498|LOCATION.Y=425|NAME=PackageReference|TEXT=SOT-23-OT5|UNIQUEID=STSLACGM|
RECORD=41|LINENO= 146|OWNERPARTID=   0|OWNERINDEX= 144|FONTID=1|ISHIDDEN=T|LOCATION.X=498|LOCATION.Y=425|NAME=PackageVersion|TEXT=revBB, Aug-2009|UNIQUEID=NLXJKCRB|
RECORD=41|LINENO= 147|OWNERPARTID=   0|OWNERINDEX= 144|FONTID=1|ISHIDDEN=T|LOCATION.X=498|LOCATION.Y=425|NAME=DatasheetVersion|TEXT=revD, Nov-2010|UNIQUEID=WKCWPJBS|
RECORD=41|LINENO= 148|OWNERPARTID=   0|OWNERINDEX= 144|FONTID=1|ISHIDDEN=T|LOCATION.X=498|LOCATION.Y=425|NAME=PackageDescription|TEXT=5-Lead Plastic Small Outline Transistor (OT) [SOT-23]|UNIQUEID=KYBTQKEL|
RECORD=41|LINENO= 149|OWNERPARTID=   0|OWNERINDEX= 144|FONTID=1|ISHIDDEN=T|LOCATION.X=498|LOCATION.Y=425|NAME=Code_IPC|TEXT=SOT23-5|UNIQUEID=IEWPOOTL|
RECORD=14|LINENO= 150|OWNERPARTID=   2|OWNERINDEX= 144|AREACOLOR=11599871|CORNER.X=600|CORNER.Y=410|ISSOLID=T|LOCATION.X=520|LOCATION.Y=360|
RECORD= 2|LINENO= 151|OWNERPARTID=   2|OWNERINDEX= 144|DESIGNATOR=2|ELECTRICAL=7|FORMALTYPE=1|LOCATION.X=600|LOCATION.Y=370|NAME=GND|PINCONGLOMERATE=56|PINLENGTH=20|
RECORD=41|LINENO= 152|OWNERPARTID=   0|OWNERINDEX= 151|FONTID=1|ISHIDDEN=T|LOCATION.X=600|LOCATION.Y=370|NAME=PinUniqueId|TEXT=CMBPBDBN|UNIQUEID=XFTXWXOE|
RECORD= 2|LINENO= 153|OWNERPARTID=   2|OWNERINDEX= 144|DESIGNATOR=5|ELECTRICAL=1|FORMALTYPE=1|LOCATION.X=520|LOCATION.Y=400|NAME=SDA|PINCONGLOMERATE=58|PINLENGTH=20|
RECORD=41|LINENO= 154|OWNERPARTID=   0|OWNERINDEX= 153|FONTID=1|ISHIDDEN=T|LOCATION.X=520|LOCATION.Y=400|NAME=PinUniqueId|TEXT=SDETCENN|UNIQUEID=PGIQHVVN|
RECORD= 2|LINENO= 155|OWNERPARTID=   2|OWNERINDEX= 144|DESIGNATOR=3|ELECTRICAL=3|FORMALTYPE=1|LOCATION.X=600|LOCATION.Y=400|NAME=ALERT|PINCONGLOMERATE=56|PINLENGTH=20|
RECORD=41|LINENO= 156|OWNERPARTID=   0|OWNERINDEX= 155|FONTID=1|ISHIDDEN=T|LOCATION.X=600|LOCATION.Y=400|NAME=PinUniqueId|TEXT=QMOUCYLP|UNIQUEID=GTFBDDHY|
RECORD= 2|LINENO= 157|OWNERPARTID=   2|OWNERINDEX= 144|DESIGNATOR=1|ELECTRICAL=7|FORMALTYPE=1|LOCATION.X=520|LOCATION.Y=370|NAME=VDD|PINCONGLOMERATE=58|PINLENGTH=20|
RECORD=41|LINENO= 158|OWNERPARTID=   0|OWNERINDEX= 157|FONTID=1|ISHIDDEN=T|LOCATION.X=520|LOCATION.Y=370|NAME=PinUniqueId|TEXT=TDINUOBF|UNIQUEID=TBBSBGRN|
RECORD= 2|LINENO= 159|OWNERPARTID=   2|OWNERINDEX= 144|DESIGNATOR=4|FORMALTYPE=1|LOCATION.X=520|LOCATION.Y=390|NAME=SCLK|PINCONGLOMERATE=58|PINLENGTH=20|SYMBOL_INNEREDGE=3|
RECORD=41|LINENO= 160|OWNERPARTID=   0|OWNERINDEX= 159|FONTID=1|ISHIDDEN=T|LOCATION.X=520|LOCATION.Y=390|NAME=PinUniqueId|TEXT=HRVICPIU|UNIQUEID=VGTSRXHW|
RECORD=34|LINENO= 161|OWNERPARTID=   0|OWNERINDEX= 144|FONTID=1|LOCATION.X=520|LOCATION.Y=410|NAME=Designator|TEXT=IC800|UNIQUEID=IHWFMIRF|
RECORD=41|LINENO= 162|OWNERPARTID=   0|OWNERINDEX= 144|FONTID=1|LOCATION.X=520|LOCATION.Y=350|NAME=Comment|TEXT=MCP9800A0T-M/OT|UNIQUEID=BGAEEIOS|
RECORD=44|LINENO= 163|OWNERPARTID= -42|OWNERINDEX= 144|
RECORD=45|LINENO= 164|OWNERPARTID= -42|OWNERINDEX= 163|DATABASEDATALINKSLOCKED=T|DATALINKSLOCKED=T|DESCRIPTION=SOT23, 5-Leads, Body 2.9x1.6mm, Pitch 0.95mm, Lead Span 2.7mm, IPC High Density|ISCURRENT=T|MODELITEMGUID=D32A214A-69E3-4A0F-9760-7B4188460888|MODELNAME=SOT-23-OT5_L|MODELREVISIONGUID=9FDB995D-07EF-41EB-A246-1F36603FC61C|MODELTYPE=PCBLIB|MODELVAULTGUID=B7D15EC3-160A-466F-A46C-7801FE6295A7|UNIQUEID=SGFRVKLU|USECOMPONENTLIBRARY=T|
RECORD=46|LINENO= 165|OWNERPARTID= -42|OWNERINDEX= 164|
RECORD=48|LINENO= 166|OWNERPARTID= -42|OWNERINDEX= 164|
RECORD=41|LINENO= 167|OWNERPARTID=   0|OWNERINDEX= 166|FONTID=1|ISHIDDEN=T|NAME=Available Preview Images|TEXT=2D|UNIQUEID=XDDHIOIB|
RECORD=45|LINENO= 168|OWNERPARTID= -42|OWNERINDEX= 163|DATABASEDATALINKSLOCKED=T|DATALINKSLOCKED=T|DESCRIPTION=SOT23, 5-Leads, Body 2.9x1.6mm, Pitch 0.95mm, Lead Span 2.7mm, IPC Low Density|MODELITEMGUID=2C829941-F625-4A51-BBF0-C3FCF7F52C4C|MODELNAME=SOT-23-OT5_M|MODELREVISIONGUID=CE29479E-D468-4B5E-9DCC-F50C4A07D7FE|MODELTYPE=PCBLIB|MODELVAULTGUID=B7D15EC3-160A-466F-A46C-7801FE6295A7|UNIQUEID=PHANVDUA|USECOMPONENTLIBRARY=T|
RECORD=46|LINENO= 169|OWNERPARTID= -42|OWNERINDEX= 168|
RECORD=48|LINENO= 170|OWNERPARTID= -42|OWNERINDEX= 168|
RECORD=41|LINENO= 171|OWNERPARTID=   0|OWNERINDEX= 170|FONTID=1|ISHIDDEN=T|NAME=Available Preview Images|TEXT=2D|UNIQUEID=CCHPQIWK|
RECORD=45|LINENO= 172|OWNERPARTID= -42|OWNERINDEX= 163|DATABASEDATALINKSLOCKED=T|DATALINKSLOCKED=T|DESCRIPTION=SOT23, 5-Leads, Body 2.9x1.6mm, Pitch 0.95mm, Lead Span 2.7mm, IPC Medium Density|MODELITEMGUID=D18AAC8A-EA4B-4203-95D2-0C79188F6EBA|MODELNAME=SOT-23-OT5_N|MODELREVISIONGUID=60C1E333-39B0-4896-962E-802C3F5EF22B|MODELTYPE=PCBLIB|MODELVAULTGUID=B7D15EC3-160A-466F-A46C-7801FE6295A7|UNIQUEID=NDJKHTJL|USECOMPONENTLIBRARY=T|
RECORD=46|LINENO= 173|OWNERPARTID= -42|OWNERINDEX= 172|
RECORD=48|LINENO= 174|OWNERPARTID= -42|OWNERINDEX= 172|
RECORD=41|LINENO= 175|OWNERPARTID=   0|OWNERINDEX= 174|FONTID=1|ISHIDDEN=T|NAME=Available Preview Images|TEXT=2D|UNIQUEID=DVLMAIXQ|
RECORD= 1|LINENO= 176|OWNERPARTID=   0|OWNERINDEX= -42|ALLPINCOUNT=2|AREACOLOR=11599871|COMPONENTDESCRIPTION=SMD Resistor 10k 0603|CURRENTPARTID=1|DATABASETABLENAME=R|DESIGNITEMID=gen_R_10k_0603|DISPLAYMODECOUNT=2|ISMIRRORED=T|LIBRARYPATH=*|LIBREFERENCE=R|LOCATION.X=640|LOCATION.Y=410|ORIENTATION=1|PARTCOUNT=2|PARTIDLOCKED=T|SHEETPARTFILENAME=*|SOURCELIBRARYNAME=OE750.DbLib|TARGETFILENAME=*|UNIQUEID=PWPYDIGL|
RECORD=41|LINENO= 177|OWNERPARTID=   0|OWNERINDEX= 176|FONTID=1|ISHIDDEN=T|LOCATION.X=625|LOCATION.Y=425|NAME=Part Number|TEXT=gen_R_10k_0603|UNIQUEID=SYQBCBTY|
RECORD=41|LINENO= 178|OWNERPARTID=   0|OWNERINDEX= 176|%UTF8%TEXT=-55Â°C - +155Â°C|FONTID=1|ISHIDDEN=T|LOCATION.X=625|LOCATION.Y=425|NAME=Operating Temperature|TEXT=-55°C - +155°C|UNIQUEID=PEQSRYUS|
RECORD=41|LINENO= 179|OWNERPARTID=   0|OWNERINDEX= 176|FONTID=1|ISHIDDEN=T|LOCATION.X=625|LOCATION.Y=425|NAME=Resistance|TEXT=10k|UNIQUEID=BTQUBMJC|
RECORD=41|LINENO= 180|OWNERPARTID=   0|OWNERINDEX= 176|FONTID=1|ISHIDDEN=T|LOCATION.X=625|LOCATION.Y=425|NAME=Tolerance|TEXT=1%|UNIQUEID=KVICRHSU|
RECORD=41|LINENO= 181|OWNERPARTID=   0|OWNERINDEX= 176|FONTID=1|ISHIDDEN=T|LOCATION.X=625|LOCATION.Y=425|NAME=Power|TEXT=0.1W|UNIQUEID=PGUTTVJV|
RECORD=41|LINENO= 182|OWNERPARTID=   0|OWNERINDEX= 176|FONTID=1|ISHIDDEN=T|LOCATION.X=625|LOCATION.Y=425|NAME=Case EIA|TEXT=0603|UNIQUEID=UTEIDPKN|
RECORD=41|LINENO= 183|OWNERPARTID=   0|OWNERINDEX= 176|FONTID=1|ISHIDDEN=T|LOCATION.X=625|LOCATION.Y=425|NAME=Case Metric|TEXT=1608|UNIQUEID=VMKRWDIL|
RECORD=41|LINENO= 184|OWNERPARTID=   0|OWNERINDEX= 176|FONTID=1|ISHIDDEN=T|LOCATION.X=625|LOCATION.Y=425|NAME=Maximum Working Voltage|TEXT=75V|UNIQUEID=PJLHVCCY|
RECORD=41|LINENO= 185|OWNERPARTID=   0|OWNERINDEX= 176|FONTID=1|ISHIDDEN=T|LOCATION.X=625|LOCATION.Y=425|NAME=Series|TEXT=E24, E96|UNIQUEID=APTLTWPD|
RECORD=41|LINENO= 186|OWNERPARTID=   0|OWNERINDEX= 176|FONTID=1|ISHIDDEN=T|LOCATION.X=625|LOCATION.Y=425|NAME=PnP Package|TEXT=R_0603|UNIQUEID=AIGHJSGC|
RECORD=41|LINENO= 187|OWNERPARTID=   0|OWNERINDEX= 176|FONTID=1|ISHIDDEN=T|LOCATION.X=625|LOCATION.Y=425|NAME=PnP Value|TEXT=10k|UNIQUEID=IBALHFBN|
RECORD=41|LINENO= 188|OWNERPARTID=   0|OWNERINDEX= 176|FONTID=1|ISHIDDEN=T|LOCATION.X=625|LOCATION.Y=425|NAME=Supplier 1|TEXT=Farnell|UNIQUEID=WMGFVQBB|
RECORD=41|LINENO= 189|OWNERPARTID=   0|OWNERINDEX= 176|FONTID=1|ISHIDDEN=T|LOCATION.X=625|LOCATION.Y=425|NAME=Supplier Part Number 1|TEXT=2073349|UNIQUEID=IGNCIQTM|
RECORD=41|LINENO= 190|OWNERPARTID=   0|OWNERINDEX= 176|FONTID=1|ISHIDDEN=T|LOCATION.X=625|LOCATION.Y=425|NAME=Automotive Qualified|TEXT=True|UNIQUEID=DLECYICI|
RECORD= 2|LINENO= 191|OWNERPARTID=   2|OWNERINDEX= 176|DESIGNATOR=1|ELECTRICAL=4|FORMALTYPE=1|LOCATION.X=640|LOCATION.Y=420|NAME=1|OWNERPARTDISPLAYMODE=1|PINCONGLOMERATE=35|PINLENGTH=10|
RECORD=41|LINENO= 192|OWNERPARTID=   0|OWNERINDEX= 191|FONTID=1|ISHIDDEN=T|LOCATION.X=640|LOCATION.Y=420|NAME=PinUniqueId|TEXT=XIPLYDJU|UNIQUEID=HNEOOVHQ|
RECORD= 2|LINENO= 193|OWNERPARTID=   2|OWNERINDEX= 176|DESIGNATOR=2|ELECTRICAL=4|FORMALTYPE=1|LOCATION.X=640|LOCATION.Y=440|NAME=2|OWNERPARTDISPLAYMODE=1|PINCONGLOMERATE=33|PINLENGTH=10|
RECORD=41|LINENO= 194|OWNERPARTID=   0|OWNERINDEX= 193|FONTID=1|ISHIDDEN=T|LOCATION.X=640|LOCATION.Y=440|NAME=PinUniqueId|TEXT=SKOADMGH|UNIQUEID=OFJUPQHL|
RECORD= 6|LINENO= 195|OWNERPARTID=   2|OWNERINDEX= 176|LINEWIDTH=1|LOCATIONCOUNT=7|OWNERPARTDISPLAYMODE=1|X1=640|X2=644|X3=637|X4=644|X5=637|X6=644|X7=640|Y1=420|Y2=423|Y3=427|Y4=431|Y5=435|Y6=438|Y7=440|
RECORD= 2|LINENO= 196|OWNERPARTID=   2|OWNERINDEX= 176|DESIGNATOR=1|ELECTRICAL=4|FORMALTYPE=1|LOCATION.X=640|LOCATION.Y=420|NAME=1|PINCONGLOMERATE=35|PINLENGTH=10|
RECORD=41|LINENO= 197|OWNERPARTID=   0|OWNERINDEX= 196|FONTID=1|ISHIDDEN=T|LOCATION.X=640|LOCATION.Y=420|NAME=PinUniqueId|TEXT=UBSPHLFJ|UNIQUEID=DQNAOQVS|
RECORD= 2|LINENO= 198|OWNERPARTID=   2|OWNERINDEX= 176|DESIGNATOR=2|ELECTRICAL=4|FORMALTYPE=1|LOCATION.X=640|LOCATION.Y=440|NAME=2|PINCONGLOMERATE=33|PINLENGTH=10|
RECORD=41|LINENO= 199|OWNERPARTID=   0|OWNERINDEX= 198|FONTID=1|ISHIDDEN=T|LOCATION.X=640|LOCATION.Y=440|NAME=PinUniqueId|TEXT=AQCMREQN|UNIQUEID=ERQICXDQ|
RECORD= 6|LINENO= 200|OWNERPARTID=   2|OWNERINDEX= 176|LINEWIDTH=1|LOCATIONCOUNT=5|X1=644|X2=636|X3=636|X4=644|X5=644|Y1=420|Y2=420|Y3=440|Y4=440|Y5=420|
RECORD=34|LINENO= 201|OWNERPARTID=   0|OWNERINDEX= 176|FONTID=1|LOCATION.X=645|LOCATION.Y=431|NAME=Designator|TEXT=R800|UNIQUEID=QFYGDMWU|
RECORD=41|LINENO= 202|OWNERPARTID=   0|OWNERINDEX= 176|FONTID=1|LOCATION.X=645|LOCATION.Y=421|NAME=Comment|TEXT==Resistance|UNIQUEID=ACIKGQKJ|
RECORD=44|LINENO= 203|OWNERPARTID= -42|OWNERINDEX= 176|
RECORD=45|LINENO= 204|OWNERPARTID= -42|OWNERINDEX= 203|DATABASEDATALINKSLOCKED=T|DATALINKSLOCKED=T|ISCURRENT=T|MODELNAME=RESC1608X05N|MODELTYPE=PCBLIB|UNIQUEID=XWTUMIRR|USECOMPONENTLIBRARY=T|
RECORD=46|LINENO= 205|OWNERPARTID= -42|OWNERINDEX= 204|
RECORD=48|LINENO= 206|OWNERPARTID= -42|OWNERINDEX= 204|
RECORD=45|LINENO= 207|OWNERPARTID= -42|OWNERINDEX= 203|DATABASEDATALINKSLOCKED=T|DATALINKSLOCKED=T|MODELNAME=RESC1608X05L|MODELTYPE=PCBLIB|UNIQUEID=ASNRDYMU|USECOMPONENTLIBRARY=T|
RECORD=46|LINENO= 208|OWNERPARTID= -42|OWNERINDEX= 207|
RECORD=48|LINENO= 209|OWNERPARTID= -42|OWNERINDEX= 207|
RECORD=45|LINENO= 210|OWNERPARTID= -42|OWNERINDEX= 203|DATABASEDATALINKSLOCKED=T|DATALINKSLOCKED=T|MODELNAME=RESC1608X05M|MODELTYPE=PCBLIB|UNIQUEID=SPWTOPGE|USECOMPONENTLIBRARY=T|
RECORD=46|LINENO= 211|OWNERPARTID= -42|OWNERINDEX= 210|
RECORD=48|LINENO= 212|OWNERPARTID= -42|OWNERINDEX= 210|
RECORD= 1|LINENO= 213|OWNERPARTID=   0|OWNERINDEX= -42|%UTF8%COMPONENTDESCRIPTION=Automotive 2-Mbit serial IÂ²C bus EEPROM with 1 MHz clock|ALLPINCOUNT=6|AREACOLOR=11599871|COMPONENTDESCRIPTION=Automotive 2-Mbit serial I²C bus EEPROM with 1 MHz clock|CURRENTPARTID=1|DATABASETABLENAME=IC|DESIGNITEMID=M24M02-DWMN3TP/K|DISPLAYMODECOUNT=1|LIBRARYPATH=*|LIBREFERENCE=M24M02-DWMN3TP/K|LOCATION.X=600|LOCATION.Y=720|PARTCOUNT=2|PARTIDLOCKED=T|SHEETPARTFILENAME=*|SOURCELIBRARYNAME=OE750.DbLib|TARGETFILENAME=*|UNIQUEID=LNSFFWYB|
RECORD=41|LINENO= 214|OWNERPARTID=   0|OWNERINDEX= 213|FONTID=1|ISHIDDEN=T|LOCATION.X=595|LOCATION.Y=735|NAME=Part Number|TEXT=M24M02-DWMN3TP/K|UNIQUEID=LYYRUIJM|
RECORD=41|LINENO= 215|OWNERPARTID=   0|OWNERINDEX= 213|FONTID=1|ISHIDDEN=T|LOCATION.X=595|LOCATION.Y=735|NAME=Part Name|TEXT=M24M02-DWMN3TP/K|UNIQUEID=FIIGIVRQ|
RECORD=41|LINENO= 216|OWNERPARTID=   0|OWNERINDEX= 213|FONTID=1|ISHIDDEN=T|LOCATION.X=595|LOCATION.Y=735|NAME=Manufacturer|TEXT=STMicroelectronics|UNIQUEID=HJBMYPLD|
RECORD=41|LINENO= 217|OWNERPARTID=   0|OWNERINDEX= 213|%UTF8%TEXT=-40Â°C - +125Â°C|FONTID=1|ISHIDDEN=T|LOCATION.X=595|LOCATION.Y=735|NAME=Operating Temperature|TEXT=-40°C - +125°C|UNIQUEID=TRDDQHYN|
RECORD=41|LINENO= 218|OWNERPARTID=   0|OWNERINDEX= 213|FONTID=1|ISHIDDEN=T|LOCATION.X=595|LOCATION.Y=735|NAME=ComponentLink1Description|TEXT=Datasheet|UNIQUEID=PXAKHJNN|
RECORD=41|LINENO= 219|OWNERPARTID=   0|OWNERINDEX= 213|FONTID=2|ISHIDDEN=T|LOCATION.X=595|LOCATION.Y=735|NAME=ComponentLink1URL|TEXT=http://www.st.com/content/ccc/resource/technical/document/datasheet/83/f4/3e/e4/4e/49/42/c5/DM00200595.pdf/files/DM00200595.pdf/jcr:content/translations/en.DM00200595.pdf|UNIQUEID=LNEWSRDJ|
RECORD=41|LINENO= 220|OWNERPARTID=   0|OWNERINDEX= 213|FONTID=1|ISHIDDEN=T|LOCATION.X=595|LOCATION.Y=735|NAME=Supplier 1|TEXT=Digikey|UNIQUEID=RSQVHTEF|
RECORD=41|LINENO= 221|OWNERPARTID=   0|OWNERINDEX= 213|FONTID=1|ISHIDDEN=T|LOCATION.X=595|LOCATION.Y=735|NAME=Supplier Part Number 1|TEXT=497-16238-1-ND|UNIQUEID=SFOHMKAU|
RECORD=41|LINENO= 222|OWNERPARTID=   0|OWNERINDEX= 213|FONTID=1|ISHIDDEN=T|LOCATION.X=595|LOCATION.Y=735|NAME=Supplier 2|TEXT=Mouser|UNIQUEID=QJAQEVIA|
RECORD=41|LINENO= 223|OWNERPARTID=   0|OWNERINDEX= 213|FONTID=1|ISHIDDEN=T|LOCATION.X=595|LOCATION.Y=735|NAME=Supplier Part Number 2|TEXT=511-M24M02-DWMN3TP/K|UNIQUEID=DEIPRTDM|
RECORD=41|LINENO= 224|OWNERPARTID=   0|OWNERINDEX= 213|FONTID=1|ISHIDDEN=T|LOCATION.X=595|LOCATION.Y=735|NAME=PnP Package|TEXT=SO8N|UNIQUEID=VJRFROSG|
RECORD=41|LINENO= 225|OWNERPARTID=   0|OWNERINDEX= 213|FONTID=1|ISHIDDEN=T|LOCATION.X=595|LOCATION.Y=735|NAME=Automotive Qualified|TEXT=True|UNIQUEID=HYNQELUE|
RECORD=41|LINENO= 226|OWNERPARTID=   0|OWNERINDEX= 213|FONTID=1|ISHIDDEN=T|LOCATION.X=595|LOCATION.Y=735|NAME=Supplier 3|TEXT=Farnell|UNIQUEID=KVYTTUNJ|
RECORD=41|LINENO= 227|OWNERPARTID=   0|OWNERINDEX= 213|FONTID=1|ISHIDDEN=T|LOCATION.X=595|LOCATION.Y=735|NAME=Supplier Part Number 3|TEXT=2849971|UNIQUEID=KCLVRRSN|
RECORD=14|LINENO= 228|OWNERPARTID=   2|OWNERINDEX= 213|AREACOLOR=11599871|CORNER.X=690|CORNER.Y=730|ISSOLID=T|LOCATION.X=630|LOCATION.Y=660|
RECORD= 2|LINENO= 229|OWNERPARTID=   2|OWNERINDEX= 213|%UTF8%SWAPIDPART=Â¦&Â¦|DESIGNATOR=8|ELECTRICAL=7|FORMALTYPE=1|LOCATION.X=630|LOCATION.Y=720|NAME=VCC|PINCONGLOMERATE=58|PINLENGTH=30|SWAPIDPART=Ž&Ž|
RECORD=41|LINENO= 230|OWNERPARTID=   0|OWNERINDEX= 229|FONTID=1|ISHIDDEN=T|LOCATION.X=630|LOCATION.Y=720|NAME=PinUniqueId|TEXT=FXUTLVST|UNIQUEID=SRTYWHFY|
RECORD= 2|LINENO= 231|OWNERPARTID=   2|OWNERINDEX= 213|%UTF8%SWAPIDPART=Â¦&Â¦|DESIGNATOR=4|ELECTRICAL=7|FORMALTYPE=1|LOCATION.X=630|LOCATION.Y=700|NAME=VSS|PINCONGLOMERATE=58|PINLENGTH=30|SWAPIDPART=Ž&Ž|
RECORD=41|LINENO= 232|OWNERPARTID=   0|OWNERINDEX= 231|FONTID=1|ISHIDDEN=T|LOCATION.X=630|LOCATION.Y=700|NAME=PinUniqueId|TEXT=FJCMWHXM|UNIQUEID=HYSQMLKI|
RECORD= 2|LINENO= 233|OWNERPARTID=   2|OWNERINDEX= 213|%UTF8%SWAPIDPART=Â¦&Â¦|DESIGNATOR=7|ELECTRICAL=4|FORMALTYPE=1|LOCATION.X=690|LOCATION.Y=720|NAME=W\C\|PINCONGLOMERATE=56|PINLENGTH=30|SWAPIDPART=Ž&Ž|
RECORD=41|LINENO= 234|OWNERPARTID=   0|OWNERINDEX= 233|FONTID=1|ISHIDDEN=T|LOCATION.X=690|LOCATION.Y=720|NAME=PinUniqueId|TEXT=MTRARNYA|UNIQUEID=FDTEUAEC|
RECORD= 2|LINENO= 235|OWNERPARTID=   2|OWNERINDEX= 213|%UTF8%SWAPIDPART=Â¦&Â¦|DESIGNATOR=3|ELECTRICAL=4|FORMALTYPE=1|LOCATION.X=690|LOCATION.Y=710|NAME=E2|PINCONGLOMERATE=56|PINLENGTH=30|SWAPIDPART=Ž&Ž|
RECORD=41|LINENO= 236|OWNERPARTID=   0|OWNERINDEX= 235|FONTID=1|ISHIDDEN=T|LOCATION.X=690|LOCATION.Y=710|NAME=PinUniqueId|TEXT=MUBEWJJU|UNIQUEID=ANXCQYDT|
RECORD= 2|LINENO= 237|OWNERPARTID=   2|OWNERINDEX= 213|%UTF8%SWAPIDPART=Â¦&Â¦|DESIGNATOR=6|ELECTRICAL=4|FORMALTYPE=1|LOCATION.X=690|LOCATION.Y=690|NAME=SCL|PINCONGLOMERATE=56|PINLENGTH=30|SWAPIDPART=Ž&Ž|
RECORD=41|LINENO= 238|OWNERPARTID=   0|OWNERINDEX= 237|FONTID=1|ISHIDDEN=T|LOCATION.X=690|LOCATION.Y=690|NAME=PinUniqueId|TEXT=RIHNSLWV|UNIQUEID=MSLIXRLY|
RECORD= 2|LINENO= 239|OWNERPARTID=   2|OWNERINDEX= 213|%UTF8%SWAPIDPART=Â¦&Â¦|DESIGNATOR=5|ELECTRICAL=4|FORMALTYPE=1|LOCATION.X=690|LOCATION.Y=680|NAME=SDA|PINCONGLOMERATE=56|PINLENGTH=30|SWAPIDPART=Ž&Ž|
RECORD=41|LINENO= 240|OWNERPARTID=   0|OWNERINDEX= 239|FONTID=1|ISHIDDEN=T|LOCATION.X=690|LOCATION.Y=680|NAME=PinUniqueId|TEXT=PQLQQKTJ|UNIQUEID=SCMFWLOB|
RECORD= 2|LINENO= 241|OWNERPARTID=   2|OWNERINDEX= 213|%UTF8%SWAPIDPART=Â¦&Â¦|DESIGNATOR=1|ELECTRICAL=4|FORMALTYPE=1|LOCATION.X=630|LOCATION.Y=680|NAME=N.C.|PINCONGLOMERATE=58|PINLENGTH=30|SWAPIDPART=Ž&Ž|
RECORD=41|LINENO= 242|OWNERPARTID=   0|OWNERINDEX= 241|FONTID=1|ISHIDDEN=T|LOCATION.X=630|LOCATION.Y=680|NAME=PinUniqueId|TEXT=FNBQNHBL|UNIQUEID=OJKUTRGA|
RECORD= 2|LINENO= 243|OWNERPARTID=   2|OWNERINDEX= 213|%UTF8%SWAPIDPART=Â¦&Â¦|DESIGNATOR=2|ELECTRICAL=4|FORMALTYPE=1|LOCATION.X=630|LOCATION.Y=670|NAME=N.C.|PINCONGLOMERATE=58|PINLENGTH=30|SWAPIDPART=Ž&Ž|
RECORD=41|LINENO= 244|OWNERPARTID=   0|OWNERINDEX= 243|FONTID=1|ISHIDDEN=T|LOCATION.X=630|LOCATION.Y=670|NAME=PinUniqueId|TEXT=RFQRWRST|UNIQUEID=LLDKNPVM|
RECORD=34|LINENO= 245|OWNERPARTID=   0|OWNERINDEX= 213|FONTID=1|LOCATION.X=630|LOCATION.Y=730|NAME=Designator|TEXT=IC801|UNIQUEID=TRCKOOLB|
RECORD=41|LINENO= 246|OWNERPARTID=   0|OWNERINDEX= 213|FONTID=1|LOCATION.X=630|LOCATION.Y=650|NAME=Comment|TEXT=M24M02-DWMN3TP/K|UNIQUEID=IKWVTWFX|
RECORD=44|LINENO= 247|OWNERPARTID= -42|OWNERINDEX= 213|
RECORD=45|LINENO= 248|OWNERPARTID= -42|OWNERINDEX= 247|DATABASEDATALINKSLOCKED=T|DATAFILECOUNT=1|DATALINKSLOCKED=T|ISCURRENT=T|MODELDATAFILEENTITY0=SOIC127P600X175-8N|MODELDATAFILEKIND0=PCBLib|MODELNAME=SOIC127P600X175-8N|MODELTYPE=PCBLIB|UNIQUEID=HFNLMKLL|USECOMPONENTLIBRARY=T|
RECORD=46|LINENO= 249|OWNERPARTID= -42|OWNERINDEX= 248|
RECORD=48|LINENO= 250|OWNERPARTID= -42|OWNERINDEX= 248|
RECORD=45|LINENO= 251|OWNERPARTID= -42|OWNERINDEX= 247|DATABASEDATALINKSLOCKED=T|DATAFILECOUNT=1|DATALINKSLOCKED=T|MODELDATAFILEENTITY0=SOIC127P600X175-8L|MODELDATAFILEKIND0=PCBLib|MODELNAME=SOIC127P600X175-8L|MODELTYPE=PCBLIB|UNIQUEID=GOEJHJSN|USECOMPONENTLIBRARY=T|
RECORD=46|LINENO= 252|OWNERPARTID= -42|OWNERINDEX= 251|
RECORD=48|LINENO= 253|OWNERPARTID= -42|OWNERINDEX= 251|
RECORD=45|LINENO= 254|OWNERPARTID= -42|OWNERINDEX= 247|DATABASEDATALINKSLOCKED=T|DATAFILECOUNT=1|DATALINKSLOCKED=T|MODELDATAFILEENTITY0=SOIC127P600X175-8M|MODELDATAFILEKIND0=PCBLib|MODELNAME=SOIC127P600X175-8M|MODELTYPE=PCBLIB|UNIQUEID=MMIKFAPP|USECOMPONENTLIBRARY=T|
RECORD=46|LINENO= 255|OWNERPARTID= -42|OWNERINDEX= 254|
RECORD=48|LINENO= 256|OWNERPARTID= -42|OWNERINDEX= 254|
RECORD= 1|LINENO= 257|OWNERPARTID=   0|OWNERINDEX= -42|ALLPINCOUNT=2|AREACOLOR=11599871|COMPONENTDESCRIPTION=SMD Resistor 10k 0603|CURRENTPARTID=1|DATABASETABLENAME=R|DESIGNITEMID=gen_R_10k_0603|DISPLAYMODECOUNT=2|ISMIRRORED=T|LIBRARYPATH=*|LIBREFERENCE=R|LOCATION.X=760|LOCATION.Y=730|ORIENTATION=2|PARTCOUNT=2|PARTIDLOCKED=T|SHEETPARTFILENAME=*|SOURCELIBRARYNAME=OE750.DbLib|TARGETFILENAME=*|UNIQUEID=AHHQJROK|
RECORD=41|LINENO= 258|OWNERPARTID=   0|OWNERINDEX= 257|FONTID=1|ISHIDDEN=T|LOCATION.X=745|LOCATION.Y=745|NAME=Part Number|TEXT=gen_R_10k_0603|UNIQUEID=DBBUWRGU|
RECORD=41|LINENO= 259|OWNERPARTID=   0|OWNERINDEX= 257|%UTF8%TEXT=-55Â°C - +155Â°C|FONTID=1|ISHIDDEN=T|LOCATION.X=745|LOCATION.Y=745|NAME=Operating Temperature|TEXT=-55°C - +155°C|UNIQUEID=MUMQJXAF|
RECORD=41|LINENO= 260|OWNERPARTID=   0|OWNERINDEX= 257|FONTID=1|ISHIDDEN=T|LOCATION.X=745|LOCATION.Y=745|NAME=Resistance|TEXT=10k|UNIQUEID=ETVQREOH|
RECORD=41|LINENO= 261|OWNERPARTID=   0|OWNERINDEX= 257|FONTID=1|ISHIDDEN=T|LOCATION.X=745|LOCATION.Y=745|NAME=Tolerance|TEXT=1%|UNIQUEID=WRCJCPVA|
RECORD=41|LINENO= 262|OWNERPARTID=   0|OWNERINDEX= 257|FONTID=1|ISHIDDEN=T|LOCATION.X=745|LOCATION.Y=745|NAME=Power|TEXT=0.1W|UNIQUEID=DCKGQTUE|
RECORD=41|LINENO= 263|OWNERPARTID=   0|OWNERINDEX= 257|FONTID=1|ISHIDDEN=T|LOCATION.X=745|LOCATION.Y=745|NAME=Case EIA|TEXT=0603|UNIQUEID=ODQCTCMR|
RECORD=41|LINENO= 264|OWNERPARTID=   0|OWNERINDEX= 257|FONTID=1|ISHIDDEN=T|LOCATION.X=745|LOCATION.Y=745|NAME=Case Metric|TEXT=1608|UNIQUEID=IVUFWYPX|
RECORD=41|LINENO= 265|OWNERPARTID=   0|OWNERINDEX= 257|FONTID=1|ISHIDDEN=T|LOCATION.X=745|LOCATION.Y=745|NAME=Maximum Working Voltage|TEXT=75V|UNIQUEID=WFEYHQJA|
RECORD=41|LINENO= 266|OWNERPARTID=   0|OWNERINDEX= 257|FONTID=1|ISHIDDEN=T|LOCATION.X=745|LOCATION.Y=745|NAME=Series|TEXT=E24, E96|UNIQUEID=CPHAIINQ|
RECORD=41|LINENO= 267|OWNERPARTID=   0|OWNERINDEX= 257|FONTID=1|ISHIDDEN=T|LOCATION.X=745|LOCATION.Y=745|NAME=PnP Package|TEXT=R_0603|UNIQUEID=SUTAGFBE|
RECORD=41|LINENO= 268|OWNERPARTID=   0|OWNERINDEX= 257|FONTID=1|ISHIDDEN=T|LOCATION.X=745|LOCATION.Y=745|NAME=PnP Value|TEXT=10k|UNIQUEID=XSXDRPSQ|
RECORD=41|LINENO= 269|OWNERPARTID=   0|OWNERINDEX= 257|FONTID=1|ISHIDDEN=T|LOCATION.X=745|LOCATION.Y=745|NAME=Supplier 1|TEXT=Farnell|UNIQUEID=PNESFGGE|
RECORD=41|LINENO= 270|OWNERPARTID=   0|OWNERINDEX= 257|FONTID=1|ISHIDDEN=T|LOCATION.X=745|LOCATION.Y=745|NAME=Supplier Part Number 1|TEXT=2073349|UNIQUEID=OIIUPORU|
RECORD=41|LINENO= 271|OWNERPARTID=   0|OWNERINDEX= 257|FONTID=1|ISHIDDEN=T|LOCATION.X=745|LOCATION.Y=745|NAME=Automotive Qualified|TEXT=True|UNIQUEID=JEVGGGWQ|
RECORD= 2|LINENO= 272|OWNERPARTID=   2|OWNERINDEX= 257|DESIGNATOR=1|ELECTRICAL=4|FORMALTYPE=1|LOCATION.X=770|LOCATION.Y=730|NAME=1|OWNERPARTDISPLAYMODE=1|PINCONGLOMERATE=34|PINLENGTH=10|
RECORD=41|LINENO= 273|OWNERPARTID=   0|OWNERINDEX= 272|FONTID=1|ISHIDDEN=T|LOCATION.X=770|LOCATION.Y=730|NAME=PinUniqueId|TEXT=FVGPJDJX|UNIQUEID=OASXNSYO|
RECORD= 2|LINENO= 274|OWNERPARTID=   2|OWNERINDEX= 257|DESIGNATOR=2|ELECTRICAL=4|FORMALTYPE=1|LOCATION.X=790|LOCATION.Y=730|NAME=2|OWNERPARTDISPLAYMODE=1|PINCONGLOMERATE=32|PINLENGTH=10|
RECORD=41|LINENO= 275|OWNERPARTID=   0|OWNERINDEX= 274|FONTID=1|ISHIDDEN=T|LOCATION.X=790|LOCATION.Y=730|NAME=PinUniqueId|TEXT=ESJEIXSP|UNIQUEID=DKTHRGMB|
RECORD= 6|LINENO= 276|OWNERPARTID=   2|OWNERINDEX= 257|LINEWIDTH=1|LOCATIONCOUNT=7|OWNERPARTDISPLAYMODE=1|X1=770|X2=773|X3=777|X4=781|X5=785|X6=788|X7=790|Y1=730|Y2=726|Y3=733|Y4=726|Y5=733|Y6=726|Y7=730|
RECORD= 2|LINENO= 277|OWNERPARTID=   2|OWNERINDEX= 257|DESIGNATOR=1|ELECTRICAL=4|FORMALTYPE=1|LOCATION.X=770|LOCATION.Y=730|NAME=1|PINCONGLOMERATE=34|PINLENGTH=10|
RECORD=41|LINENO= 278|OWNERPARTID=   0|OWNERINDEX= 277|FONTID=1|ISHIDDEN=T|LOCATION.X=770|LOCATION.Y=730|NAME=PinUniqueId|TEXT=EAKKHBPU|UNIQUEID=DPMHQYUK|
RECORD= 2|LINENO= 279|OWNERPARTID=   2|OWNERINDEX= 257|DESIGNATOR=2|ELECTRICAL=4|FORMALTYPE=1|LOCATION.X=790|LOCATION.Y=730|NAME=2|PINCONGLOMERATE=32|PINLENGTH=10|
RECORD=41|LINENO= 280|OWNERPARTID=   0|OWNERINDEX= 279|FONTID=1|ISHIDDEN=T|LOCATION.X=790|LOCATION.Y=730|NAME=PinUniqueId|TEXT=BKABLKUQ|UNIQUEID=NWKYSWJW|
RECORD= 6|LINENO= 281|OWNERPARTID=   2|OWNERINDEX= 257|LINEWIDTH=1|LOCATIONCOUNT=5|X1=770|X2=770|X3=790|X4=790|X5=770|Y1=726|Y2=734|Y3=734|Y4=726|Y5=726|
RECORD=34|LINENO= 282|OWNERPARTID=   0|OWNERINDEX= 257|FONTID=1|LOCATION.X=769|LOCATION.Y=735|NAME=Designator|TEXT=R801|UNIQUEID=EUUMVJSX|
RECORD=41|LINENO= 283|OWNERPARTID=   0|OWNERINDEX= 257|FONTID=1|LOCATION.X=769|LOCATION.Y=715|NAME=Comment|TEXT==Resistance|UNIQUEID=CDXINGOT|
RECORD=44|LINENO= 284|OWNERPARTID= -42|OWNERINDEX= 257|
RECORD=45|LINENO= 285|OWNERPARTID= -42|OWNERINDEX= 284|DATABASEDATALINKSLOCKED=T|DATALINKSLOCKED=T|ISCURRENT=T|MODELNAME=RESC1608X05N|MODELTYPE=PCBLIB|UNIQUEID=VXTYQCWX|USECOMPONENTLIBRARY=T|
RECORD=46|LINENO= 286|OWNERPARTID= -42|OWNERINDEX= 285|
RECORD=48|LINENO= 287|OWNERPARTID= -42|OWNERINDEX= 285|
RECORD=45|LINENO= 288|OWNERPARTID= -42|OWNERINDEX= 284|DATABASEDATALINKSLOCKED=T|DATALINKSLOCKED=T|MODELNAME=RESC1608X05L|MODELTYPE=PCBLIB|UNIQUEID=YOCIPSXI|USECOMPONENTLIBRARY=T|
RECORD=46|LINENO= 289|OWNERPARTID= -42|OWNERINDEX= 288|
RECORD=48|LINENO= 290|OWNERPARTID= -42|OWNERINDEX= 288|
RECORD=45|LINENO= 291|OWNERPARTID= -42|OWNERINDEX= 284|DATABASEDATALINKSLOCKED=T|DATALINKSLOCKED=T|MODELNAME=RESC1608X05M|MODELTYPE=PCBLIB|UNIQUEID=QWHBNSSU|USECOMPONENTLIBRARY=T|
RECORD=46|LINENO= 292|OWNERPARTID= -42|OWNERINDEX= 291|
RECORD=48|LINENO= 293|OWNERPARTID= -42|OWNERINDEX= 291|
RECORD=17|LINENO= 294|OWNERPARTID=   0|OWNERINDEX= -42|FONTID=1|LOCATION.X=440|LOCATION.Y=360|ORIENTATION=1|SHOWNETNAME=T|STYLE=2|TEXT=+5.0V_VREG|UNIQUEID=IVPVOPWG|
RECORD=17|LINENO= 295|OWNERPARTID=   0|OWNERINDEX= -42|FONTID=1|LOCATION.X=660|LOCATION.Y=320|ORIENTATION=3|SHOWNETNAME=T|STYLE=2|TEXT=FUSED_VBAT-|UNIQUEID=ILRDGRCV|
RECORD=17|LINENO= 296|OWNERPARTID=   0|OWNERINDEX= -42|FONTID=1|LOCATION.X=640|LOCATION.Y=450|ORIENTATION=1|SHOWNETNAME=T|STYLE=2|TEXT=+5.0V_VREG|UNIQUEID=KIHRWSFA|
RECORD=17|LINENO= 297|OWNERPARTID=   0|OWNERINDEX= -42|FONTID=1|LOCATION.X=570|LOCATION.Y=760|ORIENTATION=1|SHOWNETNAME=T|STYLE=2|TEXT=+5.0V_VREG|UNIQUEID=RSJHWCIB|
RECORD=17|LINENO= 298|OWNERPARTID=   0|OWNERINDEX= -42|FONTID=1|LOCATION.X=570|LOCATION.Y=630|ORIENTATION=3|SHOWNETNAME=T|STYLE=2|TEXT=FUSED_VBAT-|UNIQUEID=MFWBWMEI|
RECORD=17|LINENO= 299|OWNERPARTID=   0|OWNERINDEX= -42|FONTID=1|LOCATION.X=850|LOCATION.Y=740|ORIENTATION=1|SHOWNETNAME=T|STYLE=2|TEXT=+5.0V_VREG|UNIQUEID=BGJIDMCQ|
RECORD=17|LINENO= 300|OWNERPARTID=   0|OWNERINDEX= -42|FONTID=1|LOCATION.X=850|LOCATION.Y=700|ORIENTATION=3|SHOWNETNAME=T|STYLE=2|TEXT=FUSED_VBAT-|UNIQUEID=JWWCLPHA|
RECORD=18|LINENO= 301|OWNERPARTID=   0|OWNERINDEX= -42|AREACOLOR=8454143|FONTID=1|HEIGHT=10|IOTYPE=1|LOCATION.X=766|LOCATION.Y=400|NAME=TEMP-ALERT|TEXTCOLOR=128|UNIQUEID=YNCIFYVB|WIDTH=94|
RECORD=41|LINENO= 302|OWNERPARTID=   0|OWNERINDEX= -42|FONTID=1|ISHIDDEN=T|LOCATION.X=586|LOCATION.Y=126|NAME=SheetDescription|TEXT=Primary EEPROM and Board T-Sensor|UNIQUEID=IWYLWPXS|
RECORD=28|LINENO= 303|OWNERPARTID=   0|OWNERINDEX= -42|ALIGNMENT=1|AREACOLOR=16777215|CLIPTORECT=T|CORNER.X=1200|CORNER.Y=750|FONTID=1|ISSOLID=T|LOCATION.X=940|LOCATION.Y=680|TEXT=W\C\:~1floating: write operation enabled~1pulled high: write operations disabled~1~1When Write Control (WC) is driven high, device select and address bytes are acknowledged, ~1data bytes are not acknowledged.|TEXTMARGIN_FRAC=5|WORDWRAP=T|
RECORD=28|LINENO= 304|OWNERPARTID=   0|OWNERINDEX= -42|%UTF8%TEXT=Â±0.5Â°C (typ.) at +25Â°C~1Â±1Â°C (max.) from -10Â°C to +85Â°C~1Â±2Â°C (max.) from -10Â°C to +125Â°C~1Â±3Â°C (max.) from -55Â°C to +125Â°C~1~1Attention: use -A0T Type (I2C address conflict otherwise)!~1~1Alert temperature can be configured via I2C|ALIGNMENT=1|AREACOLOR=16777215|CLIPTORECT=T|CORNER.X=1150|CORNER.Y=460|FONTID=1|ISSOLID=T|LOCATION.X=870|LOCATION.Y=380|TEXT=±0.5°C (typ.) at +25°C~1±1°C (max.) from -10°C to +85°C~1±2°C (max.) from -10°C to +125°C~1±3°C (max.) from -55°C to +125°C~1~1Attention: use -A0T Type (I2C address conflict otherwise)!~1~1Alert temperature can be configured via I2C|TEXTMARGIN_FRAC=5|WORDWRAP=T|
RECORD= 4|LINENO= 305|OWNERPARTID=   0|OWNERINDEX= -42|FONTID=5|LOCATION.X=520|LOCATION.Y=270|TEXT=Temperature Sensor MCP9800 is qualified AEC-Q100|
RECORD= 4|LINENO= 306|OWNERPARTID=   0|OWNERINDEX= -42|FONTID=5|LOCATION.X=630|LOCATION.Y=620|TEXT=EEPROM M24M02 is qualified AEC-Q100|
RECORD=41|LINENO= 307|OWNERPARTID=   0|OWNERINDEX= -42|FONTID=1|ISHIDDEN=T|NAME=ConfigurationParameters|UNIQUEID=WTYXTCTQ|
RECORD=41|LINENO= 308|OWNERPARTID=   0|OWNERINDEX= -42|FONTID=1|ISHIDDEN=T|NAME=ConfiguratorName|UNIQUEID=SYUKUSYE|
RECORD=41|LINENO= 309|OWNERPARTID=   0|OWNERINDEX= -42|FONTID=1|ISHIDDEN=T|NAME=VersionControl_RevNumber|UNIQUEID=MLXJANID|
RECORD=41|LINENO= 310|OWNERPARTID=   0|OWNERINDEX= -42|FONTID=1|ISHIDDEN=T|NAME=IsUserConfigurable|UNIQUEID=QIJNKCRC|
RECORD=41|LINENO= 311|OWNERPARTID=   0|OWNERINDEX= -42|FONTID=1|ISHIDDEN=T|NAME=VersionControl_ProjFolderRevNumber|UNIQUEID=IMXFTQYR|
RECORD=22|LINENO= 312|OWNERPARTID=   0|OWNERINDEX= -42|ISACTIVE=T|LOCATION.X=600|LOCATION.Y=680|ORIENTATION=1|SUPPRESSALL=T|SYMBOL=Thin Cross|UNIQUEID=GNPPQYMX|
RECORD=22|LINENO= 313|OWNERPARTID=   0|OWNERINDEX= -42|ISACTIVE=T|LOCATION.X=600|LOCATION.Y=670|ORIENTATION=1|SUPPRESSALL=T|SYMBOL=Thin Cross|UNIQUEID=XHXLSOPB|
RECORD=25|LINENO= 314|OWNERPARTID=   0|OWNERINDEX= -42|FONTID=1|LOCATION.X=470|LOCATION.Y=400|TEXT=SDA|UNIQUEID=CXTAYMIK|
RECORD=25|LINENO= 315|OWNERPARTID=   0|OWNERINDEX= -42|FONTID=1|LOCATION.X=470|LOCATION.Y=390|TEXT=SCL|UNIQUEID=BEUMNWHI|
RECORD=18|LINENO= 316|OWNERPARTID=   0|OWNERINDEX= -42|AREACOLOR=8454143|FONTID=1|HEIGHT=10|IOTYPE=3|LOCATION.X=200|LOCATION.Y=620|NAME=SCL|TEXTCOLOR=128|UNIQUEID=XEXSUQCK|WIDTH=110|
RECORD=18|LINENO= 317|OWNERPARTID=   0|OWNERINDEX= -42|AREACOLOR=8454143|FONTID=1|HEIGHT=10|IOTYPE=3|LOCATION.X=200|LOCATION.Y=630|NAME=SDA|TEXTCOLOR=128|UNIQUEID=FVKBNFQU|WIDTH=110|
RECORD=25|LINENO= 318|OWNERPARTID=   0|OWNERINDEX= -42|FONTID=1|LOCATION.X=100|LOCATION.Y=630|TEXT=SDA|UNIQUEID=TUAXHJMR|
RECORD=25|LINENO= 319|OWNERPARTID=   0|OWNERINDEX= -42|FONTID=1|LOCATION.X=100|LOCATION.Y=620|TEXT=SCL|UNIQUEID=SKTDDIKM|
RECORD=25|LINENO= 320|OWNERPARTID=   0|OWNERINDEX= -42|FONTID=1|JUSTIFICATION=2|LOCATION.X=750|LOCATION.Y=690|TEXT=SCL|UNIQUEID=MAMCINLO|
RECORD=25|LINENO= 321|OWNERPARTID=   0|OWNERINDEX= -42|FONTID=1|JUSTIFICATION=2|LOCATION.X=750|LOCATION.Y=680|TEXT=SDA|UNIQUEID=JASYVDPD|
RECORD=25|LINENO= 322|OWNERPARTID=   0|OWNERINDEX= -42|FONTID=1|LOCATION.X=650|LOCATION.Y=400|TEXT=TEMP-ALERT|UNIQUEID=LXXOUUBD|
RECORD=18|LINENO= 323|OWNERPARTID=   0|OWNERINDEX= -42|AREACOLOR=8454143|FONTID=1|HEIGHT=10|LOCATION.X=410|LOCATION.Y=740|NAME=+5.0V_VREG|TEXTCOLOR=128|UNIQUEID=CKMOHJKO|WIDTH=90|
RECORD=18|LINENO= 324|OWNERPARTID=   0|OWNERINDEX= -42|AREACOLOR=8454143|FONTID=1|HEIGHT=10|LOCATION.X=410|LOCATION.Y=650|NAME=FUSED_VBAT-|TEXTCOLOR=128|UNIQUEID=TUJUGYMN|WIDTH=90|
RECORD=27|LINENO= 325|OWNERPARTID=   0|OWNERINDEX= -42|LINEWIDTH=1|LOCATIONCOUNT=2|UNIQUEID=FYWIXODI|X1=720|X2=750|Y1=690|Y2=690|
RECORD=27|LINENO= 326|OWNERPARTID=   0|OWNERINDEX= -42|LINEWIDTH=1|LOCATIONCOUNT=2|UNIQUEID=VTJXDNIK|X1=470|X2=500|Y1=390|Y2=390|
RECORD=27|LINENO= 327|OWNERPARTID=   0|OWNERINDEX= -42|LINEWIDTH=1|LOCATIONCOUNT=2|UNIQUEID=PJXTWFCQ|X1=720|X2=750|Y1=680|Y2=680|
RECORD=27|LINENO= 328|OWNERPARTID=   0|OWNERINDEX= -42|LINEWIDTH=1|LOCATIONCOUNT=2|UNIQUEID=QSBAFIWK|X1=470|X2=500|Y1=400|Y2=400|
RECORD=27|LINENO= 329|OWNERPARTID=   0|OWNERINDEX= -42|LINEWIDTH=1|LOCATIONCOUNT=3|UNIQUEID=UGWBJGTS|X1=640|X2=660|X3=660|Y1=330|Y2=330|Y3=320|
RECORD=27|LINENO= 330|OWNERPARTID=   0|OWNERINDEX= -42|LINEWIDTH=1|LOCATIONCOUNT=3|UNIQUEID=LQOOCAPE|X1=720|X2=850|X3=850|Y1=710|Y2=710|Y3=700|
RECORD=27|LINENO= 331|OWNERPARTID=   0|OWNERINDEX= -42|LINEWIDTH=1|LOCATIONCOUNT=3|UNIQUEID=QJWQVMAQ|X1=800|X2=850|X3=850|Y1=730|Y2=730|Y3=740|
RECORD=27|LINENO= 332|OWNERPARTID=   0|OWNERINDEX= -42|LINEWIDTH=1|LOCATIONCOUNT=4|UNIQUEID=EWFKPVTA|X1=620|X2=640|X3=640|X4=580|Y1=370|Y2=370|Y3=330|Y4=330|
RECORD=27|LINENO= 333|OWNERPARTID=   0|OWNERINDEX= -42|LINEWIDTH=1|LOCATIONCOUNT=4|UNIQUEID=NEGOUNNW|X1=540|X2=480|X3=480|X4=500|Y1=330|Y2=330|Y3=370|Y4=370|
RECORD=27|LINENO= 334|OWNERPARTID=   0|OWNERINDEX= -42|LINEWIDTH=1|LOCATIONCOUNT=3|UNIQUEID=IDYVTWFO|X1=440|X2=440|X3=480|Y1=360|Y2=330|Y3=330|
RECORD=27|LINENO= 335|OWNERPARTID=   0|OWNERINDEX= -42|LINEWIDTH=1|LOCATIONCOUNT=2|UNIQUEID=RHFENKWS|X1=640|X2=640|Y1=410|Y2=400|
RECORD=27|LINENO= 336|OWNERPARTID=   0|OWNERINDEX= -42|LINEWIDTH=1|LOCATIONCOUNT=3|UNIQUEID=TLFQLLUA|X1=620|X2=640|X3=766|Y1=400|Y2=400|Y3=400|
RECORD=27|LINENO= 337|OWNERPARTID=   0|OWNERINDEX= -42|LINEWIDTH=1|LOCATIONCOUNT=2|UNIQUEID=VWMPFMMF|X1=530|X2=570|Y1=720|Y2=720|
RECORD=27|LINENO= 338|OWNERPARTID=   0|OWNERINDEX= -42|LINEWIDTH=1|LOCATIONCOUNT=2|UNIQUEID=WMXTEUDK|X1=100|X2=200|Y1=630|Y2=630|
RECORD=27|LINENO= 339|OWNERPARTID=   0|OWNERINDEX= -42|LINEWIDTH=1|LOCATIONCOUNT=2|UNIQUEID=KWXWLRDL|X1=200|X2=100|Y1=620|Y2=620|
RECORD=27|LINENO= 340|OWNERPARTID=   0|OWNERINDEX= -42|LINEWIDTH=1|LOCATIONCOUNT=2|UNIQUEID=JLXTNOED|X1=500|X2=570|Y1=650|Y2=650|
RECORD=27|LINENO= 341|OWNERPARTID=   0|OWNERINDEX= -42|LINEWIDTH=1|LOCATIONCOUNT=4|UNIQUEID=GUKAWOKU|X1=720|X2=740|X3=740|X4=760|Y1=720|Y2=720|Y3=730|Y4=730|
RECORD=27|LINENO= 342|OWNERPARTID=   0|OWNERINDEX= -42|LINEWIDTH=1|LOCATIONCOUNT=2|UNIQUEID=DELBLPSE|X1=500|X2=570|Y1=740|Y2=740|
RECORD=27|LINENO= 343|OWNERPARTID=   0|OWNERINDEX= -42|LINEWIDTH=1|LOCATIONCOUNT=4|UNIQUEID=IHVDJCQC|X1=600|X2=570|X3=570|X4=570|Y1=720|Y2=720|Y3=740|Y4=760|
RECORD=27|LINENO= 344|OWNERPARTID=   0|OWNERINDEX= -42|LINEWIDTH=1|LOCATIONCOUNT=6|UNIQUEID=WOQNRNJF|X1=600|X2=590|X3=590|X4=570|X5=530|X6=530|Y1=700|Y2=700|Y3=670|Y4=670|Y5=670|Y6=680|
RECORD=27|LINENO= 345|OWNERPARTID=   0|OWNERINDEX= -42|LINEWIDTH=1|LOCATIONCOUNT=3|UNIQUEID=DTUAYVBI|X1=570|X2=570|X3=570|Y1=630|Y2=650|Y3=670|
RECORD=29|LINENO= 346|OWNERPARTID=   0|OWNERINDEX= -42|LOCATION.X=480|LOCATION.Y=330|
RECORD=29|LINENO= 347|OWNERPARTID=   0|OWNERINDEX= -42|LOCATION.X=570|LOCATION.Y=650|
RECORD=29|LINENO= 348|OWNERPARTID=   0|OWNERINDEX= -42|LOCATION.X=570|LOCATION.Y=670|
RECORD=29|LINENO= 349|OWNERPARTID=   0|OWNERINDEX= -42|LOCATION.X=570|LOCATION.Y=720|
RECORD=29|LINENO= 350|OWNERPARTID=   0|OWNERINDEX= -42|LOCATION.X=570|LOCATION.Y=740|
RECORD=29|LINENO= 351|OWNERPARTID=   0|OWNERINDEX= -42|LOCATION.X=640|LOCATION.Y=330|
RECORD=29|LINENO= 352|OWNERPARTID=   0|OWNERINDEX= -42|LOCATION.X=640|LOCATION.Y=400|
