RECORD=-42|LINENO=   0|OWNERPARTID= -42|OWNERINDEX= -42|HEADER=Protel for Windows - Schematic Capture Binary File Version 5.0|MINORVERSION=2|UNIQUEID=NMXETDPV|WEIGHT=163|
RECORD=31|LINENO=   1|OWNERPARTID= -42|OWNERINDEX= -42|AREACOLOR=16317695|BOLD5=T|BORDERON=T|CUSTOMX=1000|CUSTOMY=800|DISPLAY_UNIT=0|FONTIDCOUNT=6|FONTNAME1=Times New Roman|FONTNAME2=Times New Roman|FONTNAME3=Frutiger LT Com 55 Roman|FONTNAME4=Frutiger LT Com 55 Roman|FONTNAME5=Times New Roman|FONTNAME6=Frutiger 55 Roman|HOTSPOTGRIDON=T|HOTSPOTGRIDSIZE=1|ISBOC=T|SHEETNUMBERSPACESIZE=12|SHEETSTYLE=1|SHOWTEMPLATEGRAPHICS=T|SIZE1=10|SIZE2=10|SIZE3=10|SIZE4=8|SIZE5=16|SIZE6=10|SNAPGRIDON=T|SNAPGRIDSIZE=1|SYSTEMFONT=1|TEMPLATEFILENAME=D:\altium\templates\IISB_A3_foxBMS.SchDot|UNDERLINE2=T|USEMBCS=T|VISIBLEGRIDON=T|VISIBLEGRIDSIZE=10|
RECORD=39|LINENO=   2|OWNERPARTID=   0|OWNERINDEX= -42|FILENAME=D:\altium\templates\IISB_A3_foxBMS.SchDot|
RECORD= 4|LINENO=   3|OWNERPARTID=   0|OWNERINDEX=   2|FONTID=3|JUSTIFICATION=3|LOCATION.X=862|LOCATION.Y=55|TEXT=Fraunhofer IISB|
RECORD= 4|LINENO=   4|OWNERPARTID=   0|OWNERINDEX=   2|FONTID=3|JUSTIFICATION=3|LOCATION.X=862|LOCATION.Y=46|TEXT=Schottkystr. 10|
RECORD= 4|LINENO=   5|OWNERPARTID=   0|OWNERINDEX=   2|FONTID=3|LOCATION.X=951|LOCATION.Y=21|TEXT=www.iisb.fraunhofer.de|
RECORD= 4|LINENO=   6|OWNERPARTID=   0|OWNERINDEX=   2|FONTID=4|LOCATION.X=1075|LOCATION.Y=40|TEXT=Author|
RECORD= 4|LINENO=   7|OWNERPARTID=   0|OWNERINDEX=   2|FONTID=4|LOCATION.X=1185|LOCATION.Y=40|TEXT=License|
RECORD= 4|LINENO=   8|OWNERPARTID=   0|OWNERINDEX=   2|FONTID=4|LOCATION.X=1440|LOCATION.Y=40|TEXT=Release Date|
RECORD= 6|LINENO=   9|OWNERPARTID=   0|OWNERINDEX=   2|LOCATIONCOUNT=2|X1=735|X2=1530|Y1=80|Y2=80|
RECORD= 6|LINENO=  10|OWNERPARTID=   0|OWNERINDEX=   2|LOCATIONCOUNT=2|X1=1070|X2=1070|Y1=80|Y2=20|
RECORD= 6|LINENO=  11|OWNERPARTID=   0|OWNERINDEX=   2|LOCATIONCOUNT=2|X1=1070|X2=1530|Y1=50|Y2=50|
RECORD= 4|LINENO=  12|OWNERPARTID=   0|OWNERINDEX=   2|FONTID=4|LOCATION.X=1495|LOCATION.Y=40|TEXT=Sheet|
RECORD= 6|LINENO=  13|OWNERPARTID=   0|OWNERINDEX=   2|LOCATIONCOUNT=2|X1=1180|X2=1180|Y1=50|Y2=20|
RECORD= 6|LINENO=  14|OWNERPARTID=   0|OWNERINDEX=   2|LOCATIONCOUNT=2|X1=1435|X2=1435|Y1=50|Y2=20|
RECORD= 6|LINENO=  15|OWNERPARTID=   0|OWNERINDEX=   2|LOCATIONCOUNT=2|X1=1490|X2=1490|Y1=50|Y2=20|
RECORD= 4|LINENO=  16|OWNERPARTID=   0|OWNERINDEX=   2|FONTID=3|LOCATION.X=1185|LOCATION.Y=25|TEXT==GlobalLicense|
RECORD= 4|LINENO=  17|OWNERPARTID=   0|OWNERINDEX=   2|FONTID=3|LOCATION.X=1075|LOCATION.Y=25|TEXT=foxBMS Team|
RECORD= 4|LINENO=  18|OWNERPARTID=   0|OWNERINDEX=   2|FONTID=3|LOCATION.X=1440|LOCATION.Y=25|TEXT==GlobalDate|
RECORD= 4|LINENO=  19|OWNERPARTID=   0|OWNERINDEX=   2|FONTID=3|JUSTIFICATION=2|LOCATION.X=1505|LOCATION.Y=25|TEXT==SheetNumber|
RECORD= 4|LINENO=  20|OWNERPARTID=   0|OWNERINDEX=   2|FONTID=3|LOCATION.X=1375|LOCATION.Y=55|TEXT==DocumentName|
RECORD= 4|LINENO=  21|OWNERPARTID=   0|OWNERINDEX=   2|FONTID=3|LOCATION.X=1075|LOCATION.Y=55|TEXT==GlobalProject|
RECORD= 4|LINENO=  22|OWNERPARTID=   0|OWNERINDEX=   2|FONTID=4|LOCATION.X=1075|LOCATION.Y=70|TEXT=Project|
RECORD= 4|LINENO=  23|OWNERPARTID=   0|OWNERINDEX=   2|FONTID=4|LOCATION.X=1375|LOCATION.Y=70|TEXT=File|
RECORD= 6|LINENO=  24|OWNERPARTID=   0|OWNERINDEX=   2|LOCATIONCOUNT=2|X1=1370|X2=1370|Y1=80|Y2=50|
RECORD= 6|LINENO=  25|OWNERPARTID=   0|OWNERINDEX=   2|LOCATIONCOUNT=2|X1=735|X2=735|Y1=80|Y2=20|
RECORD= 4|LINENO=  26|OWNERPARTID=   0|OWNERINDEX=   2|FONTID=3|LOCATION.X=1510|LOCATION.Y=25|TEXT=/|
RECORD= 4|LINENO=  27|OWNERPARTID=   0|OWNERINDEX=   2|FONTID=3|LOCATION.X=1515|LOCATION.Y=25|TEXT==SheetTotal|
RECORD= 6|LINENO=  28|OWNERPARTID=   0|OWNERINDEX=   2|LOCATIONCOUNT=2|X1=1180|X2=1180|Y1=80|Y2=50|
RECORD= 4|LINENO=  29|OWNERPARTID=   0|OWNERINDEX=   2|FONTID=3|LOCATION.X=862|LOCATION.Y=68|TEXT=developed by:|
RECORD= 4|LINENO=  30|OWNERPARTID=   0|OWNERINDEX=   2|FONTID=4|LOCATION.X=1185|LOCATION.Y=70|TEXT=Description|
RECORD= 4|LINENO=  31|OWNERPARTID=   0|OWNERINDEX=   2|FONTID=3|LOCATION.X=1185|LOCATION.Y=55|TEXT==SheetDescription|
RECORD= 6|LINENO=  32|OWNERPARTID=   0|OWNERINDEX=   2|LOCATIONCOUNT=2|X1=1370|X2=1370|Y1=50|Y2=20|
RECORD= 4|LINENO=  33|OWNERPARTID=   0|OWNERINDEX=   2|FONTID=4|LOCATION.X=1375|LOCATION.Y=40|TEXT=Version|
RECORD= 4|LINENO=  34|OWNERPARTID=   0|OWNERINDEX=   2|FONTID=3|LOCATION.X=1375|LOCATION.Y=25|TEXT==GlobalVersion|
RECORD= 4|LINENO=  35|OWNERPARTID=   0|OWNERINDEX=   2|FONTID=3|LOCATION.X=766|LOCATION.Y=20|
RECORD= 4|LINENO=  36|OWNERPARTID=   0|OWNERINDEX=   2|FONTID=3|JUSTIFICATION=3|LOCATION.X=862|LOCATION.Y=36|TEXT=91058 Erlangen|
RECORD= 4|LINENO=  37|OWNERPARTID=   0|OWNERINDEX=   2|FONTID=3|JUSTIFICATION=3|LOCATION.X=862|LOCATION.Y=27|TEXT=Germany|
RECORD= 4|LINENO=  38|OWNERPARTID=   0|OWNERINDEX=   2|FONTID=3|LOCATION.X=761|LOCATION.Y=22|TEXT=www.foxbms.org|
RECORD=30|LINENO=  39|OWNERPARTID=   0|OWNERINDEX=   2|CORNER.X=855|CORNER.Y=74|CORNER.Y_FRAC=15966|EMBEDIMAGE=T|FILENAME=D:\altium\foxBMS-logo.png|KEEPASPECT=T|LOCATION.X=748|LOCATION.Y=31|
RECORD=30|LINENO=  40|OWNERPARTID=   0|OWNERINDEX=   2|CORNER.X=1058|CORNER.X_FRAC=83810|CORNER.Y=72|CORNER.Y_FRAC=33765|EMBEDIMAGE=T|FILENAME=D:\altium\iisb-logo.png|KEEPASPECT=T|LOCATION.X=937|LOCATION.Y=32|
RECORD=41|LINENO=  41|OWNERPARTID=   0|OWNERINDEX= -42|FONTID=1|ISHIDDEN=T|NAME=CurrentTime|TEXT=*|UNIQUEID=BMWWGSDV|
RECORD=41|LINENO=  42|OWNERPARTID=   0|OWNERINDEX= -42|FONTID=1|ISHIDDEN=T|NAME=CurrentDate|TEXT=*|UNIQUEID=RNTIBVFS|
RECORD=41|LINENO=  43|OWNERPARTID=   0|OWNERINDEX= -42|FONTID=1|ISHIDDEN=T|NAME=Time|TEXT=*|UNIQUEID=LTHBLJNC|
RECORD=41|LINENO=  44|OWNERPARTID=   0|OWNERINDEX= -42|FONTID=1|ISHIDDEN=T|NAME=Date|TEXT=*|UNIQUEID=PSBRQFWV|
RECORD=41|LINENO=  45|OWNERPARTID=   0|OWNERINDEX= -42|FONTID=1|ISHIDDEN=T|NAME=DocumentFullPathAndName|TEXT=*|UNIQUEID=FEOBMMXO|
RECORD=41|LINENO=  46|OWNERPARTID=   0|OWNERINDEX= -42|FONTID=1|ISHIDDEN=T|NAME=DocumentName|TEXT=*|UNIQUEID=TMWYIHYK|
RECORD=41|LINENO=  47|OWNERPARTID=   0|OWNERINDEX= -42|FONTID=1|ISHIDDEN=T|NAME=ModifiedDate|TEXT=*|UNIQUEID=WMPSIEXC|
RECORD=41|LINENO=  48|OWNERPARTID=   0|OWNERINDEX= -42|FONTID=1|ISHIDDEN=T|NAME=ApprovedBy|TEXT=*|UNIQUEID=XSSYBAWU|
RECORD=41|LINENO=  49|OWNERPARTID=   0|OWNERINDEX= -42|FONTID=1|ISHIDDEN=T|NAME=CheckedBy|TEXT=*|UNIQUEID=ULPIKJKJ|
RECORD=41|LINENO=  50|OWNERPARTID=   0|OWNERINDEX= -42|FONTID=1|ISHIDDEN=T|NAME=Author|TEXT=*|UNIQUEID=NFIIUVWH|
RECORD=41|LINENO=  51|OWNERPARTID=   0|OWNERINDEX= -42|FONTID=1|ISHIDDEN=T|NAME=CompanyName|TEXT=*|UNIQUEID=QXFHOINA|
RECORD=41|LINENO=  52|OWNERPARTID=   0|OWNERINDEX= -42|FONTID=1|ISHIDDEN=T|NAME=DrawnBy|TEXT=*|UNIQUEID=IJXHBKFC|
RECORD=41|LINENO=  53|OWNERPARTID=   0|OWNERINDEX= -42|FONTID=1|ISHIDDEN=T|NAME=Engineer|TEXT=*|UNIQUEID=KQQGLYDM|
RECORD=41|LINENO=  54|OWNERPARTID=   0|OWNERINDEX= -42|FONTID=1|ISHIDDEN=T|NAME=Organization|TEXT=*|UNIQUEID=COQVPPGB|
RECORD=41|LINENO=  55|OWNERPARTID=   0|OWNERINDEX= -42|FONTID=1|ISHIDDEN=T|NAME=Address1|TEXT=*|UNIQUEID=SLBYKJRV|
RECORD=41|LINENO=  56|OWNERPARTID=   0|OWNERINDEX= -42|FONTID=1|ISHIDDEN=T|NAME=Address2|TEXT=*|UNIQUEID=ENJOGGRT|
RECORD=41|LINENO=  57|OWNERPARTID=   0|OWNERINDEX= -42|FONTID=1|ISHIDDEN=T|NAME=Address3|TEXT=*|UNIQUEID=XTNHDFQX|
RECORD=41|LINENO=  58|OWNERPARTID=   0|OWNERINDEX= -42|FONTID=1|ISHIDDEN=T|NAME=Address4|TEXT=*|UNIQUEID=JSENLMTM|
RECORD=41|LINENO=  59|OWNERPARTID=   0|OWNERINDEX= -42|FONTID=1|ISHIDDEN=T|NAME=Title|TEXT=*|UNIQUEID=LCJBEDPE|
RECORD=41|LINENO=  60|OWNERPARTID=   0|OWNERINDEX= -42|FONTID=1|ISHIDDEN=T|NAME=DocumentNumber|TEXT=13|UNIQUEID=MAKHYFLC|
RECORD=41|LINENO=  61|OWNERPARTID=   0|OWNERINDEX= -42|FONTID=1|ISHIDDEN=T|NAME=Revision|TEXT=*|UNIQUEID=QLGAYILN|
RECORD=41|LINENO=  62|OWNERPARTID=   0|OWNERINDEX= -42|FONTID=1|ISHIDDEN=T|NAME=SheetNumber|TEXT=13|UNIQUEID=DVXUQKPV|
RECORD=41|LINENO=  63|OWNERPARTID=   0|OWNERINDEX= -42|FONTID=1|ISHIDDEN=T|NAME=SheetTotal|TEXT=15|UNIQUEID=MQMVFWNL|
RECORD=41|LINENO=  64|OWNERPARTID=   0|OWNERINDEX= -42|FONTID=1|ISHIDDEN=T|NAME=ImagePath|TEXT=*|UNIQUEID=GAFGERIM|
RECORD=41|LINENO=  65|OWNERPARTID=   0|OWNERINDEX= -42|FONTID=1|ISHIDDEN=T|NAME=Rule|TEXT=*|UNIQUEID=KXXTCLBN|
RECORD=41|LINENO=  66|OWNERPARTID=   0|OWNERINDEX= -42|FONTID=1|ISHIDDEN=T|NAME=ProjectName|TEXT=*|UNIQUEID=HWFKBUEP|
RECORD=41|LINENO=  67|OWNERPARTID=   0|OWNERINDEX= -42|FONTID=1|ISHIDDEN=T|NAME=Application_BuildNumber|TEXT=*|UNIQUEID=EYDYREYT|
RECORD=41|LINENO=  68|OWNERPARTID=   0|OWNERINDEX= -42|FONTID=1|ISHIDDEN=T|LOCATION.X=21474|LOCATION.X_FRAC=83647|LOCATION.Y=21464|LOCATION.Y_FRAC=83647|NAME=SheetDescription|TEXT=External Power Supply Connector|UNIQUEID=RDIYHLAP|
RECORD= 4|LINENO=  69|OWNERPARTID=   0|OWNERINDEX= -42|FONTID=5|JUSTIFICATION=1|LOCATION.X=680|LOCATION.Y=730|TEXT=External Power Supply|
RECORD= 1|LINENO=  70|OWNERPARTID=   0|OWNERINDEX= -42|ALLPINCOUNT=2|AREACOLOR=11599871|COMPONENTDESCRIPTION=Micro-Fit 3.0 Right Angle Header, 3.00mm Pitch, Dual Row, 2 Circuits, with Snap-in Plastic Peg PCB Lock, Tin, Glow Wire Capable, Black, 43045-0200|CURRENTPARTID=1|DATABASETABLENAME=Connector|DESIGNITEMID=molex_microfit_3_01x2_THT|DISPLAYMODECOUNT=1|LIBRARYPATH=*|LIBREFERENCE=X2|LOCATION.X=680|LOCATION.Y=560|PARTCOUNT=2|PARTIDLOCKED=T|SHEETPARTFILENAME=*|SOURCELIBRARYNAME=OE750.DbLib|TARGETFILENAME=*|UNIQUEID=XLJDPFCH|
RECORD=41|LINENO=  71|OWNERPARTID=   0|OWNERINDEX=  70|FONTID=1|ISHIDDEN=T|LOCATION.X=675|LOCATION.Y=575|NAME=Part Number|TEXT=molex_microfit_3_01x2_THT|UNIQUEID=ESGYPCXQ|
RECORD=41|LINENO=  72|OWNERPARTID=   0|OWNERINDEX=  70|FONTID=1|ISHIDDEN=T|LOCATION.X=675|LOCATION.Y=575|NAME=Part Name|TEXT=MicroFit|UNIQUEID=WQODQWOP|
RECORD=41|LINENO=  73|OWNERPARTID=   0|OWNERINDEX=  70|FONTID=1|ISHIDDEN=T|LOCATION.X=675|LOCATION.Y=575|NAME=Manufacturer|TEXT=Molex|UNIQUEID=DCOXHEHT|
RECORD=41|LINENO=  74|OWNERPARTID=   0|OWNERINDEX=  70|%UTF8%TEXT=-40Â°C - +105Â°C|FONTID=1|ISHIDDEN=T|LOCATION.X=675|LOCATION.Y=575|NAME=Operating Temperature|TEXT=-40°C - +105°C|UNIQUEID=HDGWCDSY|
RECORD=41|LINENO=  75|OWNERPARTID=   0|OWNERINDEX=  70|FONTID=1|ISHIDDEN=T|LOCATION.X=675|LOCATION.Y=575|NAME=Circuits|TEXT=2|UNIQUEID=MVLCMLRC|
RECORD=41|LINENO=  76|OWNERPARTID=   0|OWNERINDEX=  70|FONTID=1|ISHIDDEN=T|LOCATION.X=675|LOCATION.Y=575|NAME=Rated Voltage|TEXT=600V|UNIQUEID=FVJNPNQM|
RECORD=41|LINENO=  77|OWNERPARTID=   0|OWNERINDEX=  70|FONTID=1|ISHIDDEN=T|LOCATION.X=675|LOCATION.Y=575|NAME=Rated Current|TEXT=8.5A|UNIQUEID=SIFVEWJA|
RECORD=41|LINENO=  78|OWNERPARTID=   0|OWNERINDEX=  70|FONTID=1|ISHIDDEN=T|LOCATION.X=675|LOCATION.Y=575|NAME=Supplier 1|TEXT=Farnell|UNIQUEID=YGOHLNOC|
RECORD=41|LINENO=  79|OWNERPARTID=   0|OWNERINDEX=  70|FONTID=1|ISHIDDEN=T|LOCATION.X=675|LOCATION.Y=575|NAME=Supplier Part Number 1|TEXT=1012251|UNIQUEID=DBJEFHNG|
RECORD=41|LINENO=  80|OWNERPARTID=   0|OWNERINDEX=  70|FONTID=1|ISHIDDEN=T|LOCATION.X=675|LOCATION.Y=575|NAME=Automotive Qualified|TEXT=False|UNIQUEID=BLACKORF|
RECORD=14|LINENO=  81|OWNERPARTID=   2|OWNERINDEX=  70|AREACOLOR=11599871|CORNER.X=720|CORNER.Y=570|ISSOLID=T|LOCATION.X=700|LOCATION.Y=540|
RECORD= 2|LINENO=  82|OWNERPARTID=   2|OWNERINDEX=  70|DESIGNATOR=1|ELECTRICAL=4|FORMALTYPE=1|LOCATION.X=700|LOCATION.Y=560|PINCONGLOMERATE=50|PINLENGTH=20|
RECORD=41|LINENO=  83|OWNERPARTID=   0|OWNERINDEX=  82|FONTID=1|ISHIDDEN=T|LOCATION.X=700|LOCATION.Y=560|NAME=PinUniqueId|TEXT=GHQNCXEQ|UNIQUEID=TRJFYIUP|
RECORD= 2|LINENO=  84|OWNERPARTID=   2|OWNERINDEX=  70|DESIGNATOR=2|ELECTRICAL=4|FORMALTYPE=1|LOCATION.X=700|LOCATION.Y=550|PINCONGLOMERATE=50|PINLENGTH=20|
RECORD=41|LINENO=  85|OWNERPARTID=   0|OWNERINDEX=  84|FONTID=1|ISHIDDEN=T|LOCATION.X=700|LOCATION.Y=550|NAME=PinUniqueId|TEXT=KEIEGYRU|UNIQUEID=JPIMEDAY|
RECORD=34|LINENO=  86|OWNERPARTID=   0|OWNERINDEX=  70|FONTID=1|LOCATION.X=700|LOCATION.Y=570|NAME=Designator|TEXT=X1002|UNIQUEID=KCURSQYY|
RECORD=41|LINENO=  87|OWNERPARTID=   0|OWNERINDEX=  70|FONTID=1|LOCATION.X=700|LOCATION.Y=530|NAME=Comment|TEXT=="Part Number"|UNIQUEID=MGMWGLRD|
RECORD=44|LINENO=  88|OWNERPARTID= -42|OWNERINDEX=  70|
RECORD=45|LINENO=  89|OWNERPARTID= -42|OWNERINDEX=  88|DATABASEDATALINKSLOCKED=T|DATALINKSLOCKED=T|ISCURRENT=T|MODELNAME=MOLEX_MICROFIT_01x2_THT|MODELTYPE=PCBLIB|UNIQUEID=QFFAMRVR|USECOMPONENTLIBRARY=T|
RECORD=46|LINENO=  90|OWNERPARTID= -42|OWNERINDEX=  89|
RECORD=48|LINENO=  91|OWNERPARTID= -42|OWNERINDEX=  89|
RECORD= 1|LINENO=  92|OWNERPARTID=   0|OWNERINDEX= -42|ALLPINCOUNT=2|AREACOLOR=11599871|COMPONENTDESCRIPTION=Micro-Fit 3.0 Right Angle Header, 3.00mm Pitch, Dual Row, 2 Circuits, with Snap-in Plastic Peg PCB Lock, Tin, Glow Wire Capable, Black, 43045-0200|CURRENTPARTID=1|DATABASETABLENAME=Connector|DESIGNITEMID=molex_microfit_3_01x2_THT|DISPLAYMODECOUNT=1|LIBRARYPATH=*|LIBREFERENCE=X2|LOCATION.X=680|LOCATION.Y=610|PARTCOUNT=2|PARTIDLOCKED=T|SHEETPARTFILENAME=*|SOURCELIBRARYNAME=OE750.DbLib|TARGETFILENAME=*|UNIQUEID=NFWYNYUX|
RECORD=41|LINENO=  93|OWNERPARTID=   0|OWNERINDEX=  92|FONTID=1|ISHIDDEN=T|LOCATION.X=675|LOCATION.Y=625|NAME=Part Number|TEXT=molex_microfit_3_01x2_THT|UNIQUEID=BJLLWRNO|
RECORD=41|LINENO=  94|OWNERPARTID=   0|OWNERINDEX=  92|FONTID=1|ISHIDDEN=T|LOCATION.X=675|LOCATION.Y=625|NAME=Part Name|TEXT=MicroFit|UNIQUEID=LQFHYELE|
RECORD=41|LINENO=  95|OWNERPARTID=   0|OWNERINDEX=  92|FONTID=1|ISHIDDEN=T|LOCATION.X=675|LOCATION.Y=625|NAME=Manufacturer|TEXT=Molex|UNIQUEID=BJTKNDAJ|
RECORD=41|LINENO=  96|OWNERPARTID=   0|OWNERINDEX=  92|%UTF8%TEXT=-40Â°C - +105Â°C|FONTID=1|ISHIDDEN=T|LOCATION.X=675|LOCATION.Y=625|NAME=Operating Temperature|TEXT=-40°C - +105°C|UNIQUEID=YKGRNVCB|
RECORD=41|LINENO=  97|OWNERPARTID=   0|OWNERINDEX=  92|FONTID=1|ISHIDDEN=T|LOCATION.X=675|LOCATION.Y=625|NAME=Circuits|TEXT=2|UNIQUEID=DHRRYIKB|
RECORD=41|LINENO=  98|OWNERPARTID=   0|OWNERINDEX=  92|FONTID=1|ISHIDDEN=T|LOCATION.X=675|LOCATION.Y=625|NAME=Rated Voltage|TEXT=600V|UNIQUEID=FNFJYWOB|
RECORD=41|LINENO=  99|OWNERPARTID=   0|OWNERINDEX=  92|FONTID=1|ISHIDDEN=T|LOCATION.X=675|LOCATION.Y=625|NAME=Rated Current|TEXT=8.5A|UNIQUEID=CDBTRFIK|
RECORD=41|LINENO= 100|OWNERPARTID=   0|OWNERINDEX=  92|FONTID=1|ISHIDDEN=T|LOCATION.X=675|LOCATION.Y=625|NAME=Supplier 1|TEXT=Farnell|UNIQUEID=SQBKKPWS|
RECORD=41|LINENO= 101|OWNERPARTID=   0|OWNERINDEX=  92|FONTID=1|ISHIDDEN=T|LOCATION.X=675|LOCATION.Y=625|NAME=Supplier Part Number 1|TEXT=1012251|UNIQUEID=AGQLQPDG|
RECORD=41|LINENO= 102|OWNERPARTID=   0|OWNERINDEX=  92|FONTID=1|ISHIDDEN=T|LOCATION.X=675|LOCATION.Y=625|NAME=Automotive Qualified|TEXT=False|UNIQUEID=VNGOFSDG|
RECORD=14|LINENO= 103|OWNERPARTID=   2|OWNERINDEX=  92|AREACOLOR=11599871|CORNER.X=720|CORNER.Y=620|ISSOLID=T|LOCATION.X=700|LOCATION.Y=590|
RECORD= 2|LINENO= 104|OWNERPARTID=   2|OWNERINDEX=  92|DESIGNATOR=1|ELECTRICAL=4|FORMALTYPE=1|LOCATION.X=700|LOCATION.Y=610|PINCONGLOMERATE=50|PINLENGTH=20|
RECORD=41|LINENO= 105|OWNERPARTID=   0|OWNERINDEX= 104|FONTID=1|ISHIDDEN=T|LOCATION.X=700|LOCATION.Y=610|NAME=PinUniqueId|TEXT=BBKGLYFS|UNIQUEID=XPPKIIMG|
RECORD= 2|LINENO= 106|OWNERPARTID=   2|OWNERINDEX=  92|DESIGNATOR=2|ELECTRICAL=4|FORMALTYPE=1|LOCATION.X=700|LOCATION.Y=600|PINCONGLOMERATE=50|PINLENGTH=20|
RECORD=41|LINENO= 107|OWNERPARTID=   0|OWNERINDEX= 106|FONTID=1|ISHIDDEN=T|LOCATION.X=700|LOCATION.Y=600|NAME=PinUniqueId|TEXT=WFPYBCDW|UNIQUEID=WFPPXICL|
RECORD=34|LINENO= 108|OWNERPARTID=   0|OWNERINDEX=  92|FONTID=1|LOCATION.X=700|LOCATION.Y=620|NAME=Designator|TEXT=X1001|UNIQUEID=KUTVWUCL|
RECORD=41|LINENO= 109|OWNERPARTID=   0|OWNERINDEX=  92|FONTID=1|LOCATION.X=700|LOCATION.Y=580|NAME=Comment|TEXT=="Part Number"|UNIQUEID=LPLOOADT|
RECORD=44|LINENO= 110|OWNERPARTID= -42|OWNERINDEX=  92|
RECORD=45|LINENO= 111|OWNERPARTID= -42|OWNERINDEX= 110|DATABASEDATALINKSLOCKED=T|DATALINKSLOCKED=T|ISCURRENT=T|MODELNAME=MOLEX_MICROFIT_01x2_THT|MODELTYPE=PCBLIB|UNIQUEID=KPGAFIND|USECOMPONENTLIBRARY=T|
RECORD=46|LINENO= 112|OWNERPARTID= -42|OWNERINDEX= 111|
RECORD=48|LINENO= 113|OWNERPARTID= -42|OWNERINDEX= 111|
RECORD= 1|LINENO= 114|OWNERPARTID=   0|OWNERINDEX= -42|ALLPINCOUNT=4|AREACOLOR=11599871|COMPONENTDESCRIPTION=Board-To-Board Connector, Vertical, 2.54 mm, 4 Contacts, Header, TSW Series, Through Hole, 2 Rows|CURRENTPARTID=1|DATABASETABLENAME=Connector|DESIGNITEMID=samtec_TSW-102-07-G-D|DISPLAYMODECOUNT=1|LIBRARYPATH=*|LIBREFERENCE=X2x2|LOCATION.X=680|LOCATION.Y=680|PARTCOUNT=2|PARTIDLOCKED=T|SHEETPARTFILENAME=*|SOURCELIBRARYNAME=OE750.DbLib|TARGETFILENAME=*|UNIQUEID=OTUQNSLA|
RECORD=41|LINENO= 115|OWNERPARTID=   0|OWNERINDEX= 114|FONTID=1|ISHIDDEN=T|LOCATION.X=678|LOCATION.Y=690|NAME=Part Number|TEXT=samtec_TSW-102-07-G-D|UNIQUEID=QXOQENSP|
RECORD=41|LINENO= 116|OWNERPARTID=   0|OWNERINDEX= 114|FONTID=1|ISHIDDEN=T|LOCATION.X=678|LOCATION.Y=690|NAME=Part Name|TEXT=TSW-102-07-G-D|UNIQUEID=GYEXLRTD|
RECORD=41|LINENO= 117|OWNERPARTID=   0|OWNERINDEX= 114|FONTID=1|ISHIDDEN=T|LOCATION.X=678|LOCATION.Y=690|NAME=Manufacturer|TEXT=Samtec|UNIQUEID=KGGYSEEV|
RECORD=41|LINENO= 118|OWNERPARTID=   0|OWNERINDEX= 114|%UTF8%TEXT=-55Â°C - +125Â°C|FONTID=1|ISHIDDEN=T|LOCATION.X=678|LOCATION.Y=690|NAME=Operating Temperature|TEXT=-55°C - +125°C|UNIQUEID=EOVPCEEW|
RECORD=41|LINENO= 119|OWNERPARTID=   0|OWNERINDEX= 114|FONTID=1|ISHIDDEN=T|LOCATION.X=678|LOCATION.Y=690|NAME=Circuits|TEXT=4|UNIQUEID=ORIDCJCY|
RECORD=41|LINENO= 120|OWNERPARTID=   0|OWNERINDEX= 114|FONTID=1|ISHIDDEN=T|LOCATION.X=678|LOCATION.Y=690|NAME=Rated Voltage|TEXT=500V AC mated with SSW|UNIQUEID=IULARTHS|
RECORD=41|LINENO= 121|OWNERPARTID=   0|OWNERINDEX= 114|FONTID=1|ISHIDDEN=T|LOCATION.X=678|LOCATION.Y=690|NAME=ComponentLink1Description|TEXT=Datasheet|UNIQUEID=THUVRVSK|
RECORD=41|LINENO= 122|OWNERPARTID=   0|OWNERINDEX= 114|FONTID=2|ISHIDDEN=T|LOCATION.X=678|LOCATION.Y=690|NAME=ComponentLink1URL|TEXT=http://www.farnell.com/datasheets/1992055.pdf|UNIQUEID=OMCQLBCR|
RECORD=41|LINENO= 123|OWNERPARTID=   0|OWNERINDEX= 114|FONTID=1|ISHIDDEN=T|LOCATION.X=678|LOCATION.Y=690|NAME=Supplier 1|TEXT=Farnell|UNIQUEID=BKMMPIPD|
RECORD=41|LINENO= 124|OWNERPARTID=   0|OWNERINDEX= 114|FONTID=1|ISHIDDEN=T|LOCATION.X=678|LOCATION.Y=690|NAME=Supplier Part Number 1|TEXT=2025248|UNIQUEID=RAHJBKEJ|
RECORD=41|LINENO= 125|OWNERPARTID=   0|OWNERINDEX= 114|FONTID=1|ISHIDDEN=T|LOCATION.X=675|LOCATION.Y=695|NAME=Automotive Qualified|TEXT=False|UNIQUEID=CLLMJJNH|
RECORD=14|LINENO= 126|OWNERPARTID=   2|OWNERINDEX= 114|AREACOLOR=11599871|CORNER.X=720|CORNER.Y=690|ISSOLID=T|LOCATION.X=700|LOCATION.Y=660|
RECORD= 2|LINENO= 127|OWNERPARTID=   2|OWNERINDEX= 114|%UTF8%SWAPIDPART=Â¦&Â¦|DESIGNATOR=1|ELECTRICAL=4|FORMALTYPE=1|LOCATION.X=700|LOCATION.Y=680|PINCONGLOMERATE=58|PINLENGTH=20|SWAPIDPART=Ž&Ž|
RECORD=41|LINENO= 128|OWNERPARTID=   0|OWNERINDEX= 127|FONTID=1|ISHIDDEN=T|LOCATION.X=700|LOCATION.Y=680|NAME=PinUniqueId|TEXT=RQAJMRVX|UNIQUEID=XHYVTCSI|
RECORD= 2|LINENO= 129|OWNERPARTID=   2|OWNERINDEX= 114|%UTF8%SWAPIDPART=Â¦&Â¦|DESIGNATOR=3|ELECTRICAL=4|FORMALTYPE=1|LOCATION.X=720|LOCATION.Y=680|PINCONGLOMERATE=56|PINLENGTH=20|SWAPIDPART=Ž&Ž|
RECORD=41|LINENO= 130|OWNERPARTID=   0|OWNERINDEX= 129|FONTID=1|ISHIDDEN=T|LOCATION.X=720|LOCATION.Y=680|NAME=PinUniqueId|TEXT=KLXUXKMB|UNIQUEID=VLCVGHPY|
RECORD= 2|LINENO= 131|OWNERPARTID=   2|OWNERINDEX= 114|%UTF8%SWAPIDPART=Â¦&Â¦|DESIGNATOR=2|ELECTRICAL=4|FORMALTYPE=1|LOCATION.X=700|LOCATION.Y=670|PINCONGLOMERATE=58|PINLENGTH=20|SWAPIDPART=Ž&Ž|
RECORD=41|LINENO= 132|OWNERPARTID=   0|OWNERINDEX= 131|FONTID=1|ISHIDDEN=T|LOCATION.X=700|LOCATION.Y=670|NAME=PinUniqueId|TEXT=TPUEAPGI|UNIQUEID=ULWQPKEI|
RECORD= 2|LINENO= 133|OWNERPARTID=   2|OWNERINDEX= 114|%UTF8%SWAPIDPART=Â¦&Â¦|DESIGNATOR=4|ELECTRICAL=4|FORMALTYPE=1|LOCATION.X=720|LOCATION.Y=670|PINCONGLOMERATE=56|PINLENGTH=20|SWAPIDPART=Ž&Ž|
RECORD=41|LINENO= 134|OWNERPARTID=   0|OWNERINDEX= 133|FONTID=1|ISHIDDEN=T|LOCATION.X=720|LOCATION.Y=670|NAME=PinUniqueId|TEXT=ATBNMBYJ|UNIQUEID=RPDKPXXY|
RECORD=34|LINENO= 135|OWNERPARTID=   0|OWNERINDEX= 114|FONTID=6|LOCATION.X=700|LOCATION.Y=690|NAME=Designator|TEXT=X1000|UNIQUEID=SLMICBNI|
RECORD=41|LINENO= 136|OWNERPARTID=   0|OWNERINDEX= 114|FONTID=6|LOCATION.X=700|LOCATION.Y=650|NAME=Comment|TEXT=="Part Number"|UNIQUEID=TGMFNLXR|
RECORD=44|LINENO= 137|OWNERPARTID= -42|OWNERINDEX= 114|
RECORD=45|LINENO= 138|OWNERPARTID= -42|OWNERINDEX= 137|DATABASEDATALINKSLOCKED=T|DATALINKSLOCKED=T|ISCURRENT=T|MODELNAME=Pinheader_2.54_2x2|MODELTYPE=PCBLIB|UNIQUEID=LPDDTSPY|USECOMPONENTLIBRARY=T|
RECORD=46|LINENO= 139|OWNERPARTID= -42|OWNERINDEX= 138|
RECORD=48|LINENO= 140|OWNERPARTID= -42|OWNERINDEX= 138|
RECORD=18|LINENO= 141|OWNERPARTID=   0|OWNERINDEX= -42|AREACOLOR=8454143|FONTID=1|HEIGHT=10|LOCATION.X=504|LOCATION.Y=680|NAME=EXT_DC_IN+|TEXTCOLOR=128|UNIQUEID=DECPYJKL|WIDTH=56|
RECORD=18|LINENO= 142|OWNERPARTID=   0|OWNERINDEX= -42|AREACOLOR=8454143|FONTID=1|HEIGHT=10|LOCATION.X=574|LOCATION.Y=670|NAME=EXT_DC_IN-|TEXTCOLOR=128|UNIQUEID=KFLQCVIQ|WIDTH=56|
RECORD= 4|LINENO= 143|OWNERPARTID=   0|OWNERINDEX= -42|FONTID=1|LOCATION.X=740|LOCATION.Y=560|TEXT=Daisy-Chain|
RECORD=27|LINENO= 144|OWNERPARTID=   0|OWNERINDEX= -42|LINEWIDTH=1|LOCATIONCOUNT=5|UNIQUEID=XGNXWKJL|X1=740|X2=750|X3=750|X4=570|X5=570|Y1=680|Y2=680|Y3=700|Y4=700|Y5=680|
RECORD=27|LINENO= 145|OWNERPARTID=   0|OWNERINDEX= -42|LINEWIDTH=1|LOCATIONCOUNT=4|UNIQUEID=MSHCNWAO|X1=740|X2=810|X3=810|X4=640|Y1=670|Y2=670|Y3=640|Y4=640|
RECORD=27|LINENO= 146|OWNERPARTID=   0|OWNERINDEX= -42|LINEWIDTH=1|LOCATIONCOUNT=3|UNIQUEID=JEMNUSJX|X1=560|X2=570|X3=680|Y1=680|Y2=680|Y3=680|
RECORD=27|LINENO= 147|OWNERPARTID=   0|OWNERINDEX= -42|LINEWIDTH=1|LOCATIONCOUNT=3|UNIQUEID=BPVYLQGA|X1=630|X2=640|X3=680|Y1=670|Y2=670|Y3=670|
RECORD=27|LINENO= 148|OWNERPARTID=   0|OWNERINDEX= -42|LINEWIDTH=1|LOCATIONCOUNT=2|UNIQUEID=NERJORHL|X1=640|X2=680|Y1=600|Y2=600|
RECORD=27|LINENO= 149|OWNERPARTID=   0|OWNERINDEX= -42|LINEWIDTH=1|LOCATIONCOUNT=5|UNIQUEID=EPHCRFDA|X1=640|X2=640|X3=640|X4=640|X5=680|Y1=670|Y2=640|Y3=600|Y4=550|Y5=550|
RECORD=27|LINENO= 150|OWNERPARTID=   0|OWNERINDEX= -42|LINEWIDTH=1|LOCATIONCOUNT=2|UNIQUEID=LGDWJILD|X1=680|X2=570|Y1=610|Y2=610|
RECORD=27|LINENO= 151|OWNERPARTID=   0|OWNERINDEX= -42|LINEWIDTH=1|LOCATIONCOUNT=4|UNIQUEID=CUMCGWXL|X1=570|X2=570|X3=570|X4=680|Y1=680|Y2=610|Y3=560|Y4=560|
RECORD=25|LINENO= 152|OWNERPARTID=   0|OWNERINDEX= -42|FONTID=1|LOCATION.X=580|LOCATION.Y=680|TEXT=EXT_DC_IN+|UNIQUEID=AATRALJU|
RECORD=25|LINENO= 153|OWNERPARTID=   0|OWNERINDEX= -42|FONTID=1|LOCATION.X=650|LOCATION.Y=640|TEXT=EXT_DC_IN-|UNIQUEID=TSWMTCNO|
RECORD=41|LINENO= 154|OWNERPARTID=   0|OWNERINDEX= -42|FONTID=1|ISHIDDEN=T|NAME=ConfigurationParameters|UNIQUEID=IKEBVGIJ|
RECORD=41|LINENO= 155|OWNERPARTID=   0|OWNERINDEX= -42|FONTID=1|ISHIDDEN=T|NAME=ConfiguratorName|UNIQUEID=HPNKTGVP|
RECORD=41|LINENO= 156|OWNERPARTID=   0|OWNERINDEX= -42|FONTID=1|ISHIDDEN=T|NAME=VersionControl_RevNumber|UNIQUEID=WIKTOMUC|
RECORD=41|LINENO= 157|OWNERPARTID=   0|OWNERINDEX= -42|FONTID=1|ISHIDDEN=T|NAME=IsUserConfigurable|UNIQUEID=ESDXYBSR|
RECORD=41|LINENO= 158|OWNERPARTID=   0|OWNERINDEX= -42|FONTID=1|ISHIDDEN=T|NAME=VersionControl_ProjFolderRevNumber|UNIQUEID=VQBDNLCB|
RECORD=29|LINENO= 159|OWNERPARTID=   0|OWNERINDEX= -42|LOCATION.X=570|LOCATION.Y=610|
RECORD=29|LINENO= 160|OWNERPARTID=   0|OWNERINDEX= -42|LOCATION.X=570|LOCATION.Y=680|
RECORD=29|LINENO= 161|OWNERPARTID=   0|OWNERINDEX= -42|LOCATION.X=640|LOCATION.Y=600|
RECORD=29|LINENO= 162|OWNERPARTID=   0|OWNERINDEX= -42|LOCATION.X=640|LOCATION.Y=640|
RECORD=29|LINENO= 163|OWNERPARTID=   0|OWNERINDEX= -42|LOCATION.X=640|LOCATION.Y=670|
